[2025-07-07T08:42:02.580+0000] {local_task_job_runner.py:120} INFO - ::group::Pre task execution logs
[2025-07-07T08:42:02.596+0000] {taskinstance.py:2076} INFO - Dependencies all met for dep_context=non-requeueable deps ti=<TaskInstance: ETL_airflare_data.extract manual__2025-07-07T08:42:00.756988+00:00 [queued]>
[2025-07-07T08:42:02.601+0000] {taskinstance.py:2076} INFO - Dependencies all met for dep_context=requeueable deps ti=<TaskInstance: ETL_airflare_data.extract manual__2025-07-07T08:42:00.756988+00:00 [queued]>
[2025-07-07T08:42:02.602+0000] {taskinstance.py:2306} INFO - Starting attempt 1 of 3
[2025-07-07T08:42:02.613+0000] {taskinstance.py:2330} INFO - Executing <Task(PythonOperator): extract> on 2025-07-07 08:42:00.756988+00:00
[2025-07-07T08:42:02.621+0000] {warnings.py:112} WARNING - /home/***/.local/lib/python3.12/site-packages/***/task/task_runner/standard_task_runner.py:61: DeprecationWarning: This process (pid=233) is multi-threaded, use of fork() may lead to deadlocks in the child.
  pid = os.fork()

[2025-07-07T08:42:02.623+0000] {standard_task_runner.py:63} INFO - Started process 235 to run task
[2025-07-07T08:42:02.623+0000] {standard_task_runner.py:90} INFO - Running: ['***', 'tasks', 'run', 'ETL_airflare_data', 'extract', 'manual__2025-07-07T08:42:00.756988+00:00', '--job-id', '113', '--raw', '--subdir', 'DAGS_FOLDER/Untitled-1.py', '--cfg-path', '/tmp/tmp0tt_9_q5']
[2025-07-07T08:42:02.625+0000] {standard_task_runner.py:91} INFO - Job 113: Subtask extract
[2025-07-07T08:42:02.676+0000] {task_command.py:426} INFO - Running <TaskInstance: ETL_airflare_data.extract manual__2025-07-07T08:42:00.756988+00:00 [running]> on host e6a32b72ede0
[2025-07-07T08:42:02.749+0000] {taskinstance.py:2648} INFO - Exporting env vars: AIRFLOW_CTX_DAG_OWNER='***' AIRFLOW_CTX_DAG_ID='ETL_airflare_data' AIRFLOW_CTX_TASK_ID='extract' AIRFLOW_CTX_EXECUTION_DATE='2025-07-07T08:42:00.756988+00:00' AIRFLOW_CTX_TRY_NUMBER='1' AIRFLOW_CTX_DAG_RUN_ID='manual__2025-07-07T08:42:00.756988+00:00'
[2025-07-07T08:42:02.751+0000] {taskinstance.py:430} INFO - ::endgroup::
[2025-07-07T08:42:02.763+0000] {Untitled-1.py:74} INFO - Начало извлечения данных
[2025-07-07T08:42:03.925+0000] {Untitled-1.py:17} INFO - Создание подключения к S3
[2025-07-07T08:42:03.926+0000] {Untitled-1.py:21} INFO - Подключение установлено
[2025-07-07T08:42:03.934+0000] {base.py:84} INFO - Using connection ID 'minio' for task execution.
[2025-07-07T08:42:03.935+0000] {connection_wrapper.py:384} INFO - AWS Connection (conn_id='minio', conn_type='aws') credentials retrieved from login and password.
[2025-07-07T08:42:04.226+0000] {Untitled-1.py:26} INFO - Загрузка данных в S3
[2025-07-07T08:42:04.348+0000] {Untitled-1.py:35} INFO - Загрузка завершена успешно
[2025-07-07T08:42:04.349+0000] {Untitled-1.py:84} INFO - Данные успешно сохранены во временное хранилище
[2025-07-07T08:42:04.361+0000] {Untitled-1.py:88} INFO - Данные успешно извлечены и переданы в Xcom
[2025-07-07T08:42:04.362+0000] {python.py:237} INFO - Done. Returned value was: None
[2025-07-07T08:42:04.363+0000] {taskinstance.py:441} INFO - ::group::Post task execution logs
[2025-07-07T08:42:04.370+0000] {taskinstance.py:1206} INFO - Marking task as SUCCESS. dag_id=ETL_airflare_data, task_id=extract, run_id=manual__2025-07-07T08:42:00.756988+00:00, execution_date=20250707T084200, start_date=20250707T084202, end_date=20250707T084204
[2025-07-07T08:42:04.401+0000] {local_task_job_runner.py:240} INFO - Task exited with return code 0
[2025-07-07T08:42:04.422+0000] {taskinstance.py:3503} INFO - 1 downstream tasks scheduled from follow-on schedule check
[2025-07-07T08:42:04.424+0000] {local_task_job_runner.py:222} INFO - ::endgroup::
