[2025-07-09T05:45:05.955+0000] {local_task_job_runner.py:120} INFO - ::group::Pre task execution logs
[2025-07-09T05:45:05.970+0000] {taskinstance.py:2076} INFO - Dependencies all met for dep_context=non-requeueable deps ti=<TaskInstance: ETL_airflare_data.extract manual__2025-07-09T05:45:04.331130+00:00 map_index=0 [queued]>
[2025-07-09T05:45:05.976+0000] {taskinstance.py:2076} INFO - Dependencies all met for dep_context=requeueable deps ti=<TaskInstance: ETL_airflare_data.extract manual__2025-07-09T05:45:04.331130+00:00 map_index=0 [queued]>
[2025-07-09T05:45:05.976+0000] {taskinstance.py:2306} INFO - Starting attempt 1 of 3
[2025-07-09T05:45:05.986+0000] {taskinstance.py:2330} INFO - Executing <Mapped(_PythonDecoratedOperator): extract> on 2025-07-09 05:45:04.331130+00:00
[2025-07-09T05:45:05.997+0000] {standard_task_runner.py:90} INFO - Running: ['***', 'tasks', 'run', 'ETL_airflare_data', 'extract', 'manual__2025-07-09T05:45:04.331130+00:00', '--job-id', '301', '--raw', '--subdir', 'DAGS_FOLDER/Untitled-1.py', '--cfg-path', '/tmp/tmpwva2q8l5', '--map-index', '0']
[2025-07-09T05:45:05.996+0000] {warnings.py:112} WARNING - /home/***/.local/lib/python3.12/site-packages/***/task/task_runner/standard_task_runner.py:61: DeprecationWarning: This process (pid=4294) is multi-threaded, use of fork() may lead to deadlocks in the child.
  pid = os.fork()

[2025-07-09T05:45:05.998+0000] {standard_task_runner.py:91} INFO - Job 301: Subtask extract
[2025-07-09T05:45:05.998+0000] {standard_task_runner.py:63} INFO - Started process 4297 to run task
[2025-07-09T05:45:06.052+0000] {task_command.py:426} INFO - Running <TaskInstance: ETL_airflare_data.extract manual__2025-07-09T05:45:04.331130+00:00 map_index=0 [running]> on host e6a32b72ede0
[2025-07-09T05:45:06.131+0000] {taskinstance.py:2648} INFO - Exporting env vars: AIRFLOW_CTX_DAG_OWNER='***' AIRFLOW_CTX_DAG_ID='ETL_airflare_data' AIRFLOW_CTX_TASK_ID='extract' AIRFLOW_CTX_EXECUTION_DATE='2025-07-09T05:45:04.331130+00:00' AIRFLOW_CTX_TRY_NUMBER='1' AIRFLOW_CTX_DAG_RUN_ID='manual__2025-07-09T05:45:04.331130+00:00'
[2025-07-09T05:45:06.133+0000] {taskinstance.py:430} INFO - ::endgroup::
[2025-07-09T05:45:06.134+0000] {Untitled-1.py:111} INFO - Начало извлечения данных для направления IKT-HKT
[2025-07-09T05:45:07.094+0000] {Untitled-1.py:26} INFO - Создание подключения к S3
[2025-07-09T05:45:07.095+0000] {Untitled-1.py:31} INFO - Подключение установлено
[2025-07-09T05:45:07.104+0000] {base.py:84} INFO - Using connection ID 'minio' for task execution.
[2025-07-09T05:45:07.105+0000] {connection_wrapper.py:384} INFO - AWS Connection (conn_id='minio', conn_type='aws') credentials retrieved from login and password.
[2025-07-09T05:45:07.429+0000] {Untitled-1.py:37} INFO - Загрузка данных в S3
[2025-07-09T05:45:07.595+0000] {Untitled-1.py:48} INFO - Загрузка завершена успешно
[2025-07-09T05:45:07.596+0000] {Untitled-1.py:124} INFO - Данные успешно сохранены во временное хранилище
[2025-07-09T05:45:07.608+0000] {Untitled-1.py:129} INFO - Данные успешно извлечены и переданы в Xcom
[2025-07-09T05:45:07.609+0000] {python.py:237} INFO - Done. Returned value was: {'bucket': 'airflare', 'key': 'temp/response_IKT_HKT.json'}
[2025-07-09T05:45:07.610+0000] {taskinstance.py:441} INFO - ::group::Post task execution logs
[2025-07-09T05:45:07.627+0000] {taskinstance.py:1206} INFO - Marking task as SUCCESS. dag_id=ETL_airflare_data, task_id=extract, run_id=manual__2025-07-09T05:45:04.331130+00:00, map_index=0, execution_date=20250709T054504, start_date=20250709T054505, end_date=20250709T054507
[2025-07-09T05:45:07.656+0000] {local_task_job_runner.py:240} INFO - Task exited with return code 0
[2025-07-09T05:45:07.675+0000] {taskinstance.py:3503} INFO - 1 downstream tasks scheduled from follow-on schedule check
[2025-07-09T05:45:07.677+0000] {local_task_job_runner.py:222} INFO - ::endgroup::
