[2025-07-07T10:23:21.368+0000] {local_task_job_runner.py:120} INFO - ::group::Pre task execution logs
[2025-07-07T10:23:21.382+0000] {taskinstance.py:2076} INFO - Dependencies all met for dep_context=non-requeueable deps ti=<TaskInstance: ETL_airflare_data.extract manual__2025-07-07T10:23:19.746662+00:00 [queued]>
[2025-07-07T10:23:21.387+0000] {taskinstance.py:2076} INFO - Dependencies all met for dep_context=requeueable deps ti=<TaskInstance: ETL_airflare_data.extract manual__2025-07-07T10:23:19.746662+00:00 [queued]>
[2025-07-07T10:23:21.387+0000] {taskinstance.py:2306} INFO - Starting attempt 1 of 3
[2025-07-07T10:23:21.397+0000] {taskinstance.py:2330} INFO - Executing <Task(PythonOperator): extract> on 2025-07-07 10:23:19.746662+00:00
[2025-07-07T10:23:21.405+0000] {warnings.py:112} WARNING - /home/***/.local/lib/python3.12/site-packages/***/task/task_runner/standard_task_runner.py:61: DeprecationWarning: This process (pid=1980) is multi-threaded, use of fork() may lead to deadlocks in the child.
  pid = os.fork()

[2025-07-07T10:23:21.407+0000] {standard_task_runner.py:63} INFO - Started process 1982 to run task
[2025-07-07T10:23:21.407+0000] {standard_task_runner.py:90} INFO - Running: ['***', 'tasks', 'run', 'ETL_airflare_data', 'extract', 'manual__2025-07-07T10:23:19.746662+00:00', '--job-id', '218', '--raw', '--subdir', 'DAGS_FOLDER/Untitled-1.py', '--cfg-path', '/tmp/tmp1v5bdfw8']
[2025-07-07T10:23:21.410+0000] {standard_task_runner.py:91} INFO - Job 218: Subtask extract
[2025-07-07T10:23:21.459+0000] {task_command.py:426} INFO - Running <TaskInstance: ETL_airflare_data.extract manual__2025-07-07T10:23:19.746662+00:00 [running]> on host e6a32b72ede0
[2025-07-07T10:23:21.532+0000] {taskinstance.py:2648} INFO - Exporting env vars: AIRFLOW_CTX_DAG_OWNER='***' AIRFLOW_CTX_DAG_ID='ETL_airflare_data' AIRFLOW_CTX_TASK_ID='extract' AIRFLOW_CTX_EXECUTION_DATE='2025-07-07T10:23:19.746662+00:00' AIRFLOW_CTX_TRY_NUMBER='1' AIRFLOW_CTX_DAG_RUN_ID='manual__2025-07-07T10:23:19.746662+00:00'
[2025-07-07T10:23:21.533+0000] {taskinstance.py:430} INFO - ::endgroup::
[2025-07-07T10:23:21.543+0000] {Untitled-1.py:82} INFO - Начало извлечения данных
[2025-07-07T10:23:22.470+0000] {Untitled-1.py:19} INFO - Создание подключения к S3
[2025-07-07T10:23:22.470+0000] {Untitled-1.py:24} INFO - Подключение установлено
[2025-07-07T10:23:22.479+0000] {base.py:84} INFO - Using connection ID 'minio' for task execution.
[2025-07-07T10:23:22.479+0000] {connection_wrapper.py:384} INFO - AWS Connection (conn_id='minio', conn_type='aws') credentials retrieved from login and password.
[2025-07-07T10:23:22.794+0000] {Untitled-1.py:30} INFO - Загрузка данных в S3
[2025-07-07T10:23:22.929+0000] {Untitled-1.py:39} INFO - Загрузка завершена успешно
[2025-07-07T10:23:22.929+0000] {Untitled-1.py:92} INFO - Данные успешно сохранены во временное хранилище
[2025-07-07T10:23:22.942+0000] {Untitled-1.py:96} INFO - Данные успешно извлечены и переданы в Xcom
[2025-07-07T10:23:22.943+0000] {python.py:237} INFO - Done. Returned value was: None
[2025-07-07T10:23:22.944+0000] {taskinstance.py:441} INFO - ::group::Post task execution logs
[2025-07-07T10:23:22.953+0000] {taskinstance.py:1206} INFO - Marking task as SUCCESS. dag_id=ETL_airflare_data, task_id=extract, run_id=manual__2025-07-07T10:23:19.746662+00:00, execution_date=20250707T102319, start_date=20250707T102321, end_date=20250707T102322
[2025-07-07T10:23:22.985+0000] {local_task_job_runner.py:240} INFO - Task exited with return code 0
[2025-07-07T10:23:23.005+0000] {taskinstance.py:3503} INFO - 1 downstream tasks scheduled from follow-on schedule check
[2025-07-07T10:23:23.006+0000] {local_task_job_runner.py:222} INFO - ::endgroup::
