[2025-07-09T07:58:38.196+0000] {local_task_job_runner.py:120} INFO - ::group::Pre task execution logs
[2025-07-09T07:58:38.226+0000] {taskinstance.py:2076} INFO - Dependencies all met for dep_context=non-requeueable deps ti=<TaskInstance: ETL_airflare_data.load manual__2025-07-09T07:58:17.397989+00:00 map_index=20 [queued]>
[2025-07-09T07:58:38.242+0000] {taskinstance.py:2076} INFO - Dependencies all met for dep_context=requeueable deps ti=<TaskInstance: ETL_airflare_data.load manual__2025-07-09T07:58:17.397989+00:00 map_index=20 [queued]>
[2025-07-09T07:58:38.244+0000] {taskinstance.py:2306} INFO - Starting attempt 1 of 3
[2025-07-09T07:58:38.265+0000] {taskinstance.py:2330} INFO - Executing <Mapped(_PythonDecoratedOperator): load> on 2025-07-09 07:58:17.397989+00:00
[2025-07-09T07:58:38.279+0000] {warnings.py:112} WARNING - /home/***/.local/lib/python3.12/site-packages/***/task/task_runner/standard_task_runner.py:61: DeprecationWarning: This process (pid=7448) is multi-threaded, use of fork() may lead to deadlocks in the child.
  pid = os.fork()

[2025-07-09T07:58:38.282+0000] {standard_task_runner.py:63} INFO - Started process 7467 to run task
[2025-07-09T07:58:38.283+0000] {standard_task_runner.py:90} INFO - Running: ['***', 'tasks', 'run', 'ETL_airflare_data', 'load', 'manual__2025-07-09T07:58:17.397989+00:00', '--job-id', '676', '--raw', '--subdir', 'DAGS_FOLDER/Untitled-1.py', '--cfg-path', '/tmp/tmpynw_tjbr', '--map-index', '20']
[2025-07-09T07:58:38.285+0000] {standard_task_runner.py:91} INFO - Job 676: Subtask load
[2025-07-09T07:58:38.355+0000] {task_command.py:426} INFO - Running <TaskInstance: ETL_airflare_data.load manual__2025-07-09T07:58:17.397989+00:00 map_index=20 [running]> on host e6a32b72ede0
[2025-07-09T07:58:38.479+0000] {taskinstance.py:2648} INFO - Exporting env vars: AIRFLOW_CTX_DAG_OWNER='***' AIRFLOW_CTX_DAG_ID='ETL_airflare_data' AIRFLOW_CTX_TASK_ID='load' AIRFLOW_CTX_EXECUTION_DATE='2025-07-09T07:58:17.397989+00:00' AIRFLOW_CTX_TRY_NUMBER='1' AIRFLOW_CTX_DAG_RUN_ID='manual__2025-07-09T07:58:17.397989+00:00'
[2025-07-09T07:58:38.481+0000] {taskinstance.py:430} INFO - ::endgroup::
[2025-07-09T07:58:38.482+0000] {Untitled-1.py:183} INFO - Данные из Xcom успешно выгружены, начинаю выгружать данные из S3
[2025-07-09T07:58:38.482+0000] {Untitled-1.py:89} INFO - Создание подключения к S3
[2025-07-09T07:58:38.482+0000] {Untitled-1.py:93} INFO - Подключение установлено, загрузка данных из S3
[2025-07-09T07:58:38.496+0000] {base.py:84} INFO - Using connection ID 'minio' for task execution.
[2025-07-09T07:58:38.497+0000] {connection_wrapper.py:384} INFO - AWS Connection (conn_id='minio', conn_type='aws') credentials retrieved from login and password.
[2025-07-09T07:58:38.643+0000] {Untitled-1.py:99} INFO - Данные выгружены из S3
[2025-07-09T07:58:38.647+0000] {Untitled-1.py:193} INFO - Данные получены из хранилища, начат процесс отправки в БД
[2025-07-09T07:58:38.657+0000] {base.py:84} INFO - Using connection ID 'postgres_airfare' for task execution.
[2025-07-09T07:58:38.658+0000] {Untitled-1.py:201} INFO - Размер DataFrame: (139, 9)
[2025-07-09T07:58:38.660+0000] {Untitled-1.py:203} INFO - Типы данных:
depart_date          object
origin               object
destination          object
trip_class            int64
value                 int64
gate                 object
duration              int64
distance              int64
number_of_changes     int64
dtype: object
[2025-07-09T07:58:38.661+0000] {Untitled-1.py:205} INFO - Связь с БД установлена
[2025-07-09T07:58:38.719+0000] {Untitled-1.py:212} INFO - процесс ETL успешно завершен, данные загружены в БД
[2025-07-09T07:58:38.721+0000] {python.py:237} INFO - Done. Returned value was: None
[2025-07-09T07:58:38.724+0000] {taskinstance.py:441} INFO - ::group::Post task execution logs
[2025-07-09T07:58:38.736+0000] {taskinstance.py:1206} INFO - Marking task as SUCCESS. dag_id=ETL_airflare_data, task_id=load, run_id=manual__2025-07-09T07:58:17.397989+00:00, map_index=20, execution_date=20250709T075817, start_date=20250709T075838, end_date=20250709T075838
[2025-07-09T07:58:38.777+0000] {local_task_job_runner.py:240} INFO - Task exited with return code 0
[2025-07-09T07:58:38.794+0000] {taskinstance.py:3503} INFO - 0 downstream tasks scheduled from follow-on schedule check
[2025-07-09T07:58:38.797+0000] {local_task_job_runner.py:222} INFO - ::endgroup::
