[2025-07-09T07:27:11.853+0000] {local_task_job_runner.py:120} INFO - ::group::Pre task execution logs
[2025-07-09T07:27:11.877+0000] {taskinstance.py:2076} INFO - Dependencies all met for dep_context=non-requeueable deps ti=<TaskInstance: ETL_airflare_data.load scheduled__2025-07-07T12:00:00+00:00 map_index=7 [queued]>
[2025-07-09T07:27:11.887+0000] {taskinstance.py:2076} INFO - Dependencies all met for dep_context=requeueable deps ti=<TaskInstance: ETL_airflare_data.load scheduled__2025-07-07T12:00:00+00:00 map_index=7 [queued]>
[2025-07-09T07:27:11.888+0000] {taskinstance.py:2306} INFO - Starting attempt 1 of 3
[2025-07-09T07:27:11.904+0000] {taskinstance.py:2330} INFO - Executing <Mapped(_PythonDecoratedOperator): load> on 2025-07-07 12:00:00+00:00
[2025-07-09T07:27:11.917+0000] {warnings.py:112} WARNING - /home/***/.local/lib/python3.12/site-packages/***/task/task_runner/standard_task_runner.py:61: DeprecationWarning: This process (pid=6694) is multi-threaded, use of fork() may lead to deadlocks in the child.
  pid = os.fork()

[2025-07-09T07:27:11.920+0000] {standard_task_runner.py:90} INFO - Running: ['***', 'tasks', 'run', 'ETL_airflare_data', 'load', 'scheduled__2025-07-07T12:00:00+00:00', '--job-id', '598', '--raw', '--subdir', 'DAGS_FOLDER/Untitled-1.py', '--cfg-path', '/tmp/tmpstnvsj_i', '--map-index', '7']
[2025-07-09T07:27:11.924+0000] {standard_task_runner.py:91} INFO - Job 598: Subtask load
[2025-07-09T07:27:11.924+0000] {standard_task_runner.py:63} INFO - Started process 6715 to run task
[2025-07-09T07:27:12.000+0000] {task_command.py:426} INFO - Running <TaskInstance: ETL_airflare_data.load scheduled__2025-07-07T12:00:00+00:00 map_index=7 [running]> on host e6a32b72ede0
[2025-07-09T07:27:12.111+0000] {taskinstance.py:2648} INFO - Exporting env vars: AIRFLOW_CTX_DAG_OWNER='***' AIRFLOW_CTX_DAG_ID='ETL_airflare_data' AIRFLOW_CTX_TASK_ID='load' AIRFLOW_CTX_EXECUTION_DATE='2025-07-07T12:00:00+00:00' AIRFLOW_CTX_TRY_NUMBER='1' AIRFLOW_CTX_DAG_RUN_ID='scheduled__2025-07-07T12:00:00+00:00'
[2025-07-09T07:27:12.113+0000] {taskinstance.py:430} INFO - ::endgroup::
[2025-07-09T07:27:12.114+0000] {Untitled-1.py:165} INFO - Данные из Xcom успешно выгружены, начинаю выгружать данные из S3
[2025-07-09T07:27:12.114+0000] {Untitled-1.py:71} INFO - Создание подключения к S3
[2025-07-09T07:27:12.115+0000] {Untitled-1.py:75} INFO - Подключение установлено, загрузка данных из S3
[2025-07-09T07:27:12.127+0000] {base.py:84} INFO - Using connection ID 'minio' for task execution.
[2025-07-09T07:27:12.128+0000] {connection_wrapper.py:384} INFO - AWS Connection (conn_id='minio', conn_type='aws') credentials retrieved from login and password.
[2025-07-09T07:27:12.291+0000] {Untitled-1.py:81} INFO - Данные выгружены из S3
[2025-07-09T07:27:12.299+0000] {Untitled-1.py:175} INFO - Данные получены из хранилища, начат процесс отправки в БД
[2025-07-09T07:27:12.310+0000] {base.py:84} INFO - Using connection ID 'postgres_airfare' for task execution.
[2025-07-09T07:27:12.313+0000] {Untitled-1.py:183} INFO - Размер DataFrame: (226, 9)
[2025-07-09T07:27:12.316+0000] {Untitled-1.py:185} INFO - Типы данных:
depart_date          object
origin               object
destination          object
trip_class            int64
value                 int64
gate                 object
duration              int64
distance              int64
number_of_changes     int64
dtype: object
[2025-07-09T07:27:12.317+0000] {Untitled-1.py:187} INFO - Связь с БД установлена
[2025-07-09T07:27:12.375+0000] {Untitled-1.py:194} INFO - процесс ETL успешно завершен, данные загружены в БД
[2025-07-09T07:27:12.376+0000] {python.py:237} INFO - Done. Returned value was: None
[2025-07-09T07:27:12.377+0000] {taskinstance.py:441} INFO - ::group::Post task execution logs
[2025-07-09T07:27:12.388+0000] {taskinstance.py:1206} INFO - Marking task as SUCCESS. dag_id=ETL_airflare_data, task_id=load, run_id=scheduled__2025-07-07T12:00:00+00:00, map_index=7, execution_date=20250707T120000, start_date=20250709T072711, end_date=20250709T072712
[2025-07-09T07:27:12.460+0000] {local_task_job_runner.py:240} INFO - Task exited with return code 0
[2025-07-09T07:27:12.472+0000] {local_task_job_runner.py:222} INFO - ::endgroup::
