[2025-07-09T07:27:08.739+0000] {local_task_job_runner.py:120} INFO - ::group::Pre task execution logs
[2025-07-09T07:27:08.765+0000] {taskinstance.py:2076} INFO - Dependencies all met for dep_context=non-requeueable deps ti=<TaskInstance: ETL_airflare_data.transform scheduled__2025-07-07T12:00:00+00:00 map_index=1 [queued]>
[2025-07-09T07:27:08.776+0000] {taskinstance.py:2076} INFO - Dependencies all met for dep_context=requeueable deps ti=<TaskInstance: ETL_airflare_data.transform scheduled__2025-07-07T12:00:00+00:00 map_index=1 [queued]>
[2025-07-09T07:27:08.776+0000] {taskinstance.py:2306} INFO - Starting attempt 1 of 3
[2025-07-09T07:27:08.791+0000] {taskinstance.py:2330} INFO - Executing <Mapped(_PythonDecoratedOperator): transform> on 2025-07-07 12:00:00+00:00
[2025-07-09T07:27:08.805+0000] {warnings.py:112} WARNING - /home/***/.local/lib/python3.12/site-packages/***/task/task_runner/standard_task_runner.py:61: DeprecationWarning: This process (pid=6637) is multi-threaded, use of fork() may lead to deadlocks in the child.
  pid = os.fork()

[2025-07-09T07:27:08.807+0000] {standard_task_runner.py:63} INFO - Started process 6666 to run task
[2025-07-09T07:27:08.807+0000] {standard_task_runner.py:90} INFO - Running: ['***', 'tasks', 'run', 'ETL_airflare_data', 'transform', 'scheduled__2025-07-07T12:00:00+00:00', '--job-id', '588', '--raw', '--subdir', 'DAGS_FOLDER/Untitled-1.py', '--cfg-path', '/tmp/tmpxnrehtgh', '--map-index', '1']
[2025-07-09T07:27:08.809+0000] {standard_task_runner.py:91} INFO - Job 588: Subtask transform
[2025-07-09T07:27:08.881+0000] {task_command.py:426} INFO - Running <TaskInstance: ETL_airflare_data.transform scheduled__2025-07-07T12:00:00+00:00 map_index=1 [running]> on host e6a32b72ede0
[2025-07-09T07:27:09.005+0000] {taskinstance.py:2648} INFO - Exporting env vars: AIRFLOW_CTX_DAG_OWNER='***' AIRFLOW_CTX_DAG_ID='ETL_airflare_data' AIRFLOW_CTX_TASK_ID='transform' AIRFLOW_CTX_EXECUTION_DATE='2025-07-07T12:00:00+00:00' AIRFLOW_CTX_TRY_NUMBER='1' AIRFLOW_CTX_DAG_RUN_ID='scheduled__2025-07-07T12:00:00+00:00'
[2025-07-09T07:27:09.007+0000] {taskinstance.py:430} INFO - ::endgroup::
[2025-07-09T07:27:09.007+0000] {Untitled-1.py:139} INFO - Данные приняты из Xcom, начат процесс очистки
[2025-07-09T07:27:09.007+0000] {Untitled-1.py:71} INFO - Создание подключения к S3
[2025-07-09T07:27:09.008+0000] {Untitled-1.py:75} INFO - Подключение установлено, загрузка данных из S3
[2025-07-09T07:27:09.018+0000] {base.py:84} INFO - Using connection ID 'minio' for task execution.
[2025-07-09T07:27:09.019+0000] {connection_wrapper.py:384} INFO - AWS Connection (conn_id='minio', conn_type='aws') credentials retrieved from login and password.
[2025-07-09T07:27:09.186+0000] {Untitled-1.py:81} INFO - Данные выгружены из S3
[2025-07-09T07:27:09.193+0000] {Untitled-1.py:148} INFO - Преобразование завершено, начинается передача DF в S3
[2025-07-09T07:27:09.194+0000] {Untitled-1.py:39} INFO - Создание подключения к S3
[2025-07-09T07:27:09.195+0000] {Untitled-1.py:44} INFO - Подключение установлено
[2025-07-09T07:27:09.205+0000] {base.py:84} INFO - Using connection ID 'minio' for task execution.
[2025-07-09T07:27:09.206+0000] {connection_wrapper.py:384} INFO - AWS Connection (conn_id='minio', conn_type='aws') credentials retrieved from login and password.
[2025-07-09T07:27:09.622+0000] {Untitled-1.py:50} INFO - Загрузка данных в S3
[2025-07-09T07:27:10.109+0000] {Untitled-1.py:61} INFO - Загрузка завершена успешно
[2025-07-09T07:27:10.110+0000] {Untitled-1.py:156} INFO - Данные успешно сохранены в S3, передаю их в Xcom
[2025-07-09T07:27:10.110+0000] {Untitled-1.py:158} INFO - данные успешно очищены и записаны в хранилище
[2025-07-09T07:27:10.111+0000] {python.py:237} INFO - Done. Returned value was: {'path': {'bucket': 'airflare', 'key': 'temp/df_HKT_IKT.json'}, 'rout': {'origin': 'HKT', 'destination': 'IKT', 'bd': 'hkt_ikt_return'}}
[2025-07-09T07:27:10.111+0000] {taskinstance.py:441} INFO - ::group::Post task execution logs
[2025-07-09T07:27:10.128+0000] {taskinstance.py:1206} INFO - Marking task as SUCCESS. dag_id=ETL_airflare_data, task_id=transform, run_id=scheduled__2025-07-07T12:00:00+00:00, map_index=1, execution_date=20250707T120000, start_date=20250709T072708, end_date=20250709T072710
[2025-07-09T07:27:10.186+0000] {local_task_job_runner.py:240} INFO - Task exited with return code 0
[2025-07-09T07:27:10.254+0000] {taskinstance.py:3503} INFO - 10 downstream tasks scheduled from follow-on schedule check
[2025-07-09T07:27:10.256+0000] {local_task_job_runner.py:222} INFO - ::endgroup::
[2025-07-09T11:24:58.535+0000] {local_task_job_runner.py:120} INFO - ::group::Pre task execution logs
[2025-07-09T11:24:58.570+0000] {taskinstance.py:2076} INFO - Dependencies all met for dep_context=non-requeueable deps ti=<TaskInstance: ETL_airflare_data.transform scheduled__2025-07-07T12:00:00+00:00 map_index=1 [queued]>
[2025-07-09T11:24:58.583+0000] {taskinstance.py:2076} INFO - Dependencies all met for dep_context=requeueable deps ti=<TaskInstance: ETL_airflare_data.transform scheduled__2025-07-07T12:00:00+00:00 map_index=1 [queued]>
[2025-07-09T11:24:58.584+0000] {taskinstance.py:2306} INFO - Starting attempt 1 of 3
[2025-07-09T11:24:58.608+0000] {taskinstance.py:2330} INFO - Executing <Mapped(_PythonDecoratedOperator): transform> on 2025-07-07 12:00:00+00:00
[2025-07-09T11:24:58.626+0000] {warnings.py:112} WARNING - /home/***/.local/lib/python3.12/site-packages/***/task/task_runner/standard_task_runner.py:61: DeprecationWarning: This process (pid=21305) is multi-threaded, use of fork() may lead to deadlocks in the child.
  pid = os.fork()

[2025-07-09T11:24:58.628+0000] {standard_task_runner.py:63} INFO - Started process 21345 to run task
[2025-07-09T11:24:58.629+0000] {standard_task_runner.py:90} INFO - Running: ['***', 'tasks', 'run', 'ETL_airflare_data', 'transform', 'scheduled__2025-07-07T12:00:00+00:00', '--job-id', '3284', '--raw', '--subdir', 'DAGS_FOLDER/Untitled-1.py', '--cfg-path', '/tmp/tmpqq9eb3n2', '--map-index', '1']
[2025-07-09T11:24:58.638+0000] {standard_task_runner.py:91} INFO - Job 3284: Subtask transform
[2025-07-09T11:24:58.764+0000] {task_command.py:426} INFO - Running <TaskInstance: ETL_airflare_data.transform scheduled__2025-07-07T12:00:00+00:00 map_index=1 [running]> on host e6a32b72ede0
[2025-07-09T11:24:58.941+0000] {taskinstance.py:2648} INFO - Exporting env vars: AIRFLOW_CTX_DAG_OWNER='***' AIRFLOW_CTX_DAG_ID='ETL_airflare_data' AIRFLOW_CTX_TASK_ID='transform' AIRFLOW_CTX_EXECUTION_DATE='2025-07-07T12:00:00+00:00' AIRFLOW_CTX_TRY_NUMBER='1' AIRFLOW_CTX_DAG_RUN_ID='scheduled__2025-07-07T12:00:00+00:00'
[2025-07-09T11:24:58.946+0000] {taskinstance.py:430} INFO - ::endgroup::
[2025-07-09T11:24:58.948+0000] {Untitled-1.py:144} INFO - Извлечение данных из S3, подготовка к обработке
[2025-07-09T11:24:58.949+0000] {Untitled-1.py:70} INFO - Создание подключения к S3
[2025-07-09T11:24:58.967+0000] {base.py:84} INFO - Using connection ID 'minio' for task execution.
[2025-07-09T11:24:58.970+0000] {connection_wrapper.py:384} INFO - AWS Connection (conn_id='minio', conn_type='aws') credentials retrieved from login and password.
[2025-07-09T11:24:59.709+0000] {Untitled-1.py:77} INFO - Подключение установлено
[2025-07-09T11:24:59.710+0000] {Untitled-1.py:81} INFO - Подключение установлено, загрузка данных из S3
[2025-07-09T11:24:59.952+0000] {Untitled-1.py:87} INFO - Данные выгружены из S3
[2025-07-09T11:24:59.969+0000] {Untitled-1.py:158} INFO - object
[2025-07-09T11:24:59.970+0000] {Untitled-1.py:159} INFO - object
[2025-07-09T11:24:59.970+0000] {Untitled-1.py:161} INFO - Преобразование завершено, начинается передача DF в S3
[2025-07-09T11:24:59.974+0000] {Untitled-1.py:38} INFO - Создание подключения к S3
[2025-07-09T11:24:59.990+0000] {base.py:84} INFO - Using connection ID 'minio' for task execution.
[2025-07-09T11:24:59.991+0000] {connection_wrapper.py:384} INFO - AWS Connection (conn_id='minio', conn_type='aws') credentials retrieved from login and password.
[2025-07-09T11:25:00.229+0000] {Untitled-1.py:45} INFO - Подключение установлено
[2025-07-09T11:25:00.234+0000] {Untitled-1.py:49} INFO - Загрузка данных в S3
[2025-07-09T11:25:00.906+0000] {Untitled-1.py:60} INFO - Загрузка завершена успешно
[2025-07-09T11:25:00.907+0000] {Untitled-1.py:169} INFO - Данные успешно сохранены в S3
[2025-07-09T11:25:00.908+0000] {python.py:237} INFO - Done. Returned value was: {'path': {'bucket': 'airflare', 'key': 'temp/df_HKT_IKT.json'}, 'rout': {'origin': 'HKT', 'destination': 'IKT', 'bd': 'ikt_airflare_return'}}
[2025-07-09T11:25:00.909+0000] {taskinstance.py:441} INFO - ::group::Post task execution logs
[2025-07-09T11:25:00.945+0000] {taskinstance.py:1206} INFO - Marking task as SUCCESS. dag_id=ETL_airflare_data, task_id=transform, run_id=scheduled__2025-07-07T12:00:00+00:00, map_index=1, execution_date=20250707T120000, start_date=20250709T112458, end_date=20250709T112500
[2025-07-09T11:25:01.066+0000] {local_task_job_runner.py:240} INFO - Task exited with return code 0
[2025-07-09T11:25:01.112+0000] {taskinstance.py:3503} INFO - 0 downstream tasks scheduled from follow-on schedule check
[2025-07-09T11:25:01.122+0000] {local_task_job_runner.py:222} INFO - ::endgroup::
[2025-07-09T11:29:02.256+0000] {local_task_job_runner.py:120} INFO - ::group::Pre task execution logs
[2025-07-09T11:29:02.305+0000] {taskinstance.py:2076} INFO - Dependencies all met for dep_context=non-requeueable deps ti=<TaskInstance: ETL_airflare_data.transform scheduled__2025-07-07T12:00:00+00:00 map_index=1 [queued]>
[2025-07-09T11:29:02.322+0000] {taskinstance.py:2076} INFO - Dependencies all met for dep_context=requeueable deps ti=<TaskInstance: ETL_airflare_data.transform scheduled__2025-07-07T12:00:00+00:00 map_index=1 [queued]>
[2025-07-09T11:29:02.322+0000] {taskinstance.py:2306} INFO - Starting attempt 1 of 3
[2025-07-09T11:29:02.353+0000] {taskinstance.py:2330} INFO - Executing <Mapped(_PythonDecoratedOperator): transform> on 2025-07-07 12:00:00+00:00
[2025-07-09T11:29:02.379+0000] {warnings.py:112} WARNING - /home/***/.local/lib/python3.12/site-packages/***/task/task_runner/standard_task_runner.py:61: DeprecationWarning: This process (pid=22078) is multi-threaded, use of fork() may lead to deadlocks in the child.
  pid = os.fork()

[2025-07-09T11:29:02.388+0000] {standard_task_runner.py:63} INFO - Started process 22109 to run task
[2025-07-09T11:29:02.385+0000] {standard_task_runner.py:90} INFO - Running: ['***', 'tasks', 'run', 'ETL_airflare_data', 'transform', 'scheduled__2025-07-07T12:00:00+00:00', '--job-id', '3454', '--raw', '--subdir', 'DAGS_FOLDER/Untitled-1.py', '--cfg-path', '/tmp/tmp3ilnp79t', '--map-index', '1']
[2025-07-09T11:29:02.401+0000] {standard_task_runner.py:91} INFO - Job 3454: Subtask transform
[2025-07-09T11:29:02.570+0000] {task_command.py:426} INFO - Running <TaskInstance: ETL_airflare_data.transform scheduled__2025-07-07T12:00:00+00:00 map_index=1 [running]> on host e6a32b72ede0
[2025-07-09T11:29:02.760+0000] {taskinstance.py:2648} INFO - Exporting env vars: AIRFLOW_CTX_DAG_OWNER='***' AIRFLOW_CTX_DAG_ID='ETL_airflare_data' AIRFLOW_CTX_TASK_ID='transform' AIRFLOW_CTX_EXECUTION_DATE='2025-07-07T12:00:00+00:00' AIRFLOW_CTX_TRY_NUMBER='1' AIRFLOW_CTX_DAG_RUN_ID='scheduled__2025-07-07T12:00:00+00:00'
[2025-07-09T11:29:02.762+0000] {taskinstance.py:430} INFO - ::endgroup::
[2025-07-09T11:29:02.762+0000] {Untitled-1.py:144} INFO - Извлечение данных из S3, подготовка к обработке
[2025-07-09T11:29:02.763+0000] {Untitled-1.py:70} INFO - Создание подключения к S3
[2025-07-09T11:29:02.781+0000] {base.py:84} INFO - Using connection ID 'minio' for task execution.
[2025-07-09T11:29:02.783+0000] {connection_wrapper.py:384} INFO - AWS Connection (conn_id='minio', conn_type='aws') credentials retrieved from login and password.
[2025-07-09T11:29:03.460+0000] {Untitled-1.py:77} INFO - Подключение установлено
[2025-07-09T11:29:03.460+0000] {Untitled-1.py:81} INFO - Подключение установлено, загрузка данных из S3
[2025-07-09T11:29:03.690+0000] {Untitled-1.py:87} INFO - Данные выгружены из S3
[2025-07-09T11:29:03.703+0000] {Untitled-1.py:158} INFO - object
[2025-07-09T11:29:03.704+0000] {Untitled-1.py:159} INFO - object
[2025-07-09T11:29:03.705+0000] {Untitled-1.py:161} INFO - Преобразование завершено, начинается передача DF в S3
[2025-07-09T11:29:03.706+0000] {Untitled-1.py:38} INFO - Создание подключения к S3
[2025-07-09T11:29:03.723+0000] {base.py:84} INFO - Using connection ID 'minio' for task execution.
[2025-07-09T11:29:03.725+0000] {connection_wrapper.py:384} INFO - AWS Connection (conn_id='minio', conn_type='aws') credentials retrieved from login and password.
[2025-07-09T11:29:03.903+0000] {Untitled-1.py:45} INFO - Подключение установлено
[2025-07-09T11:29:03.904+0000] {Untitled-1.py:49} INFO - Загрузка данных в S3
[2025-07-09T11:29:04.377+0000] {Untitled-1.py:60} INFO - Загрузка завершена успешно
[2025-07-09T11:29:04.380+0000] {Untitled-1.py:169} INFO - Данные успешно сохранены в S3
[2025-07-09T11:29:04.384+0000] {python.py:237} INFO - Done. Returned value was: {'path': {'bucket': 'airflare', 'key': 'temp/df_HKT_IKT.json'}, 'rout': {'origin': 'HKT', 'destination': 'IKT', 'bd': 'ikt_airflare_return'}}
[2025-07-09T11:29:04.386+0000] {taskinstance.py:441} INFO - ::group::Post task execution logs
[2025-07-09T11:29:04.438+0000] {taskinstance.py:1206} INFO - Marking task as SUCCESS. dag_id=ETL_airflare_data, task_id=transform, run_id=scheduled__2025-07-07T12:00:00+00:00, map_index=1, execution_date=20250707T120000, start_date=20250709T112902, end_date=20250709T112904
[2025-07-09T11:29:04.548+0000] {local_task_job_runner.py:240} INFO - Task exited with return code 0
[2025-07-09T11:29:04.620+0000] {taskinstance.py:3503} INFO - 0 downstream tasks scheduled from follow-on schedule check
[2025-07-09T11:29:04.625+0000] {local_task_job_runner.py:222} INFO - ::endgroup::
