[2025-07-09T08:23:54.963+0000] {local_task_job_runner.py:120} INFO - ::group::Pre task execution logs
[2025-07-09T08:23:55.004+0000] {taskinstance.py:2076} INFO - Dependencies all met for dep_context=non-requeueable deps ti=<TaskInstance: ETL_airflare_data.transform manual__2025-07-09T08:23:44.067884+00:00 map_index=8 [queued]>
[2025-07-09T08:23:55.022+0000] {taskinstance.py:2076} INFO - Dependencies all met for dep_context=requeueable deps ti=<TaskInstance: ETL_airflare_data.transform manual__2025-07-09T08:23:44.067884+00:00 map_index=8 [queued]>
[2025-07-09T08:23:55.024+0000] {taskinstance.py:2306} INFO - Starting attempt 1 of 3
[2025-07-09T08:23:55.066+0000] {taskinstance.py:2330} INFO - Executing <Mapped(_PythonDecoratedOperator): transform> on 2025-07-09 08:23:44.067884+00:00
[2025-07-09T08:23:55.084+0000] {warnings.py:112} WARNING - /home/***/.local/lib/python3.12/site-packages/***/task/task_runner/standard_task_runner.py:61: DeprecationWarning: This process (pid=7966) is multi-threaded, use of fork() may lead to deadlocks in the child.
  pid = os.fork()

[2025-07-09T08:23:55.088+0000] {standard_task_runner.py:63} INFO - Started process 8009 to run task
[2025-07-09T08:23:55.088+0000] {standard_task_runner.py:90} INFO - Running: ['***', 'tasks', 'run', 'ETL_airflare_data', 'transform', 'manual__2025-07-09T08:23:44.067884+00:00', '--job-id', '721', '--raw', '--subdir', 'DAGS_FOLDER/Untitled-1.py', '--cfg-path', '/tmp/tmp2alez1y7', '--map-index', '8']
[2025-07-09T08:23:55.089+0000] {standard_task_runner.py:91} INFO - Job 721: Subtask transform
[2025-07-09T08:23:55.200+0000] {task_command.py:426} INFO - Running <TaskInstance: ETL_airflare_data.transform manual__2025-07-09T08:23:44.067884+00:00 map_index=8 [running]> on host e6a32b72ede0
[2025-07-09T08:23:55.403+0000] {taskinstance.py:2648} INFO - Exporting env vars: AIRFLOW_CTX_DAG_OWNER='***' AIRFLOW_CTX_DAG_ID='ETL_airflare_data' AIRFLOW_CTX_TASK_ID='transform' AIRFLOW_CTX_EXECUTION_DATE='2025-07-09T08:23:44.067884+00:00' AIRFLOW_CTX_TRY_NUMBER='1' AIRFLOW_CTX_DAG_RUN_ID='manual__2025-07-09T08:23:44.067884+00:00'
[2025-07-09T08:23:55.408+0000] {taskinstance.py:430} INFO - ::endgroup::
[2025-07-09T08:23:55.411+0000] {Untitled-1.py:160} INFO - Данные приняты из Xcom, начат процесс очистки
[2025-07-09T08:23:55.412+0000] {Untitled-1.py:92} INFO - Создание подключения к S3
[2025-07-09T08:23:55.415+0000] {Untitled-1.py:96} INFO - Подключение установлено, загрузка данных из S3
[2025-07-09T08:23:55.442+0000] {base.py:84} INFO - Using connection ID 'minio' for task execution.
[2025-07-09T08:23:55.444+0000] {connection_wrapper.py:384} INFO - AWS Connection (conn_id='minio', conn_type='aws') credentials retrieved from login and password.
[2025-07-09T08:23:55.769+0000] {Untitled-1.py:102} INFO - Данные выгружены из S3
[2025-07-09T08:23:55.788+0000] {Untitled-1.py:169} INFO - Преобразование завершено, начинается передача DF в S3
[2025-07-09T08:23:55.792+0000] {Untitled-1.py:62} INFO - Создание подключения к S3
[2025-07-09T08:23:55.799+0000] {Untitled-1.py:65} INFO - Подключение установлено
[2025-07-09T08:23:55.812+0000] {base.py:84} INFO - Using connection ID 'minio' for task execution.
[2025-07-09T08:23:55.816+0000] {connection_wrapper.py:384} INFO - AWS Connection (conn_id='minio', conn_type='aws') credentials retrieved from login and password.
[2025-07-09T08:23:56.497+0000] {Untitled-1.py:71} INFO - Загрузка данных в S3
[2025-07-09T08:23:57.137+0000] {Untitled-1.py:82} INFO - Загрузка завершена успешно
[2025-07-09T08:23:57.138+0000] {Untitled-1.py:177} INFO - Данные успешно сохранены в S3, передаю их в Xcom
[2025-07-09T08:23:57.138+0000] {Untitled-1.py:179} INFO - данные успешно очищены и записаны в хранилище
[2025-07-09T08:23:57.139+0000] {python.py:237} INFO - Done. Returned value was: {'path': {'bucket': 'airflare', 'key': 'temp/df_IKT_VVO.json'}, 'rout': {'origin': 'IKT', 'destination': 'VVO', 'bd': 'Иркутск_Владивосток_outbound'}}
[2025-07-09T08:23:57.139+0000] {taskinstance.py:441} INFO - ::group::Post task execution logs
[2025-07-09T08:23:57.172+0000] {taskinstance.py:1206} INFO - Marking task as SUCCESS. dag_id=ETL_airflare_data, task_id=transform, run_id=manual__2025-07-09T08:23:44.067884+00:00, map_index=8, execution_date=20250709T082344, start_date=20250709T082355, end_date=20250709T082357
[2025-07-09T08:23:57.250+0000] {local_task_job_runner.py:240} INFO - Task exited with return code 0
[2025-07-09T08:23:57.292+0000] {taskinstance.py:3503} INFO - 0 downstream tasks scheduled from follow-on schedule check
[2025-07-09T08:23:57.295+0000] {local_task_job_runner.py:222} INFO - ::endgroup::
