[2025-07-07T09:45:12.812+0000] {local_task_job_runner.py:120} INFO - ::group::Pre task execution logs
[2025-07-07T09:45:12.823+0000] {taskinstance.py:2076} INFO - Dependencies all met for dep_context=non-requeueable deps ti=<TaskInstance: ETL_airflare_data.load manual__2025-07-07T09:45:05.985447+00:00 [queued]>
[2025-07-07T09:45:12.828+0000] {taskinstance.py:2076} INFO - Dependencies all met for dep_context=requeueable deps ti=<TaskInstance: ETL_airflare_data.load manual__2025-07-07T09:45:05.985447+00:00 [queued]>
[2025-07-07T09:45:12.828+0000] {taskinstance.py:2306} INFO - Starting attempt 1 of 3
[2025-07-07T09:45:12.836+0000] {taskinstance.py:2330} INFO - Executing <Task(PythonOperator): load> on 2025-07-07 09:45:05.985447+00:00
[2025-07-07T09:45:12.844+0000] {warnings.py:112} WARNING - /home/***/.local/lib/python3.12/site-packages/***/task/task_runner/standard_task_runner.py:61: DeprecationWarning: This process (pid=1351) is multi-threaded, use of fork() may lead to deadlocks in the child.
  pid = os.fork()

[2025-07-07T09:45:12.845+0000] {standard_task_runner.py:63} INFO - Started process 1353 to run task
[2025-07-07T09:45:12.845+0000] {standard_task_runner.py:90} INFO - Running: ['***', 'tasks', 'run', 'ETL_airflare_data', 'load', 'manual__2025-07-07T09:45:05.985447+00:00', '--job-id', '188', '--raw', '--subdir', 'DAGS_FOLDER/Untitled-1.py', '--cfg-path', '/tmp/tmpb8ufq7m8']
[2025-07-07T09:45:12.847+0000] {standard_task_runner.py:91} INFO - Job 188: Subtask load
[2025-07-07T09:45:12.887+0000] {task_command.py:426} INFO - Running <TaskInstance: ETL_airflare_data.load manual__2025-07-07T09:45:05.985447+00:00 [running]> on host e6a32b72ede0
[2025-07-07T09:45:12.953+0000] {taskinstance.py:2648} INFO - Exporting env vars: AIRFLOW_CTX_DAG_OWNER='***' AIRFLOW_CTX_DAG_ID='ETL_airflare_data' AIRFLOW_CTX_TASK_ID='load' AIRFLOW_CTX_EXECUTION_DATE='2025-07-07T09:45:05.985447+00:00' AIRFLOW_CTX_TRY_NUMBER='1' AIRFLOW_CTX_DAG_RUN_ID='manual__2025-07-07T09:45:05.985447+00:00'
[2025-07-07T09:45:12.954+0000] {taskinstance.py:430} INFO - ::endgroup::
[2025-07-07T09:45:12.970+0000] {Untitled-1.py:123} INFO - Данные из Xcom успешно выгружены, начинаю выгружать данные из S3
[2025-07-07T09:45:12.971+0000] {Untitled-1.py:45} INFO - Создание подключения к S3
[2025-07-07T09:45:12.971+0000] {Untitled-1.py:48} INFO - Подключение установлено, загрузка данных из S3
[2025-07-07T09:45:12.978+0000] {base.py:84} INFO - Using connection ID 'minio' for task execution.
[2025-07-07T09:45:12.979+0000] {connection_wrapper.py:384} INFO - AWS Connection (conn_id='minio', conn_type='aws') credentials retrieved from login and password.
[2025-07-07T09:45:13.137+0000] {Untitled-1.py:53} INFO - Данные выгружены из S3
[2025-07-07T09:45:13.140+0000] {warnings.py:112} WARNING - /opt/***/dags/Untitled-1.py:127: FutureWarning: Passing literal json to 'read_json' is deprecated and will be removed in a future version. To read from a literal string, wrap it in a 'StringIO' object.
  df = pd.read_json(content)

[2025-07-07T09:45:13.147+0000] {Untitled-1.py:128} INFO - Данные получены из хранилища, начат процесс отправки в БД
[2025-07-07T09:45:13.153+0000] {base.py:84} INFO - Using connection ID 'postgres_airfare' for task execution.
[2025-07-07T09:45:13.154+0000] {Untitled-1.py:133} INFO - Связь с БД установлена
[2025-07-07T09:45:13.158+0000] {Untitled-1.py:138} ERROR - Ошибка при загрузки в БД (psycopg2.OperationalError) connection to server at "localhost" (::1), port 5432 failed: Connection refused
	Is the server running on that host and accepting TCP/IP connections?
connection to server at "localhost" (127.0.0.1), port 5432 failed: Connection refused
	Is the server running on that host and accepting TCP/IP connections?

(Background on this error at: https://sqlalche.me/e/14/e3q8)
[2025-07-07T09:45:13.158+0000] {Untitled-1.py:139} INFO - процесс ETL успешно завершен, данные загружены в БД
[2025-07-07T09:45:13.158+0000] {python.py:237} INFO - Done. Returned value was: None
[2025-07-07T09:45:13.159+0000] {taskinstance.py:441} INFO - ::group::Post task execution logs
[2025-07-07T09:45:13.166+0000] {taskinstance.py:1206} INFO - Marking task as SUCCESS. dag_id=ETL_airflare_data, task_id=load, run_id=manual__2025-07-07T09:45:05.985447+00:00, execution_date=20250707T094505, start_date=20250707T094512, end_date=20250707T094513
[2025-07-07T09:45:13.219+0000] {local_task_job_runner.py:240} INFO - Task exited with return code 0
[2025-07-07T09:45:13.231+0000] {taskinstance.py:3503} INFO - 0 downstream tasks scheduled from follow-on schedule check
[2025-07-07T09:45:13.233+0000] {local_task_job_runner.py:222} INFO - ::endgroup::
