[2025-07-07T08:54:01.080+0000] {local_task_job_runner.py:120} INFO - ::group::Pre task execution logs
[2025-07-07T08:54:01.093+0000] {taskinstance.py:2076} INFO - Dependencies all met for dep_context=non-requeueable deps ti=<TaskInstance: ETL_airflare_data.transform manual__2025-07-07T08:53:56.218683+00:00 [queued]>
[2025-07-07T08:54:01.098+0000] {taskinstance.py:2076} INFO - Dependencies all met for dep_context=requeueable deps ti=<TaskInstance: ETL_airflare_data.transform manual__2025-07-07T08:53:56.218683+00:00 [queued]>
[2025-07-07T08:54:01.098+0000] {taskinstance.py:2306} INFO - Starting attempt 1 of 3
[2025-07-07T08:54:01.107+0000] {taskinstance.py:2330} INFO - Executing <Task(PythonOperator): transform> on 2025-07-07 08:53:56.218683+00:00
[2025-07-07T08:54:01.115+0000] {warnings.py:112} WARNING - /home/***/.local/lib/python3.12/site-packages/***/task/task_runner/standard_task_runner.py:61: DeprecationWarning: This process (pid=430) is multi-threaded, use of fork() may lead to deadlocks in the child.
  pid = os.fork()

[2025-07-07T08:54:01.117+0000] {standard_task_runner.py:63} INFO - Started process 432 to run task
[2025-07-07T08:54:01.117+0000] {standard_task_runner.py:90} INFO - Running: ['***', 'tasks', 'run', 'ETL_airflare_data', 'transform', 'manual__2025-07-07T08:53:56.218683+00:00', '--job-id', '124', '--raw', '--subdir', 'DAGS_FOLDER/Untitled-1.py', '--cfg-path', '/tmp/tmpbczc6cur']
[2025-07-07T08:54:01.119+0000] {standard_task_runner.py:91} INFO - Job 124: Subtask transform
[2025-07-07T08:54:01.173+0000] {task_command.py:426} INFO - Running <TaskInstance: ETL_airflare_data.transform manual__2025-07-07T08:53:56.218683+00:00 [running]> on host e6a32b72ede0
[2025-07-07T08:54:01.240+0000] {taskinstance.py:2648} INFO - Exporting env vars: AIRFLOW_CTX_DAG_OWNER='***' AIRFLOW_CTX_DAG_ID='ETL_airflare_data' AIRFLOW_CTX_TASK_ID='transform' AIRFLOW_CTX_EXECUTION_DATE='2025-07-07T08:53:56.218683+00:00' AIRFLOW_CTX_TRY_NUMBER='1' AIRFLOW_CTX_DAG_RUN_ID='manual__2025-07-07T08:53:56.218683+00:00'
[2025-07-07T08:54:01.241+0000] {taskinstance.py:430} INFO - ::endgroup::
[2025-07-07T08:54:01.260+0000] {Untitled-1.py:96} INFO - Данные приняты из Xcom, начат процесс очистки
[2025-07-07T08:54:01.261+0000] {Untitled-1.py:43} INFO - Создание подключения к S3
[2025-07-07T08:54:01.261+0000] {Untitled-1.py:46} INFO - Подключение установлено, загрузка данных из S3
[2025-07-07T08:54:01.269+0000] {base.py:84} INFO - Using connection ID 'minio' for task execution.
[2025-07-07T08:54:01.269+0000] {connection_wrapper.py:384} INFO - AWS Connection (conn_id='minio', conn_type='aws') credentials retrieved from login and password.
[2025-07-07T08:54:01.459+0000] {Untitled-1.py:51} INFO - Данные выгружены из S3
[2025-07-07T08:54:01.465+0000] {Untitled-1.py:104} INFO - Преобразование завершено, начинается передача DF в S3
[2025-07-07T08:54:01.466+0000] {Untitled-1.py:17} INFO - Создание подключения к S3
[2025-07-07T08:54:01.467+0000] {Untitled-1.py:21} INFO - Подключение установлено
[2025-07-07T08:54:01.474+0000] {base.py:84} INFO - Using connection ID 'minio' for task execution.
[2025-07-07T08:54:01.474+0000] {connection_wrapper.py:384} INFO - AWS Connection (conn_id='minio', conn_type='aws') credentials retrieved from login and password.
[2025-07-07T08:54:01.800+0000] {Untitled-1.py:26} INFO - Загрузка данных в S3
[2025-07-07T08:54:01.922+0000] {Untitled-1.py:35} INFO - Загрузка завершена успешно
[2025-07-07T08:54:01.923+0000] {Untitled-1.py:110} INFO - Данные успешно сохранены в S3, передаю их в Xcom
[2025-07-07T08:54:01.935+0000] {Untitled-1.py:114} INFO - данные успешно очищены и записаны в хранилище
[2025-07-07T08:54:01.935+0000] {python.py:237} INFO - Done. Returned value was: None
[2025-07-07T08:54:01.936+0000] {taskinstance.py:441} INFO - ::group::Post task execution logs
[2025-07-07T08:54:01.943+0000] {taskinstance.py:1206} INFO - Marking task as SUCCESS. dag_id=ETL_airflare_data, task_id=transform, run_id=manual__2025-07-07T08:53:56.218683+00:00, execution_date=20250707T085356, start_date=20250707T085401, end_date=20250707T085401
[2025-07-07T08:54:01.973+0000] {local_task_job_runner.py:240} INFO - Task exited with return code 0
[2025-07-07T08:54:01.990+0000] {taskinstance.py:3503} INFO - 1 downstream tasks scheduled from follow-on schedule check
[2025-07-07T08:54:01.991+0000] {local_task_job_runner.py:222} INFO - ::endgroup::
