[2025-07-09T05:45:56.144+0000] {local_task_job_runner.py:120} INFO - ::group::Pre task execution logs
[2025-07-09T05:45:56.159+0000] {taskinstance.py:2076} INFO - Dependencies all met for dep_context=non-requeueable deps ti=<TaskInstance: ETL_airflare_data.extract manual__2025-07-09T05:45:55.091232+00:00 map_index=0 [queued]>
[2025-07-09T05:45:56.165+0000] {taskinstance.py:2076} INFO - Dependencies all met for dep_context=requeueable deps ti=<TaskInstance: ETL_airflare_data.extract manual__2025-07-09T05:45:55.091232+00:00 map_index=0 [queued]>
[2025-07-09T05:45:56.165+0000] {taskinstance.py:2306} INFO - Starting attempt 1 of 3
[2025-07-09T05:45:56.175+0000] {taskinstance.py:2330} INFO - Executing <Mapped(_PythonDecoratedOperator): extract> on 2025-07-09 05:45:55.091232+00:00
[2025-07-09T05:45:56.183+0000] {warnings.py:112} WARNING - /home/***/.local/lib/python3.12/site-packages/***/task/task_runner/standard_task_runner.py:61: DeprecationWarning: This process (pid=4314) is multi-threaded, use of fork() may lead to deadlocks in the child.
  pid = os.fork()

[2025-07-09T05:45:56.185+0000] {standard_task_runner.py:90} INFO - Running: ['***', 'tasks', 'run', 'ETL_airflare_data', 'extract', 'manual__2025-07-09T05:45:55.091232+00:00', '--job-id', '304', '--raw', '--subdir', 'DAGS_FOLDER/Untitled-1.py', '--cfg-path', '/tmp/tmpwi_4boh8', '--map-index', '0']
[2025-07-09T05:45:56.186+0000] {standard_task_runner.py:63} INFO - Started process 4318 to run task
[2025-07-09T05:45:56.186+0000] {standard_task_runner.py:91} INFO - Job 304: Subtask extract
[2025-07-09T05:45:56.237+0000] {task_command.py:426} INFO - Running <TaskInstance: ETL_airflare_data.extract manual__2025-07-09T05:45:55.091232+00:00 map_index=0 [running]> on host e6a32b72ede0
[2025-07-09T05:45:56.314+0000] {taskinstance.py:2648} INFO - Exporting env vars: AIRFLOW_CTX_DAG_OWNER='***' AIRFLOW_CTX_DAG_ID='ETL_airflare_data' AIRFLOW_CTX_TASK_ID='extract' AIRFLOW_CTX_EXECUTION_DATE='2025-07-09T05:45:55.091232+00:00' AIRFLOW_CTX_TRY_NUMBER='1' AIRFLOW_CTX_DAG_RUN_ID='manual__2025-07-09T05:45:55.091232+00:00'
[2025-07-09T05:45:56.315+0000] {taskinstance.py:430} INFO - ::endgroup::
[2025-07-09T05:45:56.316+0000] {Untitled-1.py:111} INFO - Начало извлечения данных для направления IKT-HKT
[2025-07-09T05:45:57.239+0000] {Untitled-1.py:26} INFO - Создание подключения к S3
[2025-07-09T05:45:57.240+0000] {Untitled-1.py:31} INFO - Подключение установлено
[2025-07-09T05:45:57.248+0000] {base.py:84} INFO - Using connection ID 'minio' for task execution.
[2025-07-09T05:45:57.249+0000] {connection_wrapper.py:384} INFO - AWS Connection (conn_id='minio', conn_type='aws') credentials retrieved from login and password.
[2025-07-09T05:45:57.565+0000] {Untitled-1.py:37} INFO - Загрузка данных в S3
[2025-07-09T05:45:57.676+0000] {Untitled-1.py:48} INFO - Загрузка завершена успешно
[2025-07-09T05:45:57.677+0000] {Untitled-1.py:124} INFO - Данные успешно сохранены во временное хранилище
[2025-07-09T05:45:57.689+0000] {Untitled-1.py:129} INFO - Данные успешно извлечены и переданы в Xcom
[2025-07-09T05:45:57.691+0000] {python.py:237} INFO - Done. Returned value was: {'bucket': 'airflare', 'key': 'temp/response_IKT_HKT.json'}
[2025-07-09T05:45:57.691+0000] {taskinstance.py:441} INFO - ::group::Post task execution logs
[2025-07-09T05:45:57.708+0000] {taskinstance.py:1206} INFO - Marking task as SUCCESS. dag_id=ETL_airflare_data, task_id=extract, run_id=manual__2025-07-09T05:45:55.091232+00:00, map_index=0, execution_date=20250709T054555, start_date=20250709T054556, end_date=20250709T054557
[2025-07-09T05:45:57.764+0000] {local_task_job_runner.py:240} INFO - Task exited with return code 0
[2025-07-09T05:45:57.785+0000] {taskinstance.py:3503} INFO - 0 downstream tasks scheduled from follow-on schedule check
[2025-07-09T05:45:57.786+0000] {local_task_job_runner.py:222} INFO - ::endgroup::
