[2025-07-09T05:51:56.925+0000] {local_task_job_runner.py:120} INFO - ::group::Pre task execution logs
[2025-07-09T05:51:56.941+0000] {taskinstance.py:2076} INFO - Dependencies all met for dep_context=non-requeueable deps ti=<TaskInstance: ETL_airflare_data.transform manual__2025-07-09T05:47:21.836826+00:00 map_index=3 [queued]>
[2025-07-09T05:51:56.949+0000] {taskinstance.py:2076} INFO - Dependencies all met for dep_context=requeueable deps ti=<TaskInstance: ETL_airflare_data.transform manual__2025-07-09T05:47:21.836826+00:00 map_index=3 [queued]>
[2025-07-09T05:51:56.949+0000] {taskinstance.py:2306} INFO - Starting attempt 3 of 3
[2025-07-09T05:51:56.963+0000] {taskinstance.py:2330} INFO - Executing <Mapped(_PythonDecoratedOperator): transform> on 2025-07-09 05:47:21.836826+00:00
[2025-07-09T05:51:56.975+0000] {standard_task_runner.py:90} INFO - Running: ['***', 'tasks', 'run', 'ETL_airflare_data', 'transform', 'manual__2025-07-09T05:47:21.836826+00:00', '--job-id', '364', '--raw', '--subdir', 'DAGS_FOLDER/Untitled-1.py', '--cfg-path', '/tmp/tmp9p33pqz4', '--map-index', '3']
[2025-07-09T05:51:56.973+0000] {warnings.py:112} WARNING - /home/***/.local/lib/python3.12/site-packages/***/task/task_runner/standard_task_runner.py:61: DeprecationWarning: This process (pid=4602) is multi-threaded, use of fork() may lead to deadlocks in the child.
  pid = os.fork()

[2025-07-09T05:51:56.976+0000] {standard_task_runner.py:91} INFO - Job 364: Subtask transform
[2025-07-09T05:51:56.978+0000] {standard_task_runner.py:63} INFO - Started process 4609 to run task
[2025-07-09T05:51:57.044+0000] {task_command.py:426} INFO - Running <TaskInstance: ETL_airflare_data.transform manual__2025-07-09T05:47:21.836826+00:00 map_index=3 [running]> on host e6a32b72ede0
[2025-07-09T05:51:57.135+0000] {taskinstance.py:2648} INFO - Exporting env vars: AIRFLOW_CTX_DAG_OWNER='***' AIRFLOW_CTX_DAG_ID='ETL_airflare_data' AIRFLOW_CTX_TASK_ID='transform' AIRFLOW_CTX_EXECUTION_DATE='2025-07-09T05:47:21.836826+00:00' AIRFLOW_CTX_TRY_NUMBER='3' AIRFLOW_CTX_DAG_RUN_ID='manual__2025-07-09T05:47:21.836826+00:00'
[2025-07-09T05:51:57.136+0000] {taskinstance.py:430} INFO - ::endgroup::
[2025-07-09T05:51:57.137+0000] {Untitled-1.py:136} INFO - Данные приняты из Xcom, начат процесс очистки
[2025-07-09T05:51:57.137+0000] {taskinstance.py:441} INFO - ::group::Post task execution logs
[2025-07-09T05:51:57.137+0000] {taskinstance.py:2905} ERROR - Task failed with exception
Traceback (most recent call last):
  File "/home/airflow/.local/lib/python3.12/site-packages/airflow/models/taskinstance.py", line 465, in _execute_task
    result = _execute_callable(context=context, **execute_callable_kwargs)
             ^^^^^^^^^^^^^^^^^^^^^^^^^^^^^^^^^^^^^^^^^^^^^^^^^^^^^^^^^^^^^
  File "/home/airflow/.local/lib/python3.12/site-packages/airflow/models/taskinstance.py", line 432, in _execute_callable
    return execute_callable(context=context, **execute_callable_kwargs)
           ^^^^^^^^^^^^^^^^^^^^^^^^^^^^^^^^^^^^^^^^^^^^^^^^^^^^^^^^^^^^
  File "/home/airflow/.local/lib/python3.12/site-packages/airflow/models/baseoperator.py", line 401, in wrapper
    return func(self, *args, **kwargs)
           ^^^^^^^^^^^^^^^^^^^^^^^^^^^
  File "/home/airflow/.local/lib/python3.12/site-packages/airflow/decorators/base.py", line 265, in execute
    return_value = super().execute(context)
                   ^^^^^^^^^^^^^^^^^^^^^^^^
  File "/home/airflow/.local/lib/python3.12/site-packages/airflow/models/baseoperator.py", line 401, in wrapper
    return func(self, *args, **kwargs)
           ^^^^^^^^^^^^^^^^^^^^^^^^^^^
  File "/home/airflow/.local/lib/python3.12/site-packages/airflow/operators/python.py", line 235, in execute
    return_value = self.execute_callable()
                   ^^^^^^^^^^^^^^^^^^^^^^^
  File "/home/airflow/.local/lib/python3.12/site-packages/airflow/operators/python.py", line 252, in execute_callable
    return self.python_callable(*self.op_args, **self.op_kwargs)
           ^^^^^^^^^^^^^^^^^^^^^^^^^^^^^^^^^^^^^^^^^^^^^^^^^^^^^
  File "/opt/airflow/dags/Untitled-1.py", line 137, in transform
    logging.info()
TypeError: info() missing 1 required positional argument: 'msg'
[2025-07-09T05:51:57.150+0000] {taskinstance.py:1206} INFO - Marking task as FAILED. dag_id=ETL_airflare_data, task_id=transform, run_id=manual__2025-07-09T05:47:21.836826+00:00, map_index=3, execution_date=20250709T054721, start_date=20250709T055156, end_date=20250709T055157
[2025-07-09T05:51:57.159+0000] {standard_task_runner.py:110} ERROR - Failed to execute job 364 for task transform (info() missing 1 required positional argument: 'msg'; 4609)
[2025-07-09T05:51:57.193+0000] {local_task_job_runner.py:240} INFO - Task exited with return code 1
[2025-07-09T05:51:57.204+0000] {local_task_job_runner.py:222} INFO - ::endgroup::
