[2025-07-09T08:23:50.790+0000] {local_task_job_runner.py:120} INFO - ::group::Pre task execution logs
[2025-07-09T08:23:50.816+0000] {taskinstance.py:2076} INFO - Dependencies all met for dep_context=non-requeueable deps ti=<TaskInstance: ETL_airflare_data.extract manual__2025-07-09T08:23:44.067884+00:00 map_index=28 [queued]>
[2025-07-09T08:23:50.831+0000] {taskinstance.py:2076} INFO - Dependencies all met for dep_context=requeueable deps ti=<TaskInstance: ETL_airflare_data.extract manual__2025-07-09T08:23:44.067884+00:00 map_index=28 [queued]>
[2025-07-09T08:23:50.832+0000] {taskinstance.py:2306} INFO - Starting attempt 1 of 3
[2025-07-09T08:23:50.852+0000] {taskinstance.py:2330} INFO - Executing <Mapped(_PythonDecoratedOperator): extract> on 2025-07-09 08:23:44.067884+00:00
[2025-07-09T08:23:50.870+0000] {warnings.py:112} WARNING - /home/***/.local/lib/python3.12/site-packages/***/task/task_runner/standard_task_runner.py:61: DeprecationWarning: This process (pid=7881) is multi-threaded, use of fork() may lead to deadlocks in the child.
  pid = os.fork()

[2025-07-09T08:23:50.873+0000] {standard_task_runner.py:63} INFO - Started process 7914 to run task
[2025-07-09T08:23:50.873+0000] {standard_task_runner.py:90} INFO - Running: ['***', 'tasks', 'run', 'ETL_airflare_data', 'extract', 'manual__2025-07-09T08:23:44.067884+00:00', '--job-id', '698', '--raw', '--subdir', 'DAGS_FOLDER/Untitled-1.py', '--cfg-path', '/tmp/tmpktvf6zyp', '--map-index', '28']
[2025-07-09T08:23:50.877+0000] {standard_task_runner.py:91} INFO - Job 698: Subtask extract
[2025-07-09T08:23:50.972+0000] {task_command.py:426} INFO - Running <TaskInstance: ETL_airflare_data.extract manual__2025-07-09T08:23:44.067884+00:00 map_index=28 [running]> on host e6a32b72ede0
[2025-07-09T08:23:51.139+0000] {taskinstance.py:2648} INFO - Exporting env vars: AIRFLOW_CTX_DAG_OWNER='***' AIRFLOW_CTX_DAG_ID='ETL_airflare_data' AIRFLOW_CTX_TASK_ID='extract' AIRFLOW_CTX_EXECUTION_DATE='2025-07-09T08:23:44.067884+00:00' AIRFLOW_CTX_TRY_NUMBER='1' AIRFLOW_CTX_DAG_RUN_ID='manual__2025-07-09T08:23:44.067884+00:00'
[2025-07-09T08:23:51.145+0000] {taskinstance.py:430} INFO - ::endgroup::
[2025-07-09T08:23:51.146+0000] {Untitled-1.py:137} INFO - Начало извлечения данных для направления IKT-PKX
[2025-07-09T08:23:51.660+0000] {Untitled-1.py:62} INFO - Создание подключения к S3
[2025-07-09T08:23:51.661+0000] {Untitled-1.py:65} INFO - Подключение установлено
[2025-07-09T08:23:51.674+0000] {base.py:84} INFO - Using connection ID 'minio' for task execution.
[2025-07-09T08:23:51.676+0000] {connection_wrapper.py:384} INFO - AWS Connection (conn_id='minio', conn_type='aws') credentials retrieved from login and password.
[2025-07-09T08:23:52.175+0000] {Untitled-1.py:71} INFO - Загрузка данных в S3
[2025-07-09T08:23:52.479+0000] {Untitled-1.py:82} INFO - Загрузка завершена успешно
[2025-07-09T08:23:52.480+0000] {Untitled-1.py:150} INFO - Данные успешно сохранены во временное хранилище
[2025-07-09T08:23:52.480+0000] {Untitled-1.py:151} INFO - Данные успешно извлечены и переданы в Xcom
[2025-07-09T08:23:52.480+0000] {python.py:237} INFO - Done. Returned value was: {'path': {'bucket': 'airflare', 'key': 'temp/response_IKT_PKX.json'}, 'rout': {'origin': 'IKT', 'destination': 'PKX', 'bd': 'Иркутск_Пекин_Дасин_outbound'}}
[2025-07-09T08:23:52.481+0000] {taskinstance.py:441} INFO - ::group::Post task execution logs
[2025-07-09T08:23:52.504+0000] {taskinstance.py:1206} INFO - Marking task as SUCCESS. dag_id=ETL_airflare_data, task_id=extract, run_id=manual__2025-07-09T08:23:44.067884+00:00, map_index=28, execution_date=20250709T082344, start_date=20250709T082350, end_date=20250709T082352
[2025-07-09T08:23:52.540+0000] {local_task_job_runner.py:240} INFO - Task exited with return code 0
[2025-07-09T08:23:52.567+0000] {taskinstance.py:3503} INFO - 0 downstream tasks scheduled from follow-on schedule check
[2025-07-09T08:23:52.569+0000] {local_task_job_runner.py:222} INFO - ::endgroup::
