[2025-07-07T09:29:34.745+0000] {local_task_job_runner.py:120} INFO - ::group::Pre task execution logs
[2025-07-07T09:29:34.758+0000] {taskinstance.py:2076} INFO - Dependencies all met for dep_context=non-requeueable deps ti=<TaskInstance: ETL_airflare_data.transform manual__2025-07-07T09:29:29.854942+00:00 [queued]>
[2025-07-07T09:29:34.762+0000] {taskinstance.py:2076} INFO - Dependencies all met for dep_context=requeueable deps ti=<TaskInstance: ETL_airflare_data.transform manual__2025-07-07T09:29:29.854942+00:00 [queued]>
[2025-07-07T09:29:34.763+0000] {taskinstance.py:2306} INFO - Starting attempt 1 of 3
[2025-07-07T09:29:34.772+0000] {taskinstance.py:2330} INFO - Executing <Task(PythonOperator): transform> on 2025-07-07 09:29:29.854942+00:00
[2025-07-07T09:29:34.780+0000] {warnings.py:112} WARNING - /home/***/.local/lib/python3.12/site-packages/***/task/task_runner/standard_task_runner.py:61: DeprecationWarning: This process (pid=1033) is multi-threaded, use of fork() may lead to deadlocks in the child.
  pid = os.fork()

[2025-07-07T09:29:34.782+0000] {standard_task_runner.py:63} INFO - Started process 1035 to run task
[2025-07-07T09:29:34.781+0000] {standard_task_runner.py:90} INFO - Running: ['***', 'tasks', 'run', 'ETL_airflare_data', 'transform', 'manual__2025-07-07T09:29:29.854942+00:00', '--job-id', '159', '--raw', '--subdir', 'DAGS_FOLDER/Untitled-1.py', '--cfg-path', '/tmp/tmp7pntv58w']
[2025-07-07T09:29:34.783+0000] {standard_task_runner.py:91} INFO - Job 159: Subtask transform
[2025-07-07T09:29:34.827+0000] {task_command.py:426} INFO - Running <TaskInstance: ETL_airflare_data.transform manual__2025-07-07T09:29:29.854942+00:00 [running]> on host e6a32b72ede0
[2025-07-07T09:29:34.891+0000] {taskinstance.py:2648} INFO - Exporting env vars: AIRFLOW_CTX_DAG_OWNER='***' AIRFLOW_CTX_DAG_ID='ETL_airflare_data' AIRFLOW_CTX_TASK_ID='transform' AIRFLOW_CTX_EXECUTION_DATE='2025-07-07T09:29:29.854942+00:00' AIRFLOW_CTX_TRY_NUMBER='1' AIRFLOW_CTX_DAG_RUN_ID='manual__2025-07-07T09:29:29.854942+00:00'
[2025-07-07T09:29:34.892+0000] {taskinstance.py:430} INFO - ::endgroup::
[2025-07-07T09:29:34.911+0000] {Untitled-1.py:98} INFO - Данные приняты из Xcom, начат процесс очистки
[2025-07-07T09:29:34.911+0000] {Untitled-1.py:45} INFO - Создание подключения к S3
[2025-07-07T09:29:34.912+0000] {Untitled-1.py:48} INFO - Подключение установлено, загрузка данных из S3
[2025-07-07T09:29:34.919+0000] {base.py:84} INFO - Using connection ID 'minio' for task execution.
[2025-07-07T09:29:34.919+0000] {connection_wrapper.py:384} INFO - AWS Connection (conn_id='minio', conn_type='aws') credentials retrieved from login and password.
[2025-07-07T09:29:35.103+0000] {Untitled-1.py:53} INFO - Данные выгружены из S3
[2025-07-07T09:29:35.109+0000] {Untitled-1.py:106} INFO - Преобразование завершено, начинается передача DF в S3
[2025-07-07T09:29:35.110+0000] {Untitled-1.py:19} INFO - Создание подключения к S3
[2025-07-07T09:29:35.110+0000] {Untitled-1.py:23} INFO - Подключение установлено
[2025-07-07T09:29:35.117+0000] {base.py:84} INFO - Using connection ID 'minio' for task execution.
[2025-07-07T09:29:35.118+0000] {connection_wrapper.py:384} INFO - AWS Connection (conn_id='minio', conn_type='aws') credentials retrieved from login and password.
[2025-07-07T09:29:35.431+0000] {Untitled-1.py:28} INFO - Загрузка данных в S3
[2025-07-07T09:29:35.558+0000] {Untitled-1.py:37} INFO - Загрузка завершена успешно
[2025-07-07T09:29:35.558+0000] {Untitled-1.py:112} INFO - Данные успешно сохранены в S3, передаю их в Xcom
[2025-07-07T09:29:35.571+0000] {Untitled-1.py:116} INFO - данные успешно очищены и записаны в хранилище
[2025-07-07T09:29:35.572+0000] {python.py:237} INFO - Done. Returned value was: None
[2025-07-07T09:29:35.572+0000] {taskinstance.py:441} INFO - ::group::Post task execution logs
[2025-07-07T09:29:35.579+0000] {taskinstance.py:1206} INFO - Marking task as SUCCESS. dag_id=ETL_airflare_data, task_id=transform, run_id=manual__2025-07-07T09:29:29.854942+00:00, execution_date=20250707T092929, start_date=20250707T092934, end_date=20250707T092935
[2025-07-07T09:29:35.637+0000] {local_task_job_runner.py:240} INFO - Task exited with return code 0
[2025-07-07T09:29:35.654+0000] {taskinstance.py:3503} INFO - 1 downstream tasks scheduled from follow-on schedule check
[2025-07-07T09:29:35.656+0000] {local_task_job_runner.py:222} INFO - ::endgroup::
