[2025-07-09T06:15:09.163+0000] {local_task_job_runner.py:120} INFO - ::group::Pre task execution logs
[2025-07-09T06:15:09.178+0000] {taskinstance.py:2076} INFO - Dependencies all met for dep_context=non-requeueable deps ti=<TaskInstance: ETL_airflare_data.extract manual__2025-07-09T06:15:07.476264+00:00 map_index=1 [queued]>
[2025-07-09T06:15:09.184+0000] {taskinstance.py:2076} INFO - Dependencies all met for dep_context=requeueable deps ti=<TaskInstance: ETL_airflare_data.extract manual__2025-07-09T06:15:07.476264+00:00 map_index=1 [queued]>
[2025-07-09T06:15:09.184+0000] {taskinstance.py:2306} INFO - Starting attempt 1 of 3
[2025-07-09T06:15:09.194+0000] {taskinstance.py:2330} INFO - Executing <Mapped(_PythonDecoratedOperator): extract> on 2025-07-09 06:15:07.476264+00:00
[2025-07-09T06:15:09.202+0000] {warnings.py:112} WARNING - /home/***/.local/lib/python3.12/site-packages/***/task/task_runner/standard_task_runner.py:61: DeprecationWarning: This process (pid=4951) is multi-threaded, use of fork() may lead to deadlocks in the child.
  pid = os.fork()

[2025-07-09T06:15:09.203+0000] {standard_task_runner.py:90} INFO - Running: ['***', 'tasks', 'run', 'ETL_airflare_data', 'extract', 'manual__2025-07-09T06:15:07.476264+00:00', '--job-id', '381', '--raw', '--subdir', 'DAGS_FOLDER/Untitled-1.py', '--cfg-path', '/tmp/tmpe9apk_h9', '--map-index', '1']
[2025-07-09T06:15:09.204+0000] {standard_task_runner.py:63} INFO - Started process 4956 to run task
[2025-07-09T06:15:09.204+0000] {standard_task_runner.py:91} INFO - Job 381: Subtask extract
[2025-07-09T06:15:09.255+0000] {task_command.py:426} INFO - Running <TaskInstance: ETL_airflare_data.extract manual__2025-07-09T06:15:07.476264+00:00 map_index=1 [running]> on host e6a32b72ede0
[2025-07-09T06:15:09.344+0000] {taskinstance.py:2648} INFO - Exporting env vars: AIRFLOW_CTX_DAG_OWNER='***' AIRFLOW_CTX_DAG_ID='ETL_airflare_data' AIRFLOW_CTX_TASK_ID='extract' AIRFLOW_CTX_EXECUTION_DATE='2025-07-09T06:15:07.476264+00:00' AIRFLOW_CTX_TRY_NUMBER='1' AIRFLOW_CTX_DAG_RUN_ID='manual__2025-07-09T06:15:07.476264+00:00'
[2025-07-09T06:15:09.347+0000] {taskinstance.py:430} INFO - ::endgroup::
[2025-07-09T06:15:09.348+0000] {Untitled-1.py:111} INFO - Начало извлечения данных для направления HKT-IKT
[2025-07-09T06:15:10.476+0000] {Untitled-1.py:26} INFO - Создание подключения к S3
[2025-07-09T06:15:10.478+0000] {Untitled-1.py:31} INFO - Подключение установлено
[2025-07-09T06:15:10.489+0000] {base.py:84} INFO - Using connection ID 'minio' for task execution.
[2025-07-09T06:15:10.490+0000] {connection_wrapper.py:384} INFO - AWS Connection (conn_id='minio', conn_type='aws') credentials retrieved from login and password.
[2025-07-09T06:15:10.953+0000] {Untitled-1.py:37} INFO - Загрузка данных в S3
[2025-07-09T06:15:11.091+0000] {Untitled-1.py:48} INFO - Загрузка завершена успешно
[2025-07-09T06:15:11.092+0000] {Untitled-1.py:124} INFO - Данные успешно сохранены во временное хранилище
[2025-07-09T06:15:11.092+0000] {Untitled-1.py:128} INFO - Данные успешно извлечены и переданы в Xcom
[2025-07-09T06:15:11.093+0000] {python.py:237} INFO - Done. Returned value was: {'bucket': 'airflare', 'key': 'temp/response_HKT_IKT.json'}
[2025-07-09T06:15:11.094+0000] {taskinstance.py:441} INFO - ::group::Post task execution logs
[2025-07-09T06:15:11.114+0000] {taskinstance.py:1206} INFO - Marking task as SUCCESS. dag_id=ETL_airflare_data, task_id=extract, run_id=manual__2025-07-09T06:15:07.476264+00:00, map_index=1, execution_date=20250709T061507, start_date=20250709T061509, end_date=20250709T061511
[2025-07-09T06:15:11.143+0000] {local_task_job_runner.py:240} INFO - Task exited with return code 0
[2025-07-09T06:15:11.207+0000] {taskinstance.py:3503} INFO - 4 downstream tasks scheduled from follow-on schedule check
[2025-07-09T06:15:11.208+0000] {local_task_job_runner.py:222} INFO - ::endgroup::
