[2025-07-09T07:27:11.852+0000] {local_task_job_runner.py:120} INFO - ::group::Pre task execution logs
[2025-07-09T07:27:11.877+0000] {taskinstance.py:2076} INFO - Dependencies all met for dep_context=non-requeueable deps ti=<TaskInstance: ETL_airflare_data.load scheduled__2025-07-07T12:00:00+00:00 map_index=6 [queued]>
[2025-07-09T07:27:11.888+0000] {taskinstance.py:2076} INFO - Dependencies all met for dep_context=requeueable deps ti=<TaskInstance: ETL_airflare_data.load scheduled__2025-07-07T12:00:00+00:00 map_index=6 [queued]>
[2025-07-09T07:27:11.888+0000] {taskinstance.py:2306} INFO - Starting attempt 1 of 3
[2025-07-09T07:27:11.905+0000] {taskinstance.py:2330} INFO - Executing <Mapped(_PythonDecoratedOperator): load> on 2025-07-07 12:00:00+00:00
[2025-07-09T07:27:11.917+0000] {warnings.py:112} WARNING - /home/***/.local/lib/python3.12/site-packages/***/task/task_runner/standard_task_runner.py:61: DeprecationWarning: This process (pid=6692) is multi-threaded, use of fork() may lead to deadlocks in the child.
  pid = os.fork()

[2025-07-09T07:27:11.920+0000] {standard_task_runner.py:90} INFO - Running: ['***', 'tasks', 'run', 'ETL_airflare_data', 'load', 'scheduled__2025-07-07T12:00:00+00:00', '--job-id', '597', '--raw', '--subdir', 'DAGS_FOLDER/Untitled-1.py', '--cfg-path', '/tmp/tmpx22nle_l', '--map-index', '6']
[2025-07-09T07:27:11.924+0000] {standard_task_runner.py:63} INFO - Started process 6716 to run task
[2025-07-09T07:27:11.924+0000] {standard_task_runner.py:91} INFO - Job 597: Subtask load
[2025-07-09T07:27:12.000+0000] {task_command.py:426} INFO - Running <TaskInstance: ETL_airflare_data.load scheduled__2025-07-07T12:00:00+00:00 map_index=6 [running]> on host e6a32b72ede0
[2025-07-09T07:27:12.111+0000] {taskinstance.py:2648} INFO - Exporting env vars: AIRFLOW_CTX_DAG_OWNER='***' AIRFLOW_CTX_DAG_ID='ETL_airflare_data' AIRFLOW_CTX_TASK_ID='load' AIRFLOW_CTX_EXECUTION_DATE='2025-07-07T12:00:00+00:00' AIRFLOW_CTX_TRY_NUMBER='1' AIRFLOW_CTX_DAG_RUN_ID='scheduled__2025-07-07T12:00:00+00:00'
[2025-07-09T07:27:12.113+0000] {taskinstance.py:430} INFO - ::endgroup::
[2025-07-09T07:27:12.114+0000] {Untitled-1.py:165} INFO - Данные из Xcom успешно выгружены, начинаю выгружать данные из S3
[2025-07-09T07:27:12.114+0000] {Untitled-1.py:71} INFO - Создание подключения к S3
[2025-07-09T07:27:12.115+0000] {Untitled-1.py:75} INFO - Подключение установлено, загрузка данных из S3
[2025-07-09T07:27:12.128+0000] {base.py:84} INFO - Using connection ID 'minio' for task execution.
[2025-07-09T07:27:12.129+0000] {connection_wrapper.py:384} INFO - AWS Connection (conn_id='minio', conn_type='aws') credentials retrieved from login and password.
[2025-07-09T07:27:12.308+0000] {Untitled-1.py:81} INFO - Данные выгружены из S3
[2025-07-09T07:27:12.314+0000] {Untitled-1.py:175} INFO - Данные получены из хранилища, начат процесс отправки в БД
[2025-07-09T07:27:12.325+0000] {base.py:84} INFO - Using connection ID 'postgres_airfare' for task execution.
[2025-07-09T07:27:12.329+0000] {Untitled-1.py:183} INFO - Размер DataFrame: (214, 9)
[2025-07-09T07:27:12.332+0000] {Untitled-1.py:185} INFO - Типы данных:
depart_date          object
origin               object
destination          object
trip_class            int64
value                 int64
gate                 object
duration              int64
distance              int64
number_of_changes     int64
dtype: object
[2025-07-09T07:27:12.333+0000] {Untitled-1.py:187} INFO - Связь с БД установлена
[2025-07-09T07:27:12.383+0000] {Untitled-1.py:194} INFO - процесс ETL успешно завершен, данные загружены в БД
[2025-07-09T07:27:12.384+0000] {python.py:237} INFO - Done. Returned value was: None
[2025-07-09T07:27:12.385+0000] {taskinstance.py:441} INFO - ::group::Post task execution logs
[2025-07-09T07:27:12.394+0000] {taskinstance.py:1206} INFO - Marking task as SUCCESS. dag_id=ETL_airflare_data, task_id=load, run_id=scheduled__2025-07-07T12:00:00+00:00, map_index=6, execution_date=20250707T120000, start_date=20250709T072711, end_date=20250709T072712
[2025-07-09T07:27:12.459+0000] {local_task_job_runner.py:240} INFO - Task exited with return code 0
[2025-07-09T07:27:12.482+0000] {taskinstance.py:3503} INFO - 0 downstream tasks scheduled from follow-on schedule check
[2025-07-09T07:27:12.484+0000] {local_task_job_runner.py:222} INFO - ::endgroup::
[2025-07-09T11:25:16.212+0000] {local_task_job_runner.py:120} INFO - ::group::Pre task execution logs
[2025-07-09T11:25:16.251+0000] {taskinstance.py:2076} INFO - Dependencies all met for dep_context=non-requeueable deps ti=<TaskInstance: ETL_airflare_data.load scheduled__2025-07-07T12:00:00+00:00 map_index=6 [queued]>
[2025-07-09T11:25:16.274+0000] {taskinstance.py:2076} INFO - Dependencies all met for dep_context=requeueable deps ti=<TaskInstance: ETL_airflare_data.load scheduled__2025-07-07T12:00:00+00:00 map_index=6 [queued]>
[2025-07-09T11:25:16.282+0000] {taskinstance.py:2306} INFO - Starting attempt 1 of 3
[2025-07-09T11:25:16.315+0000] {taskinstance.py:2330} INFO - Executing <Mapped(_PythonDecoratedOperator): load> on 2025-07-07 12:00:00+00:00
[2025-07-09T11:25:16.340+0000] {standard_task_runner.py:90} INFO - Running: ['***', 'tasks', 'run', 'ETL_airflare_data', 'load', 'scheduled__2025-07-07T12:00:00+00:00', '--job-id', '3344', '--raw', '--subdir', 'DAGS_FOLDER/Untitled-1.py', '--cfg-path', '/tmp/tmpqwgxekq9', '--map-index', '6']
[2025-07-09T11:25:16.339+0000] {warnings.py:112} WARNING - /home/***/.local/lib/python3.12/site-packages/***/task/task_runner/standard_task_runner.py:61: DeprecationWarning: This process (pid=21634) is multi-threaded, use of fork() may lead to deadlocks in the child.
  pid = os.fork()

[2025-07-09T11:25:16.343+0000] {standard_task_runner.py:91} INFO - Job 3344: Subtask load
[2025-07-09T11:25:16.345+0000] {standard_task_runner.py:63} INFO - Started process 21669 to run task
[2025-07-09T11:25:16.438+0000] {task_command.py:426} INFO - Running <TaskInstance: ETL_airflare_data.load scheduled__2025-07-07T12:00:00+00:00 map_index=6 [running]> on host e6a32b72ede0
[2025-07-09T11:25:16.579+0000] {taskinstance.py:2648} INFO - Exporting env vars: AIRFLOW_CTX_DAG_OWNER='***' AIRFLOW_CTX_DAG_ID='ETL_airflare_data' AIRFLOW_CTX_TASK_ID='load' AIRFLOW_CTX_EXECUTION_DATE='2025-07-07T12:00:00+00:00' AIRFLOW_CTX_TRY_NUMBER='1' AIRFLOW_CTX_DAG_RUN_ID='scheduled__2025-07-07T12:00:00+00:00'
[2025-07-09T11:25:16.583+0000] {taskinstance.py:430} INFO - ::endgroup::
[2025-07-09T11:25:16.584+0000] {Untitled-1.py:70} INFO - Создание подключения к S3
[2025-07-09T11:25:16.601+0000] {base.py:84} INFO - Using connection ID 'minio' for task execution.
[2025-07-09T11:25:16.604+0000] {connection_wrapper.py:384} INFO - AWS Connection (conn_id='minio', conn_type='aws') credentials retrieved from login and password.
[2025-07-09T11:25:17.227+0000] {Untitled-1.py:77} INFO - Подключение установлено
[2025-07-09T11:25:17.228+0000] {Untitled-1.py:81} INFO - Подключение установлено, загрузка данных из S3
[2025-07-09T11:25:17.483+0000] {Untitled-1.py:87} INFO - Данные выгружены из S3
[2025-07-09T11:25:17.484+0000] {Untitled-1.py:181} INFO - Данные получены из хранилища, начат процесс отправки в БД
[2025-07-09T11:25:17.499+0000] {base.py:84} INFO - Using connection ID 'postgres_airfare' for task execution.
[2025-07-09T11:25:17.505+0000] {Untitled-1.py:189} INFO - Проверяю подключение к postgres
[2025-07-09T11:25:17.520+0000] {base.py:84} INFO - Using connection ID 'postgres_airfare' for task execution.
[2025-07-09T11:25:17.541+0000] {logging_mixin.py:188} INFO - Соединение с PostgreSQL успешно. Результат запроса: (1,)
[2025-07-09T11:25:17.543+0000] {Untitled-1.py:203} INFO - Размер DataFrame: (213, 10)
[2025-07-09T11:25:17.545+0000] {Untitled-1.py:205} INFO - Типы данных:
depart_date           object
origin                object
destination           object
trip_class             int64
value                  int64
gate                  object
duration               int64
distance               int64
number_of_changes      int64
date_of_extraction    object
dtype: object
[2025-07-09T11:25:17.598+0000] {Untitled-1.py:213} INFO - процесс ETL успешно завершен, данные загружены в БД
[2025-07-09T11:25:17.599+0000] {python.py:237} INFO - Done. Returned value was: None
[2025-07-09T11:25:17.603+0000] {taskinstance.py:441} INFO - ::group::Post task execution logs
[2025-07-09T11:25:17.619+0000] {taskinstance.py:1206} INFO - Marking task as SUCCESS. dag_id=ETL_airflare_data, task_id=load, run_id=scheduled__2025-07-07T12:00:00+00:00, map_index=6, execution_date=20250707T120000, start_date=20250709T112516, end_date=20250709T112517
[2025-07-09T11:25:17.709+0000] {local_task_job_runner.py:240} INFO - Task exited with return code 0
[2025-07-09T11:25:17.745+0000] {taskinstance.py:3503} INFO - 0 downstream tasks scheduled from follow-on schedule check
[2025-07-09T11:25:17.761+0000] {local_task_job_runner.py:222} INFO - ::endgroup::
[2025-07-09T11:29:14.011+0000] {local_task_job_runner.py:120} INFO - ::group::Pre task execution logs
[2025-07-09T11:29:14.064+0000] {taskinstance.py:2076} INFO - Dependencies all met for dep_context=non-requeueable deps ti=<TaskInstance: ETL_airflare_data.load scheduled__2025-07-07T12:00:00+00:00 map_index=6 [queued]>
[2025-07-09T11:29:14.089+0000] {taskinstance.py:2076} INFO - Dependencies all met for dep_context=requeueable deps ti=<TaskInstance: ETL_airflare_data.load scheduled__2025-07-07T12:00:00+00:00 map_index=6 [queued]>
[2025-07-09T11:29:14.090+0000] {taskinstance.py:2306} INFO - Starting attempt 1 of 3
[2025-07-09T11:29:14.110+0000] {taskinstance.py:2330} INFO - Executing <Mapped(_PythonDecoratedOperator): load> on 2025-07-07 12:00:00+00:00
[2025-07-09T11:29:14.133+0000] {warnings.py:112} WARNING - /home/***/.local/lib/python3.12/site-packages/***/task/task_runner/standard_task_runner.py:61: DeprecationWarning: This process (pid=22242) is multi-threaded, use of fork() may lead to deadlocks in the child.
  pid = os.fork()

[2025-07-09T11:29:14.139+0000] {standard_task_runner.py:63} INFO - Started process 22281 to run task
[2025-07-09T11:29:14.139+0000] {standard_task_runner.py:90} INFO - Running: ['***', 'tasks', 'run', 'ETL_airflare_data', 'load', 'scheduled__2025-07-07T12:00:00+00:00', '--job-id', '3490', '--raw', '--subdir', 'DAGS_FOLDER/Untitled-1.py', '--cfg-path', '/tmp/tmpdlbbeggi', '--map-index', '6']
[2025-07-09T11:29:14.142+0000] {standard_task_runner.py:91} INFO - Job 3490: Subtask load
[2025-07-09T11:29:14.346+0000] {task_command.py:426} INFO - Running <TaskInstance: ETL_airflare_data.load scheduled__2025-07-07T12:00:00+00:00 map_index=6 [running]> on host e6a32b72ede0
[2025-07-09T11:29:14.600+0000] {taskinstance.py:2648} INFO - Exporting env vars: AIRFLOW_CTX_DAG_OWNER='***' AIRFLOW_CTX_DAG_ID='ETL_airflare_data' AIRFLOW_CTX_TASK_ID='load' AIRFLOW_CTX_EXECUTION_DATE='2025-07-07T12:00:00+00:00' AIRFLOW_CTX_TRY_NUMBER='1' AIRFLOW_CTX_DAG_RUN_ID='scheduled__2025-07-07T12:00:00+00:00'
[2025-07-09T11:29:14.602+0000] {taskinstance.py:430} INFO - ::endgroup::
[2025-07-09T11:29:14.603+0000] {Untitled-1.py:70} INFO - Создание подключения к S3
[2025-07-09T11:29:14.647+0000] {base.py:84} INFO - Using connection ID 'minio' for task execution.
[2025-07-09T11:29:14.651+0000] {connection_wrapper.py:384} INFO - AWS Connection (conn_id='minio', conn_type='aws') credentials retrieved from login and password.
[2025-07-09T11:29:15.407+0000] {Untitled-1.py:77} INFO - Подключение установлено
[2025-07-09T11:29:15.407+0000] {Untitled-1.py:81} INFO - Подключение установлено, загрузка данных из S3
[2025-07-09T11:29:15.676+0000] {Untitled-1.py:87} INFO - Данные выгружены из S3
[2025-07-09T11:29:15.680+0000] {Untitled-1.py:181} INFO - Данные получены из хранилища, начат процесс отправки в БД
[2025-07-09T11:29:15.703+0000] {base.py:84} INFO - Using connection ID 'postgres_airfare' for task execution.
[2025-07-09T11:29:15.707+0000] {Untitled-1.py:189} INFO - Проверяю подключение к postgres
[2025-07-09T11:29:15.716+0000] {base.py:84} INFO - Using connection ID 'postgres_airfare' for task execution.
[2025-07-09T11:29:15.726+0000] {logging_mixin.py:188} INFO - Соединение с PostgreSQL успешно. Результат запроса: (1,)
[2025-07-09T11:29:15.728+0000] {Untitled-1.py:203} INFO - Размер DataFrame: (213, 10)
[2025-07-09T11:29:15.732+0000] {Untitled-1.py:205} INFO - Типы данных:
depart_date           object
origin                object
destination           object
trip_class             int64
value                  int64
gate                  object
duration               int64
distance               int64
number_of_changes      int64
date_of_extraction    object
dtype: object
[2025-07-09T11:29:15.780+0000] {Untitled-1.py:213} INFO - процесс ETL успешно завершен, данные загружены в БД
[2025-07-09T11:29:15.786+0000] {python.py:237} INFO - Done. Returned value was: None
[2025-07-09T11:29:15.789+0000] {taskinstance.py:441} INFO - ::group::Post task execution logs
[2025-07-09T11:29:15.810+0000] {taskinstance.py:1206} INFO - Marking task as SUCCESS. dag_id=ETL_airflare_data, task_id=load, run_id=scheduled__2025-07-07T12:00:00+00:00, map_index=6, execution_date=20250707T120000, start_date=20250709T112914, end_date=20250709T112915
[2025-07-09T11:29:15.947+0000] {local_task_job_runner.py:240} INFO - Task exited with return code 0
[2025-07-09T11:29:15.962+0000] {local_task_job_runner.py:222} INFO - ::endgroup::
