[2025-07-07T05:39:25.875+0000] {local_task_job_runner.py:120} INFO - ::group::Pre task execution logs
[2025-07-07T05:39:25.890+0000] {taskinstance.py:2076} INFO - Dependencies all met for dep_context=non-requeueable deps ti=<TaskInstance: ETL_airflare_data.extract scheduled__2025-07-05T12:00:00+00:00 [queued]>
[2025-07-07T05:39:25.895+0000] {taskinstance.py:2076} INFO - Dependencies all met for dep_context=requeueable deps ti=<TaskInstance: ETL_airflare_data.extract scheduled__2025-07-05T12:00:00+00:00 [queued]>
[2025-07-07T05:39:25.895+0000] {taskinstance.py:2306} INFO - Starting attempt 1 of 3
[2025-07-07T05:39:25.905+0000] {taskinstance.py:2330} INFO - Executing <Task(PythonOperator): extract> on 2025-07-05 12:00:00+00:00
[2025-07-07T05:39:25.913+0000] {warnings.py:112} WARNING - /home/***/.local/lib/python3.12/site-packages/***/task/task_runner/standard_task_runner.py:61: DeprecationWarning: This process (pid=149) is multi-threaded, use of fork() may lead to deadlocks in the child.
  pid = os.fork()

[2025-07-07T05:39:25.915+0000] {standard_task_runner.py:63} INFO - Started process 153 to run task
[2025-07-07T05:39:25.915+0000] {standard_task_runner.py:90} INFO - Running: ['***', 'tasks', 'run', 'ETL_airflare_data', 'extract', 'scheduled__2025-07-05T12:00:00+00:00', '--job-id', '7', '--raw', '--subdir', 'DAGS_FOLDER/airflare_dag.py', '--cfg-path', '/tmp/tmpvxcgit12']
[2025-07-07T05:39:25.917+0000] {standard_task_runner.py:91} INFO - Job 7: Subtask extract
[2025-07-07T05:39:25.974+0000] {task_command.py:426} INFO - Running <TaskInstance: ETL_airflare_data.extract scheduled__2025-07-05T12:00:00+00:00 [running]> on host 8eb563cea954
[2025-07-07T05:39:26.043+0000] {taskinstance.py:2648} INFO - Exporting env vars: AIRFLOW_CTX_DAG_OWNER='***' AIRFLOW_CTX_DAG_ID='ETL_airflare_data' AIRFLOW_CTX_TASK_ID='extract' AIRFLOW_CTX_EXECUTION_DATE='2025-07-05T12:00:00+00:00' AIRFLOW_CTX_TRY_NUMBER='1' AIRFLOW_CTX_DAG_RUN_ID='scheduled__2025-07-05T12:00:00+00:00'
[2025-07-07T05:39:26.044+0000] {taskinstance.py:430} INFO - ::endgroup::
[2025-07-07T05:39:27.018+0000] {taskinstance.py:441} INFO - ::group::Post task execution logs
[2025-07-07T05:39:27.019+0000] {taskinstance.py:2905} ERROR - Task failed with exception
Traceback (most recent call last):
  File "/home/airflow/.local/lib/python3.12/site-packages/airflow/models/taskinstance.py", line 465, in _execute_task
    result = _execute_callable(context=context, **execute_callable_kwargs)
             ^^^^^^^^^^^^^^^^^^^^^^^^^^^^^^^^^^^^^^^^^^^^^^^^^^^^^^^^^^^^^
  File "/home/airflow/.local/lib/python3.12/site-packages/airflow/models/taskinstance.py", line 432, in _execute_callable
    return execute_callable(context=context, **execute_callable_kwargs)
           ^^^^^^^^^^^^^^^^^^^^^^^^^^^^^^^^^^^^^^^^^^^^^^^^^^^^^^^^^^^^
  File "/home/airflow/.local/lib/python3.12/site-packages/airflow/models/baseoperator.py", line 401, in wrapper
    return func(self, *args, **kwargs)
           ^^^^^^^^^^^^^^^^^^^^^^^^^^^
  File "/home/airflow/.local/lib/python3.12/site-packages/airflow/operators/python.py", line 235, in execute
    return_value = self.execute_callable()
                   ^^^^^^^^^^^^^^^^^^^^^^^
  File "/home/airflow/.local/lib/python3.12/site-packages/airflow/operators/python.py", line 252, in execute_callable
    return self.python_callable(*self.op_args, **self.op_kwargs)
           ^^^^^^^^^^^^^^^^^^^^^^^^^^^^^^^^^^^^^^^^^^^^^^^^^^^^^
  File "/opt/airflow/dags/airflare_dag.py", line 29, in extract
    df.to_json(path)
  File "/home/airflow/.local/lib/python3.12/site-packages/pandas/core/generic.py", line 2629, in to_json
    return json.to_json(
           ^^^^^^^^^^^^^
  File "/home/airflow/.local/lib/python3.12/site-packages/pandas/io/json/_json.py", line 212, in to_json
    with get_handle(
         ^^^^^^^^^^^
  File "/home/airflow/.local/lib/python3.12/site-packages/pandas/io/common.py", line 739, in get_handle
    check_parent_directory(str(handle))
  File "/home/airflow/.local/lib/python3.12/site-packages/pandas/io/common.py", line 604, in check_parent_directory
    raise OSError(rf"Cannot save file into a non-existent directory: '{parent}'")
OSError: Cannot save file into a non-existent directory: 'D:/project/simple_airfare/simple_airfare/temp'
[2025-07-07T05:39:27.032+0000] {taskinstance.py:1206} INFO - Marking task as UP_FOR_RETRY. dag_id=ETL_airflare_data, task_id=extract, run_id=scheduled__2025-07-05T12:00:00+00:00, execution_date=20250705T120000, start_date=20250707T053925, end_date=20250707T053927
[2025-07-07T05:39:27.044+0000] {standard_task_runner.py:110} ERROR - Failed to execute job 7 for task extract (Cannot save file into a non-existent directory: 'D:/project/simple_airfare/simple_airfare/temp'; 153)
[2025-07-07T05:39:27.092+0000] {local_task_job_runner.py:240} INFO - Task exited with return code 1
[2025-07-07T05:39:27.111+0000] {taskinstance.py:3503} INFO - 0 downstream tasks scheduled from follow-on schedule check
[2025-07-07T05:39:27.112+0000] {local_task_job_runner.py:222} INFO - ::endgroup::
[2025-07-07T10:38:22.771+0000] {local_task_job_runner.py:120} INFO - ::group::Pre task execution logs
[2025-07-07T10:38:22.786+0000] {taskinstance.py:2076} INFO - Dependencies all met for dep_context=non-requeueable deps ti=<TaskInstance: ETL_airflare_data.extract scheduled__2025-07-05T12:00:00+00:00 [queued]>
[2025-07-07T10:38:22.791+0000] {taskinstance.py:2076} INFO - Dependencies all met for dep_context=requeueable deps ti=<TaskInstance: ETL_airflare_data.extract scheduled__2025-07-05T12:00:00+00:00 [queued]>
[2025-07-07T10:38:22.792+0000] {taskinstance.py:2306} INFO - Starting attempt 1 of 3
[2025-07-07T10:38:22.802+0000] {taskinstance.py:2330} INFO - Executing <Task(PythonOperator): extract> on 2025-07-05 12:00:00+00:00
[2025-07-07T10:38:22.813+0000] {warnings.py:112} WARNING - /home/***/.local/lib/python3.12/site-packages/***/task/task_runner/standard_task_runner.py:61: DeprecationWarning: This process (pid=2189) is multi-threaded, use of fork() may lead to deadlocks in the child.
  pid = os.fork()

[2025-07-07T10:38:22.815+0000] {standard_task_runner.py:63} INFO - Started process 2194 to run task
[2025-07-07T10:38:22.814+0000] {standard_task_runner.py:90} INFO - Running: ['***', 'tasks', 'run', 'ETL_airflare_data', 'extract', 'scheduled__2025-07-05T12:00:00+00:00', '--job-id', '222', '--raw', '--subdir', 'DAGS_FOLDER/Untitled-1.py', '--cfg-path', '/tmp/tmpqlnxm6qa']
[2025-07-07T10:38:22.817+0000] {standard_task_runner.py:91} INFO - Job 222: Subtask extract
[2025-07-07T10:38:22.875+0000] {task_command.py:426} INFO - Running <TaskInstance: ETL_airflare_data.extract scheduled__2025-07-05T12:00:00+00:00 [running]> on host e6a32b72ede0
[2025-07-07T10:38:22.946+0000] {taskinstance.py:2648} INFO - Exporting env vars: AIRFLOW_CTX_DAG_OWNER='***' AIRFLOW_CTX_DAG_ID='ETL_airflare_data' AIRFLOW_CTX_TASK_ID='extract' AIRFLOW_CTX_EXECUTION_DATE='2025-07-05T12:00:00+00:00' AIRFLOW_CTX_TRY_NUMBER='1' AIRFLOW_CTX_DAG_RUN_ID='scheduled__2025-07-05T12:00:00+00:00'
[2025-07-07T10:38:22.947+0000] {taskinstance.py:430} INFO - ::endgroup::
[2025-07-07T10:38:22.958+0000] {Untitled-1.py:84} INFO - Начало извлечения данных
[2025-07-07T10:38:23.867+0000] {Untitled-1.py:21} INFO - Создание подключения к S3
[2025-07-07T10:38:23.868+0000] {Untitled-1.py:26} INFO - Подключение установлено
[2025-07-07T10:38:23.877+0000] {base.py:84} INFO - Using connection ID 'minio' for task execution.
[2025-07-07T10:38:23.877+0000] {connection_wrapper.py:384} INFO - AWS Connection (conn_id='minio', conn_type='aws') credentials retrieved from login and password.
[2025-07-07T10:38:24.199+0000] {Untitled-1.py:32} INFO - Загрузка данных в S3
[2025-07-07T10:38:24.443+0000] {Untitled-1.py:41} INFO - Загрузка завершена успешно
[2025-07-07T10:38:24.444+0000] {Untitled-1.py:95} INFO - Данные успешно сохранены во временное хранилище
[2025-07-07T10:38:24.455+0000] {Untitled-1.py:100} INFO - Данные успешно извлечены и переданы в Xcom
[2025-07-07T10:38:24.457+0000] {python.py:237} INFO - Done. Returned value was: None
[2025-07-07T10:38:24.458+0000] {taskinstance.py:441} INFO - ::group::Post task execution logs
[2025-07-07T10:38:24.466+0000] {taskinstance.py:1206} INFO - Marking task as SUCCESS. dag_id=ETL_airflare_data, task_id=extract, run_id=scheduled__2025-07-05T12:00:00+00:00, execution_date=20250705T120000, start_date=20250707T103822, end_date=20250707T103824
[2025-07-07T10:38:24.513+0000] {local_task_job_runner.py:240} INFO - Task exited with return code 0
[2025-07-07T10:38:24.534+0000] {taskinstance.py:3503} INFO - 1 downstream tasks scheduled from follow-on schedule check
[2025-07-07T10:38:24.536+0000] {local_task_job_runner.py:222} INFO - ::endgroup::
