[2025-07-09T08:23:54.924+0000] {local_task_job_runner.py:120} INFO - ::group::Pre task execution logs
[2025-07-09T08:23:54.961+0000] {taskinstance.py:2076} INFO - Dependencies all met for dep_context=non-requeueable deps ti=<TaskInstance: ETL_airflare_data.transform manual__2025-07-09T08:23:44.067884+00:00 map_index=6 [queued]>
[2025-07-09T08:23:54.976+0000] {taskinstance.py:2076} INFO - Dependencies all met for dep_context=requeueable deps ti=<TaskInstance: ETL_airflare_data.transform manual__2025-07-09T08:23:44.067884+00:00 map_index=6 [queued]>
[2025-07-09T08:23:54.977+0000] {taskinstance.py:2306} INFO - Starting attempt 1 of 3
[2025-07-09T08:23:55.005+0000] {taskinstance.py:2330} INFO - Executing <Mapped(_PythonDecoratedOperator): transform> on 2025-07-09 08:23:44.067884+00:00
[2025-07-09T08:23:55.021+0000] {warnings.py:112} WARNING - /home/***/.local/lib/python3.12/site-packages/***/task/task_runner/standard_task_runner.py:61: DeprecationWarning: This process (pid=7961) is multi-threaded, use of fork() may lead to deadlocks in the child.
  pid = os.fork()

[2025-07-09T08:23:55.024+0000] {standard_task_runner.py:63} INFO - Started process 8004 to run task
[2025-07-09T08:23:55.023+0000] {standard_task_runner.py:90} INFO - Running: ['***', 'tasks', 'run', 'ETL_airflare_data', 'transform', 'manual__2025-07-09T08:23:44.067884+00:00', '--job-id', '716', '--raw', '--subdir', 'DAGS_FOLDER/Untitled-1.py', '--cfg-path', '/tmp/tmp6rr0cb4y', '--map-index', '6']
[2025-07-09T08:23:55.026+0000] {standard_task_runner.py:91} INFO - Job 716: Subtask transform
[2025-07-09T08:23:55.138+0000] {task_command.py:426} INFO - Running <TaskInstance: ETL_airflare_data.transform manual__2025-07-09T08:23:44.067884+00:00 map_index=6 [running]> on host e6a32b72ede0
[2025-07-09T08:23:55.382+0000] {taskinstance.py:2648} INFO - Exporting env vars: AIRFLOW_CTX_DAG_OWNER='***' AIRFLOW_CTX_DAG_ID='ETL_airflare_data' AIRFLOW_CTX_TASK_ID='transform' AIRFLOW_CTX_EXECUTION_DATE='2025-07-09T08:23:44.067884+00:00' AIRFLOW_CTX_TRY_NUMBER='1' AIRFLOW_CTX_DAG_RUN_ID='manual__2025-07-09T08:23:44.067884+00:00'
[2025-07-09T08:23:55.387+0000] {taskinstance.py:430} INFO - ::endgroup::
[2025-07-09T08:23:55.390+0000] {Untitled-1.py:160} INFO - Данные приняты из Xcom, начат процесс очистки
[2025-07-09T08:23:55.396+0000] {Untitled-1.py:92} INFO - Создание подключения к S3
[2025-07-09T08:23:55.399+0000] {Untitled-1.py:96} INFO - Подключение установлено, загрузка данных из S3
[2025-07-09T08:23:55.447+0000] {base.py:84} INFO - Using connection ID 'minio' for task execution.
[2025-07-09T08:23:55.448+0000] {connection_wrapper.py:384} INFO - AWS Connection (conn_id='minio', conn_type='aws') credentials retrieved from login and password.
[2025-07-09T08:23:55.678+0000] {Untitled-1.py:102} INFO - Данные выгружены из S3
[2025-07-09T08:23:55.689+0000] {Untitled-1.py:169} INFO - Преобразование завершено, начинается передача DF в S3
[2025-07-09T08:23:55.698+0000] {Untitled-1.py:62} INFO - Создание подключения к S3
[2025-07-09T08:23:55.699+0000] {Untitled-1.py:65} INFO - Подключение установлено
[2025-07-09T08:23:55.725+0000] {base.py:84} INFO - Using connection ID 'minio' for task execution.
[2025-07-09T08:23:55.728+0000] {connection_wrapper.py:384} INFO - AWS Connection (conn_id='minio', conn_type='aws') credentials retrieved from login and password.
[2025-07-09T08:23:56.339+0000] {Untitled-1.py:71} INFO - Загрузка данных в S3
[2025-07-09T08:23:56.572+0000] {Untitled-1.py:82} INFO - Загрузка завершена успешно
[2025-07-09T08:23:56.572+0000] {Untitled-1.py:177} INFO - Данные успешно сохранены в S3, передаю их в Xcom
[2025-07-09T08:23:56.573+0000] {Untitled-1.py:179} INFO - данные успешно очищены и записаны в хранилище
[2025-07-09T08:23:56.574+0000] {python.py:237} INFO - Done. Returned value was: {'path': {'bucket': 'airflare', 'key': 'temp/df_IKT_LED.json'}, 'rout': {'origin': 'IKT', 'destination': 'LED', 'bd': 'Иркутск_Санкт_Петербург_outbound'}}
[2025-07-09T08:23:56.574+0000] {taskinstance.py:441} INFO - ::group::Post task execution logs
[2025-07-09T08:23:56.601+0000] {taskinstance.py:1206} INFO - Marking task as SUCCESS. dag_id=ETL_airflare_data, task_id=transform, run_id=manual__2025-07-09T08:23:44.067884+00:00, map_index=6, execution_date=20250709T082344, start_date=20250709T082354, end_date=20250709T082356
[2025-07-09T08:23:56.708+0000] {local_task_job_runner.py:240} INFO - Task exited with return code 0
[2025-07-09T08:23:56.742+0000] {taskinstance.py:3503} INFO - 0 downstream tasks scheduled from follow-on schedule check
[2025-07-09T08:23:56.744+0000] {local_task_job_runner.py:222} INFO - ::endgroup::
