[2025-07-09T08:23:46.326+0000] {local_task_job_runner.py:120} INFO - ::group::Pre task execution logs
[2025-07-09T08:23:46.365+0000] {taskinstance.py:2076} INFO - Dependencies all met for dep_context=non-requeueable deps ti=<TaskInstance: ETL_airflare_data.extract manual__2025-07-09T08:23:44.067884+00:00 map_index=11 [queued]>
[2025-07-09T08:23:46.377+0000] {taskinstance.py:2076} INFO - Dependencies all met for dep_context=requeueable deps ti=<TaskInstance: ETL_airflare_data.extract manual__2025-07-09T08:23:44.067884+00:00 map_index=11 [queued]>
[2025-07-09T08:23:46.378+0000] {taskinstance.py:2306} INFO - Starting attempt 1 of 3
[2025-07-09T08:23:46.402+0000] {taskinstance.py:2330} INFO - Executing <Mapped(_PythonDecoratedOperator): extract> on 2025-07-09 08:23:44.067884+00:00
[2025-07-09T08:23:46.424+0000] {warnings.py:112} WARNING - /home/***/.local/lib/python3.12/site-packages/***/task/task_runner/standard_task_runner.py:61: DeprecationWarning: This process (pid=7807) is multi-threaded, use of fork() may lead to deadlocks in the child.
  pid = os.fork()

[2025-07-09T08:23:46.427+0000] {standard_task_runner.py:63} INFO - Started process 7836 to run task
[2025-07-09T08:23:46.428+0000] {standard_task_runner.py:90} INFO - Running: ['***', 'tasks', 'run', 'ETL_airflare_data', 'extract', 'manual__2025-07-09T08:23:44.067884+00:00', '--job-id', '684', '--raw', '--subdir', 'DAGS_FOLDER/Untitled-1.py', '--cfg-path', '/tmp/tmpb5xpyzx6', '--map-index', '11']
[2025-07-09T08:23:46.429+0000] {standard_task_runner.py:91} INFO - Job 684: Subtask extract
[2025-07-09T08:23:46.571+0000] {task_command.py:426} INFO - Running <TaskInstance: ETL_airflare_data.extract manual__2025-07-09T08:23:44.067884+00:00 map_index=11 [running]> on host e6a32b72ede0
[2025-07-09T08:23:46.847+0000] {taskinstance.py:2648} INFO - Exporting env vars: AIRFLOW_CTX_DAG_OWNER='***' AIRFLOW_CTX_DAG_ID='ETL_airflare_data' AIRFLOW_CTX_TASK_ID='extract' AIRFLOW_CTX_EXECUTION_DATE='2025-07-09T08:23:44.067884+00:00' AIRFLOW_CTX_TRY_NUMBER='1' AIRFLOW_CTX_DAG_RUN_ID='manual__2025-07-09T08:23:44.067884+00:00'
[2025-07-09T08:23:46.850+0000] {taskinstance.py:430} INFO - ::endgroup::
[2025-07-09T08:23:46.851+0000] {Untitled-1.py:137} INFO - Начало извлечения данных для направления MLE-IKT
[2025-07-09T08:23:47.344+0000] {Untitled-1.py:62} INFO - Создание подключения к S3
[2025-07-09T08:23:47.345+0000] {Untitled-1.py:65} INFO - Подключение установлено
[2025-07-09T08:23:47.355+0000] {base.py:84} INFO - Using connection ID 'minio' for task execution.
[2025-07-09T08:23:47.356+0000] {connection_wrapper.py:384} INFO - AWS Connection (conn_id='minio', conn_type='aws') credentials retrieved from login and password.
[2025-07-09T08:23:47.922+0000] {Untitled-1.py:71} INFO - Загрузка данных в S3
[2025-07-09T08:23:48.222+0000] {Untitled-1.py:82} INFO - Загрузка завершена успешно
[2025-07-09T08:23:48.223+0000] {Untitled-1.py:150} INFO - Данные успешно сохранены во временное хранилище
[2025-07-09T08:23:48.223+0000] {Untitled-1.py:151} INFO - Данные успешно извлечены и переданы в Xcom
[2025-07-09T08:23:48.225+0000] {python.py:237} INFO - Done. Returned value was: {'path': {'bucket': 'airflare', 'key': 'temp/response_MLE_IKT.json'}, 'rout': {'origin': 'MLE', 'destination': 'IKT', 'bd': 'Мале_Иркутск_return'}}
[2025-07-09T08:23:48.225+0000] {taskinstance.py:441} INFO - ::group::Post task execution logs
[2025-07-09T08:23:48.249+0000] {taskinstance.py:1206} INFO - Marking task as SUCCESS. dag_id=ETL_airflare_data, task_id=extract, run_id=manual__2025-07-09T08:23:44.067884+00:00, map_index=11, execution_date=20250709T082344, start_date=20250709T082346, end_date=20250709T082348
[2025-07-09T08:23:48.304+0000] {local_task_job_runner.py:240} INFO - Task exited with return code 0
[2025-07-09T08:23:48.336+0000] {taskinstance.py:3503} INFO - 0 downstream tasks scheduled from follow-on schedule check
[2025-07-09T08:23:48.338+0000] {local_task_job_runner.py:222} INFO - ::endgroup::
