[2025-07-07T10:19:37.678+0000] {local_task_job_runner.py:120} INFO - ::group::Pre task execution logs
[2025-07-07T10:19:37.691+0000] {taskinstance.py:2076} INFO - Dependencies all met for dep_context=non-requeueable deps ti=<TaskInstance: ETL_airflare_data.extract manual__2025-07-07T10:19:36.630275+00:00 [queued]>
[2025-07-07T10:19:37.696+0000] {taskinstance.py:2076} INFO - Dependencies all met for dep_context=requeueable deps ti=<TaskInstance: ETL_airflare_data.extract manual__2025-07-07T10:19:36.630275+00:00 [queued]>
[2025-07-07T10:19:37.696+0000] {taskinstance.py:2306} INFO - Starting attempt 1 of 3
[2025-07-07T10:19:37.706+0000] {taskinstance.py:2330} INFO - Executing <Task(PythonOperator): extract> on 2025-07-07 10:19:36.630275+00:00
[2025-07-07T10:19:37.714+0000] {warnings.py:112} WARNING - /home/***/.local/lib/python3.12/site-packages/***/task/task_runner/standard_task_runner.py:61: DeprecationWarning: This process (pid=1889) is multi-threaded, use of fork() may lead to deadlocks in the child.
  pid = os.fork()

[2025-07-07T10:19:37.716+0000] {standard_task_runner.py:63} INFO - Started process 1891 to run task
[2025-07-07T10:19:37.715+0000] {standard_task_runner.py:90} INFO - Running: ['***', 'tasks', 'run', 'ETL_airflare_data', 'extract', 'manual__2025-07-07T10:19:36.630275+00:00', '--job-id', '207', '--raw', '--subdir', 'DAGS_FOLDER/Untitled-1.py', '--cfg-path', '/tmp/tmpci2pjlqz']
[2025-07-07T10:19:37.718+0000] {standard_task_runner.py:91} INFO - Job 207: Subtask extract
[2025-07-07T10:19:37.767+0000] {task_command.py:426} INFO - Running <TaskInstance: ETL_airflare_data.extract manual__2025-07-07T10:19:36.630275+00:00 [running]> on host e6a32b72ede0
[2025-07-07T10:19:37.843+0000] {taskinstance.py:2648} INFO - Exporting env vars: AIRFLOW_CTX_DAG_OWNER='***' AIRFLOW_CTX_DAG_ID='ETL_airflare_data' AIRFLOW_CTX_TASK_ID='extract' AIRFLOW_CTX_EXECUTION_DATE='2025-07-07T10:19:36.630275+00:00' AIRFLOW_CTX_TRY_NUMBER='1' AIRFLOW_CTX_DAG_RUN_ID='manual__2025-07-07T10:19:36.630275+00:00'
[2025-07-07T10:19:37.844+0000] {taskinstance.py:430} INFO - ::endgroup::
[2025-07-07T10:19:37.860+0000] {Untitled-1.py:82} INFO - Начало извлечения данных
[2025-07-07T10:19:39.012+0000] {Untitled-1.py:19} INFO - Создание подключения к S3
[2025-07-07T10:19:39.013+0000] {Untitled-1.py:24} INFO - Подключение установлено
[2025-07-07T10:19:39.021+0000] {base.py:84} INFO - Using connection ID 'minio' for task execution.
[2025-07-07T10:19:39.022+0000] {connection_wrapper.py:384} INFO - AWS Connection (conn_id='minio', conn_type='aws') credentials retrieved from login and password.
[2025-07-07T10:19:39.422+0000] {Untitled-1.py:30} INFO - Загрузка данных в S3
[2025-07-07T10:19:39.422+0000] {taskinstance.py:441} INFO - ::group::Post task execution logs
[2025-07-07T10:19:39.423+0000] {taskinstance.py:2905} ERROR - Task failed with exception
Traceback (most recent call last):
  File "/home/airflow/.local/lib/python3.12/site-packages/airflow/models/taskinstance.py", line 465, in _execute_task
    result = _execute_callable(context=context, **execute_callable_kwargs)
             ^^^^^^^^^^^^^^^^^^^^^^^^^^^^^^^^^^^^^^^^^^^^^^^^^^^^^^^^^^^^^
  File "/home/airflow/.local/lib/python3.12/site-packages/airflow/models/taskinstance.py", line 432, in _execute_callable
    return execute_callable(context=context, **execute_callable_kwargs)
           ^^^^^^^^^^^^^^^^^^^^^^^^^^^^^^^^^^^^^^^^^^^^^^^^^^^^^^^^^^^^
  File "/home/airflow/.local/lib/python3.12/site-packages/airflow/models/baseoperator.py", line 401, in wrapper
    return func(self, *args, **kwargs)
           ^^^^^^^^^^^^^^^^^^^^^^^^^^^
  File "/home/airflow/.local/lib/python3.12/site-packages/airflow/operators/python.py", line 235, in execute
    return_value = self.execute_callable()
                   ^^^^^^^^^^^^^^^^^^^^^^^
  File "/home/airflow/.local/lib/python3.12/site-packages/airflow/operators/python.py", line 252, in execute_callable
    return self.python_callable(*self.op_args, **self.op_kwargs)
           ^^^^^^^^^^^^^^^^^^^^^^^^^^^^^^^^^^^^^^^^^^^^^^^^^^^^^
  File "/opt/airflow/dags/Untitled-1.py", line 90, in extract
    path = upload_to_s3(response.json(), key='temp/response.json')
           ^^^^^^^^^^^^^^^^^^^^^^^^^^^^^^^^^^^^^^^^^^^^^^^^^^^^^^^
  File "/opt/airflow/dags/Untitled-1.py", line 32, in upload_to_s3
    hook.load_string(  # Загружает строку в S3
  File "/home/airflow/.local/lib/python3.12/site-packages/airflow/providers/amazon/aws/hooks/s3.py", line 135, in wrapper
    return func(*bound_args.args, **bound_args.kwargs)
           ^^^^^^^^^^^^^^^^^^^^^^^^^^^^^^^^^^^^^^^^^^^
  File "/home/airflow/.local/lib/python3.12/site-packages/airflow/providers/amazon/aws/hooks/s3.py", line 89, in wrapper
    return func(*bound_args.args, **bound_args.kwargs)
           ^^^^^^^^^^^^^^^^^^^^^^^^^^^^^^^^^^^^^^^^^^^
  File "/home/airflow/.local/lib/python3.12/site-packages/airflow/providers/amazon/aws/hooks/s3.py", line 1136, in load_string
    bytes_data = string_data.encode(encoding)
                 ^^^^^^^^^^^^^^^^^^
AttributeError: 'dict' object has no attribute 'encode'
[2025-07-07T10:19:39.433+0000] {taskinstance.py:1206} INFO - Marking task as UP_FOR_RETRY. dag_id=ETL_airflare_data, task_id=extract, run_id=manual__2025-07-07T10:19:36.630275+00:00, execution_date=20250707T101936, start_date=20250707T101937, end_date=20250707T101939
[2025-07-07T10:19:39.446+0000] {standard_task_runner.py:110} ERROR - Failed to execute job 207 for task extract ('dict' object has no attribute 'encode'; 1891)
[2025-07-07T10:19:39.494+0000] {local_task_job_runner.py:240} INFO - Task exited with return code 1
[2025-07-07T10:19:39.512+0000] {taskinstance.py:3503} INFO - 0 downstream tasks scheduled from follow-on schedule check
[2025-07-07T10:19:39.514+0000] {local_task_job_runner.py:222} INFO - ::endgroup::
