[2025-07-09T07:58:35.515+0000] {local_task_job_runner.py:120} INFO - ::group::Pre task execution logs
[2025-07-09T07:58:35.555+0000] {taskinstance.py:2076} INFO - Dependencies all met for dep_context=non-requeueable deps ti=<TaskInstance: ETL_airflare_data.load manual__2025-07-09T07:58:17.397989+00:00 map_index=14 [queued]>
[2025-07-09T07:58:35.590+0000] {taskinstance.py:2076} INFO - Dependencies all met for dep_context=requeueable deps ti=<TaskInstance: ETL_airflare_data.load manual__2025-07-09T07:58:17.397989+00:00 map_index=14 [queued]>
[2025-07-09T07:58:35.590+0000] {taskinstance.py:2306} INFO - Starting attempt 1 of 3
[2025-07-09T07:58:35.624+0000] {taskinstance.py:2330} INFO - Executing <Mapped(_PythonDecoratedOperator): load> on 2025-07-09 07:58:17.397989+00:00
[2025-07-09T07:58:35.662+0000] {warnings.py:112} WARNING - /home/***/.local/lib/python3.12/site-packages/***/task/task_runner/standard_task_runner.py:61: DeprecationWarning: This process (pid=7397) is multi-threaded, use of fork() may lead to deadlocks in the child.
  pid = os.fork()

[2025-07-09T07:58:35.664+0000] {standard_task_runner.py:63} INFO - Started process 7436 to run task
[2025-07-09T07:58:35.667+0000] {standard_task_runner.py:90} INFO - Running: ['***', 'tasks', 'run', 'ETL_airflare_data', 'load', 'manual__2025-07-09T07:58:17.397989+00:00', '--job-id', '661', '--raw', '--subdir', 'DAGS_FOLDER/Untitled-1.py', '--cfg-path', '/tmp/tmptmtpgbu_', '--map-index', '14']
[2025-07-09T07:58:35.672+0000] {standard_task_runner.py:91} INFO - Job 661: Subtask load
[2025-07-09T07:58:35.780+0000] {task_command.py:426} INFO - Running <TaskInstance: ETL_airflare_data.load manual__2025-07-09T07:58:17.397989+00:00 map_index=14 [running]> on host e6a32b72ede0
[2025-07-09T07:58:35.947+0000] {taskinstance.py:2648} INFO - Exporting env vars: AIRFLOW_CTX_DAG_OWNER='***' AIRFLOW_CTX_DAG_ID='ETL_airflare_data' AIRFLOW_CTX_TASK_ID='load' AIRFLOW_CTX_EXECUTION_DATE='2025-07-09T07:58:17.397989+00:00' AIRFLOW_CTX_TRY_NUMBER='1' AIRFLOW_CTX_DAG_RUN_ID='manual__2025-07-09T07:58:17.397989+00:00'
[2025-07-09T07:58:35.949+0000] {taskinstance.py:430} INFO - ::endgroup::
[2025-07-09T07:58:35.951+0000] {Untitled-1.py:183} INFO - Данные из Xcom успешно выгружены, начинаю выгружать данные из S3
[2025-07-09T07:58:35.951+0000] {Untitled-1.py:89} INFO - Создание подключения к S3
[2025-07-09T07:58:35.952+0000] {Untitled-1.py:93} INFO - Подключение установлено, загрузка данных из S3
[2025-07-09T07:58:35.975+0000] {base.py:84} INFO - Using connection ID 'minio' for task execution.
[2025-07-09T07:58:35.980+0000] {connection_wrapper.py:384} INFO - AWS Connection (conn_id='minio', conn_type='aws') credentials retrieved from login and password.
[2025-07-09T07:58:36.200+0000] {Untitled-1.py:99} INFO - Данные выгружены из S3
[2025-07-09T07:58:36.210+0000] {Untitled-1.py:193} INFO - Данные получены из хранилища, начат процесс отправки в БД
[2025-07-09T07:58:36.222+0000] {base.py:84} INFO - Using connection ID 'postgres_airfare' for task execution.
[2025-07-09T07:58:36.225+0000] {Untitled-1.py:201} INFO - Размер DataFrame: (184, 9)
[2025-07-09T07:58:36.228+0000] {Untitled-1.py:203} INFO - Типы данных:
depart_date          object
origin               object
destination          object
trip_class            int64
value                 int64
gate                 object
duration              int64
distance              int64
number_of_changes     int64
dtype: object
[2025-07-09T07:58:36.229+0000] {Untitled-1.py:205} INFO - Связь с БД установлена
[2025-07-09T07:58:36.340+0000] {Untitled-1.py:212} INFO - процесс ETL успешно завершен, данные загружены в БД
[2025-07-09T07:58:36.341+0000] {python.py:237} INFO - Done. Returned value was: None
[2025-07-09T07:58:36.343+0000] {taskinstance.py:441} INFO - ::group::Post task execution logs
[2025-07-09T07:58:36.362+0000] {taskinstance.py:1206} INFO - Marking task as SUCCESS. dag_id=ETL_airflare_data, task_id=load, run_id=manual__2025-07-09T07:58:17.397989+00:00, map_index=14, execution_date=20250709T075817, start_date=20250709T075835, end_date=20250709T075836
[2025-07-09T07:58:36.421+0000] {local_task_job_runner.py:240} INFO - Task exited with return code 0
[2025-07-09T07:58:36.435+0000] {local_task_job_runner.py:222} INFO - ::endgroup::
