[2025-07-09T06:22:24.308+0000] {local_task_job_runner.py:120} INFO - ::group::Pre task execution logs
[2025-07-09T06:22:24.324+0000] {taskinstance.py:2076} INFO - Dependencies all met for dep_context=non-requeueable deps ti=<TaskInstance: ETL_airflare_data.transform manual__2025-07-09T06:22:19.401840+00:00 map_index=2 [queued]>
[2025-07-09T06:22:24.330+0000] {taskinstance.py:2076} INFO - Dependencies all met for dep_context=requeueable deps ti=<TaskInstance: ETL_airflare_data.transform manual__2025-07-09T06:22:19.401840+00:00 map_index=2 [queued]>
[2025-07-09T06:22:24.330+0000] {taskinstance.py:2306} INFO - Starting attempt 1 of 3
[2025-07-09T06:22:24.341+0000] {taskinstance.py:2330} INFO - Executing <Mapped(_PythonDecoratedOperator): transform> on 2025-07-09 06:22:19.401840+00:00
[2025-07-09T06:22:24.349+0000] {warnings.py:112} WARNING - /home/***/.local/lib/python3.12/site-packages/***/task/task_runner/standard_task_runner.py:61: DeprecationWarning: This process (pid=5287) is multi-threaded, use of fork() may lead to deadlocks in the child.
  pid = os.fork()

[2025-07-09T06:22:24.351+0000] {standard_task_runner.py:63} INFO - Started process 5295 to run task
[2025-07-09T06:22:24.352+0000] {standard_task_runner.py:90} INFO - Running: ['***', 'tasks', 'run', 'ETL_airflare_data', 'transform', 'manual__2025-07-09T06:22:19.401840+00:00', '--job-id', '450', '--raw', '--subdir', 'DAGS_FOLDER/Untitled-1.py', '--cfg-path', '/tmp/tmphw6ob3l3', '--map-index', '2']
[2025-07-09T06:22:24.353+0000] {standard_task_runner.py:91} INFO - Job 450: Subtask transform
[2025-07-09T06:22:24.406+0000] {task_command.py:426} INFO - Running <TaskInstance: ETL_airflare_data.transform manual__2025-07-09T06:22:19.401840+00:00 map_index=2 [running]> on host e6a32b72ede0
[2025-07-09T06:22:24.496+0000] {taskinstance.py:2648} INFO - Exporting env vars: AIRFLOW_CTX_DAG_OWNER='***' AIRFLOW_CTX_DAG_ID='ETL_airflare_data' AIRFLOW_CTX_TASK_ID='transform' AIRFLOW_CTX_EXECUTION_DATE='2025-07-09T06:22:19.401840+00:00' AIRFLOW_CTX_TRY_NUMBER='1' AIRFLOW_CTX_DAG_RUN_ID='manual__2025-07-09T06:22:19.401840+00:00'
[2025-07-09T06:22:24.497+0000] {taskinstance.py:430} INFO - ::endgroup::
[2025-07-09T06:22:24.497+0000] {Untitled-1.py:136} INFO - Данные приняты из Xcom, начат процесс очистки
[2025-07-09T06:22:24.498+0000] {Untitled-1.py:58} INFO - Создание подключения к S3
[2025-07-09T06:22:24.498+0000] {Untitled-1.py:62} INFO - Подключение установлено, загрузка данных из S3
[2025-07-09T06:22:24.508+0000] {base.py:84} INFO - Using connection ID 'minio' for task execution.
[2025-07-09T06:22:24.508+0000] {connection_wrapper.py:384} INFO - AWS Connection (conn_id='minio', conn_type='aws') credentials retrieved from login and password.
[2025-07-09T06:22:24.627+0000] {Untitled-1.py:68} INFO - Данные выгружены из S3
[2025-07-09T06:22:24.633+0000] {Untitled-1.py:145} INFO - Преобразование завершено, начинается передача DF в S3
[2025-07-09T06:22:24.634+0000] {Untitled-1.py:26} INFO - Создание подключения к S3
[2025-07-09T06:22:24.634+0000] {Untitled-1.py:31} INFO - Подключение установлено
[2025-07-09T06:22:24.641+0000] {base.py:84} INFO - Using connection ID 'minio' for task execution.
[2025-07-09T06:22:24.646+0000] {connection_wrapper.py:384} INFO - AWS Connection (conn_id='minio', conn_type='aws') credentials retrieved from login and password.
[2025-07-09T06:22:24.998+0000] {Untitled-1.py:37} INFO - Загрузка данных в S3
[2025-07-09T06:22:25.158+0000] {Untitled-1.py:48} INFO - Загрузка завершена успешно
[2025-07-09T06:22:25.158+0000] {Untitled-1.py:153} INFO - Данные успешно сохранены в S3, передаю их в Xcom
[2025-07-09T06:22:25.159+0000] {Untitled-1.py:157} INFO - данные успешно очищены и записаны в хранилище
[2025-07-09T06:22:25.159+0000] {python.py:237} INFO - Done. Returned value was: {'bucket': 'airflare', 'key': 'temp/df_IKT_HKT.json'}
[2025-07-09T06:22:25.159+0000] {taskinstance.py:441} INFO - ::group::Post task execution logs
[2025-07-09T06:22:25.178+0000] {taskinstance.py:1206} INFO - Marking task as SUCCESS. dag_id=ETL_airflare_data, task_id=transform, run_id=manual__2025-07-09T06:22:19.401840+00:00, map_index=2, execution_date=20250709T062219, start_date=20250709T062224, end_date=20250709T062225
[2025-07-09T06:22:25.208+0000] {local_task_job_runner.py:240} INFO - Task exited with return code 0
[2025-07-09T06:22:25.228+0000] {taskinstance.py:3503} INFO - 0 downstream tasks scheduled from follow-on schedule check
[2025-07-09T06:22:25.229+0000] {local_task_job_runner.py:222} INFO - ::endgroup::
