[2025-07-07T10:20:36.130+0000] {local_task_job_runner.py:120} INFO - ::group::Pre task execution logs
[2025-07-07T10:20:36.142+0000] {taskinstance.py:2076} INFO - Dependencies all met for dep_context=non-requeueable deps ti=<TaskInstance: ETL_airflare_data.extract manual__2025-07-07T10:20:34.306098+00:00 [queued]>
[2025-07-07T10:20:36.147+0000] {taskinstance.py:2076} INFO - Dependencies all met for dep_context=requeueable deps ti=<TaskInstance: ETL_airflare_data.extract manual__2025-07-07T10:20:34.306098+00:00 [queued]>
[2025-07-07T10:20:36.147+0000] {taskinstance.py:2306} INFO - Starting attempt 1 of 3
[2025-07-07T10:20:36.157+0000] {taskinstance.py:2330} INFO - Executing <Task(PythonOperator): extract> on 2025-07-07 10:20:34.306098+00:00
[2025-07-07T10:20:36.165+0000] {warnings.py:112} WARNING - /home/***/.local/lib/python3.12/site-packages/***/task/task_runner/standard_task_runner.py:61: DeprecationWarning: This process (pid=1899) is multi-threaded, use of fork() may lead to deadlocks in the child.
  pid = os.fork()

[2025-07-07T10:20:36.167+0000] {standard_task_runner.py:63} INFO - Started process 1901 to run task
[2025-07-07T10:20:36.166+0000] {standard_task_runner.py:90} INFO - Running: ['***', 'tasks', 'run', 'ETL_airflare_data', 'extract', 'manual__2025-07-07T10:20:34.306098+00:00', '--job-id', '208', '--raw', '--subdir', 'DAGS_FOLDER/Untitled-1.py', '--cfg-path', '/tmp/tmp5fn4js8v']
[2025-07-07T10:20:36.169+0000] {standard_task_runner.py:91} INFO - Job 208: Subtask extract
[2025-07-07T10:20:36.215+0000] {task_command.py:426} INFO - Running <TaskInstance: ETL_airflare_data.extract manual__2025-07-07T10:20:34.306098+00:00 [running]> on host e6a32b72ede0
[2025-07-07T10:20:36.292+0000] {taskinstance.py:2648} INFO - Exporting env vars: AIRFLOW_CTX_DAG_OWNER='***' AIRFLOW_CTX_DAG_ID='ETL_airflare_data' AIRFLOW_CTX_TASK_ID='extract' AIRFLOW_CTX_EXECUTION_DATE='2025-07-07T10:20:34.306098+00:00' AIRFLOW_CTX_TRY_NUMBER='1' AIRFLOW_CTX_DAG_RUN_ID='manual__2025-07-07T10:20:34.306098+00:00'
[2025-07-07T10:20:36.293+0000] {taskinstance.py:430} INFO - ::endgroup::
[2025-07-07T10:20:36.303+0000] {Untitled-1.py:82} INFO - Начало извлечения данных
[2025-07-07T10:20:37.408+0000] {Untitled-1.py:19} INFO - Создание подключения к S3
[2025-07-07T10:20:37.409+0000] {Untitled-1.py:24} INFO - Подключение установлено
[2025-07-07T10:20:37.417+0000] {base.py:84} INFO - Using connection ID 'minio' for task execution.
[2025-07-07T10:20:37.418+0000] {connection_wrapper.py:384} INFO - AWS Connection (conn_id='minio', conn_type='aws') credentials retrieved from login and password.
[2025-07-07T10:20:37.744+0000] {Untitled-1.py:30} INFO - Загрузка данных в S3
[2025-07-07T10:20:37.891+0000] {Untitled-1.py:39} INFO - Загрузка завершена успешно
[2025-07-07T10:20:37.892+0000] {Untitled-1.py:92} INFO - Данные успешно сохранены во временное хранилище
[2025-07-07T10:20:37.906+0000] {Untitled-1.py:96} INFO - Данные успешно извлечены и переданы в Xcom
[2025-07-07T10:20:37.907+0000] {python.py:237} INFO - Done. Returned value was: None
[2025-07-07T10:20:37.908+0000] {taskinstance.py:441} INFO - ::group::Post task execution logs
[2025-07-07T10:20:37.916+0000] {taskinstance.py:1206} INFO - Marking task as SUCCESS. dag_id=ETL_airflare_data, task_id=extract, run_id=manual__2025-07-07T10:20:34.306098+00:00, execution_date=20250707T102034, start_date=20250707T102036, end_date=20250707T102037
[2025-07-07T10:20:37.945+0000] {local_task_job_runner.py:240} INFO - Task exited with return code 0
[2025-07-07T10:20:37.966+0000] {taskinstance.py:3503} INFO - 1 downstream tasks scheduled from follow-on schedule check
[2025-07-07T10:20:37.968+0000] {local_task_job_runner.py:222} INFO - ::endgroup::
