[2025-07-09T05:49:55.764+0000] {local_task_job_runner.py:120} INFO - ::group::Pre task execution logs
[2025-07-09T05:49:55.782+0000] {taskinstance.py:2076} INFO - Dependencies all met for dep_context=non-requeueable deps ti=<TaskInstance: ETL_airflare_data.transform manual__2025-07-09T05:48:27.734871+00:00 map_index=1 [queued]>
[2025-07-09T05:49:55.789+0000] {taskinstance.py:2076} INFO - Dependencies all met for dep_context=requeueable deps ti=<TaskInstance: ETL_airflare_data.transform manual__2025-07-09T05:48:27.734871+00:00 map_index=1 [queued]>
[2025-07-09T05:49:55.790+0000] {taskinstance.py:2306} INFO - Starting attempt 1 of 3
[2025-07-09T05:49:55.802+0000] {taskinstance.py:2330} INFO - Executing <Mapped(_PythonDecoratedOperator): transform> on 2025-07-09 05:48:27.734871+00:00
[2025-07-09T05:49:55.811+0000] {warnings.py:112} WARNING - /home/***/.local/lib/python3.12/site-packages/***/task/task_runner/standard_task_runner.py:61: DeprecationWarning: This process (pid=4491) is multi-threaded, use of fork() may lead to deadlocks in the child.
  pid = os.fork()

[2025-07-09T05:49:55.813+0000] {standard_task_runner.py:90} INFO - Running: ['***', 'tasks', 'run', 'ETL_airflare_data', 'transform', 'manual__2025-07-09T05:48:27.734871+00:00', '--job-id', '341', '--raw', '--subdir', 'DAGS_FOLDER/Untitled-1.py', '--cfg-path', '/tmp/tmpavpkgo_n', '--map-index', '1']
[2025-07-09T05:49:55.813+0000] {standard_task_runner.py:63} INFO - Started process 4502 to run task
[2025-07-09T05:49:55.814+0000] {standard_task_runner.py:91} INFO - Job 341: Subtask transform
[2025-07-09T05:49:55.867+0000] {task_command.py:426} INFO - Running <TaskInstance: ETL_airflare_data.transform manual__2025-07-09T05:48:27.734871+00:00 map_index=1 [running]> on host e6a32b72ede0
[2025-07-09T05:49:55.958+0000] {taskinstance.py:2648} INFO - Exporting env vars: AIRFLOW_CTX_DAG_OWNER='***' AIRFLOW_CTX_DAG_ID='ETL_airflare_data' AIRFLOW_CTX_TASK_ID='transform' AIRFLOW_CTX_EXECUTION_DATE='2025-07-09T05:48:27.734871+00:00' AIRFLOW_CTX_TRY_NUMBER='1' AIRFLOW_CTX_DAG_RUN_ID='manual__2025-07-09T05:48:27.734871+00:00'
[2025-07-09T05:49:55.959+0000] {taskinstance.py:430} INFO - ::endgroup::
[2025-07-09T05:49:55.960+0000] {Untitled-1.py:137} INFO - Данные приняты из Xcom, начат процесс очистки
[2025-07-09T05:49:55.960+0000] {taskinstance.py:441} INFO - ::group::Post task execution logs
[2025-07-09T05:49:55.961+0000] {taskinstance.py:2905} ERROR - Task failed with exception
Traceback (most recent call last):
  File "/home/airflow/.local/lib/python3.12/site-packages/airflow/models/taskinstance.py", line 465, in _execute_task
    result = _execute_callable(context=context, **execute_callable_kwargs)
             ^^^^^^^^^^^^^^^^^^^^^^^^^^^^^^^^^^^^^^^^^^^^^^^^^^^^^^^^^^^^^
  File "/home/airflow/.local/lib/python3.12/site-packages/airflow/models/taskinstance.py", line 432, in _execute_callable
    return execute_callable(context=context, **execute_callable_kwargs)
           ^^^^^^^^^^^^^^^^^^^^^^^^^^^^^^^^^^^^^^^^^^^^^^^^^^^^^^^^^^^^
  File "/home/airflow/.local/lib/python3.12/site-packages/airflow/models/baseoperator.py", line 401, in wrapper
    return func(self, *args, **kwargs)
           ^^^^^^^^^^^^^^^^^^^^^^^^^^^
  File "/home/airflow/.local/lib/python3.12/site-packages/airflow/decorators/base.py", line 265, in execute
    return_value = super().execute(context)
                   ^^^^^^^^^^^^^^^^^^^^^^^^
  File "/home/airflow/.local/lib/python3.12/site-packages/airflow/models/baseoperator.py", line 401, in wrapper
    return func(self, *args, **kwargs)
           ^^^^^^^^^^^^^^^^^^^^^^^^^^^
  File "/home/airflow/.local/lib/python3.12/site-packages/airflow/operators/python.py", line 235, in execute
    return_value = self.execute_callable()
                   ^^^^^^^^^^^^^^^^^^^^^^^
  File "/home/airflow/.local/lib/python3.12/site-packages/airflow/operators/python.py", line 252, in execute_callable
    return self.python_callable(*self.op_args, **self.op_kwargs)
           ^^^^^^^^^^^^^^^^^^^^^^^^^^^^^^^^^^^^^^^^^^^^^^^^^^^^^
  File "/opt/airflow/dags/Untitled-1.py", line 138, in transform
    logging.info()
TypeError: info() missing 1 required positional argument: 'msg'
[2025-07-09T05:49:55.973+0000] {taskinstance.py:1206} INFO - Marking task as UP_FOR_RETRY. dag_id=ETL_airflare_data, task_id=transform, run_id=manual__2025-07-09T05:48:27.734871+00:00, map_index=1, execution_date=20250709T054827, start_date=20250709T054955, end_date=20250709T054955
[2025-07-09T05:49:55.982+0000] {standard_task_runner.py:110} ERROR - Failed to execute job 341 for task transform (info() missing 1 required positional argument: 'msg'; 4502)
[2025-07-09T05:49:56.027+0000] {local_task_job_runner.py:240} INFO - Task exited with return code 1
[2025-07-09T05:49:56.045+0000] {taskinstance.py:3503} INFO - 0 downstream tasks scheduled from follow-on schedule check
[2025-07-09T05:49:56.047+0000] {local_task_job_runner.py:222} INFO - ::endgroup::
