[2025-07-07T09:57:10.223+0000] {local_task_job_runner.py:120} INFO - ::group::Pre task execution logs
[2025-07-07T09:57:10.238+0000] {taskinstance.py:2076} INFO - Dependencies all met for dep_context=non-requeueable deps ti=<TaskInstance: ETL_airflare_data.load manual__2025-07-07T09:57:04.232191+00:00 [queued]>
[2025-07-07T09:57:10.244+0000] {taskinstance.py:2076} INFO - Dependencies all met for dep_context=requeueable deps ti=<TaskInstance: ETL_airflare_data.load manual__2025-07-07T09:57:04.232191+00:00 [queued]>
[2025-07-07T09:57:10.245+0000] {taskinstance.py:2306} INFO - Starting attempt 1 of 3
[2025-07-07T09:57:10.256+0000] {taskinstance.py:2330} INFO - Executing <Task(PythonOperator): load> on 2025-07-07 09:57:04.232191+00:00
[2025-07-07T09:57:10.265+0000] {warnings.py:112} WARNING - /home/***/.local/lib/python3.12/site-packages/***/task/task_runner/standard_task_runner.py:61: DeprecationWarning: This process (pid=1590) is multi-threaded, use of fork() may lead to deadlocks in the child.
  pid = os.fork()

[2025-07-07T09:57:10.267+0000] {standard_task_runner.py:63} INFO - Started process 1592 to run task
[2025-07-07T09:57:10.267+0000] {standard_task_runner.py:90} INFO - Running: ['***', 'tasks', 'run', 'ETL_airflare_data', 'load', 'manual__2025-07-07T09:57:04.232191+00:00', '--job-id', '206', '--raw', '--subdir', 'DAGS_FOLDER/Untitled-1.py', '--cfg-path', '/tmp/tmp7_51ik0j']
[2025-07-07T09:57:10.270+0000] {standard_task_runner.py:91} INFO - Job 206: Subtask load
[2025-07-07T09:57:10.321+0000] {task_command.py:426} INFO - Running <TaskInstance: ETL_airflare_data.load manual__2025-07-07T09:57:04.232191+00:00 [running]> on host e6a32b72ede0
[2025-07-07T09:57:10.396+0000] {taskinstance.py:2648} INFO - Exporting env vars: AIRFLOW_CTX_DAG_OWNER='***' AIRFLOW_CTX_DAG_ID='ETL_airflare_data' AIRFLOW_CTX_TASK_ID='load' AIRFLOW_CTX_EXECUTION_DATE='2025-07-07T09:57:04.232191+00:00' AIRFLOW_CTX_TRY_NUMBER='1' AIRFLOW_CTX_DAG_RUN_ID='manual__2025-07-07T09:57:04.232191+00:00'
[2025-07-07T09:57:10.397+0000] {taskinstance.py:430} INFO - ::endgroup::
[2025-07-07T09:57:10.415+0000] {Untitled-1.py:123} INFO - Данные из Xcom успешно выгружены, начинаю выгружать данные из S3
[2025-07-07T09:57:10.416+0000] {Untitled-1.py:45} INFO - Создание подключения к S3
[2025-07-07T09:57:10.416+0000] {Untitled-1.py:48} INFO - Подключение установлено, загрузка данных из S3
[2025-07-07T09:57:10.423+0000] {base.py:84} INFO - Using connection ID 'minio' for task execution.
[2025-07-07T09:57:10.424+0000] {connection_wrapper.py:384} INFO - AWS Connection (conn_id='minio', conn_type='aws') credentials retrieved from login and password.
[2025-07-07T09:57:10.594+0000] {Untitled-1.py:53} INFO - Данные выгружены из S3
[2025-07-07T09:57:10.597+0000] {warnings.py:112} WARNING - /opt/***/dags/Untitled-1.py:127: FutureWarning: Passing literal json to 'read_json' is deprecated and will be removed in a future version. To read from a literal string, wrap it in a 'StringIO' object.
  df = pd.read_json(content)

[2025-07-07T09:57:10.605+0000] {Untitled-1.py:128} INFO - Данные получены из хранилища, начат процесс отправки в БД
[2025-07-07T09:57:10.611+0000] {base.py:84} INFO - Using connection ID 'postgres_airfare' for task execution.
[2025-07-07T09:57:10.612+0000] {Untitled-1.py:134} INFO - Размер DataFrame: (241, 9)
[2025-07-07T09:57:10.613+0000] {Untitled-1.py:136} INFO - Типы данных:
depart_date          object
origin               object
destination          object
trip_class            int64
value                 int64
gate                 object
duration              int64
distance              int64
number_of_changes     int64
dtype: object
[2025-07-07T09:57:10.613+0000] {Untitled-1.py:138} INFO - Связь с БД установлена
[2025-07-07T09:57:10.635+0000] {Untitled-1.py:144} INFO - процесс ETL успешно завершен, данные загружены в БД
[2025-07-07T09:57:10.636+0000] {python.py:237} INFO - Done. Returned value was: None
[2025-07-07T09:57:10.637+0000] {taskinstance.py:441} INFO - ::group::Post task execution logs
[2025-07-07T09:57:10.644+0000] {taskinstance.py:1206} INFO - Marking task as SUCCESS. dag_id=ETL_airflare_data, task_id=load, run_id=manual__2025-07-07T09:57:04.232191+00:00, execution_date=20250707T095704, start_date=20250707T095710, end_date=20250707T095710
[2025-07-07T09:57:10.681+0000] {local_task_job_runner.py:240} INFO - Task exited with return code 0
[2025-07-07T09:57:10.696+0000] {taskinstance.py:3503} INFO - 0 downstream tasks scheduled from follow-on schedule check
[2025-07-07T09:57:10.698+0000] {local_task_job_runner.py:222} INFO - ::endgroup::
