[2025-07-09T07:58:19.954+0000] {local_task_job_runner.py:120} INFO - ::group::Pre task execution logs
[2025-07-09T07:58:19.992+0000] {taskinstance.py:2076} INFO - Dependencies all met for dep_context=non-requeueable deps ti=<TaskInstance: ETL_airflare_data.extract manual__2025-07-09T07:58:17.397989+00:00 map_index=4 [queued]>
[2025-07-09T07:58:20.007+0000] {taskinstance.py:2076} INFO - Dependencies all met for dep_context=requeueable deps ti=<TaskInstance: ETL_airflare_data.extract manual__2025-07-09T07:58:17.397989+00:00 map_index=4 [queued]>
[2025-07-09T07:58:20.008+0000] {taskinstance.py:2306} INFO - Starting attempt 1 of 3
[2025-07-09T07:58:20.038+0000] {taskinstance.py:2330} INFO - Executing <Mapped(_PythonDecoratedOperator): extract> on 2025-07-09 07:58:17.397989+00:00
[2025-07-09T07:58:20.059+0000] {warnings.py:112} WARNING - /home/***/.local/lib/python3.12/site-packages/***/task/task_runner/standard_task_runner.py:61: DeprecationWarning: This process (pid=7136) is multi-threaded, use of fork() may lead to deadlocks in the child.
  pid = os.fork()

[2025-07-09T07:58:20.063+0000] {standard_task_runner.py:90} INFO - Running: ['***', 'tasks', 'run', 'ETL_airflare_data', 'extract', 'manual__2025-07-09T07:58:17.397989+00:00', '--job-id', '606', '--raw', '--subdir', 'DAGS_FOLDER/Untitled-1.py', '--cfg-path', '/tmp/tmpdhrkis0n', '--map-index', '4']
[2025-07-09T07:58:20.065+0000] {standard_task_runner.py:63} INFO - Started process 7169 to run task
[2025-07-09T07:58:20.065+0000] {standard_task_runner.py:91} INFO - Job 606: Subtask extract
[2025-07-09T07:58:20.203+0000] {task_command.py:426} INFO - Running <TaskInstance: ETL_airflare_data.extract manual__2025-07-09T07:58:17.397989+00:00 map_index=4 [running]> on host e6a32b72ede0
[2025-07-09T07:58:20.418+0000] {taskinstance.py:2648} INFO - Exporting env vars: AIRFLOW_CTX_DAG_OWNER='***' AIRFLOW_CTX_DAG_ID='ETL_airflare_data' AIRFLOW_CTX_TASK_ID='extract' AIRFLOW_CTX_EXECUTION_DATE='2025-07-09T07:58:17.397989+00:00' AIRFLOW_CTX_TRY_NUMBER='1' AIRFLOW_CTX_DAG_RUN_ID='manual__2025-07-09T07:58:17.397989+00:00'
[2025-07-09T07:58:20.421+0000] {taskinstance.py:430} INFO - ::endgroup::
[2025-07-09T07:58:20.422+0000] {Untitled-1.py:134} INFO - Начало извлечения данных для направления IKT-AER
[2025-07-09T07:58:21.320+0000] {Untitled-1.py:59} INFO - Создание подключения к S3
[2025-07-09T07:58:21.321+0000] {Untitled-1.py:62} INFO - Подключение установлено
[2025-07-09T07:58:21.333+0000] {base.py:84} INFO - Using connection ID 'minio' for task execution.
[2025-07-09T07:58:21.333+0000] {connection_wrapper.py:384} INFO - AWS Connection (conn_id='minio', conn_type='aws') credentials retrieved from login and password.
[2025-07-09T07:58:21.766+0000] {Untitled-1.py:68} INFO - Загрузка данных в S3
[2025-07-09T07:58:21.932+0000] {Untitled-1.py:79} INFO - Загрузка завершена успешно
[2025-07-09T07:58:21.933+0000] {Untitled-1.py:147} INFO - Данные успешно сохранены во временное хранилище
[2025-07-09T07:58:21.933+0000] {Untitled-1.py:148} INFO - Данные успешно извлечены и переданы в Xcom
[2025-07-09T07:58:21.935+0000] {python.py:237} INFO - Done. Returned value was: {'path': {'bucket': 'airflare', 'key': 'temp/response_IKT_AER.json'}, 'rout': {'origin': 'IKT', 'destination': 'AER', 'bd': 'Иркутск_Сочи_outbound'}}
[2025-07-09T07:58:21.936+0000] {taskinstance.py:441} INFO - ::group::Post task execution logs
[2025-07-09T07:58:21.959+0000] {taskinstance.py:1206} INFO - Marking task as SUCCESS. dag_id=ETL_airflare_data, task_id=extract, run_id=manual__2025-07-09T07:58:17.397989+00:00, map_index=4, execution_date=20250709T075817, start_date=20250709T075819, end_date=20250709T075821
[2025-07-09T07:58:22.017+0000] {local_task_job_runner.py:240} INFO - Task exited with return code 0
[2025-07-09T07:58:22.067+0000] {taskinstance.py:3503} INFO - 0 downstream tasks scheduled from follow-on schedule check
[2025-07-09T07:58:22.069+0000] {local_task_job_runner.py:222} INFO - ::endgroup::
