[2025-07-09T07:27:08.705+0000] {local_task_job_runner.py:120} INFO - ::group::Pre task execution logs
[2025-07-09T07:27:08.731+0000] {taskinstance.py:2076} INFO - Dependencies all met for dep_context=non-requeueable deps ti=<TaskInstance: ETL_airflare_data.transform scheduled__2025-07-07T12:00:00+00:00 map_index=0 [queued]>
[2025-07-09T07:27:08.739+0000] {taskinstance.py:2076} INFO - Dependencies all met for dep_context=requeueable deps ti=<TaskInstance: ETL_airflare_data.transform scheduled__2025-07-07T12:00:00+00:00 map_index=0 [queued]>
[2025-07-09T07:27:08.739+0000] {taskinstance.py:2306} INFO - Starting attempt 1 of 3
[2025-07-09T07:27:08.752+0000] {taskinstance.py:2330} INFO - Executing <Mapped(_PythonDecoratedOperator): transform> on 2025-07-07 12:00:00+00:00
[2025-07-09T07:27:08.762+0000] {warnings.py:112} WARNING - /home/***/.local/lib/python3.12/site-packages/***/task/task_runner/standard_task_runner.py:61: DeprecationWarning: This process (pid=6641) is multi-threaded, use of fork() may lead to deadlocks in the child.
  pid = os.fork()

[2025-07-09T07:27:08.764+0000] {standard_task_runner.py:63} INFO - Started process 6658 to run task
[2025-07-09T07:27:08.764+0000] {standard_task_runner.py:90} INFO - Running: ['***', 'tasks', 'run', 'ETL_airflare_data', 'transform', 'scheduled__2025-07-07T12:00:00+00:00', '--job-id', '583', '--raw', '--subdir', 'DAGS_FOLDER/Untitled-1.py', '--cfg-path', '/tmp/tmp6lj7tur7', '--map-index', '0']
[2025-07-09T07:27:08.766+0000] {standard_task_runner.py:91} INFO - Job 583: Subtask transform
[2025-07-09T07:27:08.840+0000] {task_command.py:426} INFO - Running <TaskInstance: ETL_airflare_data.transform scheduled__2025-07-07T12:00:00+00:00 map_index=0 [running]> on host e6a32b72ede0
[2025-07-09T07:27:08.973+0000] {taskinstance.py:2648} INFO - Exporting env vars: AIRFLOW_CTX_DAG_OWNER='***' AIRFLOW_CTX_DAG_ID='ETL_airflare_data' AIRFLOW_CTX_TASK_ID='transform' AIRFLOW_CTX_EXECUTION_DATE='2025-07-07T12:00:00+00:00' AIRFLOW_CTX_TRY_NUMBER='1' AIRFLOW_CTX_DAG_RUN_ID='scheduled__2025-07-07T12:00:00+00:00'
[2025-07-09T07:27:08.975+0000] {taskinstance.py:430} INFO - ::endgroup::
[2025-07-09T07:27:08.976+0000] {Untitled-1.py:139} INFO - Данные приняты из Xcom, начат процесс очистки
[2025-07-09T07:27:08.976+0000] {Untitled-1.py:71} INFO - Создание подключения к S3
[2025-07-09T07:27:08.977+0000] {Untitled-1.py:75} INFO - Подключение установлено, загрузка данных из S3
[2025-07-09T07:27:08.988+0000] {base.py:84} INFO - Using connection ID 'minio' for task execution.
[2025-07-09T07:27:08.988+0000] {connection_wrapper.py:384} INFO - AWS Connection (conn_id='minio', conn_type='aws') credentials retrieved from login and password.
[2025-07-09T07:27:09.139+0000] {Untitled-1.py:81} INFO - Данные выгружены из S3
[2025-07-09T07:27:09.146+0000] {Untitled-1.py:148} INFO - Преобразование завершено, начинается передача DF в S3
[2025-07-09T07:27:09.147+0000] {Untitled-1.py:39} INFO - Создание подключения к S3
[2025-07-09T07:27:09.148+0000] {Untitled-1.py:44} INFO - Подключение установлено
[2025-07-09T07:27:09.157+0000] {base.py:84} INFO - Using connection ID 'minio' for task execution.
[2025-07-09T07:27:09.157+0000] {connection_wrapper.py:384} INFO - AWS Connection (conn_id='minio', conn_type='aws') credentials retrieved from login and password.
[2025-07-09T07:27:09.578+0000] {Untitled-1.py:50} INFO - Загрузка данных в S3
[2025-07-09T07:27:10.034+0000] {Untitled-1.py:61} INFO - Загрузка завершена успешно
[2025-07-09T07:27:10.034+0000] {Untitled-1.py:156} INFO - Данные успешно сохранены в S3, передаю их в Xcom
[2025-07-09T07:27:10.035+0000] {Untitled-1.py:158} INFO - данные успешно очищены и записаны в хранилище
[2025-07-09T07:27:10.035+0000] {python.py:237} INFO - Done. Returned value was: {'path': {'bucket': 'airflare', 'key': 'temp/df_IKT_HKT.json'}, 'rout': {'origin': 'IKT', 'destination': 'HKT', 'bd': 'ikt_hkt_outbound'}}
[2025-07-09T07:27:10.035+0000] {taskinstance.py:441} INFO - ::group::Post task execution logs
[2025-07-09T07:27:10.053+0000] {taskinstance.py:1206} INFO - Marking task as SUCCESS. dag_id=ETL_airflare_data, task_id=transform, run_id=scheduled__2025-07-07T12:00:00+00:00, map_index=0, execution_date=20250707T120000, start_date=20250709T072708, end_date=20250709T072710
[2025-07-09T07:27:10.102+0000] {local_task_job_runner.py:240} INFO - Task exited with return code 0
[2025-07-09T07:27:10.124+0000] {taskinstance.py:3503} INFO - 0 downstream tasks scheduled from follow-on schedule check
[2025-07-09T07:27:10.125+0000] {local_task_job_runner.py:222} INFO - ::endgroup::
[2025-07-09T11:24:58.385+0000] {local_task_job_runner.py:120} INFO - ::group::Pre task execution logs
[2025-07-09T11:24:58.420+0000] {taskinstance.py:2076} INFO - Dependencies all met for dep_context=non-requeueable deps ti=<TaskInstance: ETL_airflare_data.transform scheduled__2025-07-07T12:00:00+00:00 map_index=0 [queued]>
[2025-07-09T11:24:58.435+0000] {taskinstance.py:2076} INFO - Dependencies all met for dep_context=requeueable deps ti=<TaskInstance: ETL_airflare_data.transform scheduled__2025-07-07T12:00:00+00:00 map_index=0 [queued]>
[2025-07-09T11:24:58.435+0000] {taskinstance.py:2306} INFO - Starting attempt 1 of 3
[2025-07-09T11:24:58.464+0000] {taskinstance.py:2330} INFO - Executing <Mapped(_PythonDecoratedOperator): transform> on 2025-07-07 12:00:00+00:00
[2025-07-09T11:24:58.483+0000] {warnings.py:112} WARNING - /home/***/.local/lib/python3.12/site-packages/***/task/task_runner/standard_task_runner.py:61: DeprecationWarning: This process (pid=21302) is multi-threaded, use of fork() may lead to deadlocks in the child.
  pid = os.fork()

[2025-07-09T11:24:58.486+0000] {standard_task_runner.py:63} INFO - Started process 21337 to run task
[2025-07-09T11:24:58.486+0000] {standard_task_runner.py:90} INFO - Running: ['***', 'tasks', 'run', 'ETL_airflare_data', 'transform', 'scheduled__2025-07-07T12:00:00+00:00', '--job-id', '3276', '--raw', '--subdir', 'DAGS_FOLDER/Untitled-1.py', '--cfg-path', '/tmp/tmp8axaaf1q', '--map-index', '0']
[2025-07-09T11:24:58.488+0000] {standard_task_runner.py:91} INFO - Job 3276: Subtask transform
[2025-07-09T11:24:58.604+0000] {task_command.py:426} INFO - Running <TaskInstance: ETL_airflare_data.transform scheduled__2025-07-07T12:00:00+00:00 map_index=0 [running]> on host e6a32b72ede0
[2025-07-09T11:24:58.798+0000] {taskinstance.py:2648} INFO - Exporting env vars: AIRFLOW_CTX_DAG_OWNER='***' AIRFLOW_CTX_DAG_ID='ETL_airflare_data' AIRFLOW_CTX_TASK_ID='transform' AIRFLOW_CTX_EXECUTION_DATE='2025-07-07T12:00:00+00:00' AIRFLOW_CTX_TRY_NUMBER='1' AIRFLOW_CTX_DAG_RUN_ID='scheduled__2025-07-07T12:00:00+00:00'
[2025-07-09T11:24:58.800+0000] {taskinstance.py:430} INFO - ::endgroup::
[2025-07-09T11:24:58.804+0000] {Untitled-1.py:144} INFO - Извлечение данных из S3, подготовка к обработке
[2025-07-09T11:24:58.807+0000] {Untitled-1.py:70} INFO - Создание подключения к S3
[2025-07-09T11:24:58.827+0000] {base.py:84} INFO - Using connection ID 'minio' for task execution.
[2025-07-09T11:24:58.829+0000] {connection_wrapper.py:384} INFO - AWS Connection (conn_id='minio', conn_type='aws') credentials retrieved from login and password.
[2025-07-09T11:24:59.553+0000] {Untitled-1.py:77} INFO - Подключение установлено
[2025-07-09T11:24:59.554+0000] {Untitled-1.py:81} INFO - Подключение установлено, загрузка данных из S3
[2025-07-09T11:24:59.783+0000] {Untitled-1.py:87} INFO - Данные выгружены из S3
[2025-07-09T11:24:59.809+0000] {Untitled-1.py:158} INFO - object
[2025-07-09T11:24:59.814+0000] {Untitled-1.py:159} INFO - object
[2025-07-09T11:24:59.814+0000] {Untitled-1.py:161} INFO - Преобразование завершено, начинается передача DF в S3
[2025-07-09T11:24:59.817+0000] {Untitled-1.py:38} INFO - Создание подключения к S3
[2025-07-09T11:24:59.841+0000] {base.py:84} INFO - Using connection ID 'minio' for task execution.
[2025-07-09T11:24:59.842+0000] {connection_wrapper.py:384} INFO - AWS Connection (conn_id='minio', conn_type='aws') credentials retrieved from login and password.
[2025-07-09T11:25:00.079+0000] {Untitled-1.py:45} INFO - Подключение установлено
[2025-07-09T11:25:00.082+0000] {Untitled-1.py:49} INFO - Загрузка данных в S3
[2025-07-09T11:25:00.419+0000] {Untitled-1.py:60} INFO - Загрузка завершена успешно
[2025-07-09T11:25:00.420+0000] {Untitled-1.py:169} INFO - Данные успешно сохранены в S3
[2025-07-09T11:25:00.421+0000] {python.py:237} INFO - Done. Returned value was: {'path': {'bucket': 'airflare', 'key': 'temp/df_IKT_HKT.json'}, 'rout': {'origin': 'IKT', 'destination': 'HKT', 'bd': 'ikt_airflare_outbound'}}
[2025-07-09T11:25:00.422+0000] {taskinstance.py:441} INFO - ::group::Post task execution logs
[2025-07-09T11:25:00.448+0000] {taskinstance.py:1206} INFO - Marking task as SUCCESS. dag_id=ETL_airflare_data, task_id=transform, run_id=scheduled__2025-07-07T12:00:00+00:00, map_index=0, execution_date=20250707T120000, start_date=20250709T112458, end_date=20250709T112500
[2025-07-09T11:25:00.531+0000] {local_task_job_runner.py:240} INFO - Task exited with return code 0
[2025-07-09T11:25:00.570+0000] {local_task_job_runner.py:222} INFO - ::endgroup::
[2025-07-09T11:29:02.099+0000] {local_task_job_runner.py:120} INFO - ::group::Pre task execution logs
[2025-07-09T11:29:02.172+0000] {taskinstance.py:2076} INFO - Dependencies all met for dep_context=non-requeueable deps ti=<TaskInstance: ETL_airflare_data.transform scheduled__2025-07-07T12:00:00+00:00 map_index=0 [queued]>
[2025-07-09T11:29:02.203+0000] {taskinstance.py:2076} INFO - Dependencies all met for dep_context=requeueable deps ti=<TaskInstance: ETL_airflare_data.transform scheduled__2025-07-07T12:00:00+00:00 map_index=0 [queued]>
[2025-07-09T11:29:02.207+0000] {taskinstance.py:2306} INFO - Starting attempt 1 of 3
[2025-07-09T11:29:02.230+0000] {taskinstance.py:2330} INFO - Executing <Mapped(_PythonDecoratedOperator): transform> on 2025-07-07 12:00:00+00:00
[2025-07-09T11:29:02.253+0000] {warnings.py:112} WARNING - /home/***/.local/lib/python3.12/site-packages/***/task/task_runner/standard_task_runner.py:61: DeprecationWarning: This process (pid=22069) is multi-threaded, use of fork() may lead to deadlocks in the child.
  pid = os.fork()

[2025-07-09T11:29:02.257+0000] {standard_task_runner.py:63} INFO - Started process 22106 to run task
[2025-07-09T11:29:02.258+0000] {standard_task_runner.py:90} INFO - Running: ['***', 'tasks', 'run', 'ETL_airflare_data', 'transform', 'scheduled__2025-07-07T12:00:00+00:00', '--job-id', '3451', '--raw', '--subdir', 'DAGS_FOLDER/Untitled-1.py', '--cfg-path', '/tmp/tmp6wuv9zu2', '--map-index', '0']
[2025-07-09T11:29:02.259+0000] {standard_task_runner.py:91} INFO - Job 3451: Subtask transform
[2025-07-09T11:29:02.372+0000] {task_command.py:426} INFO - Running <TaskInstance: ETL_airflare_data.transform scheduled__2025-07-07T12:00:00+00:00 map_index=0 [running]> on host e6a32b72ede0
[2025-07-09T11:29:02.609+0000] {taskinstance.py:2648} INFO - Exporting env vars: AIRFLOW_CTX_DAG_OWNER='***' AIRFLOW_CTX_DAG_ID='ETL_airflare_data' AIRFLOW_CTX_TASK_ID='transform' AIRFLOW_CTX_EXECUTION_DATE='2025-07-07T12:00:00+00:00' AIRFLOW_CTX_TRY_NUMBER='1' AIRFLOW_CTX_DAG_RUN_ID='scheduled__2025-07-07T12:00:00+00:00'
[2025-07-09T11:29:02.615+0000] {taskinstance.py:430} INFO - ::endgroup::
[2025-07-09T11:29:02.616+0000] {Untitled-1.py:144} INFO - Извлечение данных из S3, подготовка к обработке
[2025-07-09T11:29:02.617+0000] {Untitled-1.py:70} INFO - Создание подключения к S3
[2025-07-09T11:29:02.646+0000] {base.py:84} INFO - Using connection ID 'minio' for task execution.
[2025-07-09T11:29:02.651+0000] {connection_wrapper.py:384} INFO - AWS Connection (conn_id='minio', conn_type='aws') credentials retrieved from login and password.
[2025-07-09T11:29:03.315+0000] {Untitled-1.py:77} INFO - Подключение установлено
[2025-07-09T11:29:03.315+0000] {Untitled-1.py:81} INFO - Подключение установлено, загрузка данных из S3
[2025-07-09T11:29:03.540+0000] {Untitled-1.py:87} INFO - Данные выгружены из S3
[2025-07-09T11:29:03.553+0000] {Untitled-1.py:158} INFO - object
[2025-07-09T11:29:03.554+0000] {Untitled-1.py:159} INFO - object
[2025-07-09T11:29:03.555+0000] {Untitled-1.py:161} INFO - Преобразование завершено, начинается передача DF в S3
[2025-07-09T11:29:03.557+0000] {Untitled-1.py:38} INFO - Создание подключения к S3
[2025-07-09T11:29:03.573+0000] {base.py:84} INFO - Using connection ID 'minio' for task execution.
[2025-07-09T11:29:03.575+0000] {connection_wrapper.py:384} INFO - AWS Connection (conn_id='minio', conn_type='aws') credentials retrieved from login and password.
[2025-07-09T11:29:03.792+0000] {Untitled-1.py:45} INFO - Подключение установлено
[2025-07-09T11:29:03.793+0000] {Untitled-1.py:49} INFO - Загрузка данных в S3
[2025-07-09T11:29:04.317+0000] {Untitled-1.py:60} INFO - Загрузка завершена успешно
[2025-07-09T11:29:04.318+0000] {Untitled-1.py:169} INFO - Данные успешно сохранены в S3
[2025-07-09T11:29:04.319+0000] {python.py:237} INFO - Done. Returned value was: {'path': {'bucket': 'airflare', 'key': 'temp/df_IKT_HKT.json'}, 'rout': {'origin': 'IKT', 'destination': 'HKT', 'bd': 'ikt_airflare_outbound'}}
[2025-07-09T11:29:04.319+0000] {taskinstance.py:441} INFO - ::group::Post task execution logs
[2025-07-09T11:29:04.361+0000] {taskinstance.py:1206} INFO - Marking task as SUCCESS. dag_id=ETL_airflare_data, task_id=transform, run_id=scheduled__2025-07-07T12:00:00+00:00, map_index=0, execution_date=20250707T120000, start_date=20250709T112902, end_date=20250709T112904
[2025-07-09T11:29:04.461+0000] {local_task_job_runner.py:240} INFO - Task exited with return code 0
[2025-07-09T11:29:04.488+0000] {local_task_job_runner.py:222} INFO - ::endgroup::
