[2025-07-09T07:27:11.824+0000] {local_task_job_runner.py:120} INFO - ::group::Pre task execution logs
[2025-07-09T07:27:11.853+0000] {taskinstance.py:2076} INFO - Dependencies all met for dep_context=non-requeueable deps ti=<TaskInstance: ETL_airflare_data.load scheduled__2025-07-07T12:00:00+00:00 map_index=3 [queued]>
[2025-07-09T07:27:11.861+0000] {taskinstance.py:2076} INFO - Dependencies all met for dep_context=requeueable deps ti=<TaskInstance: ETL_airflare_data.load scheduled__2025-07-07T12:00:00+00:00 map_index=3 [queued]>
[2025-07-09T07:27:11.861+0000] {taskinstance.py:2306} INFO - Starting attempt 1 of 3
[2025-07-09T07:27:11.878+0000] {taskinstance.py:2330} INFO - Executing <Mapped(_PythonDecoratedOperator): load> on 2025-07-07 12:00:00+00:00
[2025-07-09T07:27:11.891+0000] {warnings.py:112} WARNING - /home/***/.local/lib/python3.12/site-packages/***/task/task_runner/standard_task_runner.py:61: DeprecationWarning: This process (pid=6690) is multi-threaded, use of fork() may lead to deadlocks in the child.
  pid = os.fork()

[2025-07-09T07:27:11.893+0000] {standard_task_runner.py:63} INFO - Started process 6711 to run task
[2025-07-09T07:27:11.893+0000] {standard_task_runner.py:90} INFO - Running: ['***', 'tasks', 'run', 'ETL_airflare_data', 'load', 'scheduled__2025-07-07T12:00:00+00:00', '--job-id', '592', '--raw', '--subdir', 'DAGS_FOLDER/Untitled-1.py', '--cfg-path', '/tmp/tmppb4667om', '--map-index', '3']
[2025-07-09T07:27:11.895+0000] {standard_task_runner.py:91} INFO - Job 592: Subtask load
[2025-07-09T07:27:11.976+0000] {task_command.py:426} INFO - Running <TaskInstance: ETL_airflare_data.load scheduled__2025-07-07T12:00:00+00:00 map_index=3 [running]> on host e6a32b72ede0
[2025-07-09T07:27:12.090+0000] {taskinstance.py:2648} INFO - Exporting env vars: AIRFLOW_CTX_DAG_OWNER='***' AIRFLOW_CTX_DAG_ID='ETL_airflare_data' AIRFLOW_CTX_TASK_ID='load' AIRFLOW_CTX_EXECUTION_DATE='2025-07-07T12:00:00+00:00' AIRFLOW_CTX_TRY_NUMBER='1' AIRFLOW_CTX_DAG_RUN_ID='scheduled__2025-07-07T12:00:00+00:00'
[2025-07-09T07:27:12.092+0000] {taskinstance.py:430} INFO - ::endgroup::
[2025-07-09T07:27:12.093+0000] {Untitled-1.py:165} INFO - Данные из Xcom успешно выгружены, начинаю выгружать данные из S3
[2025-07-09T07:27:12.093+0000] {Untitled-1.py:71} INFO - Создание подключения к S3
[2025-07-09T07:27:12.093+0000] {Untitled-1.py:75} INFO - Подключение установлено, загрузка данных из S3
[2025-07-09T07:27:12.106+0000] {base.py:84} INFO - Using connection ID 'minio' for task execution.
[2025-07-09T07:27:12.107+0000] {connection_wrapper.py:384} INFO - AWS Connection (conn_id='minio', conn_type='aws') credentials retrieved from login and password.
[2025-07-09T07:27:12.279+0000] {Untitled-1.py:81} INFO - Данные выгружены из S3
[2025-07-09T07:27:12.289+0000] {Untitled-1.py:175} INFO - Данные получены из хранилища, начат процесс отправки в БД
[2025-07-09T07:27:12.301+0000] {base.py:84} INFO - Using connection ID 'postgres_airfare' for task execution.
[2025-07-09T07:27:12.302+0000] {Untitled-1.py:183} INFO - Размер DataFrame: (254, 9)
[2025-07-09T07:27:12.305+0000] {Untitled-1.py:185} INFO - Типы данных:
depart_date          object
origin               object
destination          object
trip_class            int64
value                 int64
gate                 object
duration              int64
distance              int64
number_of_changes     int64
dtype: object
[2025-07-09T07:27:12.306+0000] {Untitled-1.py:187} INFO - Связь с БД установлена
[2025-07-09T07:27:12.366+0000] {Untitled-1.py:194} INFO - процесс ETL успешно завершен, данные загружены в БД
[2025-07-09T07:27:12.367+0000] {python.py:237} INFO - Done. Returned value was: None
[2025-07-09T07:27:12.372+0000] {taskinstance.py:441} INFO - ::group::Post task execution logs
[2025-07-09T07:27:12.383+0000] {taskinstance.py:1206} INFO - Marking task as SUCCESS. dag_id=ETL_airflare_data, task_id=load, run_id=scheduled__2025-07-07T12:00:00+00:00, map_index=3, execution_date=20250707T120000, start_date=20250709T072711, end_date=20250709T072712
[2025-07-09T07:27:12.469+0000] {local_task_job_runner.py:240} INFO - Task exited with return code 0
[2025-07-09T07:27:12.481+0000] {local_task_job_runner.py:222} INFO - ::endgroup::
[2025-07-09T11:25:16.154+0000] {local_task_job_runner.py:120} INFO - ::group::Pre task execution logs
[2025-07-09T11:25:16.201+0000] {taskinstance.py:2076} INFO - Dependencies all met for dep_context=non-requeueable deps ti=<TaskInstance: ETL_airflare_data.load scheduled__2025-07-07T12:00:00+00:00 map_index=3 [queued]>
[2025-07-09T11:25:16.223+0000] {taskinstance.py:2076} INFO - Dependencies all met for dep_context=requeueable deps ti=<TaskInstance: ETL_airflare_data.load scheduled__2025-07-07T12:00:00+00:00 map_index=3 [queued]>
[2025-07-09T11:25:16.224+0000] {taskinstance.py:2306} INFO - Starting attempt 1 of 3
[2025-07-09T11:25:16.250+0000] {taskinstance.py:2330} INFO - Executing <Mapped(_PythonDecoratedOperator): load> on 2025-07-07 12:00:00+00:00
[2025-07-09T11:25:16.280+0000] {warnings.py:112} WARNING - /home/***/.local/lib/python3.12/site-packages/***/task/task_runner/standard_task_runner.py:61: DeprecationWarning: This process (pid=21632) is multi-threaded, use of fork() may lead to deadlocks in the child.
  pid = os.fork()

[2025-07-09T11:25:16.283+0000] {standard_task_runner.py:90} INFO - Running: ['***', 'tasks', 'run', 'ETL_airflare_data', 'load', 'scheduled__2025-07-07T12:00:00+00:00', '--job-id', '3343', '--raw', '--subdir', 'DAGS_FOLDER/Untitled-1.py', '--cfg-path', '/tmp/tmp0gcextuu', '--map-index', '3']
[2025-07-09T11:25:16.285+0000] {standard_task_runner.py:63} INFO - Started process 21666 to run task
[2025-07-09T11:25:16.286+0000] {standard_task_runner.py:91} INFO - Job 3343: Subtask load
[2025-07-09T11:25:16.391+0000] {task_command.py:426} INFO - Running <TaskInstance: ETL_airflare_data.load scheduled__2025-07-07T12:00:00+00:00 map_index=3 [running]> on host e6a32b72ede0
[2025-07-09T11:25:16.569+0000] {taskinstance.py:2648} INFO - Exporting env vars: AIRFLOW_CTX_DAG_OWNER='***' AIRFLOW_CTX_DAG_ID='ETL_airflare_data' AIRFLOW_CTX_TASK_ID='load' AIRFLOW_CTX_EXECUTION_DATE='2025-07-07T12:00:00+00:00' AIRFLOW_CTX_TRY_NUMBER='1' AIRFLOW_CTX_DAG_RUN_ID='scheduled__2025-07-07T12:00:00+00:00'
[2025-07-09T11:25:16.572+0000] {taskinstance.py:430} INFO - ::endgroup::
[2025-07-09T11:25:16.573+0000] {Untitled-1.py:70} INFO - Создание подключения к S3
[2025-07-09T11:25:16.593+0000] {base.py:84} INFO - Using connection ID 'minio' for task execution.
[2025-07-09T11:25:16.594+0000] {connection_wrapper.py:384} INFO - AWS Connection (conn_id='minio', conn_type='aws') credentials retrieved from login and password.
[2025-07-09T11:25:17.218+0000] {Untitled-1.py:77} INFO - Подключение установлено
[2025-07-09T11:25:17.218+0000] {Untitled-1.py:81} INFO - Подключение установлено, загрузка данных из S3
[2025-07-09T11:25:17.459+0000] {Untitled-1.py:87} INFO - Данные выгружены из S3
[2025-07-09T11:25:17.461+0000] {Untitled-1.py:181} INFO - Данные получены из хранилища, начат процесс отправки в БД
[2025-07-09T11:25:17.480+0000] {base.py:84} INFO - Using connection ID 'postgres_airfare' for task execution.
[2025-07-09T11:25:17.481+0000] {Untitled-1.py:189} INFO - Проверяю подключение к postgres
[2025-07-09T11:25:17.508+0000] {base.py:84} INFO - Using connection ID 'postgres_airfare' for task execution.
[2025-07-09T11:25:17.522+0000] {logging_mixin.py:188} INFO - Соединение с PostgreSQL успешно. Результат запроса: (1,)
[2025-07-09T11:25:17.523+0000] {Untitled-1.py:203} INFO - Размер DataFrame: (255, 10)
[2025-07-09T11:25:17.526+0000] {Untitled-1.py:205} INFO - Типы данных:
depart_date           object
origin                object
destination           object
trip_class             int64
value                  int64
gate                  object
duration               int64
distance               int64
number_of_changes      int64
date_of_extraction    object
dtype: object
[2025-07-09T11:25:17.568+0000] {Untitled-1.py:213} INFO - процесс ETL успешно завершен, данные загружены в БД
[2025-07-09T11:25:17.574+0000] {python.py:237} INFO - Done. Returned value was: None
[2025-07-09T11:25:17.580+0000] {taskinstance.py:441} INFO - ::group::Post task execution logs
[2025-07-09T11:25:17.600+0000] {taskinstance.py:1206} INFO - Marking task as SUCCESS. dag_id=ETL_airflare_data, task_id=load, run_id=scheduled__2025-07-07T12:00:00+00:00, map_index=3, execution_date=20250707T120000, start_date=20250709T112516, end_date=20250709T112517
[2025-07-09T11:25:17.692+0000] {local_task_job_runner.py:240} INFO - Task exited with return code 0
[2025-07-09T11:25:17.714+0000] {taskinstance.py:3503} INFO - 0 downstream tasks scheduled from follow-on schedule check
[2025-07-09T11:25:17.717+0000] {local_task_job_runner.py:222} INFO - ::endgroup::
[2025-07-09T11:29:13.862+0000] {local_task_job_runner.py:120} INFO - ::group::Pre task execution logs
[2025-07-09T11:29:13.906+0000] {taskinstance.py:2076} INFO - Dependencies all met for dep_context=non-requeueable deps ti=<TaskInstance: ETL_airflare_data.load scheduled__2025-07-07T12:00:00+00:00 map_index=3 [queued]>
[2025-07-09T11:29:13.936+0000] {taskinstance.py:2076} INFO - Dependencies all met for dep_context=requeueable deps ti=<TaskInstance: ETL_airflare_data.load scheduled__2025-07-07T12:00:00+00:00 map_index=3 [queued]>
[2025-07-09T11:29:13.942+0000] {taskinstance.py:2306} INFO - Starting attempt 1 of 3
[2025-07-09T11:29:13.983+0000] {taskinstance.py:2330} INFO - Executing <Mapped(_PythonDecoratedOperator): load> on 2025-07-07 12:00:00+00:00
[2025-07-09T11:29:14.004+0000] {warnings.py:112} WARNING - /home/***/.local/lib/python3.12/site-packages/***/task/task_runner/standard_task_runner.py:61: DeprecationWarning: This process (pid=22244) is multi-threaded, use of fork() may lead to deadlocks in the child.
  pid = os.fork()

[2025-07-09T11:29:14.008+0000] {standard_task_runner.py:63} INFO - Started process 22273 to run task
[2025-07-09T11:29:14.019+0000] {standard_task_runner.py:90} INFO - Running: ['***', 'tasks', 'run', 'ETL_airflare_data', 'load', 'scheduled__2025-07-07T12:00:00+00:00', '--job-id', '3483', '--raw', '--subdir', 'DAGS_FOLDER/Untitled-1.py', '--cfg-path', '/tmp/tmpbxzp7c3m', '--map-index', '3']
[2025-07-09T11:29:14.023+0000] {standard_task_runner.py:91} INFO - Job 3483: Subtask load
[2025-07-09T11:29:14.147+0000] {task_command.py:426} INFO - Running <TaskInstance: ETL_airflare_data.load scheduled__2025-07-07T12:00:00+00:00 map_index=3 [running]> on host e6a32b72ede0
[2025-07-09T11:29:14.346+0000] {taskinstance.py:2648} INFO - Exporting env vars: AIRFLOW_CTX_DAG_OWNER='***' AIRFLOW_CTX_DAG_ID='ETL_airflare_data' AIRFLOW_CTX_TASK_ID='load' AIRFLOW_CTX_EXECUTION_DATE='2025-07-07T12:00:00+00:00' AIRFLOW_CTX_TRY_NUMBER='1' AIRFLOW_CTX_DAG_RUN_ID='scheduled__2025-07-07T12:00:00+00:00'
[2025-07-09T11:29:14.348+0000] {taskinstance.py:430} INFO - ::endgroup::
[2025-07-09T11:29:14.348+0000] {Untitled-1.py:70} INFO - Создание подключения к S3
[2025-07-09T11:29:14.386+0000] {base.py:84} INFO - Using connection ID 'minio' for task execution.
[2025-07-09T11:29:14.391+0000] {connection_wrapper.py:384} INFO - AWS Connection (conn_id='minio', conn_type='aws') credentials retrieved from login and password.
[2025-07-09T11:29:15.141+0000] {Untitled-1.py:77} INFO - Подключение установлено
[2025-07-09T11:29:15.143+0000] {Untitled-1.py:81} INFO - Подключение установлено, загрузка данных из S3
[2025-07-09T11:29:15.375+0000] {Untitled-1.py:87} INFO - Данные выгружены из S3
[2025-07-09T11:29:15.380+0000] {Untitled-1.py:181} INFO - Данные получены из хранилища, начат процесс отправки в БД
[2025-07-09T11:29:15.405+0000] {base.py:84} INFO - Using connection ID 'postgres_airfare' for task execution.
[2025-07-09T11:29:15.409+0000] {Untitled-1.py:189} INFO - Проверяю подключение к postgres
[2025-07-09T11:29:15.424+0000] {base.py:84} INFO - Using connection ID 'postgres_airfare' for task execution.
[2025-07-09T11:29:15.444+0000] {logging_mixin.py:188} INFO - Соединение с PostgreSQL успешно. Результат запроса: (1,)
[2025-07-09T11:29:15.444+0000] {Untitled-1.py:203} INFO - Размер DataFrame: (255, 10)
[2025-07-09T11:29:15.447+0000] {Untitled-1.py:205} INFO - Типы данных:
depart_date           object
origin                object
destination           object
trip_class             int64
value                  int64
gate                  object
duration               int64
distance               int64
number_of_changes      int64
date_of_extraction    object
dtype: object
[2025-07-09T11:29:15.500+0000] {Untitled-1.py:213} INFO - процесс ETL успешно завершен, данные загружены в БД
[2025-07-09T11:29:15.501+0000] {python.py:237} INFO - Done. Returned value was: None
[2025-07-09T11:29:15.503+0000] {taskinstance.py:441} INFO - ::group::Post task execution logs
[2025-07-09T11:29:15.536+0000] {taskinstance.py:1206} INFO - Marking task as SUCCESS. dag_id=ETL_airflare_data, task_id=load, run_id=scheduled__2025-07-07T12:00:00+00:00, map_index=3, execution_date=20250707T120000, start_date=20250709T112913, end_date=20250709T112915
[2025-07-09T11:29:15.739+0000] {local_task_job_runner.py:240} INFO - Task exited with return code 0
[2025-07-09T11:29:15.766+0000] {local_task_job_runner.py:222} INFO - ::endgroup::
