[2025-07-09T05:47:23.245+0000] {local_task_job_runner.py:120} INFO - ::group::Pre task execution logs
[2025-07-09T05:47:23.261+0000] {taskinstance.py:2076} INFO - Dependencies all met for dep_context=non-requeueable deps ti=<TaskInstance: ETL_airflare_data.extract manual__2025-07-09T05:47:21.836826+00:00 map_index=0 [queued]>
[2025-07-09T05:47:23.267+0000] {taskinstance.py:2076} INFO - Dependencies all met for dep_context=requeueable deps ti=<TaskInstance: ETL_airflare_data.extract manual__2025-07-09T05:47:21.836826+00:00 map_index=0 [queued]>
[2025-07-09T05:47:23.268+0000] {taskinstance.py:2306} INFO - Starting attempt 1 of 3
[2025-07-09T05:47:23.280+0000] {taskinstance.py:2330} INFO - Executing <Mapped(_PythonDecoratedOperator): extract> on 2025-07-09 05:47:21.836826+00:00
[2025-07-09T05:47:23.289+0000] {warnings.py:112} WARNING - /home/***/.local/lib/python3.12/site-packages/***/task/task_runner/standard_task_runner.py:61: DeprecationWarning: This process (pid=4369) is multi-threaded, use of fork() may lead to deadlocks in the child.
  pid = os.fork()

[2025-07-09T05:47:23.291+0000] {standard_task_runner.py:63} INFO - Started process 4372 to run task
[2025-07-09T05:47:23.291+0000] {standard_task_runner.py:90} INFO - Running: ['***', 'tasks', 'run', 'ETL_airflare_data', 'extract', 'manual__2025-07-09T05:47:21.836826+00:00', '--job-id', '314', '--raw', '--subdir', 'DAGS_FOLDER/Untitled-1.py', '--cfg-path', '/tmp/tmp1pysbo2c', '--map-index', '0']
[2025-07-09T05:47:23.292+0000] {standard_task_runner.py:91} INFO - Job 314: Subtask extract
[2025-07-09T05:47:23.345+0000] {task_command.py:426} INFO - Running <TaskInstance: ETL_airflare_data.extract manual__2025-07-09T05:47:21.836826+00:00 map_index=0 [running]> on host e6a32b72ede0
[2025-07-09T05:47:23.427+0000] {taskinstance.py:2648} INFO - Exporting env vars: AIRFLOW_CTX_DAG_OWNER='***' AIRFLOW_CTX_DAG_ID='ETL_airflare_data' AIRFLOW_CTX_TASK_ID='extract' AIRFLOW_CTX_EXECUTION_DATE='2025-07-09T05:47:21.836826+00:00' AIRFLOW_CTX_TRY_NUMBER='1' AIRFLOW_CTX_DAG_RUN_ID='manual__2025-07-09T05:47:21.836826+00:00'
[2025-07-09T05:47:23.430+0000] {taskinstance.py:430} INFO - ::endgroup::
[2025-07-09T05:47:23.430+0000] {Untitled-1.py:111} INFO - Начало извлечения данных для направления IKT-HKT
[2025-07-09T05:47:24.527+0000] {Untitled-1.py:26} INFO - Создание подключения к S3
[2025-07-09T05:47:24.528+0000] {Untitled-1.py:31} INFO - Подключение установлено
[2025-07-09T05:47:24.537+0000] {base.py:84} INFO - Using connection ID 'minio' for task execution.
[2025-07-09T05:47:24.538+0000] {connection_wrapper.py:384} INFO - AWS Connection (conn_id='minio', conn_type='aws') credentials retrieved from login and password.
[2025-07-09T05:47:24.852+0000] {Untitled-1.py:37} INFO - Загрузка данных в S3
[2025-07-09T05:47:25.024+0000] {Untitled-1.py:48} INFO - Загрузка завершена успешно
[2025-07-09T05:47:25.025+0000] {Untitled-1.py:124} INFO - Данные успешно сохранены во временное хранилище
[2025-07-09T05:47:25.025+0000] {taskinstance.py:441} INFO - ::group::Post task execution logs
[2025-07-09T05:47:25.026+0000] {taskinstance.py:2905} ERROR - Task failed with exception
Traceback (most recent call last):
  File "/home/airflow/.local/lib/python3.12/site-packages/airflow/models/taskinstance.py", line 465, in _execute_task
    result = _execute_callable(context=context, **execute_callable_kwargs)
             ^^^^^^^^^^^^^^^^^^^^^^^^^^^^^^^^^^^^^^^^^^^^^^^^^^^^^^^^^^^^^
  File "/home/airflow/.local/lib/python3.12/site-packages/airflow/models/taskinstance.py", line 432, in _execute_callable
    return execute_callable(context=context, **execute_callable_kwargs)
           ^^^^^^^^^^^^^^^^^^^^^^^^^^^^^^^^^^^^^^^^^^^^^^^^^^^^^^^^^^^^
  File "/home/airflow/.local/lib/python3.12/site-packages/airflow/models/baseoperator.py", line 401, in wrapper
    return func(self, *args, **kwargs)
           ^^^^^^^^^^^^^^^^^^^^^^^^^^^
  File "/home/airflow/.local/lib/python3.12/site-packages/airflow/decorators/base.py", line 265, in execute
    return_value = super().execute(context)
                   ^^^^^^^^^^^^^^^^^^^^^^^^
  File "/home/airflow/.local/lib/python3.12/site-packages/airflow/models/baseoperator.py", line 401, in wrapper
    return func(self, *args, **kwargs)
           ^^^^^^^^^^^^^^^^^^^^^^^^^^^
  File "/home/airflow/.local/lib/python3.12/site-packages/airflow/operators/python.py", line 235, in execute
    return_value = self.execute_callable()
                   ^^^^^^^^^^^^^^^^^^^^^^^
  File "/home/airflow/.local/lib/python3.12/site-packages/airflow/operators/python.py", line 252, in execute_callable
    return self.python_callable(*self.op_args, **self.op_kwargs)
           ^^^^^^^^^^^^^^^^^^^^^^^^^^^^^^^^^^^^^^^^^^^^^^^^^^^^^
  File "/opt/airflow/dags/Untitled-1.py", line 127, in extract
    context['ti'].xcom_push(key=f'df_dirty_{rout["bd"]}', value=path)
    ^^^^^^^
NameError: name 'context' is not defined
[2025-07-09T05:47:25.035+0000] {taskinstance.py:1206} INFO - Marking task as UP_FOR_RETRY. dag_id=ETL_airflare_data, task_id=extract, run_id=manual__2025-07-09T05:47:21.836826+00:00, map_index=0, execution_date=20250709T054721, start_date=20250709T054723, end_date=20250709T054725
[2025-07-09T05:47:25.044+0000] {standard_task_runner.py:110} ERROR - Failed to execute job 314 for task extract (name 'context' is not defined; 4372)
[2025-07-09T05:47:25.070+0000] {local_task_job_runner.py:240} INFO - Task exited with return code 1
[2025-07-09T05:47:25.093+0000] {taskinstance.py:3503} INFO - 0 downstream tasks scheduled from follow-on schedule check
[2025-07-09T05:47:25.095+0000] {local_task_job_runner.py:222} INFO - ::endgroup::
