[2025-07-08T12:00:02.476+0000] {local_task_job_runner.py:120} INFO - ::group::Pre task execution logs
[2025-07-08T12:00:02.488+0000] {taskinstance.py:2076} INFO - Dependencies all met for dep_context=non-requeueable deps ti=<TaskInstance: ETL_airflare_data.extract scheduled__2025-07-07T12:00:00+00:00 [queued]>
[2025-07-08T12:00:02.493+0000] {taskinstance.py:2076} INFO - Dependencies all met for dep_context=requeueable deps ti=<TaskInstance: ETL_airflare_data.extract scheduled__2025-07-07T12:00:00+00:00 [queued]>
[2025-07-08T12:00:02.493+0000] {taskinstance.py:2306} INFO - Starting attempt 1 of 3
[2025-07-08T12:00:02.502+0000] {taskinstance.py:2330} INFO - Executing <Task(PythonOperator): extract> on 2025-07-07 12:00:00+00:00
[2025-07-08T12:00:02.510+0000] {warnings.py:112} WARNING - /home/***/.local/lib/python3.12/site-packages/***/task/task_runner/standard_task_runner.py:61: DeprecationWarning: This process (pid=4751) is multi-threaded, use of fork() may lead to deadlocks in the child.
  pid = os.fork()

[2025-07-08T12:00:02.512+0000] {standard_task_runner.py:63} INFO - Started process 4753 to run task
[2025-07-08T12:00:02.511+0000] {standard_task_runner.py:90} INFO - Running: ['***', 'tasks', 'run', 'ETL_airflare_data', 'extract', 'scheduled__2025-07-07T12:00:00+00:00', '--job-id', '237', '--raw', '--subdir', 'DAGS_FOLDER/Untitled-1.py', '--cfg-path', '/tmp/tmpmrty7wws']
[2025-07-08T12:00:02.513+0000] {standard_task_runner.py:91} INFO - Job 237: Subtask extract
[2025-07-08T12:00:02.559+0000] {task_command.py:426} INFO - Running <TaskInstance: ETL_airflare_data.extract scheduled__2025-07-07T12:00:00+00:00 [running]> on host e6a32b72ede0
[2025-07-08T12:00:02.630+0000] {taskinstance.py:2648} INFO - Exporting env vars: AIRFLOW_CTX_DAG_OWNER='***' AIRFLOW_CTX_DAG_ID='ETL_airflare_data' AIRFLOW_CTX_TASK_ID='extract' AIRFLOW_CTX_EXECUTION_DATE='2025-07-07T12:00:00+00:00' AIRFLOW_CTX_TRY_NUMBER='1' AIRFLOW_CTX_DAG_RUN_ID='scheduled__2025-07-07T12:00:00+00:00'
[2025-07-08T12:00:02.631+0000] {taskinstance.py:430} INFO - ::endgroup::
[2025-07-08T12:00:02.645+0000] {Untitled-1.py:84} INFO - Начало извлечения данных
[2025-07-08T12:00:04.164+0000] {Untitled-1.py:21} INFO - Создание подключения к S3
[2025-07-08T12:00:04.165+0000] {Untitled-1.py:26} INFO - Подключение установлено
[2025-07-08T12:00:04.173+0000] {base.py:84} INFO - Using connection ID 'minio' for task execution.
[2025-07-08T12:00:04.173+0000] {connection_wrapper.py:384} INFO - AWS Connection (conn_id='minio', conn_type='aws') credentials retrieved from login and password.
[2025-07-08T12:00:04.572+0000] {Untitled-1.py:32} INFO - Загрузка данных в S3
[2025-07-08T12:00:04.697+0000] {Untitled-1.py:41} INFO - Загрузка завершена успешно
[2025-07-08T12:00:04.698+0000] {Untitled-1.py:95} INFO - Данные успешно сохранены во временное хранилище
[2025-07-08T12:00:04.710+0000] {Untitled-1.py:100} INFO - Данные успешно извлечены и переданы в Xcom
[2025-07-08T12:00:04.711+0000] {python.py:237} INFO - Done. Returned value was: None
[2025-07-08T12:00:04.712+0000] {taskinstance.py:441} INFO - ::group::Post task execution logs
[2025-07-08T12:00:04.719+0000] {taskinstance.py:1206} INFO - Marking task as SUCCESS. dag_id=ETL_airflare_data, task_id=extract, run_id=scheduled__2025-07-07T12:00:00+00:00, execution_date=20250707T120000, start_date=20250708T120002, end_date=20250708T120004
[2025-07-08T12:00:04.771+0000] {local_task_job_runner.py:240} INFO - Task exited with return code 0
[2025-07-08T12:00:04.789+0000] {taskinstance.py:3503} INFO - 1 downstream tasks scheduled from follow-on schedule check
[2025-07-08T12:00:04.791+0000] {local_task_job_runner.py:222} INFO - ::endgroup::
