[2025-07-08T12:00:05.658+0000] {local_task_job_runner.py:120} INFO - ::group::Pre task execution logs
[2025-07-08T12:00:05.669+0000] {taskinstance.py:2076} INFO - Dependencies all met for dep_context=non-requeueable deps ti=<TaskInstance: ETL_airflare_data.transform scheduled__2025-07-07T12:00:00+00:00 [queued]>
[2025-07-08T12:00:05.674+0000] {taskinstance.py:2076} INFO - Dependencies all met for dep_context=requeueable deps ti=<TaskInstance: ETL_airflare_data.transform scheduled__2025-07-07T12:00:00+00:00 [queued]>
[2025-07-08T12:00:05.674+0000] {taskinstance.py:2306} INFO - Starting attempt 1 of 3
[2025-07-08T12:00:05.683+0000] {taskinstance.py:2330} INFO - Executing <Task(PythonOperator): transform> on 2025-07-07 12:00:00+00:00
[2025-07-08T12:00:05.690+0000] {warnings.py:112} WARNING - /home/***/.local/lib/python3.12/site-packages/***/task/task_runner/standard_task_runner.py:61: DeprecationWarning: This process (pid=4756) is multi-threaded, use of fork() may lead to deadlocks in the child.
  pid = os.fork()

[2025-07-08T12:00:05.692+0000] {standard_task_runner.py:63} INFO - Started process 4758 to run task
[2025-07-08T12:00:05.691+0000] {standard_task_runner.py:90} INFO - Running: ['***', 'tasks', 'run', 'ETL_airflare_data', 'transform', 'scheduled__2025-07-07T12:00:00+00:00', '--job-id', '238', '--raw', '--subdir', 'DAGS_FOLDER/Untitled-1.py', '--cfg-path', '/tmp/tmppou0zs97']
[2025-07-08T12:00:05.693+0000] {standard_task_runner.py:91} INFO - Job 238: Subtask transform
[2025-07-08T12:00:05.735+0000] {task_command.py:426} INFO - Running <TaskInstance: ETL_airflare_data.transform scheduled__2025-07-07T12:00:00+00:00 [running]> on host e6a32b72ede0
[2025-07-08T12:00:05.800+0000] {taskinstance.py:2648} INFO - Exporting env vars: AIRFLOW_CTX_DAG_OWNER='***' AIRFLOW_CTX_DAG_ID='ETL_airflare_data' AIRFLOW_CTX_TASK_ID='transform' AIRFLOW_CTX_EXECUTION_DATE='2025-07-07T12:00:00+00:00' AIRFLOW_CTX_TRY_NUMBER='1' AIRFLOW_CTX_DAG_RUN_ID='scheduled__2025-07-07T12:00:00+00:00'
[2025-07-08T12:00:05.801+0000] {taskinstance.py:430} INFO - ::endgroup::
[2025-07-08T12:00:05.818+0000] {Untitled-1.py:109} INFO - Данные приняты из Xcom, начат процесс очистки
[2025-07-08T12:00:05.818+0000] {Untitled-1.py:51} INFO - Создание подключения к S3
[2025-07-08T12:00:05.819+0000] {Untitled-1.py:55} INFO - Подключение установлено, загрузка данных из S3
[2025-07-08T12:00:05.826+0000] {base.py:84} INFO - Using connection ID 'minio' for task execution.
[2025-07-08T12:00:05.827+0000] {connection_wrapper.py:384} INFO - AWS Connection (conn_id='minio', conn_type='aws') credentials retrieved from login and password.
[2025-07-08T12:00:06.005+0000] {Untitled-1.py:61} INFO - Данные выгружены из S3
[2025-07-08T12:00:06.017+0000] {Untitled-1.py:118} INFO - Преобразование завершено, начинается передача DF в S3
[2025-07-08T12:00:06.018+0000] {Untitled-1.py:21} INFO - Создание подключения к S3
[2025-07-08T12:00:06.018+0000] {Untitled-1.py:26} INFO - Подключение установлено
[2025-07-08T12:00:06.024+0000] {base.py:84} INFO - Using connection ID 'minio' for task execution.
[2025-07-08T12:00:06.025+0000] {connection_wrapper.py:384} INFO - AWS Connection (conn_id='minio', conn_type='aws') credentials retrieved from login and password.
[2025-07-08T12:00:06.321+0000] {Untitled-1.py:32} INFO - Загрузка данных в S3
[2025-07-08T12:00:06.443+0000] {Untitled-1.py:41} INFO - Загрузка завершена успешно
[2025-07-08T12:00:06.443+0000] {Untitled-1.py:126} INFO - Данные успешно сохранены в S3, передаю их в Xcom
[2025-07-08T12:00:06.454+0000] {Untitled-1.py:131} INFO - данные успешно очищены и записаны в хранилище
[2025-07-08T12:00:06.455+0000] {python.py:237} INFO - Done. Returned value was: None
[2025-07-08T12:00:06.455+0000] {taskinstance.py:441} INFO - ::group::Post task execution logs
[2025-07-08T12:00:06.462+0000] {taskinstance.py:1206} INFO - Marking task as SUCCESS. dag_id=ETL_airflare_data, task_id=transform, run_id=scheduled__2025-07-07T12:00:00+00:00, execution_date=20250707T120000, start_date=20250708T120005, end_date=20250708T120006
[2025-07-08T12:00:06.507+0000] {local_task_job_runner.py:240} INFO - Task exited with return code 0
[2025-07-08T12:00:06.524+0000] {taskinstance.py:3503} INFO - 1 downstream tasks scheduled from follow-on schedule check
[2025-07-08T12:00:06.526+0000] {local_task_job_runner.py:222} INFO - ::endgroup::
