[2025-07-09T08:23:59.155+0000] {local_task_job_runner.py:120} INFO - ::group::Pre task execution logs
[2025-07-09T08:23:59.194+0000] {taskinstance.py:2076} INFO - Dependencies all met for dep_context=non-requeueable deps ti=<TaskInstance: ETL_airflare_data.transform manual__2025-07-09T08:23:44.067884+00:00 map_index=20 [queued]>
[2025-07-09T08:23:59.212+0000] {taskinstance.py:2076} INFO - Dependencies all met for dep_context=requeueable deps ti=<TaskInstance: ETL_airflare_data.transform manual__2025-07-09T08:23:44.067884+00:00 map_index=20 [queued]>
[2025-07-09T08:23:59.212+0000] {taskinstance.py:2306} INFO - Starting attempt 1 of 3
[2025-07-09T08:23:59.238+0000] {taskinstance.py:2330} INFO - Executing <Mapped(_PythonDecoratedOperator): transform> on 2025-07-09 08:23:44.067884+00:00
[2025-07-09T08:23:59.255+0000] {warnings.py:112} WARNING - /home/***/.local/lib/python3.12/site-packages/***/task/task_runner/standard_task_runner.py:61: DeprecationWarning: This process (pid=8053) is multi-threaded, use of fork() may lead to deadlocks in the child.
  pid = os.fork()

[2025-07-09T08:23:59.258+0000] {standard_task_runner.py:63} INFO - Started process 8090 to run task
[2025-07-09T08:23:59.258+0000] {standard_task_runner.py:90} INFO - Running: ['***', 'tasks', 'run', 'ETL_airflare_data', 'transform', 'manual__2025-07-09T08:23:44.067884+00:00', '--job-id', '739', '--raw', '--subdir', 'DAGS_FOLDER/Untitled-1.py', '--cfg-path', '/tmp/tmp46wx3rs_', '--map-index', '20']
[2025-07-09T08:23:59.260+0000] {standard_task_runner.py:91} INFO - Job 739: Subtask transform
[2025-07-09T08:23:59.363+0000] {task_command.py:426} INFO - Running <TaskInstance: ETL_airflare_data.transform manual__2025-07-09T08:23:44.067884+00:00 map_index=20 [running]> on host e6a32b72ede0
[2025-07-09T08:23:59.548+0000] {taskinstance.py:2648} INFO - Exporting env vars: AIRFLOW_CTX_DAG_OWNER='***' AIRFLOW_CTX_DAG_ID='ETL_airflare_data' AIRFLOW_CTX_TASK_ID='transform' AIRFLOW_CTX_EXECUTION_DATE='2025-07-09T08:23:44.067884+00:00' AIRFLOW_CTX_TRY_NUMBER='1' AIRFLOW_CTX_DAG_RUN_ID='manual__2025-07-09T08:23:44.067884+00:00'
[2025-07-09T08:23:59.550+0000] {taskinstance.py:430} INFO - ::endgroup::
[2025-07-09T08:23:59.556+0000] {Untitled-1.py:160} INFO - Данные приняты из Xcom, начат процесс очистки
[2025-07-09T08:23:59.560+0000] {Untitled-1.py:92} INFO - Создание подключения к S3
[2025-07-09T08:23:59.561+0000] {Untitled-1.py:96} INFO - Подключение установлено, загрузка данных из S3
[2025-07-09T08:23:59.589+0000] {base.py:84} INFO - Using connection ID 'minio' for task execution.
[2025-07-09T08:23:59.590+0000] {connection_wrapper.py:384} INFO - AWS Connection (conn_id='minio', conn_type='aws') credentials retrieved from login and password.
[2025-07-09T08:23:59.829+0000] {Untitled-1.py:102} INFO - Данные выгружены из S3
[2025-07-09T08:23:59.837+0000] {Untitled-1.py:169} INFO - Преобразование завершено, начинается передача DF в S3
[2025-07-09T08:23:59.839+0000] {Untitled-1.py:62} INFO - Создание подключения к S3
[2025-07-09T08:23:59.840+0000] {Untitled-1.py:65} INFO - Подключение установлено
[2025-07-09T08:23:59.852+0000] {base.py:84} INFO - Using connection ID 'minio' for task execution.
[2025-07-09T08:23:59.856+0000] {connection_wrapper.py:384} INFO - AWS Connection (conn_id='minio', conn_type='aws') credentials retrieved from login and password.
[2025-07-09T08:24:00.452+0000] {Untitled-1.py:71} INFO - Загрузка данных в S3
[2025-07-09T08:24:00.788+0000] {Untitled-1.py:82} INFO - Загрузка завершена успешно
[2025-07-09T08:24:00.791+0000] {Untitled-1.py:177} INFO - Данные успешно сохранены в S3, передаю их в Xcom
[2025-07-09T08:24:00.791+0000] {Untitled-1.py:179} INFO - данные успешно очищены и записаны в хранилище
[2025-07-09T08:24:00.792+0000] {python.py:237} INFO - Done. Returned value was: {'path': {'bucket': 'airflare', 'key': 'temp/df_IKT_SGN.json'}, 'rout': {'origin': 'IKT', 'destination': 'SGN', 'bd': 'Иркутск_Хошимин_outbound'}}
[2025-07-09T08:24:00.792+0000] {taskinstance.py:441} INFO - ::group::Post task execution logs
[2025-07-09T08:24:00.818+0000] {taskinstance.py:1206} INFO - Marking task as SUCCESS. dag_id=ETL_airflare_data, task_id=transform, run_id=manual__2025-07-09T08:23:44.067884+00:00, map_index=20, execution_date=20250709T082344, start_date=20250709T082359, end_date=20250709T082400
[2025-07-09T08:24:00.894+0000] {local_task_job_runner.py:240} INFO - Task exited with return code 0
[2025-07-09T08:24:00.903+0000] {local_task_job_runner.py:222} INFO - ::endgroup::
