[2025-07-09T06:31:08.425+0000] {local_task_job_runner.py:120} INFO - ::group::Pre task execution logs
[2025-07-09T06:31:08.440+0000] {taskinstance.py:2076} INFO - Dependencies all met for dep_context=non-requeueable deps ti=<TaskInstance: ETL_airflare_data.extract manual__2025-07-09T06:31:07.244517+00:00 map_index=0 [queued]>
[2025-07-09T06:31:08.446+0000] {taskinstance.py:2076} INFO - Dependencies all met for dep_context=requeueable deps ti=<TaskInstance: ETL_airflare_data.extract manual__2025-07-09T06:31:07.244517+00:00 map_index=0 [queued]>
[2025-07-09T06:31:08.446+0000] {taskinstance.py:2306} INFO - Starting attempt 1 of 3
[2025-07-09T06:31:08.455+0000] {taskinstance.py:2330} INFO - Executing <Mapped(_PythonDecoratedOperator): extract> on 2025-07-09 06:31:07.244517+00:00
[2025-07-09T06:31:08.465+0000] {standard_task_runner.py:90} INFO - Running: ['***', 'tasks', 'run', 'ETL_airflare_data', 'extract', 'manual__2025-07-09T06:31:07.244517+00:00', '--job-id', '487', '--raw', '--subdir', 'DAGS_FOLDER/Untitled-1.py', '--cfg-path', '/tmp/tmpt3929bk0', '--map-index', '0']
[2025-07-09T06:31:08.463+0000] {warnings.py:112} WARNING - /home/***/.local/lib/python3.12/site-packages/***/task/task_runner/standard_task_runner.py:61: DeprecationWarning: This process (pid=5539) is multi-threaded, use of fork() may lead to deadlocks in the child.
  pid = os.fork()

[2025-07-09T06:31:08.466+0000] {standard_task_runner.py:91} INFO - Job 487: Subtask extract
[2025-07-09T06:31:08.466+0000] {standard_task_runner.py:63} INFO - Started process 5544 to run task
[2025-07-09T06:31:08.512+0000] {task_command.py:426} INFO - Running <TaskInstance: ETL_airflare_data.extract manual__2025-07-09T06:31:07.244517+00:00 map_index=0 [running]> on host e6a32b72ede0
[2025-07-09T06:31:08.594+0000] {taskinstance.py:2648} INFO - Exporting env vars: AIRFLOW_CTX_DAG_OWNER='***' AIRFLOW_CTX_DAG_ID='ETL_airflare_data' AIRFLOW_CTX_TASK_ID='extract' AIRFLOW_CTX_EXECUTION_DATE='2025-07-09T06:31:07.244517+00:00' AIRFLOW_CTX_TRY_NUMBER='1' AIRFLOW_CTX_DAG_RUN_ID='manual__2025-07-09T06:31:07.244517+00:00'
[2025-07-09T06:31:08.596+0000] {taskinstance.py:430} INFO - ::endgroup::
[2025-07-09T06:31:08.597+0000] {Untitled-1.py:111} INFO - Начало извлечения данных для направления IKT-HKT
[2025-07-09T06:31:09.491+0000] {Untitled-1.py:26} INFO - Создание подключения к S3
[2025-07-09T06:31:09.492+0000] {Untitled-1.py:31} INFO - Подключение установлено
[2025-07-09T06:31:09.500+0000] {base.py:84} INFO - Using connection ID 'minio' for task execution.
[2025-07-09T06:31:09.500+0000] {connection_wrapper.py:384} INFO - AWS Connection (conn_id='minio', conn_type='aws') credentials retrieved from login and password.
[2025-07-09T06:31:09.839+0000] {Untitled-1.py:37} INFO - Загрузка данных в S3
[2025-07-09T06:31:09.993+0000] {Untitled-1.py:48} INFO - Загрузка завершена успешно
[2025-07-09T06:31:09.994+0000] {Untitled-1.py:124} INFO - Данные успешно сохранены во временное хранилище
[2025-07-09T06:31:09.995+0000] {Untitled-1.py:128} INFO - Данные успешно извлечены и переданы в Xcom
[2025-07-09T06:31:09.996+0000] {python.py:237} INFO - Done. Returned value was: {'bucket': 'airflare', 'key': 'temp/response_IKT_HKT.json'}
[2025-07-09T06:31:09.997+0000] {taskinstance.py:441} INFO - ::group::Post task execution logs
[2025-07-09T06:31:10.016+0000] {taskinstance.py:1206} INFO - Marking task as SUCCESS. dag_id=ETL_airflare_data, task_id=extract, run_id=manual__2025-07-09T06:31:07.244517+00:00, map_index=0, execution_date=20250709T063107, start_date=20250709T063108, end_date=20250709T063110
[2025-07-09T06:31:10.044+0000] {local_task_job_runner.py:240} INFO - Task exited with return code 0
[2025-07-09T06:31:10.066+0000] {taskinstance.py:3503} INFO - 0 downstream tasks scheduled from follow-on schedule check
[2025-07-09T06:31:10.067+0000] {local_task_job_runner.py:222} INFO - ::endgroup::
