[2025-07-09T05:30:50.976+0000] {local_task_job_runner.py:120} INFO - ::group::Pre task execution logs
[2025-07-09T05:30:50.992+0000] {taskinstance.py:2076} INFO - Dependencies all met for dep_context=non-requeueable deps ti=<TaskInstance: ETL_airflare_data.extract manual__2025-07-09T05:30:49.061743+00:00 map_index=0 [queued]>
[2025-07-09T05:30:50.997+0000] {taskinstance.py:2076} INFO - Dependencies all met for dep_context=requeueable deps ti=<TaskInstance: ETL_airflare_data.extract manual__2025-07-09T05:30:49.061743+00:00 map_index=0 [queued]>
[2025-07-09T05:30:50.998+0000] {taskinstance.py:2306} INFO - Starting attempt 1 of 3
[2025-07-09T05:30:51.008+0000] {taskinstance.py:2330} INFO - Executing <Mapped(_PythonDecoratedOperator): extract> on 2025-07-09 05:30:49.061743+00:00
[2025-07-09T05:30:51.016+0000] {warnings.py:112} WARNING - /home/***/.local/lib/python3.12/site-packages/***/task/task_runner/standard_task_runner.py:61: DeprecationWarning: This process (pid=4020) is multi-threaded, use of fork() may lead to deadlocks in the child.
  pid = os.fork()

[2025-07-09T05:30:51.018+0000] {standard_task_runner.py:63} INFO - Started process 4024 to run task
[2025-07-09T05:30:51.018+0000] {standard_task_runner.py:90} INFO - Running: ['***', 'tasks', 'run', 'ETL_airflare_data', 'extract', 'manual__2025-07-09T05:30:49.061743+00:00', '--job-id', '277', '--raw', '--subdir', 'DAGS_FOLDER/Untitled-1.py', '--cfg-path', '/tmp/tmph9phkx7m', '--map-index', '0']
[2025-07-09T05:30:51.019+0000] {standard_task_runner.py:91} INFO - Job 277: Subtask extract
[2025-07-09T05:30:51.075+0000] {task_command.py:426} INFO - Running <TaskInstance: ETL_airflare_data.extract manual__2025-07-09T05:30:49.061743+00:00 map_index=0 [running]> on host e6a32b72ede0
[2025-07-09T05:30:51.158+0000] {taskinstance.py:2648} INFO - Exporting env vars: AIRFLOW_CTX_DAG_OWNER='***' AIRFLOW_CTX_DAG_ID='ETL_airflare_data' AIRFLOW_CTX_TASK_ID='extract' AIRFLOW_CTX_EXECUTION_DATE='2025-07-09T05:30:49.061743+00:00' AIRFLOW_CTX_TRY_NUMBER='1' AIRFLOW_CTX_DAG_RUN_ID='manual__2025-07-09T05:30:49.061743+00:00'
[2025-07-09T05:30:51.160+0000] {taskinstance.py:430} INFO - ::endgroup::
[2025-07-09T05:30:51.160+0000] {Untitled-1.py:111} INFO - Начало извлечения данных для направления IKT-HKT
[2025-07-09T05:30:52.306+0000] {Untitled-1.py:26} INFO - Создание подключения к S3
[2025-07-09T05:30:52.307+0000] {Untitled-1.py:31} INFO - Подключение установлено
[2025-07-09T05:30:52.316+0000] {base.py:84} INFO - Using connection ID 'minio' for task execution.
[2025-07-09T05:30:52.317+0000] {connection_wrapper.py:384} INFO - AWS Connection (conn_id='minio', conn_type='aws') credentials retrieved from login and password.
[2025-07-09T05:30:52.681+0000] {Untitled-1.py:37} INFO - Загрузка данных в S3
[2025-07-09T05:30:52.873+0000] {Untitled-1.py:48} INFO - Загрузка завершена успешно
[2025-07-09T05:30:52.875+0000] {Untitled-1.py:124} INFO - Данные успешно сохранены во временное хранилище
[2025-07-09T05:30:52.889+0000] {Untitled-1.py:129} INFO - Данные успешно извлечены и переданы в Xcom
[2025-07-09T05:30:52.892+0000] {python.py:237} INFO - Done. Returned value was: None
[2025-07-09T05:30:52.894+0000] {taskinstance.py:441} INFO - ::group::Post task execution logs
[2025-07-09T05:30:52.904+0000] {taskinstance.py:1206} INFO - Marking task as SUCCESS. dag_id=ETL_airflare_data, task_id=extract, run_id=manual__2025-07-09T05:30:49.061743+00:00, map_index=0, execution_date=20250709T053049, start_date=20250709T053050, end_date=20250709T053052
[2025-07-09T05:30:52.958+0000] {local_task_job_runner.py:240} INFO - Task exited with return code 0
[2025-07-09T05:30:52.992+0000] {taskinstance.py:3503} INFO - 0 downstream tasks scheduled from follow-on schedule check
[2025-07-09T05:30:52.995+0000] {local_task_job_runner.py:222} INFO - ::endgroup::
