[2025-07-09T07:27:11.823+0000] {local_task_job_runner.py:120} INFO - ::group::Pre task execution logs
[2025-07-09T07:27:11.850+0000] {taskinstance.py:2076} INFO - Dependencies all met for dep_context=non-requeueable deps ti=<TaskInstance: ETL_airflare_data.load scheduled__2025-07-07T12:00:00+00:00 map_index=2 [queued]>
[2025-07-09T07:27:11.858+0000] {taskinstance.py:2076} INFO - Dependencies all met for dep_context=requeueable deps ti=<TaskInstance: ETL_airflare_data.load scheduled__2025-07-07T12:00:00+00:00 map_index=2 [queued]>
[2025-07-09T07:27:11.858+0000] {taskinstance.py:2306} INFO - Starting attempt 1 of 3
[2025-07-09T07:27:11.872+0000] {taskinstance.py:2330} INFO - Executing <Mapped(_PythonDecoratedOperator): load> on 2025-07-07 12:00:00+00:00
[2025-07-09T07:27:11.883+0000] {warnings.py:112} WARNING - /home/***/.local/lib/python3.12/site-packages/***/task/task_runner/standard_task_runner.py:61: DeprecationWarning: This process (pid=6693) is multi-threaded, use of fork() may lead to deadlocks in the child.
  pid = os.fork()

[2025-07-09T07:27:11.885+0000] {standard_task_runner.py:63} INFO - Started process 6707 to run task
[2025-07-09T07:27:11.885+0000] {standard_task_runner.py:90} INFO - Running: ['***', 'tasks', 'run', 'ETL_airflare_data', 'load', 'scheduled__2025-07-07T12:00:00+00:00', '--job-id', '590', '--raw', '--subdir', 'DAGS_FOLDER/Untitled-1.py', '--cfg-path', '/tmp/tmpvix_c7mx', '--map-index', '2']
[2025-07-09T07:27:11.887+0000] {standard_task_runner.py:91} INFO - Job 590: Subtask load
[2025-07-09T07:27:11.976+0000] {task_command.py:426} INFO - Running <TaskInstance: ETL_airflare_data.load scheduled__2025-07-07T12:00:00+00:00 map_index=2 [running]> on host e6a32b72ede0
[2025-07-09T07:27:12.088+0000] {taskinstance.py:2648} INFO - Exporting env vars: AIRFLOW_CTX_DAG_OWNER='***' AIRFLOW_CTX_DAG_ID='ETL_airflare_data' AIRFLOW_CTX_TASK_ID='load' AIRFLOW_CTX_EXECUTION_DATE='2025-07-07T12:00:00+00:00' AIRFLOW_CTX_TRY_NUMBER='1' AIRFLOW_CTX_DAG_RUN_ID='scheduled__2025-07-07T12:00:00+00:00'
[2025-07-09T07:27:12.090+0000] {taskinstance.py:430} INFO - ::endgroup::
[2025-07-09T07:27:12.091+0000] {Untitled-1.py:165} INFO - Данные из Xcom успешно выгружены, начинаю выгружать данные из S3
[2025-07-09T07:27:12.092+0000] {Untitled-1.py:71} INFO - Создание подключения к S3
[2025-07-09T07:27:12.092+0000] {Untitled-1.py:75} INFO - Подключение установлено, загрузка данных из S3
[2025-07-09T07:27:12.102+0000] {base.py:84} INFO - Using connection ID 'minio' for task execution.
[2025-07-09T07:27:12.104+0000] {connection_wrapper.py:384} INFO - AWS Connection (conn_id='minio', conn_type='aws') credentials retrieved from login and password.
[2025-07-09T07:27:12.267+0000] {Untitled-1.py:81} INFO - Данные выгружены из S3
[2025-07-09T07:27:12.272+0000] {Untitled-1.py:175} INFO - Данные получены из хранилища, начат процесс отправки в БД
[2025-07-09T07:27:12.283+0000] {base.py:84} INFO - Using connection ID 'postgres_airfare' for task execution.
[2025-07-09T07:27:12.285+0000] {Untitled-1.py:183} INFO - Размер DataFrame: (247, 9)
[2025-07-09T07:27:12.287+0000] {Untitled-1.py:185} INFO - Типы данных:
depart_date          object
origin               object
destination          object
trip_class            int64
value                 int64
gate                 object
duration              int64
distance              int64
number_of_changes     int64
dtype: object
[2025-07-09T07:27:12.288+0000] {Untitled-1.py:187} INFO - Связь с БД установлена
[2025-07-09T07:27:12.357+0000] {Untitled-1.py:194} INFO - процесс ETL успешно завершен, данные загружены в БД
[2025-07-09T07:27:12.358+0000] {python.py:237} INFO - Done. Returned value was: None
[2025-07-09T07:27:12.360+0000] {taskinstance.py:441} INFO - ::group::Post task execution logs
[2025-07-09T07:27:12.376+0000] {taskinstance.py:1206} INFO - Marking task as SUCCESS. dag_id=ETL_airflare_data, task_id=load, run_id=scheduled__2025-07-07T12:00:00+00:00, map_index=2, execution_date=20250707T120000, start_date=20250709T072711, end_date=20250709T072712
[2025-07-09T07:27:12.462+0000] {local_task_job_runner.py:240} INFO - Task exited with return code 0
[2025-07-09T07:27:12.474+0000] {local_task_job_runner.py:222} INFO - ::endgroup::
[2025-07-09T11:25:16.362+0000] {local_task_job_runner.py:120} INFO - ::group::Pre task execution logs
[2025-07-09T11:25:16.404+0000] {taskinstance.py:2076} INFO - Dependencies all met for dep_context=non-requeueable deps ti=<TaskInstance: ETL_airflare_data.load scheduled__2025-07-07T12:00:00+00:00 map_index=2 [queued]>
[2025-07-09T11:25:16.424+0000] {taskinstance.py:2076} INFO - Dependencies all met for dep_context=requeueable deps ti=<TaskInstance: ETL_airflare_data.load scheduled__2025-07-07T12:00:00+00:00 map_index=2 [queued]>
[2025-07-09T11:25:16.425+0000] {taskinstance.py:2306} INFO - Starting attempt 1 of 3
[2025-07-09T11:25:16.445+0000] {taskinstance.py:2330} INFO - Executing <Mapped(_PythonDecoratedOperator): load> on 2025-07-07 12:00:00+00:00
[2025-07-09T11:25:16.464+0000] {warnings.py:112} WARNING - /home/***/.local/lib/python3.12/site-packages/***/task/task_runner/standard_task_runner.py:61: DeprecationWarning: This process (pid=21639) is multi-threaded, use of fork() may lead to deadlocks in the child.
  pid = os.fork()

[2025-07-09T11:25:16.470+0000] {standard_task_runner.py:63} INFO - Started process 21672 to run task
[2025-07-09T11:25:16.467+0000] {standard_task_runner.py:90} INFO - Running: ['***', 'tasks', 'run', 'ETL_airflare_data', 'load', 'scheduled__2025-07-07T12:00:00+00:00', '--job-id', '3347', '--raw', '--subdir', 'DAGS_FOLDER/Untitled-1.py', '--cfg-path', '/tmp/tmphfxhcyup', '--map-index', '2']
[2025-07-09T11:25:16.476+0000] {standard_task_runner.py:91} INFO - Job 3347: Subtask load
[2025-07-09T11:25:16.583+0000] {task_command.py:426} INFO - Running <TaskInstance: ETL_airflare_data.load scheduled__2025-07-07T12:00:00+00:00 map_index=2 [running]> on host e6a32b72ede0
[2025-07-09T11:25:16.763+0000] {taskinstance.py:2648} INFO - Exporting env vars: AIRFLOW_CTX_DAG_OWNER='***' AIRFLOW_CTX_DAG_ID='ETL_airflare_data' AIRFLOW_CTX_TASK_ID='load' AIRFLOW_CTX_EXECUTION_DATE='2025-07-07T12:00:00+00:00' AIRFLOW_CTX_TRY_NUMBER='1' AIRFLOW_CTX_DAG_RUN_ID='scheduled__2025-07-07T12:00:00+00:00'
[2025-07-09T11:25:16.765+0000] {taskinstance.py:430} INFO - ::endgroup::
[2025-07-09T11:25:16.765+0000] {Untitled-1.py:70} INFO - Создание подключения к S3
[2025-07-09T11:25:16.781+0000] {base.py:84} INFO - Using connection ID 'minio' for task execution.
[2025-07-09T11:25:16.783+0000] {connection_wrapper.py:384} INFO - AWS Connection (conn_id='minio', conn_type='aws') credentials retrieved from login and password.
[2025-07-09T11:25:17.405+0000] {Untitled-1.py:77} INFO - Подключение установлено
[2025-07-09T11:25:17.405+0000] {Untitled-1.py:81} INFO - Подключение установлено, загрузка данных из S3
[2025-07-09T11:25:17.652+0000] {Untitled-1.py:87} INFO - Данные выгружены из S3
[2025-07-09T11:25:17.654+0000] {Untitled-1.py:181} INFO - Данные получены из хранилища, начат процесс отправки в БД
[2025-07-09T11:25:17.672+0000] {base.py:84} INFO - Using connection ID 'postgres_airfare' for task execution.
[2025-07-09T11:25:17.674+0000] {Untitled-1.py:189} INFO - Проверяю подключение к postgres
[2025-07-09T11:25:17.684+0000] {base.py:84} INFO - Using connection ID 'postgres_airfare' for task execution.
[2025-07-09T11:25:17.699+0000] {logging_mixin.py:188} INFO - Соединение с PostgreSQL успешно. Результат запроса: (1,)
[2025-07-09T11:25:17.700+0000] {Untitled-1.py:203} INFO - Размер DataFrame: (247, 10)
[2025-07-09T11:25:17.702+0000] {Untitled-1.py:205} INFO - Типы данных:
depart_date           object
origin                object
destination           object
trip_class             int64
value                  int64
gate                  object
duration               int64
distance               int64
number_of_changes      int64
date_of_extraction    object
dtype: object
[2025-07-09T11:25:17.750+0000] {Untitled-1.py:213} INFO - процесс ETL успешно завершен, данные загружены в БД
[2025-07-09T11:25:17.751+0000] {python.py:237} INFO - Done. Returned value was: None
[2025-07-09T11:25:17.753+0000] {taskinstance.py:441} INFO - ::group::Post task execution logs
[2025-07-09T11:25:17.766+0000] {taskinstance.py:1206} INFO - Marking task as SUCCESS. dag_id=ETL_airflare_data, task_id=load, run_id=scheduled__2025-07-07T12:00:00+00:00, map_index=2, execution_date=20250707T120000, start_date=20250709T112516, end_date=20250709T112517
[2025-07-09T11:25:17.840+0000] {local_task_job_runner.py:240} INFO - Task exited with return code 0
[2025-07-09T11:25:17.864+0000] {taskinstance.py:3503} INFO - 0 downstream tasks scheduled from follow-on schedule check
[2025-07-09T11:25:17.866+0000] {local_task_job_runner.py:222} INFO - ::endgroup::
[2025-07-09T11:29:14.099+0000] {local_task_job_runner.py:120} INFO - ::group::Pre task execution logs
[2025-07-09T11:29:14.153+0000] {taskinstance.py:2076} INFO - Dependencies all met for dep_context=non-requeueable deps ti=<TaskInstance: ETL_airflare_data.load scheduled__2025-07-07T12:00:00+00:00 map_index=2 [queued]>
[2025-07-09T11:29:14.178+0000] {taskinstance.py:2076} INFO - Dependencies all met for dep_context=requeueable deps ti=<TaskInstance: ETL_airflare_data.load scheduled__2025-07-07T12:00:00+00:00 map_index=2 [queued]>
[2025-07-09T11:29:14.180+0000] {taskinstance.py:2306} INFO - Starting attempt 1 of 3
[2025-07-09T11:29:14.211+0000] {taskinstance.py:2330} INFO - Executing <Mapped(_PythonDecoratedOperator): load> on 2025-07-07 12:00:00+00:00
[2025-07-09T11:29:14.237+0000] {warnings.py:112} WARNING - /home/***/.local/lib/python3.12/site-packages/***/task/task_runner/standard_task_runner.py:61: DeprecationWarning: This process (pid=22246) is multi-threaded, use of fork() may lead to deadlocks in the child.
  pid = os.fork()

[2025-07-09T11:29:14.254+0000] {standard_task_runner.py:63} INFO - Started process 22282 to run task
[2025-07-09T11:29:14.254+0000] {standard_task_runner.py:90} INFO - Running: ['***', 'tasks', 'run', 'ETL_airflare_data', 'load', 'scheduled__2025-07-07T12:00:00+00:00', '--job-id', '3492', '--raw', '--subdir', 'DAGS_FOLDER/Untitled-1.py', '--cfg-path', '/tmp/tmpjirjn410', '--map-index', '2']
[2025-07-09T11:29:14.257+0000] {standard_task_runner.py:91} INFO - Job 3492: Subtask load
[2025-07-09T11:29:14.429+0000] {task_command.py:426} INFO - Running <TaskInstance: ETL_airflare_data.load scheduled__2025-07-07T12:00:00+00:00 map_index=2 [running]> on host e6a32b72ede0
[2025-07-09T11:29:14.651+0000] {taskinstance.py:2648} INFO - Exporting env vars: AIRFLOW_CTX_DAG_OWNER='***' AIRFLOW_CTX_DAG_ID='ETL_airflare_data' AIRFLOW_CTX_TASK_ID='load' AIRFLOW_CTX_EXECUTION_DATE='2025-07-07T12:00:00+00:00' AIRFLOW_CTX_TRY_NUMBER='1' AIRFLOW_CTX_DAG_RUN_ID='scheduled__2025-07-07T12:00:00+00:00'
[2025-07-09T11:29:14.656+0000] {taskinstance.py:430} INFO - ::endgroup::
[2025-07-09T11:29:14.657+0000] {Untitled-1.py:70} INFO - Создание подключения к S3
[2025-07-09T11:29:14.679+0000] {base.py:84} INFO - Using connection ID 'minio' for task execution.
[2025-07-09T11:29:14.683+0000] {connection_wrapper.py:384} INFO - AWS Connection (conn_id='minio', conn_type='aws') credentials retrieved from login and password.
[2025-07-09T11:29:15.648+0000] {Untitled-1.py:77} INFO - Подключение установлено
[2025-07-09T11:29:15.650+0000] {Untitled-1.py:81} INFO - Подключение установлено, загрузка данных из S3
[2025-07-09T11:29:15.904+0000] {Untitled-1.py:87} INFO - Данные выгружены из S3
[2025-07-09T11:29:15.906+0000] {Untitled-1.py:181} INFO - Данные получены из хранилища, начат процесс отправки в БД
[2025-07-09T11:29:15.925+0000] {base.py:84} INFO - Using connection ID 'postgres_airfare' for task execution.
[2025-07-09T11:29:15.927+0000] {Untitled-1.py:189} INFO - Проверяю подключение к postgres
[2025-07-09T11:29:15.938+0000] {base.py:84} INFO - Using connection ID 'postgres_airfare' for task execution.
[2025-07-09T11:29:15.950+0000] {logging_mixin.py:188} INFO - Соединение с PostgreSQL успешно. Результат запроса: (1,)
[2025-07-09T11:29:15.951+0000] {Untitled-1.py:203} INFO - Размер DataFrame: (246, 10)
[2025-07-09T11:29:15.956+0000] {Untitled-1.py:205} INFO - Типы данных:
depart_date           object
origin                object
destination           object
trip_class             int64
value                  int64
gate                  object
duration               int64
distance               int64
number_of_changes      int64
date_of_extraction    object
dtype: object
[2025-07-09T11:29:16.000+0000] {Untitled-1.py:213} INFO - процесс ETL успешно завершен, данные загружены в БД
[2025-07-09T11:29:16.001+0000] {python.py:237} INFO - Done. Returned value was: None
[2025-07-09T11:29:16.002+0000] {taskinstance.py:441} INFO - ::group::Post task execution logs
[2025-07-09T11:29:16.013+0000] {taskinstance.py:1206} INFO - Marking task as SUCCESS. dag_id=ETL_airflare_data, task_id=load, run_id=scheduled__2025-07-07T12:00:00+00:00, map_index=2, execution_date=20250707T120000, start_date=20250709T112914, end_date=20250709T112916
[2025-07-09T11:29:16.066+0000] {local_task_job_runner.py:240} INFO - Task exited with return code 0
[2025-07-09T11:29:16.081+0000] {taskinstance.py:3503} INFO - 0 downstream tasks scheduled from follow-on schedule check
[2025-07-09T11:29:16.082+0000] {local_task_job_runner.py:222} INFO - ::endgroup::
