[2025-07-07T09:09:27.420+0000] {local_task_job_runner.py:120} INFO - ::group::Pre task execution logs
[2025-07-07T09:09:27.432+0000] {taskinstance.py:2076} INFO - Dependencies all met for dep_context=non-requeueable deps ti=<TaskInstance: ETL_airflare_data.transform manual__2025-07-07T09:09:23.241582+00:00 [queued]>
[2025-07-07T09:09:27.437+0000] {taskinstance.py:2076} INFO - Dependencies all met for dep_context=requeueable deps ti=<TaskInstance: ETL_airflare_data.transform manual__2025-07-07T09:09:23.241582+00:00 [queued]>
[2025-07-07T09:09:27.437+0000] {taskinstance.py:2306} INFO - Starting attempt 1 of 3
[2025-07-07T09:09:27.446+0000] {taskinstance.py:2330} INFO - Executing <Task(PythonOperator): transform> on 2025-07-07 09:09:23.241582+00:00
[2025-07-07T09:09:27.454+0000] {warnings.py:112} WARNING - /home/***/.local/lib/python3.12/site-packages/***/task/task_runner/standard_task_runner.py:61: DeprecationWarning: This process (pid=690) is multi-threaded, use of fork() may lead to deadlocks in the child.
  pid = os.fork()

[2025-07-07T09:09:27.456+0000] {standard_task_runner.py:63} INFO - Started process 692 to run task
[2025-07-07T09:09:27.456+0000] {standard_task_runner.py:90} INFO - Running: ['***', 'tasks', 'run', 'ETL_airflare_data', 'transform', 'manual__2025-07-07T09:09:23.241582+00:00', '--job-id', '139', '--raw', '--subdir', 'DAGS_FOLDER/Untitled-1.py', '--cfg-path', '/tmp/tmp1io5ci36']
[2025-07-07T09:09:27.458+0000] {standard_task_runner.py:91} INFO - Job 139: Subtask transform
[2025-07-07T09:09:27.499+0000] {task_command.py:426} INFO - Running <TaskInstance: ETL_airflare_data.transform manual__2025-07-07T09:09:23.241582+00:00 [running]> on host e6a32b72ede0
[2025-07-07T09:09:27.563+0000] {taskinstance.py:2648} INFO - Exporting env vars: AIRFLOW_CTX_DAG_OWNER='***' AIRFLOW_CTX_DAG_ID='ETL_airflare_data' AIRFLOW_CTX_TASK_ID='transform' AIRFLOW_CTX_EXECUTION_DATE='2025-07-07T09:09:23.241582+00:00' AIRFLOW_CTX_TRY_NUMBER='1' AIRFLOW_CTX_DAG_RUN_ID='manual__2025-07-07T09:09:23.241582+00:00'
[2025-07-07T09:09:27.564+0000] {taskinstance.py:430} INFO - ::endgroup::
[2025-07-07T09:09:27.583+0000] {Untitled-1.py:96} INFO - Данные приняты из Xcom, начат процесс очистки
[2025-07-07T09:09:27.583+0000] {Untitled-1.py:43} INFO - Создание подключения к S3
[2025-07-07T09:09:27.584+0000] {Untitled-1.py:46} INFO - Подключение установлено, загрузка данных из S3
[2025-07-07T09:09:27.591+0000] {base.py:84} INFO - Using connection ID 'minio' for task execution.
[2025-07-07T09:09:27.592+0000] {connection_wrapper.py:384} INFO - AWS Connection (conn_id='minio', conn_type='aws') credentials retrieved from login and password.
[2025-07-07T09:09:27.782+0000] {Untitled-1.py:51} INFO - Данные выгружены из S3
[2025-07-07T09:09:27.788+0000] {Untitled-1.py:104} INFO - Преобразование завершено, начинается передача DF в S3
[2025-07-07T09:09:27.789+0000] {Untitled-1.py:17} INFO - Создание подключения к S3
[2025-07-07T09:09:27.789+0000] {Untitled-1.py:21} INFO - Подключение установлено
[2025-07-07T09:09:27.796+0000] {base.py:84} INFO - Using connection ID 'minio' for task execution.
[2025-07-07T09:09:27.796+0000] {connection_wrapper.py:384} INFO - AWS Connection (conn_id='minio', conn_type='aws') credentials retrieved from login and password.
[2025-07-07T09:09:28.113+0000] {Untitled-1.py:26} INFO - Загрузка данных в S3
[2025-07-07T09:09:28.232+0000] {Untitled-1.py:35} INFO - Загрузка завершена успешно
[2025-07-07T09:09:28.233+0000] {Untitled-1.py:110} INFO - Данные успешно сохранены в S3, передаю их в Xcom
[2025-07-07T09:09:28.246+0000] {Untitled-1.py:114} INFO - данные успешно очищены и записаны в хранилище
[2025-07-07T09:09:28.246+0000] {python.py:237} INFO - Done. Returned value was: None
[2025-07-07T09:09:28.246+0000] {taskinstance.py:441} INFO - ::group::Post task execution logs
[2025-07-07T09:09:28.253+0000] {taskinstance.py:1206} INFO - Marking task as SUCCESS. dag_id=ETL_airflare_data, task_id=transform, run_id=manual__2025-07-07T09:09:23.241582+00:00, execution_date=20250707T090923, start_date=20250707T090927, end_date=20250707T090928
[2025-07-07T09:09:28.311+0000] {local_task_job_runner.py:240} INFO - Task exited with return code 0
[2025-07-07T09:09:28.328+0000] {taskinstance.py:3503} INFO - 1 downstream tasks scheduled from follow-on schedule check
[2025-07-07T09:09:28.329+0000] {local_task_job_runner.py:222} INFO - ::endgroup::
