[2025-07-07T09:50:28.896+0000] {local_task_job_runner.py:120} INFO - ::group::Pre task execution logs
[2025-07-07T09:50:28.909+0000] {taskinstance.py:2076} INFO - Dependencies all met for dep_context=non-requeueable deps ti=<TaskInstance: ETL_airflare_data.load manual__2025-07-07T09:50:22.187868+00:00 [queued]>
[2025-07-07T09:50:28.914+0000] {taskinstance.py:2076} INFO - Dependencies all met for dep_context=requeueable deps ti=<TaskInstance: ETL_airflare_data.load manual__2025-07-07T09:50:22.187868+00:00 [queued]>
[2025-07-07T09:50:28.914+0000] {taskinstance.py:2306} INFO - Starting attempt 1 of 3
[2025-07-07T09:50:28.924+0000] {taskinstance.py:2330} INFO - Executing <Task(PythonOperator): load> on 2025-07-07 09:50:22.187868+00:00
[2025-07-07T09:50:28.931+0000] {warnings.py:112} WARNING - /home/***/.local/lib/python3.12/site-packages/***/task/task_runner/standard_task_runner.py:61: DeprecationWarning: This process (pid=1460) is multi-threaded, use of fork() may lead to deadlocks in the child.
  pid = os.fork()

[2025-07-07T09:50:28.933+0000] {standard_task_runner.py:63} INFO - Started process 1462 to run task
[2025-07-07T09:50:28.933+0000] {standard_task_runner.py:90} INFO - Running: ['***', 'tasks', 'run', 'ETL_airflare_data', 'load', 'manual__2025-07-07T09:50:22.187868+00:00', '--job-id', '197', '--raw', '--subdir', 'DAGS_FOLDER/Untitled-1.py', '--cfg-path', '/tmp/tmply6v2ohy']
[2025-07-07T09:50:28.935+0000] {standard_task_runner.py:91} INFO - Job 197: Subtask load
[2025-07-07T09:50:28.977+0000] {task_command.py:426} INFO - Running <TaskInstance: ETL_airflare_data.load manual__2025-07-07T09:50:22.187868+00:00 [running]> on host e6a32b72ede0
[2025-07-07T09:50:29.050+0000] {taskinstance.py:2648} INFO - Exporting env vars: AIRFLOW_CTX_DAG_OWNER='***' AIRFLOW_CTX_DAG_ID='ETL_airflare_data' AIRFLOW_CTX_TASK_ID='load' AIRFLOW_CTX_EXECUTION_DATE='2025-07-07T09:50:22.187868+00:00' AIRFLOW_CTX_TRY_NUMBER='1' AIRFLOW_CTX_DAG_RUN_ID='manual__2025-07-07T09:50:22.187868+00:00'
[2025-07-07T09:50:29.052+0000] {taskinstance.py:430} INFO - ::endgroup::
[2025-07-07T09:50:29.071+0000] {Untitled-1.py:123} INFO - Данные из Xcom успешно выгружены, начинаю выгружать данные из S3
[2025-07-07T09:50:29.073+0000] {Untitled-1.py:45} INFO - Создание подключения к S3
[2025-07-07T09:50:29.074+0000] {Untitled-1.py:48} INFO - Подключение установлено, загрузка данных из S3
[2025-07-07T09:50:29.081+0000] {base.py:84} INFO - Using connection ID 'minio' for task execution.
[2025-07-07T09:50:29.083+0000] {connection_wrapper.py:384} INFO - AWS Connection (conn_id='minio', conn_type='aws') credentials retrieved from login and password.
[2025-07-07T09:50:29.256+0000] {Untitled-1.py:53} INFO - Данные выгружены из S3
[2025-07-07T09:50:29.260+0000] {warnings.py:112} WARNING - /opt/***/dags/Untitled-1.py:127: FutureWarning: Passing literal json to 'read_json' is deprecated and will be removed in a future version. To read from a literal string, wrap it in a 'StringIO' object.
  df = pd.read_json(content)

[2025-07-07T09:50:29.270+0000] {Untitled-1.py:128} INFO - Данные получены из хранилища, начат процесс отправки в БД
[2025-07-07T09:50:29.276+0000] {base.py:84} INFO - Using connection ID 'postgres_airfare' for task execution.
[2025-07-07T09:50:29.277+0000] {Untitled-1.py:133} INFO - Размер DataFrame: (241, 9)
[2025-07-07T09:50:29.278+0000] {Untitled-1.py:134} INFO - Типы данных:
depart_date          object
origin               object
destination          object
trip_class            int64
value                 int64
gate                 object
duration              int64
distance              int64
number_of_changes     int64
dtype: object
[2025-07-07T09:50:29.278+0000] {Untitled-1.py:136} INFO - Связь с БД установлена
[2025-07-07T09:50:37.142+0000] {Untitled-1.py:141} ERROR - Ошибка при загрузки в БД (psycopg2.OperationalError) could not translate host name "postgresql_db" to address: Name or service not known

(Background on this error at: https://sqlalche.me/e/14/e3q8)
[2025-07-07T09:50:37.142+0000] {Untitled-1.py:142} INFO - процесс ETL успешно завершен, данные загружены в БД
[2025-07-07T09:50:37.143+0000] {python.py:237} INFO - Done. Returned value was: None
[2025-07-07T09:50:37.143+0000] {taskinstance.py:441} INFO - ::group::Post task execution logs
[2025-07-07T09:50:37.151+0000] {taskinstance.py:1206} INFO - Marking task as SUCCESS. dag_id=ETL_airflare_data, task_id=load, run_id=manual__2025-07-07T09:50:22.187868+00:00, execution_date=20250707T095022, start_date=20250707T095028, end_date=20250707T095037
[2025-07-07T09:50:37.201+0000] {local_task_job_runner.py:240} INFO - Task exited with return code 0
[2025-07-07T09:50:37.213+0000] {taskinstance.py:3503} INFO - 0 downstream tasks scheduled from follow-on schedule check
[2025-07-07T09:50:37.214+0000] {local_task_job_runner.py:222} INFO - ::endgroup::
