[2025-07-07T09:54:26.338+0000] {local_task_job_runner.py:120} INFO - ::group::Pre task execution logs
[2025-07-07T09:54:26.350+0000] {taskinstance.py:2076} INFO - Dependencies all met for dep_context=non-requeueable deps ti=<TaskInstance: ETL_airflare_data.load manual__2025-07-07T09:54:19.719403+00:00 [queued]>
[2025-07-07T09:54:26.354+0000] {taskinstance.py:2076} INFO - Dependencies all met for dep_context=requeueable deps ti=<TaskInstance: ETL_airflare_data.load manual__2025-07-07T09:54:19.719403+00:00 [queued]>
[2025-07-07T09:54:26.355+0000] {taskinstance.py:2306} INFO - Starting attempt 1 of 3
[2025-07-07T09:54:26.364+0000] {taskinstance.py:2330} INFO - Executing <Task(PythonOperator): load> on 2025-07-07 09:54:19.719403+00:00
[2025-07-07T09:54:26.372+0000] {warnings.py:112} WARNING - /home/***/.local/lib/python3.12/site-packages/***/task/task_runner/standard_task_runner.py:61: DeprecationWarning: This process (pid=1535) is multi-threaded, use of fork() may lead to deadlocks in the child.
  pid = os.fork()

[2025-07-07T09:54:26.373+0000] {standard_task_runner.py:63} INFO - Started process 1537 to run task
[2025-07-07T09:54:26.373+0000] {standard_task_runner.py:90} INFO - Running: ['***', 'tasks', 'run', 'ETL_airflare_data', 'load', 'manual__2025-07-07T09:54:19.719403+00:00', '--job-id', '203', '--raw', '--subdir', 'DAGS_FOLDER/Untitled-1.py', '--cfg-path', '/tmp/tmpt0813j4b']
[2025-07-07T09:54:26.375+0000] {standard_task_runner.py:91} INFO - Job 203: Subtask load
[2025-07-07T09:54:26.417+0000] {task_command.py:426} INFO - Running <TaskInstance: ETL_airflare_data.load manual__2025-07-07T09:54:19.719403+00:00 [running]> on host e6a32b72ede0
[2025-07-07T09:54:26.483+0000] {taskinstance.py:2648} INFO - Exporting env vars: AIRFLOW_CTX_DAG_OWNER='***' AIRFLOW_CTX_DAG_ID='ETL_airflare_data' AIRFLOW_CTX_TASK_ID='load' AIRFLOW_CTX_EXECUTION_DATE='2025-07-07T09:54:19.719403+00:00' AIRFLOW_CTX_TRY_NUMBER='1' AIRFLOW_CTX_DAG_RUN_ID='manual__2025-07-07T09:54:19.719403+00:00'
[2025-07-07T09:54:26.484+0000] {taskinstance.py:430} INFO - ::endgroup::
[2025-07-07T09:54:26.507+0000] {Untitled-1.py:123} INFO - Данные из Xcom успешно выгружены, начинаю выгружать данные из S3
[2025-07-07T09:54:26.507+0000] {Untitled-1.py:45} INFO - Создание подключения к S3
[2025-07-07T09:54:26.508+0000] {Untitled-1.py:48} INFO - Подключение установлено, загрузка данных из S3
[2025-07-07T09:54:26.515+0000] {base.py:84} INFO - Using connection ID 'minio' for task execution.
[2025-07-07T09:54:26.516+0000] {connection_wrapper.py:384} INFO - AWS Connection (conn_id='minio', conn_type='aws') credentials retrieved from login and password.
[2025-07-07T09:54:26.682+0000] {Untitled-1.py:53} INFO - Данные выгружены из S3
[2025-07-07T09:54:26.685+0000] {warnings.py:112} WARNING - /opt/***/dags/Untitled-1.py:127: FutureWarning: Passing literal json to 'read_json' is deprecated and will be removed in a future version. To read from a literal string, wrap it in a 'StringIO' object.
  df = pd.read_json(content)

[2025-07-07T09:54:26.694+0000] {Untitled-1.py:128} INFO - Данные получены из хранилища, начат процесс отправки в БД
[2025-07-07T09:54:26.700+0000] {base.py:84} INFO - Using connection ID 'postgres_airfare' for task execution.
[2025-07-07T09:54:26.700+0000] {Untitled-1.py:134} INFO - Размер DataFrame: (241, 9)
[2025-07-07T09:54:26.702+0000] {Untitled-1.py:136} INFO - Типы данных:
depart_date          object
origin               object
destination          object
trip_class            int64
value                 int64
gate                 object
duration              int64
distance              int64
number_of_changes     int64
dtype: object
[2025-07-07T09:54:26.702+0000] {Untitled-1.py:138} INFO - Связь с БД установлена
[2025-07-07T09:54:26.725+0000] {Untitled-1.py:142} INFO - процесс ETL успешно завершен, данные загружены в БД
[2025-07-07T09:54:26.725+0000] {python.py:237} INFO - Done. Returned value was: None
[2025-07-07T09:54:26.726+0000] {taskinstance.py:441} INFO - ::group::Post task execution logs
[2025-07-07T09:54:26.733+0000] {taskinstance.py:1206} INFO - Marking task as SUCCESS. dag_id=ETL_airflare_data, task_id=load, run_id=manual__2025-07-07T09:54:19.719403+00:00, execution_date=20250707T095419, start_date=20250707T095426, end_date=20250707T095426
[2025-07-07T09:54:26.787+0000] {local_task_job_runner.py:240} INFO - Task exited with return code 0
[2025-07-07T09:54:26.801+0000] {taskinstance.py:3503} INFO - 0 downstream tasks scheduled from follow-on schedule check
[2025-07-07T09:54:26.802+0000] {local_task_job_runner.py:222} INFO - ::endgroup::
