[2025-07-07T09:45:41.201+0000] {local_task_job_runner.py:120} INFO - ::group::Pre task execution logs
[2025-07-07T09:45:41.219+0000] {taskinstance.py:2076} INFO - Dependencies all met for dep_context=non-requeueable deps ti=<TaskInstance: ETL_airflare_data.transform manual__2025-07-07T09:45:36.442261+00:00 [queued]>
[2025-07-07T09:45:41.226+0000] {taskinstance.py:2076} INFO - Dependencies all met for dep_context=requeueable deps ti=<TaskInstance: ETL_airflare_data.transform manual__2025-07-07T09:45:36.442261+00:00 [queued]>
[2025-07-07T09:45:41.226+0000] {taskinstance.py:2306} INFO - Starting attempt 1 of 3
[2025-07-07T09:45:41.241+0000] {taskinstance.py:2330} INFO - Executing <Task(PythonOperator): transform> on 2025-07-07 09:45:36.442261+00:00
[2025-07-07T09:45:41.252+0000] {warnings.py:112} WARNING - /home/***/.local/lib/python3.12/site-packages/***/task/task_runner/standard_task_runner.py:61: DeprecationWarning: This process (pid=1366) is multi-threaded, use of fork() may lead to deadlocks in the child.
  pid = os.fork()

[2025-07-07T09:45:41.255+0000] {standard_task_runner.py:63} INFO - Started process 1368 to run task
[2025-07-07T09:45:41.254+0000] {standard_task_runner.py:90} INFO - Running: ['***', 'tasks', 'run', 'ETL_airflare_data', 'transform', 'manual__2025-07-07T09:45:36.442261+00:00', '--job-id', '190', '--raw', '--subdir', 'DAGS_FOLDER/Untitled-1.py', '--cfg-path', '/tmp/tmp4ew5r7yq']
[2025-07-07T09:45:41.257+0000] {standard_task_runner.py:91} INFO - Job 190: Subtask transform
[2025-07-07T09:45:41.311+0000] {task_command.py:426} INFO - Running <TaskInstance: ETL_airflare_data.transform manual__2025-07-07T09:45:36.442261+00:00 [running]> on host e6a32b72ede0
[2025-07-07T09:45:41.395+0000] {taskinstance.py:2648} INFO - Exporting env vars: AIRFLOW_CTX_DAG_OWNER='***' AIRFLOW_CTX_DAG_ID='ETL_airflare_data' AIRFLOW_CTX_TASK_ID='transform' AIRFLOW_CTX_EXECUTION_DATE='2025-07-07T09:45:36.442261+00:00' AIRFLOW_CTX_TRY_NUMBER='1' AIRFLOW_CTX_DAG_RUN_ID='manual__2025-07-07T09:45:36.442261+00:00'
[2025-07-07T09:45:41.398+0000] {taskinstance.py:430} INFO - ::endgroup::
[2025-07-07T09:45:41.419+0000] {Untitled-1.py:98} INFO - Данные приняты из Xcom, начат процесс очистки
[2025-07-07T09:45:41.419+0000] {Untitled-1.py:45} INFO - Создание подключения к S3
[2025-07-07T09:45:41.420+0000] {Untitled-1.py:48} INFO - Подключение установлено, загрузка данных из S3
[2025-07-07T09:45:41.428+0000] {base.py:84} INFO - Using connection ID 'minio' for task execution.
[2025-07-07T09:45:41.429+0000] {connection_wrapper.py:384} INFO - AWS Connection (conn_id='minio', conn_type='aws') credentials retrieved from login and password.
[2025-07-07T09:45:41.615+0000] {Untitled-1.py:53} INFO - Данные выгружены из S3
[2025-07-07T09:45:41.621+0000] {Untitled-1.py:106} INFO - Преобразование завершено, начинается передача DF в S3
[2025-07-07T09:45:41.622+0000] {Untitled-1.py:19} INFO - Создание подключения к S3
[2025-07-07T09:45:41.622+0000] {Untitled-1.py:23} INFO - Подключение установлено
[2025-07-07T09:45:41.629+0000] {base.py:84} INFO - Using connection ID 'minio' for task execution.
[2025-07-07T09:45:41.630+0000] {connection_wrapper.py:384} INFO - AWS Connection (conn_id='minio', conn_type='aws') credentials retrieved from login and password.
[2025-07-07T09:45:41.948+0000] {Untitled-1.py:28} INFO - Загрузка данных в S3
[2025-07-07T09:45:42.072+0000] {Untitled-1.py:37} INFO - Загрузка завершена успешно
[2025-07-07T09:45:42.072+0000] {Untitled-1.py:112} INFO - Данные успешно сохранены в S3, передаю их в Xcom
[2025-07-07T09:45:42.085+0000] {Untitled-1.py:116} INFO - данные успешно очищены и записаны в хранилище
[2025-07-07T09:45:42.086+0000] {python.py:237} INFO - Done. Returned value was: None
[2025-07-07T09:45:42.086+0000] {taskinstance.py:441} INFO - ::group::Post task execution logs
[2025-07-07T09:45:42.094+0000] {taskinstance.py:1206} INFO - Marking task as SUCCESS. dag_id=ETL_airflare_data, task_id=transform, run_id=manual__2025-07-07T09:45:36.442261+00:00, execution_date=20250707T094536, start_date=20250707T094541, end_date=20250707T094542
[2025-07-07T09:45:42.151+0000] {local_task_job_runner.py:240} INFO - Task exited with return code 0
[2025-07-07T09:45:42.169+0000] {taskinstance.py:3503} INFO - 1 downstream tasks scheduled from follow-on schedule check
[2025-07-07T09:45:42.171+0000] {local_task_job_runner.py:222} INFO - ::endgroup::
