[2025-07-09T04:07:00.707+0000] {local_task_job_runner.py:120} INFO - ::group::Pre task execution logs
[2025-07-09T04:07:00.722+0000] {taskinstance.py:2076} INFO - Dependencies all met for dep_context=non-requeueable deps ti=<TaskInstance: ETL_airflare_data.extract manual__2025-07-09T04:06:59.052491+00:00 map_index=1 [queued]>
[2025-07-09T04:07:00.727+0000] {taskinstance.py:2076} INFO - Dependencies all met for dep_context=requeueable deps ti=<TaskInstance: ETL_airflare_data.extract manual__2025-07-09T04:06:59.052491+00:00 map_index=1 [queued]>
[2025-07-09T04:07:00.728+0000] {taskinstance.py:2306} INFO - Starting attempt 1 of 3
[2025-07-09T04:07:00.738+0000] {taskinstance.py:2330} INFO - Executing <Mapped(_PythonDecoratedOperator): extract> on 2025-07-09 04:06:59.052491+00:00
[2025-07-09T04:07:00.745+0000] {warnings.py:112} WARNING - /home/***/.local/lib/python3.12/site-packages/***/task/task_runner/standard_task_runner.py:61: DeprecationWarning: This process (pid=2817) is multi-threaded, use of fork() may lead to deadlocks in the child.
  pid = os.fork()

[2025-07-09T04:07:00.747+0000] {standard_task_runner.py:90} INFO - Running: ['***', 'tasks', 'run', 'ETL_airflare_data', 'extract', 'manual__2025-07-09T04:06:59.052491+00:00', '--job-id', '247', '--raw', '--subdir', 'DAGS_FOLDER/Untitled-1.py', '--cfg-path', '/tmp/tmply9ry4kk', '--map-index', '1']
[2025-07-09T04:07:00.748+0000] {standard_task_runner.py:63} INFO - Started process 2822 to run task
[2025-07-09T04:07:00.748+0000] {standard_task_runner.py:91} INFO - Job 247: Subtask extract
[2025-07-09T04:07:00.798+0000] {task_command.py:426} INFO - Running <TaskInstance: ETL_airflare_data.extract manual__2025-07-09T04:06:59.052491+00:00 map_index=1 [running]> on host e6a32b72ede0
[2025-07-09T04:07:00.878+0000] {taskinstance.py:2648} INFO - Exporting env vars: AIRFLOW_CTX_DAG_OWNER='***' AIRFLOW_CTX_DAG_ID='ETL_airflare_data' AIRFLOW_CTX_TASK_ID='extract' AIRFLOW_CTX_EXECUTION_DATE='2025-07-09T04:06:59.052491+00:00' AIRFLOW_CTX_TRY_NUMBER='1' AIRFLOW_CTX_DAG_RUN_ID='manual__2025-07-09T04:06:59.052491+00:00'
[2025-07-09T04:07:00.880+0000] {taskinstance.py:430} INFO - ::endgroup::
[2025-07-09T04:07:00.880+0000] {Untitled-1.py:109} INFO - Начало извлечения данных для направления HKT-IKT
[2025-07-09T04:07:02.212+0000] {Untitled-1.py:26} INFO - Создание подключения к S3
[2025-07-09T04:07:02.214+0000] {Untitled-1.py:31} INFO - Подключение установлено
[2025-07-09T04:07:02.225+0000] {base.py:84} INFO - Using connection ID 'minio' for task execution.
[2025-07-09T04:07:02.226+0000] {connection_wrapper.py:384} INFO - AWS Connection (conn_id='minio', conn_type='aws') credentials retrieved from login and password.
[2025-07-09T04:07:02.596+0000] {Untitled-1.py:37} INFO - Загрузка данных в S3
[2025-07-09T04:07:02.720+0000] {Untitled-1.py:46} INFO - Загрузка завершена успешно
[2025-07-09T04:07:02.721+0000] {Untitled-1.py:122} INFO - Данные успешно сохранены во временное хранилище
[2025-07-09T04:07:02.732+0000] {Untitled-1.py:127} INFO - Данные успешно извлечены и переданы в Xcom
[2025-07-09T04:07:02.734+0000] {python.py:237} INFO - Done. Returned value was: None
[2025-07-09T04:07:02.736+0000] {taskinstance.py:441} INFO - ::group::Post task execution logs
[2025-07-09T04:07:02.744+0000] {taskinstance.py:1206} INFO - Marking task as SUCCESS. dag_id=ETL_airflare_data, task_id=extract, run_id=manual__2025-07-09T04:06:59.052491+00:00, map_index=1, execution_date=20250709T040659, start_date=20250709T040700, end_date=20250709T040702
[2025-07-09T04:07:02.767+0000] {local_task_job_runner.py:240} INFO - Task exited with return code 0
[2025-07-09T04:07:02.803+0000] {taskinstance.py:3503} INFO - 2 downstream tasks scheduled from follow-on schedule check
[2025-07-09T04:07:02.805+0000] {local_task_job_runner.py:222} INFO - ::endgroup::
