[2025-07-07T09:34:12.475+0000] {local_task_job_runner.py:120} INFO - ::group::Pre task execution logs
[2025-07-07T09:34:12.488+0000] {taskinstance.py:2076} INFO - Dependencies all met for dep_context=non-requeueable deps ti=<TaskInstance: ETL_airflare_data.transform manual__2025-07-07T09:34:08.230203+00:00 [queued]>
[2025-07-07T09:34:12.492+0000] {taskinstance.py:2076} INFO - Dependencies all met for dep_context=requeueable deps ti=<TaskInstance: ETL_airflare_data.transform manual__2025-07-07T09:34:08.230203+00:00 [queued]>
[2025-07-07T09:34:12.493+0000] {taskinstance.py:2306} INFO - Starting attempt 1 of 3
[2025-07-07T09:34:12.502+0000] {taskinstance.py:2330} INFO - Executing <Task(PythonOperator): transform> on 2025-07-07 09:34:08.230203+00:00
[2025-07-07T09:34:12.510+0000] {warnings.py:112} WARNING - /home/***/.local/lib/python3.12/site-packages/***/task/task_runner/standard_task_runner.py:61: DeprecationWarning: This process (pid=1108) is multi-threaded, use of fork() may lead to deadlocks in the child.
  pid = os.fork()

[2025-07-07T09:34:12.511+0000] {standard_task_runner.py:63} INFO - Started process 1110 to run task
[2025-07-07T09:34:12.512+0000] {standard_task_runner.py:90} INFO - Running: ['***', 'tasks', 'run', 'ETL_airflare_data', 'transform', 'manual__2025-07-07T09:34:08.230203+00:00', '--job-id', '164', '--raw', '--subdir', 'DAGS_FOLDER/Untitled-1.py', '--cfg-path', '/tmp/tmp3mew83vg']
[2025-07-07T09:34:12.513+0000] {standard_task_runner.py:91} INFO - Job 164: Subtask transform
[2025-07-07T09:34:12.557+0000] {task_command.py:426} INFO - Running <TaskInstance: ETL_airflare_data.transform manual__2025-07-07T09:34:08.230203+00:00 [running]> on host e6a32b72ede0
[2025-07-07T09:34:12.629+0000] {taskinstance.py:2648} INFO - Exporting env vars: AIRFLOW_CTX_DAG_OWNER='***' AIRFLOW_CTX_DAG_ID='ETL_airflare_data' AIRFLOW_CTX_TASK_ID='transform' AIRFLOW_CTX_EXECUTION_DATE='2025-07-07T09:34:08.230203+00:00' AIRFLOW_CTX_TRY_NUMBER='1' AIRFLOW_CTX_DAG_RUN_ID='manual__2025-07-07T09:34:08.230203+00:00'
[2025-07-07T09:34:12.630+0000] {taskinstance.py:430} INFO - ::endgroup::
[2025-07-07T09:34:12.650+0000] {Untitled-1.py:98} INFO - Данные приняты из Xcom, начат процесс очистки
[2025-07-07T09:34:12.650+0000] {Untitled-1.py:45} INFO - Создание подключения к S3
[2025-07-07T09:34:12.651+0000] {Untitled-1.py:48} INFO - Подключение установлено, загрузка данных из S3
[2025-07-07T09:34:12.660+0000] {base.py:84} INFO - Using connection ID 'minio' for task execution.
[2025-07-07T09:34:12.661+0000] {connection_wrapper.py:384} INFO - AWS Connection (conn_id='minio', conn_type='aws') credentials retrieved from login and password.
[2025-07-07T09:34:12.849+0000] {Untitled-1.py:53} INFO - Данные выгружены из S3
[2025-07-07T09:34:12.855+0000] {Untitled-1.py:106} INFO - Преобразование завершено, начинается передача DF в S3
[2025-07-07T09:34:12.856+0000] {Untitled-1.py:19} INFO - Создание подключения к S3
[2025-07-07T09:34:12.856+0000] {Untitled-1.py:23} INFO - Подключение установлено
[2025-07-07T09:34:12.863+0000] {base.py:84} INFO - Using connection ID 'minio' for task execution.
[2025-07-07T09:34:12.864+0000] {connection_wrapper.py:384} INFO - AWS Connection (conn_id='minio', conn_type='aws') credentials retrieved from login and password.
[2025-07-07T09:34:13.176+0000] {Untitled-1.py:28} INFO - Загрузка данных в S3
[2025-07-07T09:34:13.301+0000] {Untitled-1.py:37} INFO - Загрузка завершена успешно
[2025-07-07T09:34:13.302+0000] {Untitled-1.py:112} INFO - Данные успешно сохранены в S3, передаю их в Xcom
[2025-07-07T09:34:13.314+0000] {Untitled-1.py:116} INFO - данные успешно очищены и записаны в хранилище
[2025-07-07T09:34:13.314+0000] {python.py:237} INFO - Done. Returned value was: None
[2025-07-07T09:34:13.314+0000] {taskinstance.py:441} INFO - ::group::Post task execution logs
[2025-07-07T09:34:13.322+0000] {taskinstance.py:1206} INFO - Marking task as SUCCESS. dag_id=ETL_airflare_data, task_id=transform, run_id=manual__2025-07-07T09:34:08.230203+00:00, execution_date=20250707T093408, start_date=20250707T093412, end_date=20250707T093413
[2025-07-07T09:34:13.367+0000] {local_task_job_runner.py:240} INFO - Task exited with return code 0
[2025-07-07T09:34:13.383+0000] {taskinstance.py:3503} INFO - 1 downstream tasks scheduled from follow-on schedule check
[2025-07-07T09:34:13.385+0000] {local_task_job_runner.py:222} INFO - ::endgroup::
