[2025-07-07T09:48:07.108+0000] {local_task_job_runner.py:120} INFO - ::group::Pre task execution logs
[2025-07-07T09:48:07.120+0000] {taskinstance.py:2076} INFO - Dependencies all met for dep_context=non-requeueable deps ti=<TaskInstance: ETL_airflare_data.extract manual__2025-07-07T09:48:05.750613+00:00 [queued]>
[2025-07-07T09:48:07.125+0000] {taskinstance.py:2076} INFO - Dependencies all met for dep_context=requeueable deps ti=<TaskInstance: ETL_airflare_data.extract manual__2025-07-07T09:48:05.750613+00:00 [queued]>
[2025-07-07T09:48:07.125+0000] {taskinstance.py:2306} INFO - Starting attempt 1 of 3
[2025-07-07T09:48:07.134+0000] {taskinstance.py:2330} INFO - Executing <Task(PythonOperator): extract> on 2025-07-07 09:48:05.750613+00:00
[2025-07-07T09:48:07.144+0000] {warnings.py:112} WARNING - /home/***/.local/lib/python3.12/site-packages/***/task/task_runner/standard_task_runner.py:61: DeprecationWarning: This process (pid=1409) is multi-threaded, use of fork() may lead to deadlocks in the child.
  pid = os.fork()

[2025-07-07T09:48:07.146+0000] {standard_task_runner.py:63} INFO - Started process 1411 to run task
[2025-07-07T09:48:07.145+0000] {standard_task_runner.py:90} INFO - Running: ['***', 'tasks', 'run', 'ETL_airflare_data', 'extract', 'manual__2025-07-07T09:48:05.750613+00:00', '--job-id', '192', '--raw', '--subdir', 'DAGS_FOLDER/Untitled-1.py', '--cfg-path', '/tmp/tmpbbkkw86k']
[2025-07-07T09:48:07.147+0000] {standard_task_runner.py:91} INFO - Job 192: Subtask extract
[2025-07-07T09:48:07.191+0000] {task_command.py:426} INFO - Running <TaskInstance: ETL_airflare_data.extract manual__2025-07-07T09:48:05.750613+00:00 [running]> on host e6a32b72ede0
[2025-07-07T09:48:07.269+0000] {taskinstance.py:2648} INFO - Exporting env vars: AIRFLOW_CTX_DAG_OWNER='***' AIRFLOW_CTX_DAG_ID='ETL_airflare_data' AIRFLOW_CTX_TASK_ID='extract' AIRFLOW_CTX_EXECUTION_DATE='2025-07-07T09:48:05.750613+00:00' AIRFLOW_CTX_TRY_NUMBER='1' AIRFLOW_CTX_DAG_RUN_ID='manual__2025-07-07T09:48:05.750613+00:00'
[2025-07-07T09:48:07.270+0000] {taskinstance.py:430} INFO - ::endgroup::
[2025-07-07T09:48:07.279+0000] {Untitled-1.py:76} INFO - Начало извлечения данных
[2025-07-07T09:48:08.176+0000] {Untitled-1.py:19} INFO - Создание подключения к S3
[2025-07-07T09:48:08.178+0000] {Untitled-1.py:23} INFO - Подключение установлено
[2025-07-07T09:48:08.187+0000] {base.py:84} INFO - Using connection ID 'minio' for task execution.
[2025-07-07T09:48:08.187+0000] {connection_wrapper.py:384} INFO - AWS Connection (conn_id='minio', conn_type='aws') credentials retrieved from login and password.
[2025-07-07T09:48:08.482+0000] {Untitled-1.py:28} INFO - Загрузка данных в S3
[2025-07-07T09:48:08.611+0000] {Untitled-1.py:37} INFO - Загрузка завершена успешно
[2025-07-07T09:48:08.612+0000] {Untitled-1.py:86} INFO - Данные успешно сохранены во временное хранилище
[2025-07-07T09:48:08.624+0000] {Untitled-1.py:90} INFO - Данные успешно извлечены и переданы в Xcom
[2025-07-07T09:48:08.626+0000] {python.py:237} INFO - Done. Returned value was: None
[2025-07-07T09:48:08.627+0000] {taskinstance.py:441} INFO - ::group::Post task execution logs
[2025-07-07T09:48:08.634+0000] {taskinstance.py:1206} INFO - Marking task as SUCCESS. dag_id=ETL_airflare_data, task_id=extract, run_id=manual__2025-07-07T09:48:05.750613+00:00, execution_date=20250707T094805, start_date=20250707T094807, end_date=20250707T094808
[2025-07-07T09:48:08.683+0000] {local_task_job_runner.py:240} INFO - Task exited with return code 0
[2025-07-07T09:48:08.703+0000] {taskinstance.py:3503} INFO - 1 downstream tasks scheduled from follow-on schedule check
[2025-07-07T09:48:08.704+0000] {local_task_job_runner.py:222} INFO - ::endgroup::
