[2025-07-09T07:58:35.472+0000] {local_task_job_runner.py:120} INFO - ::group::Pre task execution logs
[2025-07-09T07:58:35.521+0000] {taskinstance.py:2076} INFO - Dependencies all met for dep_context=non-requeueable deps ti=<TaskInstance: ETL_airflare_data.load manual__2025-07-09T07:58:17.397989+00:00 map_index=15 [queued]>
[2025-07-09T07:58:35.534+0000] {taskinstance.py:2076} INFO - Dependencies all met for dep_context=requeueable deps ti=<TaskInstance: ETL_airflare_data.load manual__2025-07-09T07:58:17.397989+00:00 map_index=15 [queued]>
[2025-07-09T07:58:35.535+0000] {taskinstance.py:2306} INFO - Starting attempt 1 of 3
[2025-07-09T07:58:35.558+0000] {taskinstance.py:2330} INFO - Executing <Mapped(_PythonDecoratedOperator): load> on 2025-07-09 07:58:17.397989+00:00
[2025-07-09T07:58:35.591+0000] {warnings.py:112} WARNING - /home/***/.local/lib/python3.12/site-packages/***/task/task_runner/standard_task_runner.py:61: DeprecationWarning: This process (pid=7402) is multi-threaded, use of fork() may lead to deadlocks in the child.
  pid = os.fork()

[2025-07-09T07:58:35.593+0000] {standard_task_runner.py:63} INFO - Started process 7426 to run task
[2025-07-09T07:58:35.593+0000] {standard_task_runner.py:90} INFO - Running: ['***', 'tasks', 'run', 'ETL_airflare_data', 'load', 'manual__2025-07-09T07:58:17.397989+00:00', '--job-id', '654', '--raw', '--subdir', 'DAGS_FOLDER/Untitled-1.py', '--cfg-path', '/tmp/tmp7zzwzuhy', '--map-index', '15']
[2025-07-09T07:58:35.595+0000] {standard_task_runner.py:91} INFO - Job 654: Subtask load
[2025-07-09T07:58:35.786+0000] {task_command.py:426} INFO - Running <TaskInstance: ETL_airflare_data.load manual__2025-07-09T07:58:17.397989+00:00 map_index=15 [running]> on host e6a32b72ede0
[2025-07-09T07:58:35.958+0000] {taskinstance.py:2648} INFO - Exporting env vars: AIRFLOW_CTX_DAG_OWNER='***' AIRFLOW_CTX_DAG_ID='ETL_airflare_data' AIRFLOW_CTX_TASK_ID='load' AIRFLOW_CTX_EXECUTION_DATE='2025-07-09T07:58:17.397989+00:00' AIRFLOW_CTX_TRY_NUMBER='1' AIRFLOW_CTX_DAG_RUN_ID='manual__2025-07-09T07:58:17.397989+00:00'
[2025-07-09T07:58:35.960+0000] {taskinstance.py:430} INFO - ::endgroup::
[2025-07-09T07:58:35.961+0000] {Untitled-1.py:183} INFO - Данные из Xcom успешно выгружены, начинаю выгружать данные из S3
[2025-07-09T07:58:35.961+0000] {Untitled-1.py:89} INFO - Создание подключения к S3
[2025-07-09T07:58:35.962+0000] {Untitled-1.py:93} INFO - Подключение установлено, загрузка данных из S3
[2025-07-09T07:58:35.980+0000] {base.py:84} INFO - Using connection ID 'minio' for task execution.
[2025-07-09T07:58:35.982+0000] {connection_wrapper.py:384} INFO - AWS Connection (conn_id='minio', conn_type='aws') credentials retrieved from login and password.
[2025-07-09T07:58:36.211+0000] {Untitled-1.py:99} INFO - Данные выгружены из S3
[2025-07-09T07:58:36.218+0000] {Untitled-1.py:193} INFO - Данные получены из хранилища, начат процесс отправки в БД
[2025-07-09T07:58:36.234+0000] {base.py:84} INFO - Using connection ID 'postgres_airfare' for task execution.
[2025-07-09T07:58:36.242+0000] {Untitled-1.py:201} INFO - Размер DataFrame: (75, 9)
[2025-07-09T07:58:36.247+0000] {Untitled-1.py:203} INFO - Типы данных:
depart_date          object
origin               object
destination          object
trip_class            int64
value                 int64
gate                 object
duration              int64
distance              int64
number_of_changes     int64
dtype: object
[2025-07-09T07:58:36.249+0000] {Untitled-1.py:205} INFO - Связь с БД установлена
[2025-07-09T07:58:36.352+0000] {Untitled-1.py:212} INFO - процесс ETL успешно завершен, данные загружены в БД
[2025-07-09T07:58:36.353+0000] {python.py:237} INFO - Done. Returned value was: None
[2025-07-09T07:58:36.354+0000] {taskinstance.py:441} INFO - ::group::Post task execution logs
[2025-07-09T07:58:36.367+0000] {taskinstance.py:1206} INFO - Marking task as SUCCESS. dag_id=ETL_airflare_data, task_id=load, run_id=manual__2025-07-09T07:58:17.397989+00:00, map_index=15, execution_date=20250709T075817, start_date=20250709T075835, end_date=20250709T075836
[2025-07-09T07:58:36.428+0000] {local_task_job_runner.py:240} INFO - Task exited with return code 0
[2025-07-09T07:58:36.456+0000] {taskinstance.py:3503} INFO - 0 downstream tasks scheduled from follow-on schedule check
[2025-07-09T07:58:36.460+0000] {local_task_job_runner.py:222} INFO - ::endgroup::
