[2025-07-09T07:27:11.823+0000] {local_task_job_runner.py:120} INFO - ::group::Pre task execution logs
[2025-07-09T07:27:11.852+0000] {taskinstance.py:2076} INFO - Dependencies all met for dep_context=non-requeueable deps ti=<TaskInstance: ETL_airflare_data.load scheduled__2025-07-07T12:00:00+00:00 map_index=8 [queued]>
[2025-07-09T07:27:11.861+0000] {taskinstance.py:2076} INFO - Dependencies all met for dep_context=requeueable deps ti=<TaskInstance: ETL_airflare_data.load scheduled__2025-07-07T12:00:00+00:00 map_index=8 [queued]>
[2025-07-09T07:27:11.863+0000] {taskinstance.py:2306} INFO - Starting attempt 1 of 3
[2025-07-09T07:27:11.877+0000] {taskinstance.py:2330} INFO - Executing <Mapped(_PythonDecoratedOperator): load> on 2025-07-07 12:00:00+00:00
[2025-07-09T07:27:11.890+0000] {warnings.py:112} WARNING - /home/***/.local/lib/python3.12/site-packages/***/task/task_runner/standard_task_runner.py:61: DeprecationWarning: This process (pid=6696) is multi-threaded, use of fork() may lead to deadlocks in the child.
  pid = os.fork()

[2025-07-09T07:27:11.893+0000] {standard_task_runner.py:63} INFO - Started process 6709 to run task
[2025-07-09T07:27:11.893+0000] {standard_task_runner.py:90} INFO - Running: ['***', 'tasks', 'run', 'ETL_airflare_data', 'load', 'scheduled__2025-07-07T12:00:00+00:00', '--job-id', '591', '--raw', '--subdir', 'DAGS_FOLDER/Untitled-1.py', '--cfg-path', '/tmp/tmpitcuncvm', '--map-index', '8']
[2025-07-09T07:27:11.895+0000] {standard_task_runner.py:91} INFO - Job 591: Subtask load
[2025-07-09T07:27:11.976+0000] {task_command.py:426} INFO - Running <TaskInstance: ETL_airflare_data.load scheduled__2025-07-07T12:00:00+00:00 map_index=8 [running]> on host e6a32b72ede0
[2025-07-09T07:27:12.090+0000] {taskinstance.py:2648} INFO - Exporting env vars: AIRFLOW_CTX_DAG_OWNER='***' AIRFLOW_CTX_DAG_ID='ETL_airflare_data' AIRFLOW_CTX_TASK_ID='load' AIRFLOW_CTX_EXECUTION_DATE='2025-07-07T12:00:00+00:00' AIRFLOW_CTX_TRY_NUMBER='1' AIRFLOW_CTX_DAG_RUN_ID='scheduled__2025-07-07T12:00:00+00:00'
[2025-07-09T07:27:12.092+0000] {taskinstance.py:430} INFO - ::endgroup::
[2025-07-09T07:27:12.092+0000] {Untitled-1.py:165} INFO - Данные из Xcom успешно выгружены, начинаю выгружать данные из S3
[2025-07-09T07:27:12.093+0000] {Untitled-1.py:71} INFO - Создание подключения к S3
[2025-07-09T07:27:12.093+0000] {Untitled-1.py:75} INFO - Подключение установлено, загрузка данных из S3
[2025-07-09T07:27:12.104+0000] {base.py:84} INFO - Using connection ID 'minio' for task execution.
[2025-07-09T07:27:12.105+0000] {connection_wrapper.py:384} INFO - AWS Connection (conn_id='minio', conn_type='aws') credentials retrieved from login and password.
[2025-07-09T07:27:12.274+0000] {Untitled-1.py:81} INFO - Данные выгружены из S3
[2025-07-09T07:27:12.279+0000] {Untitled-1.py:175} INFO - Данные получены из хранилища, начат процесс отправки в БД
[2025-07-09T07:27:12.291+0000] {base.py:84} INFO - Using connection ID 'postgres_airfare' for task execution.
[2025-07-09T07:27:12.293+0000] {Untitled-1.py:183} INFO - Размер DataFrame: (181, 9)
[2025-07-09T07:27:12.296+0000] {Untitled-1.py:185} INFO - Типы данных:
depart_date          object
origin               object
destination          object
trip_class            int64
value                 int64
gate                 object
duration              int64
distance              int64
number_of_changes     int64
dtype: object
[2025-07-09T07:27:12.296+0000] {Untitled-1.py:187} INFO - Связь с БД установлена
[2025-07-09T07:27:12.355+0000] {Untitled-1.py:194} INFO - процесс ETL успешно завершен, данные загружены в БД
[2025-07-09T07:27:12.356+0000] {python.py:237} INFO - Done. Returned value was: None
[2025-07-09T07:27:12.357+0000] {taskinstance.py:441} INFO - ::group::Post task execution logs
[2025-07-09T07:27:12.375+0000] {taskinstance.py:1206} INFO - Marking task as SUCCESS. dag_id=ETL_airflare_data, task_id=load, run_id=scheduled__2025-07-07T12:00:00+00:00, map_index=8, execution_date=20250707T120000, start_date=20250709T072711, end_date=20250709T072712
[2025-07-09T07:27:12.428+0000] {local_task_job_runner.py:240} INFO - Task exited with return code 0
[2025-07-09T07:27:12.440+0000] {local_task_job_runner.py:222} INFO - ::endgroup::
[2025-07-09T11:25:16.680+0000] {local_task_job_runner.py:120} INFO - ::group::Pre task execution logs
[2025-07-09T11:25:16.727+0000] {taskinstance.py:2076} INFO - Dependencies all met for dep_context=non-requeueable deps ti=<TaskInstance: ETL_airflare_data.load scheduled__2025-07-07T12:00:00+00:00 map_index=8 [queued]>
[2025-07-09T11:25:16.755+0000] {taskinstance.py:2076} INFO - Dependencies all met for dep_context=requeueable deps ti=<TaskInstance: ETL_airflare_data.load scheduled__2025-07-07T12:00:00+00:00 map_index=8 [queued]>
[2025-07-09T11:25:16.756+0000] {taskinstance.py:2306} INFO - Starting attempt 1 of 3
[2025-07-09T11:25:16.780+0000] {taskinstance.py:2330} INFO - Executing <Mapped(_PythonDecoratedOperator): load> on 2025-07-07 12:00:00+00:00
[2025-07-09T11:25:16.794+0000] {warnings.py:112} WARNING - /home/***/.local/lib/python3.12/site-packages/***/task/task_runner/standard_task_runner.py:61: DeprecationWarning: This process (pid=21648) is multi-threaded, use of fork() may lead to deadlocks in the child.
  pid = os.fork()

[2025-07-09T11:25:16.796+0000] {standard_task_runner.py:63} INFO - Started process 21675 to run task
[2025-07-09T11:25:16.797+0000] {standard_task_runner.py:90} INFO - Running: ['***', 'tasks', 'run', 'ETL_airflare_data', 'load', 'scheduled__2025-07-07T12:00:00+00:00', '--job-id', '3350', '--raw', '--subdir', 'DAGS_FOLDER/Untitled-1.py', '--cfg-path', '/tmp/tmp5pwb9kjk', '--map-index', '8']
[2025-07-09T11:25:16.799+0000] {standard_task_runner.py:91} INFO - Job 3350: Subtask load
[2025-07-09T11:25:16.895+0000] {task_command.py:426} INFO - Running <TaskInstance: ETL_airflare_data.load scheduled__2025-07-07T12:00:00+00:00 map_index=8 [running]> on host e6a32b72ede0
[2025-07-09T11:25:17.038+0000] {taskinstance.py:2648} INFO - Exporting env vars: AIRFLOW_CTX_DAG_OWNER='***' AIRFLOW_CTX_DAG_ID='ETL_airflare_data' AIRFLOW_CTX_TASK_ID='load' AIRFLOW_CTX_EXECUTION_DATE='2025-07-07T12:00:00+00:00' AIRFLOW_CTX_TRY_NUMBER='1' AIRFLOW_CTX_DAG_RUN_ID='scheduled__2025-07-07T12:00:00+00:00'
[2025-07-09T11:25:17.043+0000] {taskinstance.py:430} INFO - ::endgroup::
[2025-07-09T11:25:17.044+0000] {Untitled-1.py:70} INFO - Создание подключения к S3
[2025-07-09T11:25:17.069+0000] {base.py:84} INFO - Using connection ID 'minio' for task execution.
[2025-07-09T11:25:17.070+0000] {connection_wrapper.py:384} INFO - AWS Connection (conn_id='minio', conn_type='aws') credentials retrieved from login and password.
[2025-07-09T11:25:17.780+0000] {Untitled-1.py:77} INFO - Подключение установлено
[2025-07-09T11:25:17.780+0000] {Untitled-1.py:81} INFO - Подключение установлено, загрузка данных из S3
[2025-07-09T11:25:17.996+0000] {Untitled-1.py:87} INFO - Данные выгружены из S3
[2025-07-09T11:25:17.998+0000] {Untitled-1.py:181} INFO - Данные получены из хранилища, начат процесс отправки в БД
[2025-07-09T11:25:18.010+0000] {base.py:84} INFO - Using connection ID 'postgres_airfare' for task execution.
[2025-07-09T11:25:18.012+0000] {Untitled-1.py:189} INFO - Проверяю подключение к postgres
[2025-07-09T11:25:18.020+0000] {base.py:84} INFO - Using connection ID 'postgres_airfare' for task execution.
[2025-07-09T11:25:18.029+0000] {logging_mixin.py:188} INFO - Соединение с PostgreSQL успешно. Результат запроса: (1,)
[2025-07-09T11:25:18.030+0000] {Untitled-1.py:203} INFO - Размер DataFrame: (182, 10)
[2025-07-09T11:25:18.032+0000] {Untitled-1.py:205} INFO - Типы данных:
depart_date           object
origin                object
destination           object
trip_class             int64
value                  int64
gate                  object
duration               int64
distance               int64
number_of_changes      int64
date_of_extraction    object
dtype: object
[2025-07-09T11:25:18.068+0000] {Untitled-1.py:213} INFO - процесс ETL успешно завершен, данные загружены в БД
[2025-07-09T11:25:18.069+0000] {python.py:237} INFO - Done. Returned value was: None
[2025-07-09T11:25:18.073+0000] {taskinstance.py:441} INFO - ::group::Post task execution logs
[2025-07-09T11:25:18.087+0000] {taskinstance.py:1206} INFO - Marking task as SUCCESS. dag_id=ETL_airflare_data, task_id=load, run_id=scheduled__2025-07-07T12:00:00+00:00, map_index=8, execution_date=20250707T120000, start_date=20250709T112516, end_date=20250709T112518
[2025-07-09T11:25:18.154+0000] {local_task_job_runner.py:240} INFO - Task exited with return code 0
[2025-07-09T11:25:18.175+0000] {taskinstance.py:3503} INFO - 0 downstream tasks scheduled from follow-on schedule check
[2025-07-09T11:25:18.177+0000] {local_task_job_runner.py:222} INFO - ::endgroup::
[2025-07-09T11:29:13.851+0000] {local_task_job_runner.py:120} INFO - ::group::Pre task execution logs
[2025-07-09T11:29:13.917+0000] {taskinstance.py:2076} INFO - Dependencies all met for dep_context=non-requeueable deps ti=<TaskInstance: ETL_airflare_data.load scheduled__2025-07-07T12:00:00+00:00 map_index=8 [queued]>
[2025-07-09T11:29:13.952+0000] {taskinstance.py:2076} INFO - Dependencies all met for dep_context=requeueable deps ti=<TaskInstance: ETL_airflare_data.load scheduled__2025-07-07T12:00:00+00:00 map_index=8 [queued]>
[2025-07-09T11:29:13.952+0000] {taskinstance.py:2306} INFO - Starting attempt 1 of 3
[2025-07-09T11:29:13.996+0000] {taskinstance.py:2330} INFO - Executing <Mapped(_PythonDecoratedOperator): load> on 2025-07-07 12:00:00+00:00
[2025-07-09T11:29:14.029+0000] {warnings.py:112} WARNING - /home/***/.local/lib/python3.12/site-packages/***/task/task_runner/standard_task_runner.py:61: DeprecationWarning: This process (pid=22251) is multi-threaded, use of fork() may lead to deadlocks in the child.
  pid = os.fork()

[2025-07-09T11:29:14.032+0000] {standard_task_runner.py:63} INFO - Started process 22276 to run task
[2025-07-09T11:29:14.034+0000] {standard_task_runner.py:90} INFO - Running: ['***', 'tasks', 'run', 'ETL_airflare_data', 'load', 'scheduled__2025-07-07T12:00:00+00:00', '--job-id', '3481', '--raw', '--subdir', 'DAGS_FOLDER/Untitled-1.py', '--cfg-path', '/tmp/tmpc0xikb_m', '--map-index', '8']
[2025-07-09T11:29:14.042+0000] {standard_task_runner.py:91} INFO - Job 3481: Subtask load
[2025-07-09T11:29:14.176+0000] {task_command.py:426} INFO - Running <TaskInstance: ETL_airflare_data.load scheduled__2025-07-07T12:00:00+00:00 map_index=8 [running]> on host e6a32b72ede0
[2025-07-09T11:29:14.415+0000] {taskinstance.py:2648} INFO - Exporting env vars: AIRFLOW_CTX_DAG_OWNER='***' AIRFLOW_CTX_DAG_ID='ETL_airflare_data' AIRFLOW_CTX_TASK_ID='load' AIRFLOW_CTX_EXECUTION_DATE='2025-07-07T12:00:00+00:00' AIRFLOW_CTX_TRY_NUMBER='1' AIRFLOW_CTX_DAG_RUN_ID='scheduled__2025-07-07T12:00:00+00:00'
[2025-07-09T11:29:14.417+0000] {taskinstance.py:430} INFO - ::endgroup::
[2025-07-09T11:29:14.421+0000] {Untitled-1.py:70} INFO - Создание подключения к S3
[2025-07-09T11:29:14.438+0000] {base.py:84} INFO - Using connection ID 'minio' for task execution.
[2025-07-09T11:29:14.448+0000] {connection_wrapper.py:384} INFO - AWS Connection (conn_id='minio', conn_type='aws') credentials retrieved from login and password.
[2025-07-09T11:29:15.215+0000] {Untitled-1.py:77} INFO - Подключение установлено
[2025-07-09T11:29:15.216+0000] {Untitled-1.py:81} INFO - Подключение установлено, загрузка данных из S3
[2025-07-09T11:29:15.481+0000] {Untitled-1.py:87} INFO - Данные выгружены из S3
[2025-07-09T11:29:15.482+0000] {Untitled-1.py:181} INFO - Данные получены из хранилища, начат процесс отправки в БД
[2025-07-09T11:29:15.524+0000] {base.py:84} INFO - Using connection ID 'postgres_airfare' for task execution.
[2025-07-09T11:29:15.531+0000] {Untitled-1.py:189} INFO - Проверяю подключение к postgres
[2025-07-09T11:29:15.550+0000] {base.py:84} INFO - Using connection ID 'postgres_airfare' for task execution.
[2025-07-09T11:29:15.656+0000] {logging_mixin.py:188} INFO - Соединение с PostgreSQL успешно. Результат запроса: (1,)
[2025-07-09T11:29:15.657+0000] {Untitled-1.py:203} INFO - Размер DataFrame: (182, 10)
[2025-07-09T11:29:15.662+0000] {Untitled-1.py:205} INFO - Типы данных:
depart_date           object
origin                object
destination           object
trip_class             int64
value                  int64
gate                  object
duration               int64
distance               int64
number_of_changes      int64
date_of_extraction    object
dtype: object
[2025-07-09T11:29:15.718+0000] {Untitled-1.py:213} INFO - процесс ETL успешно завершен, данные загружены в БД
[2025-07-09T11:29:15.722+0000] {python.py:237} INFO - Done. Returned value was: None
[2025-07-09T11:29:15.723+0000] {taskinstance.py:441} INFO - ::group::Post task execution logs
[2025-07-09T11:29:15.741+0000] {taskinstance.py:1206} INFO - Marking task as SUCCESS. dag_id=ETL_airflare_data, task_id=load, run_id=scheduled__2025-07-07T12:00:00+00:00, map_index=8, execution_date=20250707T120000, start_date=20250709T112913, end_date=20250709T112915
[2025-07-09T11:29:15.857+0000] {local_task_job_runner.py:240} INFO - Task exited with return code 0
[2025-07-09T11:29:15.884+0000] {taskinstance.py:3503} INFO - 0 downstream tasks scheduled from follow-on schedule check
[2025-07-09T11:29:15.891+0000] {local_task_job_runner.py:222} INFO - ::endgroup::
