[2025-07-09T07:27:05.420+0000] {local_task_job_runner.py:120} INFO - ::group::Pre task execution logs
[2025-07-09T07:27:05.441+0000] {taskinstance.py:2076} INFO - Dependencies all met for dep_context=non-requeueable deps ti=<TaskInstance: ETL_airflare_data.extract scheduled__2025-07-07T12:00:00+00:00 map_index=7 [queued]>
[2025-07-09T07:27:05.447+0000] {taskinstance.py:2076} INFO - Dependencies all met for dep_context=requeueable deps ti=<TaskInstance: ETL_airflare_data.extract scheduled__2025-07-07T12:00:00+00:00 map_index=7 [queued]>
[2025-07-09T07:27:05.449+0000] {taskinstance.py:2306} INFO - Starting attempt 1 of 3
[2025-07-09T07:27:05.461+0000] {taskinstance.py:2330} INFO - Executing <Mapped(_PythonDecoratedOperator): extract> on 2025-07-07 12:00:00+00:00
[2025-07-09T07:27:05.476+0000] {warnings.py:112} WARNING - /home/***/.local/lib/python3.12/site-packages/***/task/task_runner/standard_task_runner.py:61: DeprecationWarning: This process (pid=6589) is multi-threaded, use of fork() may lead to deadlocks in the child.
  pid = os.fork()

[2025-07-09T07:27:05.479+0000] {standard_task_runner.py:63} INFO - Started process 6610 to run task
[2025-07-09T07:27:05.479+0000] {standard_task_runner.py:90} INFO - Running: ['***', 'tasks', 'run', 'ETL_airflare_data', 'extract', 'scheduled__2025-07-07T12:00:00+00:00', '--job-id', '573', '--raw', '--subdir', 'DAGS_FOLDER/Untitled-1.py', '--cfg-path', '/tmp/tmpokin9jzb', '--map-index', '7']
[2025-07-09T07:27:05.480+0000] {standard_task_runner.py:91} INFO - Job 573: Subtask extract
[2025-07-09T07:27:05.552+0000] {task_command.py:426} INFO - Running <TaskInstance: ETL_airflare_data.extract scheduled__2025-07-07T12:00:00+00:00 map_index=7 [running]> on host e6a32b72ede0
[2025-07-09T07:27:05.666+0000] {taskinstance.py:2648} INFO - Exporting env vars: AIRFLOW_CTX_DAG_OWNER='***' AIRFLOW_CTX_DAG_ID='ETL_airflare_data' AIRFLOW_CTX_TASK_ID='extract' AIRFLOW_CTX_EXECUTION_DATE='2025-07-07T12:00:00+00:00' AIRFLOW_CTX_TRY_NUMBER='1' AIRFLOW_CTX_DAG_RUN_ID='scheduled__2025-07-07T12:00:00+00:00'
[2025-07-09T07:27:05.668+0000] {taskinstance.py:430} INFO - ::endgroup::
[2025-07-09T07:27:05.669+0000] {Untitled-1.py:116} INFO - Начало извлечения данных для направления LED-IKT
[2025-07-09T07:27:06.428+0000] {Untitled-1.py:39} INFO - Создание подключения к S3
[2025-07-09T07:27:06.429+0000] {Untitled-1.py:44} INFO - Подключение установлено
[2025-07-09T07:27:06.438+0000] {base.py:84} INFO - Using connection ID 'minio' for task execution.
[2025-07-09T07:27:06.439+0000] {connection_wrapper.py:384} INFO - AWS Connection (conn_id='minio', conn_type='aws') credentials retrieved from login and password.
[2025-07-09T07:27:06.918+0000] {Untitled-1.py:50} INFO - Загрузка данных в S3
[2025-07-09T07:27:06.992+0000] {Untitled-1.py:61} INFO - Загрузка завершена успешно
[2025-07-09T07:27:06.993+0000] {Untitled-1.py:129} INFO - Данные успешно сохранены во временное хранилище
[2025-07-09T07:27:06.993+0000] {Untitled-1.py:130} INFO - Данные успешно извлечены и переданы в Xcom
[2025-07-09T07:27:06.995+0000] {python.py:237} INFO - Done. Returned value was: {'path': {'bucket': 'airflare', 'key': 'temp/response_LED_IKT.json'}, 'rout': {'origin': 'LED', 'destination': 'IKT', 'bd': 'led_ikt_return'}}
[2025-07-09T07:27:06.996+0000] {taskinstance.py:441} INFO - ::group::Post task execution logs
[2025-07-09T07:27:07.017+0000] {taskinstance.py:1206} INFO - Marking task as SUCCESS. dag_id=ETL_airflare_data, task_id=extract, run_id=scheduled__2025-07-07T12:00:00+00:00, map_index=7, execution_date=20250707T120000, start_date=20250709T072705, end_date=20250709T072707
[2025-07-09T07:27:07.057+0000] {local_task_job_runner.py:240} INFO - Task exited with return code 0
[2025-07-09T07:27:07.085+0000] {taskinstance.py:3503} INFO - 0 downstream tasks scheduled from follow-on schedule check
[2025-07-09T07:27:07.087+0000] {local_task_job_runner.py:222} INFO - ::endgroup::
[2025-07-09T11:24:44.941+0000] {local_task_job_runner.py:120} INFO - ::group::Pre task execution logs
[2025-07-09T11:24:44.979+0000] {taskinstance.py:2076} INFO - Dependencies all met for dep_context=non-requeueable deps ti=<TaskInstance: ETL_airflare_data.extract scheduled__2025-07-07T12:00:00+00:00 map_index=7 [queued]>
[2025-07-09T11:24:44.994+0000] {taskinstance.py:2076} INFO - Dependencies all met for dep_context=requeueable deps ti=<TaskInstance: ETL_airflare_data.extract scheduled__2025-07-07T12:00:00+00:00 map_index=7 [queued]>
[2025-07-09T11:24:44.995+0000] {taskinstance.py:2306} INFO - Starting attempt 1 of 3
[2025-07-09T11:24:45.016+0000] {taskinstance.py:2330} INFO - Executing <Mapped(_PythonDecoratedOperator): extract> on 2025-07-07 12:00:00+00:00
[2025-07-09T11:24:45.036+0000] {warnings.py:112} WARNING - /home/***/.local/lib/python3.12/site-packages/***/task/task_runner/standard_task_runner.py:61: DeprecationWarning: This process (pid=21119) is multi-threaded, use of fork() may lead to deadlocks in the child.
  pid = os.fork()

[2025-07-09T11:24:45.039+0000] {standard_task_runner.py:63} INFO - Started process 21158 to run task
[2025-07-09T11:24:45.039+0000] {standard_task_runner.py:90} INFO - Running: ['***', 'tasks', 'run', 'ETL_airflare_data', 'extract', 'scheduled__2025-07-07T12:00:00+00:00', '--job-id', '3247', '--raw', '--subdir', 'DAGS_FOLDER/Untitled-1.py', '--cfg-path', '/tmp/tmpm7gikwh7', '--map-index', '7']
[2025-07-09T11:24:45.041+0000] {standard_task_runner.py:91} INFO - Job 3247: Subtask extract
[2025-07-09T11:24:45.199+0000] {task_command.py:426} INFO - Running <TaskInstance: ETL_airflare_data.extract scheduled__2025-07-07T12:00:00+00:00 map_index=7 [running]> on host e6a32b72ede0
[2025-07-09T11:24:45.366+0000] {taskinstance.py:2648} INFO - Exporting env vars: AIRFLOW_CTX_DAG_OWNER='***' AIRFLOW_CTX_DAG_ID='ETL_airflare_data' AIRFLOW_CTX_TASK_ID='extract' AIRFLOW_CTX_EXECUTION_DATE='2025-07-07T12:00:00+00:00' AIRFLOW_CTX_TRY_NUMBER='1' AIRFLOW_CTX_DAG_RUN_ID='scheduled__2025-07-07T12:00:00+00:00'
[2025-07-09T11:24:45.369+0000] {taskinstance.py:430} INFO - ::endgroup::
[2025-07-09T11:24:45.370+0000] {Untitled-1.py:122} INFO - Начало извлечения данных для направления LED-IKT
[2025-07-09T11:24:46.192+0000] {Untitled-1.py:38} INFO - Создание подключения к S3
[2025-07-09T11:24:46.207+0000] {base.py:84} INFO - Using connection ID 'minio' for task execution.
[2025-07-09T11:24:46.210+0000] {connection_wrapper.py:384} INFO - AWS Connection (conn_id='minio', conn_type='aws') credentials retrieved from login and password.
[2025-07-09T11:24:46.832+0000] {Untitled-1.py:45} INFO - Подключение установлено
[2025-07-09T11:24:46.833+0000] {Untitled-1.py:49} INFO - Загрузка данных в S3
[2025-07-09T11:24:47.659+0000] {Untitled-1.py:60} INFO - Загрузка завершена успешно
[2025-07-09T11:24:47.660+0000] {Untitled-1.py:135} INFO - Данные успешно сохранены в S3
[2025-07-09T11:24:47.663+0000] {python.py:237} INFO - Done. Returned value was: {'path': {'bucket': 'airflare', 'key': 'temp/response_LED_IKT.json'}, 'rout': {'origin': 'LED', 'destination': 'IKT', 'bd': 'ikt_airflare_return'}}
[2025-07-09T11:24:47.665+0000] {taskinstance.py:441} INFO - ::group::Post task execution logs
[2025-07-09T11:24:47.704+0000] {taskinstance.py:1206} INFO - Marking task as SUCCESS. dag_id=ETL_airflare_data, task_id=extract, run_id=scheduled__2025-07-07T12:00:00+00:00, map_index=7, execution_date=20250707T120000, start_date=20250709T112444, end_date=20250709T112447
[2025-07-09T11:24:47.798+0000] {local_task_job_runner.py:240} INFO - Task exited with return code 0
[2025-07-09T11:24:47.807+0000] {local_task_job_runner.py:222} INFO - ::endgroup::
[2025-07-09T11:28:47.410+0000] {local_task_job_runner.py:120} INFO - ::group::Pre task execution logs
[2025-07-09T11:28:47.440+0000] {taskinstance.py:2076} INFO - Dependencies all met for dep_context=non-requeueable deps ti=<TaskInstance: ETL_airflare_data.extract scheduled__2025-07-07T12:00:00+00:00 map_index=7 [queued]>
[2025-07-09T11:28:47.455+0000] {taskinstance.py:2076} INFO - Dependencies all met for dep_context=requeueable deps ti=<TaskInstance: ETL_airflare_data.extract scheduled__2025-07-07T12:00:00+00:00 map_index=7 [queued]>
[2025-07-09T11:28:47.457+0000] {taskinstance.py:2306} INFO - Starting attempt 1 of 3
[2025-07-09T11:28:47.479+0000] {taskinstance.py:2330} INFO - Executing <Mapped(_PythonDecoratedOperator): extract> on 2025-07-07 12:00:00+00:00
[2025-07-09T11:28:47.494+0000] {warnings.py:112} WARNING - /home/***/.local/lib/python3.12/site-packages/***/task/task_runner/standard_task_runner.py:61: DeprecationWarning: This process (pid=21906) is multi-threaded, use of fork() may lead to deadlocks in the child.
  pid = os.fork()

[2025-07-09T11:28:47.498+0000] {standard_task_runner.py:63} INFO - Started process 21930 to run task
[2025-07-09T11:28:47.505+0000] {standard_task_runner.py:90} INFO - Running: ['***', 'tasks', 'run', 'ETL_airflare_data', 'extract', 'scheduled__2025-07-07T12:00:00+00:00', '--job-id', '3411', '--raw', '--subdir', 'DAGS_FOLDER/Untitled-1.py', '--cfg-path', '/tmp/tmpb23dbn_w', '--map-index', '7']
[2025-07-09T11:28:47.507+0000] {standard_task_runner.py:91} INFO - Job 3411: Subtask extract
[2025-07-09T11:28:47.627+0000] {task_command.py:426} INFO - Running <TaskInstance: ETL_airflare_data.extract scheduled__2025-07-07T12:00:00+00:00 map_index=7 [running]> on host e6a32b72ede0
[2025-07-09T11:28:47.821+0000] {taskinstance.py:2648} INFO - Exporting env vars: AIRFLOW_CTX_DAG_OWNER='***' AIRFLOW_CTX_DAG_ID='ETL_airflare_data' AIRFLOW_CTX_TASK_ID='extract' AIRFLOW_CTX_EXECUTION_DATE='2025-07-07T12:00:00+00:00' AIRFLOW_CTX_TRY_NUMBER='1' AIRFLOW_CTX_DAG_RUN_ID='scheduled__2025-07-07T12:00:00+00:00'
[2025-07-09T11:28:47.830+0000] {taskinstance.py:430} INFO - ::endgroup::
[2025-07-09T11:28:47.832+0000] {Untitled-1.py:122} INFO - Начало извлечения данных для направления LED-IKT
[2025-07-09T11:28:48.867+0000] {Untitled-1.py:38} INFO - Создание подключения к S3
[2025-07-09T11:28:48.877+0000] {base.py:84} INFO - Using connection ID 'minio' for task execution.
[2025-07-09T11:28:48.878+0000] {connection_wrapper.py:384} INFO - AWS Connection (conn_id='minio', conn_type='aws') credentials retrieved from login and password.
[2025-07-09T11:28:49.620+0000] {Untitled-1.py:45} INFO - Подключение установлено
[2025-07-09T11:28:49.621+0000] {Untitled-1.py:49} INFO - Загрузка данных в S3
[2025-07-09T11:28:50.388+0000] {Untitled-1.py:60} INFO - Загрузка завершена успешно
[2025-07-09T11:28:50.391+0000] {Untitled-1.py:135} INFO - Данные успешно сохранены в S3
[2025-07-09T11:28:50.395+0000] {python.py:237} INFO - Done. Returned value was: {'path': {'bucket': 'airflare', 'key': 'temp/response_LED_IKT.json'}, 'rout': {'origin': 'LED', 'destination': 'IKT', 'bd': 'ikt_airflare_return'}}
[2025-07-09T11:28:50.397+0000] {taskinstance.py:441} INFO - ::group::Post task execution logs
[2025-07-09T11:28:50.434+0000] {taskinstance.py:1206} INFO - Marking task as SUCCESS. dag_id=ETL_airflare_data, task_id=extract, run_id=scheduled__2025-07-07T12:00:00+00:00, map_index=7, execution_date=20250707T120000, start_date=20250709T112847, end_date=20250709T112850
[2025-07-09T11:28:50.504+0000] {local_task_job_runner.py:240} INFO - Task exited with return code 0
[2025-07-09T11:28:50.551+0000] {taskinstance.py:3503} INFO - 0 downstream tasks scheduled from follow-on schedule check
[2025-07-09T11:28:50.555+0000] {local_task_job_runner.py:222} INFO - ::endgroup::
