[2025-07-08T06:19:35.288+0000] {local_task_job_runner.py:120} INFO - ::group::Pre task execution logs
[2025-07-08T06:19:35.301+0000] {taskinstance.py:2076} INFO - Dependencies all met for dep_context=non-requeueable deps ti=<TaskInstance: ETL_airflare_data.transform manual__2025-07-08T06:19:30.697732+00:00 [queued]>
[2025-07-08T06:19:35.306+0000] {taskinstance.py:2076} INFO - Dependencies all met for dep_context=requeueable deps ti=<TaskInstance: ETL_airflare_data.transform manual__2025-07-08T06:19:30.697732+00:00 [queued]>
[2025-07-08T06:19:35.306+0000] {taskinstance.py:2306} INFO - Starting attempt 1 of 3
[2025-07-08T06:19:35.317+0000] {taskinstance.py:2330} INFO - Executing <Task(PythonOperator): transform> on 2025-07-08 06:19:30.697732+00:00
[2025-07-08T06:19:35.325+0000] {warnings.py:112} WARNING - /home/***/.local/lib/python3.12/site-packages/***/task/task_runner/standard_task_runner.py:61: DeprecationWarning: This process (pid=250) is multi-threaded, use of fork() may lead to deadlocks in the child.
  pid = os.fork()

[2025-07-08T06:19:35.326+0000] {standard_task_runner.py:63} INFO - Started process 252 to run task
[2025-07-08T06:19:35.326+0000] {standard_task_runner.py:90} INFO - Running: ['***', 'tasks', 'run', 'ETL_airflare_data', 'transform', 'manual__2025-07-08T06:19:30.697732+00:00', '--job-id', '235', '--raw', '--subdir', 'DAGS_FOLDER/Untitled-1.py', '--cfg-path', '/tmp/tmpfcjvmvc4']
[2025-07-08T06:19:35.328+0000] {standard_task_runner.py:91} INFO - Job 235: Subtask transform
[2025-07-08T06:19:35.370+0000] {task_command.py:426} INFO - Running <TaskInstance: ETL_airflare_data.transform manual__2025-07-08T06:19:30.697732+00:00 [running]> on host e6a32b72ede0
[2025-07-08T06:19:35.437+0000] {taskinstance.py:2648} INFO - Exporting env vars: AIRFLOW_CTX_DAG_OWNER='***' AIRFLOW_CTX_DAG_ID='ETL_airflare_data' AIRFLOW_CTX_TASK_ID='transform' AIRFLOW_CTX_EXECUTION_DATE='2025-07-08T06:19:30.697732+00:00' AIRFLOW_CTX_TRY_NUMBER='1' AIRFLOW_CTX_DAG_RUN_ID='manual__2025-07-08T06:19:30.697732+00:00'
[2025-07-08T06:19:35.438+0000] {taskinstance.py:430} INFO - ::endgroup::
[2025-07-08T06:19:35.454+0000] {Untitled-1.py:109} INFO - Данные приняты из Xcom, начат процесс очистки
[2025-07-08T06:19:35.455+0000] {Untitled-1.py:51} INFO - Создание подключения к S3
[2025-07-08T06:19:35.455+0000] {Untitled-1.py:55} INFO - Подключение установлено, загрузка данных из S3
[2025-07-08T06:19:35.462+0000] {base.py:84} INFO - Using connection ID 'minio' for task execution.
[2025-07-08T06:19:35.463+0000] {connection_wrapper.py:384} INFO - AWS Connection (conn_id='minio', conn_type='aws') credentials retrieved from login and password.
[2025-07-08T06:19:35.641+0000] {Untitled-1.py:61} INFO - Данные выгружены из S3
[2025-07-08T06:19:35.645+0000] {Untitled-1.py:118} INFO - Преобразование завершено, начинается передача DF в S3
[2025-07-08T06:19:35.646+0000] {Untitled-1.py:21} INFO - Создание подключения к S3
[2025-07-08T06:19:35.647+0000] {Untitled-1.py:26} INFO - Подключение установлено
[2025-07-08T06:19:35.653+0000] {base.py:84} INFO - Using connection ID 'minio' for task execution.
[2025-07-08T06:19:35.653+0000] {connection_wrapper.py:384} INFO - AWS Connection (conn_id='minio', conn_type='aws') credentials retrieved from login and password.
[2025-07-08T06:19:35.946+0000] {Untitled-1.py:32} INFO - Загрузка данных в S3
[2025-07-08T06:19:36.056+0000] {Untitled-1.py:41} INFO - Загрузка завершена успешно
[2025-07-08T06:19:36.057+0000] {Untitled-1.py:126} INFO - Данные успешно сохранены в S3, передаю их в Xcom
[2025-07-08T06:19:36.070+0000] {Untitled-1.py:131} INFO - данные успешно очищены и записаны в хранилище
[2025-07-08T06:19:36.071+0000] {python.py:237} INFO - Done. Returned value was: None
[2025-07-08T06:19:36.071+0000] {taskinstance.py:441} INFO - ::group::Post task execution logs
[2025-07-08T06:19:36.079+0000] {taskinstance.py:1206} INFO - Marking task as SUCCESS. dag_id=ETL_airflare_data, task_id=transform, run_id=manual__2025-07-08T06:19:30.697732+00:00, execution_date=20250708T061930, start_date=20250708T061935, end_date=20250708T061936
[2025-07-08T06:19:36.142+0000] {local_task_job_runner.py:240} INFO - Task exited with return code 0
[2025-07-08T06:19:36.157+0000] {taskinstance.py:3503} INFO - 1 downstream tasks scheduled from follow-on schedule check
[2025-07-08T06:19:36.159+0000] {local_task_job_runner.py:222} INFO - ::endgroup::
