[2025-07-09T07:27:04.999+0000] {local_task_job_runner.py:120} INFO - ::group::Pre task execution logs
[2025-07-09T07:27:05.025+0000] {taskinstance.py:2076} INFO - Dependencies all met for dep_context=non-requeueable deps ti=<TaskInstance: ETL_airflare_data.extract scheduled__2025-07-07T12:00:00+00:00 map_index=3 [queued]>
[2025-07-09T07:27:05.036+0000] {taskinstance.py:2076} INFO - Dependencies all met for dep_context=requeueable deps ti=<TaskInstance: ETL_airflare_data.extract scheduled__2025-07-07T12:00:00+00:00 map_index=3 [queued]>
[2025-07-09T07:27:05.037+0000] {taskinstance.py:2306} INFO - Starting attempt 1 of 3
[2025-07-09T07:27:05.053+0000] {taskinstance.py:2330} INFO - Executing <Mapped(_PythonDecoratedOperator): extract> on 2025-07-07 12:00:00+00:00
[2025-07-09T07:27:05.068+0000] {warnings.py:112} WARNING - /home/***/.local/lib/python3.12/site-packages/***/task/task_runner/standard_task_runner.py:61: DeprecationWarning: This process (pid=6588) is multi-threaded, use of fork() may lead to deadlocks in the child.
  pid = os.fork()

[2025-07-09T07:27:05.071+0000] {standard_task_runner.py:63} INFO - Started process 6608 to run task
[2025-07-09T07:27:05.071+0000] {standard_task_runner.py:90} INFO - Running: ['***', 'tasks', 'run', 'ETL_airflare_data', 'extract', 'scheduled__2025-07-07T12:00:00+00:00', '--job-id', '570', '--raw', '--subdir', 'DAGS_FOLDER/Untitled-1.py', '--cfg-path', '/tmp/tmpz4whimbr', '--map-index', '3']
[2025-07-09T07:27:05.073+0000] {standard_task_runner.py:91} INFO - Job 570: Subtask extract
[2025-07-09T07:27:05.153+0000] {task_command.py:426} INFO - Running <TaskInstance: ETL_airflare_data.extract scheduled__2025-07-07T12:00:00+00:00 map_index=3 [running]> on host e6a32b72ede0
[2025-07-09T07:27:05.269+0000] {taskinstance.py:2648} INFO - Exporting env vars: AIRFLOW_CTX_DAG_OWNER='***' AIRFLOW_CTX_DAG_ID='ETL_airflare_data' AIRFLOW_CTX_TASK_ID='extract' AIRFLOW_CTX_EXECUTION_DATE='2025-07-07T12:00:00+00:00' AIRFLOW_CTX_TRY_NUMBER='1' AIRFLOW_CTX_DAG_RUN_ID='scheduled__2025-07-07T12:00:00+00:00'
[2025-07-09T07:27:05.272+0000] {taskinstance.py:430} INFO - ::endgroup::
[2025-07-09T07:27:05.273+0000] {Untitled-1.py:116} INFO - Начало извлечения данных для направления MOW-IKT
[2025-07-09T07:27:06.224+0000] {Untitled-1.py:39} INFO - Создание подключения к S3
[2025-07-09T07:27:06.224+0000] {Untitled-1.py:44} INFO - Подключение установлено
[2025-07-09T07:27:06.235+0000] {base.py:84} INFO - Using connection ID 'minio' for task execution.
[2025-07-09T07:27:06.235+0000] {connection_wrapper.py:384} INFO - AWS Connection (conn_id='minio', conn_type='aws') credentials retrieved from login and password.
[2025-07-09T07:27:06.620+0000] {Untitled-1.py:50} INFO - Загрузка данных в S3
[2025-07-09T07:27:06.715+0000] {Untitled-1.py:61} INFO - Загрузка завершена успешно
[2025-07-09T07:27:06.716+0000] {Untitled-1.py:129} INFO - Данные успешно сохранены во временное хранилище
[2025-07-09T07:27:06.717+0000] {Untitled-1.py:130} INFO - Данные успешно извлечены и переданы в Xcom
[2025-07-09T07:27:06.719+0000] {python.py:237} INFO - Done. Returned value was: {'path': {'bucket': 'airflare', 'key': 'temp/response_MOW_IKT.json'}, 'rout': {'origin': 'MOW', 'destination': 'IKT', 'bd': 'mow_ikt_return'}}
[2025-07-09T07:27:06.719+0000] {taskinstance.py:441} INFO - ::group::Post task execution logs
[2025-07-09T07:27:06.746+0000] {taskinstance.py:1206} INFO - Marking task as SUCCESS. dag_id=ETL_airflare_data, task_id=extract, run_id=scheduled__2025-07-07T12:00:00+00:00, map_index=3, execution_date=20250707T120000, start_date=20250709T072705, end_date=20250709T072706
[2025-07-09T07:27:06.811+0000] {local_task_job_runner.py:240} INFO - Task exited with return code 0
[2025-07-09T07:27:06.827+0000] {local_task_job_runner.py:222} INFO - ::endgroup::
[2025-07-09T11:24:44.853+0000] {local_task_job_runner.py:120} INFO - ::group::Pre task execution logs
[2025-07-09T11:24:44.889+0000] {taskinstance.py:2076} INFO - Dependencies all met for dep_context=non-requeueable deps ti=<TaskInstance: ETL_airflare_data.extract scheduled__2025-07-07T12:00:00+00:00 map_index=3 [queued]>
[2025-07-09T11:24:44.901+0000] {taskinstance.py:2076} INFO - Dependencies all met for dep_context=requeueable deps ti=<TaskInstance: ETL_airflare_data.extract scheduled__2025-07-07T12:00:00+00:00 map_index=3 [queued]>
[2025-07-09T11:24:44.903+0000] {taskinstance.py:2306} INFO - Starting attempt 1 of 3
[2025-07-09T11:24:44.920+0000] {taskinstance.py:2330} INFO - Executing <Mapped(_PythonDecoratedOperator): extract> on 2025-07-07 12:00:00+00:00
[2025-07-09T11:24:44.936+0000] {warnings.py:112} WARNING - /home/***/.local/lib/python3.12/site-packages/***/task/task_runner/standard_task_runner.py:61: DeprecationWarning: This process (pid=21120) is multi-threaded, use of fork() may lead to deadlocks in the child.
  pid = os.fork()

[2025-07-09T11:24:44.938+0000] {standard_task_runner.py:63} INFO - Started process 21150 to run task
[2025-07-09T11:24:44.942+0000] {standard_task_runner.py:90} INFO - Running: ['***', 'tasks', 'run', 'ETL_airflare_data', 'extract', 'scheduled__2025-07-07T12:00:00+00:00', '--job-id', '3240', '--raw', '--subdir', 'DAGS_FOLDER/Untitled-1.py', '--cfg-path', '/tmp/tmp5hyfrmc2', '--map-index', '3']
[2025-07-09T11:24:44.946+0000] {standard_task_runner.py:91} INFO - Job 3240: Subtask extract
[2025-07-09T11:24:45.056+0000] {task_command.py:426} INFO - Running <TaskInstance: ETL_airflare_data.extract scheduled__2025-07-07T12:00:00+00:00 map_index=3 [running]> on host e6a32b72ede0
[2025-07-09T11:24:45.262+0000] {taskinstance.py:2648} INFO - Exporting env vars: AIRFLOW_CTX_DAG_OWNER='***' AIRFLOW_CTX_DAG_ID='ETL_airflare_data' AIRFLOW_CTX_TASK_ID='extract' AIRFLOW_CTX_EXECUTION_DATE='2025-07-07T12:00:00+00:00' AIRFLOW_CTX_TRY_NUMBER='1' AIRFLOW_CTX_DAG_RUN_ID='scheduled__2025-07-07T12:00:00+00:00'
[2025-07-09T11:24:45.266+0000] {taskinstance.py:430} INFO - ::endgroup::
[2025-07-09T11:24:45.267+0000] {Untitled-1.py:122} INFO - Начало извлечения данных для направления MOW-IKT
[2025-07-09T11:24:46.049+0000] {Untitled-1.py:38} INFO - Создание подключения к S3
[2025-07-09T11:24:46.059+0000] {base.py:84} INFO - Using connection ID 'minio' for task execution.
[2025-07-09T11:24:46.060+0000] {connection_wrapper.py:384} INFO - AWS Connection (conn_id='minio', conn_type='aws') credentials retrieved from login and password.
[2025-07-09T11:24:46.677+0000] {Untitled-1.py:45} INFO - Подключение установлено
[2025-07-09T11:24:46.680+0000] {Untitled-1.py:49} INFO - Загрузка данных в S3
[2025-07-09T11:24:47.124+0000] {Untitled-1.py:60} INFO - Загрузка завершена успешно
[2025-07-09T11:24:47.125+0000] {Untitled-1.py:135} INFO - Данные успешно сохранены в S3
[2025-07-09T11:24:47.127+0000] {python.py:237} INFO - Done. Returned value was: {'path': {'bucket': 'airflare', 'key': 'temp/response_MOW_IKT.json'}, 'rout': {'origin': 'MOW', 'destination': 'IKT', 'bd': 'ikt_airflare_return'}}
[2025-07-09T11:24:47.128+0000] {taskinstance.py:441} INFO - ::group::Post task execution logs
[2025-07-09T11:24:47.151+0000] {taskinstance.py:1206} INFO - Marking task as SUCCESS. dag_id=ETL_airflare_data, task_id=extract, run_id=scheduled__2025-07-07T12:00:00+00:00, map_index=3, execution_date=20250707T120000, start_date=20250709T112444, end_date=20250709T112447
[2025-07-09T11:24:47.211+0000] {local_task_job_runner.py:240} INFO - Task exited with return code 0
[2025-07-09T11:24:47.244+0000] {taskinstance.py:3503} INFO - 0 downstream tasks scheduled from follow-on schedule check
[2025-07-09T11:24:47.246+0000] {local_task_job_runner.py:222} INFO - ::endgroup::
[2025-07-09T11:28:47.453+0000] {local_task_job_runner.py:120} INFO - ::group::Pre task execution logs
[2025-07-09T11:28:47.493+0000] {taskinstance.py:2076} INFO - Dependencies all met for dep_context=non-requeueable deps ti=<TaskInstance: ETL_airflare_data.extract scheduled__2025-07-07T12:00:00+00:00 map_index=3 [queued]>
[2025-07-09T11:28:47.507+0000] {taskinstance.py:2076} INFO - Dependencies all met for dep_context=requeueable deps ti=<TaskInstance: ETL_airflare_data.extract scheduled__2025-07-07T12:00:00+00:00 map_index=3 [queued]>
[2025-07-09T11:28:47.508+0000] {taskinstance.py:2306} INFO - Starting attempt 1 of 3
[2025-07-09T11:28:47.528+0000] {taskinstance.py:2330} INFO - Executing <Mapped(_PythonDecoratedOperator): extract> on 2025-07-07 12:00:00+00:00
[2025-07-09T11:28:47.545+0000] {warnings.py:112} WARNING - /home/***/.local/lib/python3.12/site-packages/***/task/task_runner/standard_task_runner.py:61: DeprecationWarning: This process (pid=21899) is multi-threaded, use of fork() may lead to deadlocks in the child.
  pid = os.fork()

[2025-07-09T11:28:47.549+0000] {standard_task_runner.py:63} INFO - Started process 21934 to run task
[2025-07-09T11:28:47.553+0000] {standard_task_runner.py:90} INFO - Running: ['***', 'tasks', 'run', 'ETL_airflare_data', 'extract', 'scheduled__2025-07-07T12:00:00+00:00', '--job-id', '3414', '--raw', '--subdir', 'DAGS_FOLDER/Untitled-1.py', '--cfg-path', '/tmp/tmp2r8o09df', '--map-index', '3']
[2025-07-09T11:28:47.557+0000] {standard_task_runner.py:91} INFO - Job 3414: Subtask extract
[2025-07-09T11:28:47.689+0000] {task_command.py:426} INFO - Running <TaskInstance: ETL_airflare_data.extract scheduled__2025-07-07T12:00:00+00:00 map_index=3 [running]> on host e6a32b72ede0
[2025-07-09T11:28:47.859+0000] {taskinstance.py:2648} INFO - Exporting env vars: AIRFLOW_CTX_DAG_OWNER='***' AIRFLOW_CTX_DAG_ID='ETL_airflare_data' AIRFLOW_CTX_TASK_ID='extract' AIRFLOW_CTX_EXECUTION_DATE='2025-07-07T12:00:00+00:00' AIRFLOW_CTX_TRY_NUMBER='1' AIRFLOW_CTX_DAG_RUN_ID='scheduled__2025-07-07T12:00:00+00:00'
[2025-07-09T11:28:47.862+0000] {taskinstance.py:430} INFO - ::endgroup::
[2025-07-09T11:28:47.864+0000] {Untitled-1.py:122} INFO - Начало извлечения данных для направления MOW-IKT
[2025-07-09T11:28:48.996+0000] {Untitled-1.py:38} INFO - Создание подключения к S3
[2025-07-09T11:28:49.021+0000] {base.py:84} INFO - Using connection ID 'minio' for task execution.
[2025-07-09T11:28:49.022+0000] {connection_wrapper.py:384} INFO - AWS Connection (conn_id='minio', conn_type='aws') credentials retrieved from login and password.
[2025-07-09T11:28:49.646+0000] {Untitled-1.py:45} INFO - Подключение установлено
[2025-07-09T11:28:49.646+0000] {Untitled-1.py:49} INFO - Загрузка данных в S3
[2025-07-09T11:28:50.385+0000] {Untitled-1.py:60} INFO - Загрузка завершена успешно
[2025-07-09T11:28:50.388+0000] {Untitled-1.py:135} INFO - Данные успешно сохранены в S3
[2025-07-09T11:28:50.392+0000] {python.py:237} INFO - Done. Returned value was: {'path': {'bucket': 'airflare', 'key': 'temp/response_MOW_IKT.json'}, 'rout': {'origin': 'MOW', 'destination': 'IKT', 'bd': 'ikt_airflare_return'}}
[2025-07-09T11:28:50.393+0000] {taskinstance.py:441} INFO - ::group::Post task execution logs
[2025-07-09T11:28:50.432+0000] {taskinstance.py:1206} INFO - Marking task as SUCCESS. dag_id=ETL_airflare_data, task_id=extract, run_id=scheduled__2025-07-07T12:00:00+00:00, map_index=3, execution_date=20250707T120000, start_date=20250709T112847, end_date=20250709T112850
[2025-07-09T11:28:50.508+0000] {local_task_job_runner.py:240} INFO - Task exited with return code 0
[2025-07-09T11:28:50.521+0000] {local_task_job_runner.py:222} INFO - ::endgroup::
