[2025-07-09T07:27:08.700+0000] {local_task_job_runner.py:120} INFO - ::group::Pre task execution logs
[2025-07-09T07:27:08.727+0000] {taskinstance.py:2076} INFO - Dependencies all met for dep_context=non-requeueable deps ti=<TaskInstance: ETL_airflare_data.transform scheduled__2025-07-07T12:00:00+00:00 map_index=2 [queued]>
[2025-07-09T07:27:08.735+0000] {taskinstance.py:2076} INFO - Dependencies all met for dep_context=requeueable deps ti=<TaskInstance: ETL_airflare_data.transform scheduled__2025-07-07T12:00:00+00:00 map_index=2 [queued]>
[2025-07-09T07:27:08.736+0000] {taskinstance.py:2306} INFO - Starting attempt 1 of 3
[2025-07-09T07:27:08.751+0000] {taskinstance.py:2330} INFO - Executing <Mapped(_PythonDecoratedOperator): transform> on 2025-07-07 12:00:00+00:00
[2025-07-09T07:27:08.762+0000] {warnings.py:112} WARNING - /home/***/.local/lib/python3.12/site-packages/***/task/task_runner/standard_task_runner.py:61: DeprecationWarning: This process (pid=6642) is multi-threaded, use of fork() may lead to deadlocks in the child.
  pid = os.fork()

[2025-07-09T07:27:08.764+0000] {standard_task_runner.py:63} INFO - Started process 6662 to run task
[2025-07-09T07:27:08.764+0000] {standard_task_runner.py:90} INFO - Running: ['***', 'tasks', 'run', 'ETL_airflare_data', 'transform', 'scheduled__2025-07-07T12:00:00+00:00', '--job-id', '582', '--raw', '--subdir', 'DAGS_FOLDER/Untitled-1.py', '--cfg-path', '/tmp/tmpn292ntzc', '--map-index', '2']
[2025-07-09T07:27:08.766+0000] {standard_task_runner.py:91} INFO - Job 582: Subtask transform
[2025-07-09T07:27:08.841+0000] {task_command.py:426} INFO - Running <TaskInstance: ETL_airflare_data.transform scheduled__2025-07-07T12:00:00+00:00 map_index=2 [running]> on host e6a32b72ede0
[2025-07-09T07:27:08.954+0000] {taskinstance.py:2648} INFO - Exporting env vars: AIRFLOW_CTX_DAG_OWNER='***' AIRFLOW_CTX_DAG_ID='ETL_airflare_data' AIRFLOW_CTX_TASK_ID='transform' AIRFLOW_CTX_EXECUTION_DATE='2025-07-07T12:00:00+00:00' AIRFLOW_CTX_TRY_NUMBER='1' AIRFLOW_CTX_DAG_RUN_ID='scheduled__2025-07-07T12:00:00+00:00'
[2025-07-09T07:27:08.955+0000] {taskinstance.py:430} INFO - ::endgroup::
[2025-07-09T07:27:08.956+0000] {Untitled-1.py:139} INFO - Данные приняты из Xcom, начат процесс очистки
[2025-07-09T07:27:08.956+0000] {Untitled-1.py:71} INFO - Создание подключения к S3
[2025-07-09T07:27:08.957+0000] {Untitled-1.py:75} INFO - Подключение установлено, загрузка данных из S3
[2025-07-09T07:27:08.968+0000] {base.py:84} INFO - Using connection ID 'minio' for task execution.
[2025-07-09T07:27:08.969+0000] {connection_wrapper.py:384} INFO - AWS Connection (conn_id='minio', conn_type='aws') credentials retrieved from login and password.
[2025-07-09T07:27:09.127+0000] {Untitled-1.py:81} INFO - Данные выгружены из S3
[2025-07-09T07:27:09.135+0000] {Untitled-1.py:148} INFO - Преобразование завершено, начинается передача DF в S3
[2025-07-09T07:27:09.137+0000] {Untitled-1.py:39} INFO - Создание подключения к S3
[2025-07-09T07:27:09.137+0000] {Untitled-1.py:44} INFO - Подключение установлено
[2025-07-09T07:27:09.146+0000] {base.py:84} INFO - Using connection ID 'minio' for task execution.
[2025-07-09T07:27:09.148+0000] {connection_wrapper.py:384} INFO - AWS Connection (conn_id='minio', conn_type='aws') credentials retrieved from login and password.
[2025-07-09T07:27:09.600+0000] {Untitled-1.py:50} INFO - Загрузка данных в S3
[2025-07-09T07:27:09.879+0000] {Untitled-1.py:61} INFO - Загрузка завершена успешно
[2025-07-09T07:27:09.879+0000] {Untitled-1.py:156} INFO - Данные успешно сохранены в S3, передаю их в Xcom
[2025-07-09T07:27:09.880+0000] {Untitled-1.py:158} INFO - данные успешно очищены и записаны в хранилище
[2025-07-09T07:27:09.880+0000] {python.py:237} INFO - Done. Returned value was: {'path': {'bucket': 'airflare', 'key': 'temp/df_IKT_MOW.json'}, 'rout': {'origin': 'IKT', 'destination': 'MOW', 'bd': 'ikt_mow_outbound'}}
[2025-07-09T07:27:09.880+0000] {taskinstance.py:441} INFO - ::group::Post task execution logs
[2025-07-09T07:27:09.898+0000] {taskinstance.py:1206} INFO - Marking task as SUCCESS. dag_id=ETL_airflare_data, task_id=transform, run_id=scheduled__2025-07-07T12:00:00+00:00, map_index=2, execution_date=20250707T120000, start_date=20250709T072708, end_date=20250709T072709
[2025-07-09T07:27:09.942+0000] {local_task_job_runner.py:240} INFO - Task exited with return code 0
[2025-07-09T07:27:09.987+0000] {taskinstance.py:3503} INFO - 0 downstream tasks scheduled from follow-on schedule check
[2025-07-09T07:27:09.988+0000] {local_task_job_runner.py:222} INFO - ::endgroup::
