[2025-07-09T08:23:54.871+0000] {local_task_job_runner.py:120} INFO - ::group::Pre task execution logs
[2025-07-09T08:23:54.907+0000] {taskinstance.py:2076} INFO - Dependencies all met for dep_context=non-requeueable deps ti=<TaskInstance: ETL_airflare_data.transform manual__2025-07-09T08:23:44.067884+00:00 map_index=1 [queued]>
[2025-07-09T08:23:54.920+0000] {taskinstance.py:2076} INFO - Dependencies all met for dep_context=requeueable deps ti=<TaskInstance: ETL_airflare_data.transform manual__2025-07-09T08:23:44.067884+00:00 map_index=1 [queued]>
[2025-07-09T08:23:54.920+0000] {taskinstance.py:2306} INFO - Starting attempt 1 of 3
[2025-07-09T08:23:54.946+0000] {taskinstance.py:2330} INFO - Executing <Mapped(_PythonDecoratedOperator): transform> on 2025-07-09 08:23:44.067884+00:00
[2025-07-09T08:23:54.961+0000] {warnings.py:112} WARNING - /home/***/.local/lib/python3.12/site-packages/***/task/task_runner/standard_task_runner.py:61: DeprecationWarning: This process (pid=7963) is multi-threaded, use of fork() may lead to deadlocks in the child.
  pid = os.fork()

[2025-07-09T08:23:54.965+0000] {standard_task_runner.py:63} INFO - Started process 7997 to run task
[2025-07-09T08:23:54.964+0000] {standard_task_runner.py:90} INFO - Running: ['***', 'tasks', 'run', 'ETL_airflare_data', 'transform', 'manual__2025-07-09T08:23:44.067884+00:00', '--job-id', '709', '--raw', '--subdir', 'DAGS_FOLDER/Untitled-1.py', '--cfg-path', '/tmp/tmp0l5apitr', '--map-index', '1']
[2025-07-09T08:23:54.971+0000] {standard_task_runner.py:91} INFO - Job 709: Subtask transform
[2025-07-09T08:23:55.118+0000] {task_command.py:426} INFO - Running <TaskInstance: ETL_airflare_data.transform manual__2025-07-09T08:23:44.067884+00:00 map_index=1 [running]> on host e6a32b72ede0
[2025-07-09T08:23:55.295+0000] {taskinstance.py:2648} INFO - Exporting env vars: AIRFLOW_CTX_DAG_OWNER='***' AIRFLOW_CTX_DAG_ID='ETL_airflare_data' AIRFLOW_CTX_TASK_ID='transform' AIRFLOW_CTX_EXECUTION_DATE='2025-07-09T08:23:44.067884+00:00' AIRFLOW_CTX_TRY_NUMBER='1' AIRFLOW_CTX_DAG_RUN_ID='manual__2025-07-09T08:23:44.067884+00:00'
[2025-07-09T08:23:55.300+0000] {taskinstance.py:430} INFO - ::endgroup::
[2025-07-09T08:23:55.301+0000] {Untitled-1.py:160} INFO - Данные приняты из Xcom, начат процесс очистки
[2025-07-09T08:23:55.304+0000] {Untitled-1.py:92} INFO - Создание подключения к S3
[2025-07-09T08:23:55.306+0000] {Untitled-1.py:96} INFO - Подключение установлено, загрузка данных из S3
[2025-07-09T08:23:55.335+0000] {base.py:84} INFO - Using connection ID 'minio' for task execution.
[2025-07-09T08:23:55.339+0000] {connection_wrapper.py:384} INFO - AWS Connection (conn_id='minio', conn_type='aws') credentials retrieved from login and password.
[2025-07-09T08:23:55.599+0000] {Untitled-1.py:102} INFO - Данные выгружены из S3
[2025-07-09T08:23:55.610+0000] {Untitled-1.py:169} INFO - Преобразование завершено, начинается передача DF в S3
[2025-07-09T08:23:55.612+0000] {Untitled-1.py:62} INFO - Создание подключения к S3
[2025-07-09T08:23:55.613+0000] {Untitled-1.py:65} INFO - Подключение установлено
[2025-07-09T08:23:55.632+0000] {base.py:84} INFO - Using connection ID 'minio' for task execution.
[2025-07-09T08:23:55.634+0000] {connection_wrapper.py:384} INFO - AWS Connection (conn_id='minio', conn_type='aws') credentials retrieved from login and password.
[2025-07-09T08:23:56.345+0000] {Untitled-1.py:71} INFO - Загрузка данных в S3
[2025-07-09T08:23:56.783+0000] {Untitled-1.py:82} INFO - Загрузка завершена успешно
[2025-07-09T08:23:56.784+0000] {Untitled-1.py:177} INFO - Данные успешно сохранены в S3, передаю их в Xcom
[2025-07-09T08:23:56.784+0000] {Untitled-1.py:179} INFO - данные успешно очищены и записаны в хранилище
[2025-07-09T08:23:56.784+0000] {python.py:237} INFO - Done. Returned value was: {'path': {'bucket': 'airflare', 'key': 'temp/df_HKT_IKT.json'}, 'rout': {'origin': 'HKT', 'destination': 'IKT', 'bd': 'Пхукет_Иркутск_return'}}
[2025-07-09T08:23:56.785+0000] {taskinstance.py:441} INFO - ::group::Post task execution logs
[2025-07-09T08:23:56.806+0000] {taskinstance.py:1206} INFO - Marking task as SUCCESS. dag_id=ETL_airflare_data, task_id=transform, run_id=manual__2025-07-09T08:23:44.067884+00:00, map_index=1, execution_date=20250709T082344, start_date=20250709T082354, end_date=20250709T082356
[2025-07-09T08:23:56.935+0000] {local_task_job_runner.py:240} INFO - Task exited with return code 0
[2025-07-09T08:23:56.958+0000] {taskinstance.py:3503} INFO - 0 downstream tasks scheduled from follow-on schedule check
[2025-07-09T08:23:56.960+0000] {local_task_job_runner.py:222} INFO - ::endgroup::
