[2025-07-09T08:23:46.288+0000] {local_task_job_runner.py:120} INFO - ::group::Pre task execution logs
[2025-07-09T08:23:46.326+0000] {taskinstance.py:2076} INFO - Dependencies all met for dep_context=non-requeueable deps ti=<TaskInstance: ETL_airflare_data.extract manual__2025-07-09T08:23:44.067884+00:00 map_index=12 [queued]>
[2025-07-09T08:23:46.340+0000] {taskinstance.py:2076} INFO - Dependencies all met for dep_context=requeueable deps ti=<TaskInstance: ETL_airflare_data.extract manual__2025-07-09T08:23:44.067884+00:00 map_index=12 [queued]>
[2025-07-09T08:23:46.341+0000] {taskinstance.py:2306} INFO - Starting attempt 1 of 3
[2025-07-09T08:23:46.364+0000] {taskinstance.py:2330} INFO - Executing <Mapped(_PythonDecoratedOperator): extract> on 2025-07-09 08:23:44.067884+00:00
[2025-07-09T08:23:46.385+0000] {warnings.py:112} WARNING - /home/***/.local/lib/python3.12/site-packages/***/task/task_runner/standard_task_runner.py:61: DeprecationWarning: This process (pid=7803) is multi-threaded, use of fork() may lead to deadlocks in the child.
  pid = os.fork()

[2025-07-09T08:23:46.390+0000] {standard_task_runner.py:63} INFO - Started process 7830 to run task
[2025-07-09T08:23:46.390+0000] {standard_task_runner.py:90} INFO - Running: ['***', 'tasks', 'run', 'ETL_airflare_data', 'extract', 'manual__2025-07-09T08:23:44.067884+00:00', '--job-id', '679', '--raw', '--subdir', 'DAGS_FOLDER/Untitled-1.py', '--cfg-path', '/tmp/tmpoo9saqyj', '--map-index', '12']
[2025-07-09T08:23:46.396+0000] {standard_task_runner.py:91} INFO - Job 679: Subtask extract
[2025-07-09T08:23:46.523+0000] {task_command.py:426} INFO - Running <TaskInstance: ETL_airflare_data.extract manual__2025-07-09T08:23:44.067884+00:00 map_index=12 [running]> on host e6a32b72ede0
[2025-07-09T08:23:46.726+0000] {taskinstance.py:2648} INFO - Exporting env vars: AIRFLOW_CTX_DAG_OWNER='***' AIRFLOW_CTX_DAG_ID='ETL_airflare_data' AIRFLOW_CTX_TASK_ID='extract' AIRFLOW_CTX_EXECUTION_DATE='2025-07-09T08:23:44.067884+00:00' AIRFLOW_CTX_TRY_NUMBER='1' AIRFLOW_CTX_DAG_RUN_ID='manual__2025-07-09T08:23:44.067884+00:00'
[2025-07-09T08:23:46.732+0000] {taskinstance.py:430} INFO - ::endgroup::
[2025-07-09T08:23:46.734+0000] {Untitled-1.py:137} INFO - Начало извлечения данных для направления IKT-DXB
[2025-07-09T08:23:47.374+0000] {Untitled-1.py:62} INFO - Создание подключения к S3
[2025-07-09T08:23:47.375+0000] {Untitled-1.py:65} INFO - Подключение установлено
[2025-07-09T08:23:47.386+0000] {base.py:84} INFO - Using connection ID 'minio' for task execution.
[2025-07-09T08:23:47.387+0000] {connection_wrapper.py:384} INFO - AWS Connection (conn_id='minio', conn_type='aws') credentials retrieved from login and password.
[2025-07-09T08:23:47.961+0000] {Untitled-1.py:71} INFO - Загрузка данных в S3
[2025-07-09T08:23:48.566+0000] {Untitled-1.py:82} INFO - Загрузка завершена успешно
[2025-07-09T08:23:48.567+0000] {Untitled-1.py:150} INFO - Данные успешно сохранены во временное хранилище
[2025-07-09T08:23:48.567+0000] {Untitled-1.py:151} INFO - Данные успешно извлечены и переданы в Xcom
[2025-07-09T08:23:48.569+0000] {python.py:237} INFO - Done. Returned value was: {'path': {'bucket': 'airflare', 'key': 'temp/response_IKT_DXB.json'}, 'rout': {'origin': 'IKT', 'destination': 'DXB', 'bd': 'Иркутск_Дубай_outbound'}}
[2025-07-09T08:23:48.570+0000] {taskinstance.py:441} INFO - ::group::Post task execution logs
[2025-07-09T08:23:48.595+0000] {taskinstance.py:1206} INFO - Marking task as SUCCESS. dag_id=ETL_airflare_data, task_id=extract, run_id=manual__2025-07-09T08:23:44.067884+00:00, map_index=12, execution_date=20250709T082344, start_date=20250709T082346, end_date=20250709T082348
[2025-07-09T08:23:48.676+0000] {local_task_job_runner.py:240} INFO - Task exited with return code 0
[2025-07-09T08:23:48.713+0000] {taskinstance.py:3503} INFO - 0 downstream tasks scheduled from follow-on schedule check
[2025-07-09T08:23:48.715+0000] {local_task_job_runner.py:222} INFO - ::endgroup::
