[2025-07-09T07:27:05.417+0000] {local_task_job_runner.py:120} INFO - ::group::Pre task execution logs
[2025-07-09T07:27:05.436+0000] {taskinstance.py:2076} INFO - Dependencies all met for dep_context=non-requeueable deps ti=<TaskInstance: ETL_airflare_data.extract scheduled__2025-07-07T12:00:00+00:00 map_index=5 [queued]>
[2025-07-09T07:27:05.445+0000] {taskinstance.py:2076} INFO - Dependencies all met for dep_context=requeueable deps ti=<TaskInstance: ETL_airflare_data.extract scheduled__2025-07-07T12:00:00+00:00 map_index=5 [queued]>
[2025-07-09T07:27:05.445+0000] {taskinstance.py:2306} INFO - Starting attempt 1 of 3
[2025-07-09T07:27:05.458+0000] {taskinstance.py:2330} INFO - Executing <Mapped(_PythonDecoratedOperator): extract> on 2025-07-07 12:00:00+00:00
[2025-07-09T07:27:05.471+0000] {warnings.py:112} WARNING - /home/***/.local/lib/python3.12/site-packages/***/task/task_runner/standard_task_runner.py:61: DeprecationWarning: This process (pid=6591) is multi-threaded, use of fork() may lead to deadlocks in the child.
  pid = os.fork()

[2025-07-09T07:27:05.472+0000] {standard_task_runner.py:90} INFO - Running: ['***', 'tasks', 'run', 'ETL_airflare_data', 'extract', 'scheduled__2025-07-07T12:00:00+00:00', '--job-id', '571', '--raw', '--subdir', 'DAGS_FOLDER/Untitled-1.py', '--cfg-path', '/tmp/tmpgfi7stqp', '--map-index', '5']
[2025-07-09T07:27:05.473+0000] {standard_task_runner.py:63} INFO - Started process 6609 to run task
[2025-07-09T07:27:05.473+0000] {standard_task_runner.py:91} INFO - Job 571: Subtask extract
[2025-07-09T07:27:05.544+0000] {task_command.py:426} INFO - Running <TaskInstance: ETL_airflare_data.extract scheduled__2025-07-07T12:00:00+00:00 map_index=5 [running]> on host e6a32b72ede0
[2025-07-09T07:27:05.647+0000] {taskinstance.py:2648} INFO - Exporting env vars: AIRFLOW_CTX_DAG_OWNER='***' AIRFLOW_CTX_DAG_ID='ETL_airflare_data' AIRFLOW_CTX_TASK_ID='extract' AIRFLOW_CTX_EXECUTION_DATE='2025-07-07T12:00:00+00:00' AIRFLOW_CTX_TRY_NUMBER='1' AIRFLOW_CTX_DAG_RUN_ID='scheduled__2025-07-07T12:00:00+00:00'
[2025-07-09T07:27:05.649+0000] {taskinstance.py:430} INFO - ::endgroup::
[2025-07-09T07:27:05.650+0000] {Untitled-1.py:116} INFO - Начало извлечения данных для направления AER-IKT
[2025-07-09T07:27:06.449+0000] {Untitled-1.py:39} INFO - Создание подключения к S3
[2025-07-09T07:27:06.450+0000] {Untitled-1.py:44} INFO - Подключение установлено
[2025-07-09T07:27:06.460+0000] {base.py:84} INFO - Using connection ID 'minio' for task execution.
[2025-07-09T07:27:06.461+0000] {connection_wrapper.py:384} INFO - AWS Connection (conn_id='minio', conn_type='aws') credentials retrieved from login and password.
[2025-07-09T07:27:06.933+0000] {Untitled-1.py:50} INFO - Загрузка данных в S3
[2025-07-09T07:27:07.031+0000] {Untitled-1.py:61} INFO - Загрузка завершена успешно
[2025-07-09T07:27:07.032+0000] {Untitled-1.py:129} INFO - Данные успешно сохранены во временное хранилище
[2025-07-09T07:27:07.033+0000] {Untitled-1.py:130} INFO - Данные успешно извлечены и переданы в Xcom
[2025-07-09T07:27:07.035+0000] {python.py:237} INFO - Done. Returned value was: {'path': {'bucket': 'airflare', 'key': 'temp/response_AER_IKT.json'}, 'rout': {'origin': 'AER', 'destination': 'IKT', 'bd': 'aer_ikt_return'}}
[2025-07-09T07:27:07.036+0000] {taskinstance.py:441} INFO - ::group::Post task execution logs
[2025-07-09T07:27:07.059+0000] {taskinstance.py:1206} INFO - Marking task as SUCCESS. dag_id=ETL_airflare_data, task_id=extract, run_id=scheduled__2025-07-07T12:00:00+00:00, map_index=5, execution_date=20250707T120000, start_date=20250709T072705, end_date=20250709T072707
[2025-07-09T07:27:07.091+0000] {local_task_job_runner.py:240} INFO - Task exited with return code 0
[2025-07-09T07:27:07.121+0000] {taskinstance.py:3503} INFO - 0 downstream tasks scheduled from follow-on schedule check
[2025-07-09T07:27:07.123+0000] {local_task_job_runner.py:222} INFO - ::endgroup::
