[2025-07-09T07:27:08.701+0000] {local_task_job_runner.py:120} INFO - ::group::Pre task execution logs
[2025-07-09T07:27:08.728+0000] {taskinstance.py:2076} INFO - Dependencies all met for dep_context=non-requeueable deps ti=<TaskInstance: ETL_airflare_data.transform scheduled__2025-07-07T12:00:00+00:00 map_index=8 [queued]>
[2025-07-09T07:27:08.736+0000] {taskinstance.py:2076} INFO - Dependencies all met for dep_context=requeueable deps ti=<TaskInstance: ETL_airflare_data.transform scheduled__2025-07-07T12:00:00+00:00 map_index=8 [queued]>
[2025-07-09T07:27:08.737+0000] {taskinstance.py:2306} INFO - Starting attempt 1 of 3
[2025-07-09T07:27:08.750+0000] {taskinstance.py:2330} INFO - Executing <Mapped(_PythonDecoratedOperator): transform> on 2025-07-07 12:00:00+00:00
[2025-07-09T07:27:08.762+0000] {warnings.py:112} WARNING - /home/***/.local/lib/python3.12/site-packages/***/task/task_runner/standard_task_runner.py:61: DeprecationWarning: This process (pid=6639) is multi-threaded, use of fork() may lead to deadlocks in the child.
  pid = os.fork()

[2025-07-09T07:27:08.764+0000] {standard_task_runner.py:63} INFO - Started process 6660 to run task
[2025-07-09T07:27:08.765+0000] {standard_task_runner.py:90} INFO - Running: ['***', 'tasks', 'run', 'ETL_airflare_data', 'transform', 'scheduled__2025-07-07T12:00:00+00:00', '--job-id', '581', '--raw', '--subdir', 'DAGS_FOLDER/Untitled-1.py', '--cfg-path', '/tmp/tmpww35qfgl', '--map-index', '8']
[2025-07-09T07:27:08.766+0000] {standard_task_runner.py:91} INFO - Job 581: Subtask transform
[2025-07-09T07:27:08.840+0000] {task_command.py:426} INFO - Running <TaskInstance: ETL_airflare_data.transform scheduled__2025-07-07T12:00:00+00:00 map_index=8 [running]> on host e6a32b72ede0
[2025-07-09T07:27:08.965+0000] {taskinstance.py:2648} INFO - Exporting env vars: AIRFLOW_CTX_DAG_OWNER='***' AIRFLOW_CTX_DAG_ID='ETL_airflare_data' AIRFLOW_CTX_TASK_ID='transform' AIRFLOW_CTX_EXECUTION_DATE='2025-07-07T12:00:00+00:00' AIRFLOW_CTX_TRY_NUMBER='1' AIRFLOW_CTX_DAG_RUN_ID='scheduled__2025-07-07T12:00:00+00:00'
[2025-07-09T07:27:08.967+0000] {taskinstance.py:430} INFO - ::endgroup::
[2025-07-09T07:27:08.969+0000] {Untitled-1.py:139} INFO - Данные приняты из Xcom, начат процесс очистки
[2025-07-09T07:27:08.970+0000] {Untitled-1.py:71} INFO - Создание подключения к S3
[2025-07-09T07:27:08.971+0000] {Untitled-1.py:75} INFO - Подключение установлено, загрузка данных из S3
[2025-07-09T07:27:08.983+0000] {base.py:84} INFO - Using connection ID 'minio' for task execution.
[2025-07-09T07:27:08.984+0000] {connection_wrapper.py:384} INFO - AWS Connection (conn_id='minio', conn_type='aws') credentials retrieved from login and password.
[2025-07-09T07:27:09.139+0000] {Untitled-1.py:81} INFO - Данные выгружены из S3
[2025-07-09T07:27:09.145+0000] {Untitled-1.py:148} INFO - Преобразование завершено, начинается передача DF в S3
[2025-07-09T07:27:09.147+0000] {Untitled-1.py:39} INFO - Создание подключения к S3
[2025-07-09T07:27:09.147+0000] {Untitled-1.py:44} INFO - Подключение установлено
[2025-07-09T07:27:09.155+0000] {base.py:84} INFO - Using connection ID 'minio' for task execution.
[2025-07-09T07:27:09.155+0000] {connection_wrapper.py:384} INFO - AWS Connection (conn_id='minio', conn_type='aws') credentials retrieved from login and password.
[2025-07-09T07:27:09.576+0000] {Untitled-1.py:50} INFO - Загрузка данных в S3
[2025-07-09T07:27:09.715+0000] {Untitled-1.py:61} INFO - Загрузка завершена успешно
[2025-07-09T07:27:09.716+0000] {Untitled-1.py:156} INFO - Данные успешно сохранены в S3, передаю их в Xcom
[2025-07-09T07:27:09.716+0000] {Untitled-1.py:158} INFO - данные успешно очищены и записаны в хранилище
[2025-07-09T07:27:09.717+0000] {python.py:237} INFO - Done. Returned value was: {'path': {'bucket': 'airflare', 'key': 'temp/df_IKT_VVO.json'}, 'rout': {'origin': 'IKT', 'destination': 'VVO', 'bd': 'ikt_vvo_outbound'}}
[2025-07-09T07:27:09.773+0000] {taskinstance.py:441} INFO - ::group::Post task execution logs
[2025-07-09T07:27:09.791+0000] {taskinstance.py:1206} INFO - Marking task as SUCCESS. dag_id=ETL_airflare_data, task_id=transform, run_id=scheduled__2025-07-07T12:00:00+00:00, map_index=8, execution_date=20250707T120000, start_date=20250709T072708, end_date=20250709T072709
[2025-07-09T07:27:09.823+0000] {local_task_job_runner.py:240} INFO - Task exited with return code 0
[2025-07-09T07:27:09.831+0000] {local_task_job_runner.py:222} INFO - ::endgroup::
[2025-07-09T11:24:58.404+0000] {local_task_job_runner.py:120} INFO - ::group::Pre task execution logs
[2025-07-09T11:24:58.445+0000] {taskinstance.py:2076} INFO - Dependencies all met for dep_context=non-requeueable deps ti=<TaskInstance: ETL_airflare_data.transform scheduled__2025-07-07T12:00:00+00:00 map_index=8 [queued]>
[2025-07-09T11:24:58.462+0000] {taskinstance.py:2076} INFO - Dependencies all met for dep_context=requeueable deps ti=<TaskInstance: ETL_airflare_data.transform scheduled__2025-07-07T12:00:00+00:00 map_index=8 [queued]>
[2025-07-09T11:24:58.462+0000] {taskinstance.py:2306} INFO - Starting attempt 1 of 3
[2025-07-09T11:24:58.491+0000] {taskinstance.py:2330} INFO - Executing <Mapped(_PythonDecoratedOperator): transform> on 2025-07-07 12:00:00+00:00
[2025-07-09T11:24:58.509+0000] {warnings.py:112} WARNING - /home/***/.local/lib/python3.12/site-packages/***/task/task_runner/standard_task_runner.py:61: DeprecationWarning: This process (pid=21308) is multi-threaded, use of fork() may lead to deadlocks in the child.
  pid = os.fork()

[2025-07-09T11:24:58.512+0000] {standard_task_runner.py:63} INFO - Started process 21339 to run task
[2025-07-09T11:24:58.514+0000] {standard_task_runner.py:90} INFO - Running: ['***', 'tasks', 'run', 'ETL_airflare_data', 'transform', 'scheduled__2025-07-07T12:00:00+00:00', '--job-id', '3278', '--raw', '--subdir', 'DAGS_FOLDER/Untitled-1.py', '--cfg-path', '/tmp/tmpm568uwiv', '--map-index', '8']
[2025-07-09T11:24:58.516+0000] {standard_task_runner.py:91} INFO - Job 3278: Subtask transform
[2025-07-09T11:24:58.639+0000] {task_command.py:426} INFO - Running <TaskInstance: ETL_airflare_data.transform scheduled__2025-07-07T12:00:00+00:00 map_index=8 [running]> on host e6a32b72ede0
[2025-07-09T11:24:58.816+0000] {taskinstance.py:2648} INFO - Exporting env vars: AIRFLOW_CTX_DAG_OWNER='***' AIRFLOW_CTX_DAG_ID='ETL_airflare_data' AIRFLOW_CTX_TASK_ID='transform' AIRFLOW_CTX_EXECUTION_DATE='2025-07-07T12:00:00+00:00' AIRFLOW_CTX_TRY_NUMBER='1' AIRFLOW_CTX_DAG_RUN_ID='scheduled__2025-07-07T12:00:00+00:00'
[2025-07-09T11:24:58.819+0000] {taskinstance.py:430} INFO - ::endgroup::
[2025-07-09T11:24:58.821+0000] {Untitled-1.py:144} INFO - Извлечение данных из S3, подготовка к обработке
[2025-07-09T11:24:58.826+0000] {Untitled-1.py:70} INFO - Создание подключения к S3
[2025-07-09T11:24:58.849+0000] {base.py:84} INFO - Using connection ID 'minio' for task execution.
[2025-07-09T11:24:58.850+0000] {connection_wrapper.py:384} INFO - AWS Connection (conn_id='minio', conn_type='aws') credentials retrieved from login and password.
[2025-07-09T11:24:59.591+0000] {Untitled-1.py:77} INFO - Подключение установлено
[2025-07-09T11:24:59.593+0000] {Untitled-1.py:81} INFO - Подключение установлено, загрузка данных из S3
[2025-07-09T11:24:59.880+0000] {Untitled-1.py:87} INFO - Данные выгружены из S3
[2025-07-09T11:24:59.898+0000] {Untitled-1.py:158} INFO - object
[2025-07-09T11:24:59.901+0000] {Untitled-1.py:159} INFO - object
[2025-07-09T11:24:59.902+0000] {Untitled-1.py:161} INFO - Преобразование завершено, начинается передача DF в S3
[2025-07-09T11:24:59.904+0000] {Untitled-1.py:38} INFO - Создание подключения к S3
[2025-07-09T11:24:59.928+0000] {base.py:84} INFO - Using connection ID 'minio' for task execution.
[2025-07-09T11:24:59.930+0000] {connection_wrapper.py:384} INFO - AWS Connection (conn_id='minio', conn_type='aws') credentials retrieved from login and password.
[2025-07-09T11:25:00.178+0000] {Untitled-1.py:45} INFO - Подключение установлено
[2025-07-09T11:25:00.185+0000] {Untitled-1.py:49} INFO - Загрузка данных в S3
[2025-07-09T11:25:00.486+0000] {Untitled-1.py:60} INFO - Загрузка завершена успешно
[2025-07-09T11:25:00.487+0000] {Untitled-1.py:169} INFO - Данные успешно сохранены в S3
[2025-07-09T11:25:00.488+0000] {python.py:237} INFO - Done. Returned value was: {'path': {'bucket': 'airflare', 'key': 'temp/df_IKT_VVO.json'}, 'rout': {'origin': 'IKT', 'destination': 'VVO', 'bd': 'ikt_airflare_outbound'}}
[2025-07-09T11:25:00.489+0000] {taskinstance.py:441} INFO - ::group::Post task execution logs
[2025-07-09T11:25:00.515+0000] {taskinstance.py:1206} INFO - Marking task as SUCCESS. dag_id=ETL_airflare_data, task_id=transform, run_id=scheduled__2025-07-07T12:00:00+00:00, map_index=8, execution_date=20250707T120000, start_date=20250709T112458, end_date=20250709T112500
[2025-07-09T11:25:00.722+0000] {local_task_job_runner.py:240} INFO - Task exited with return code 0
[2025-07-09T11:25:00.738+0000] {local_task_job_runner.py:222} INFO - ::endgroup::
[2025-07-09T11:29:02.078+0000] {local_task_job_runner.py:120} INFO - ::group::Pre task execution logs
[2025-07-09T11:29:02.141+0000] {taskinstance.py:2076} INFO - Dependencies all met for dep_context=non-requeueable deps ti=<TaskInstance: ETL_airflare_data.transform scheduled__2025-07-07T12:00:00+00:00 map_index=8 [queued]>
[2025-07-09T11:29:02.160+0000] {taskinstance.py:2076} INFO - Dependencies all met for dep_context=requeueable deps ti=<TaskInstance: ETL_airflare_data.transform scheduled__2025-07-07T12:00:00+00:00 map_index=8 [queued]>
[2025-07-09T11:29:02.162+0000] {taskinstance.py:2306} INFO - Starting attempt 1 of 3
[2025-07-09T11:29:02.196+0000] {taskinstance.py:2330} INFO - Executing <Mapped(_PythonDecoratedOperator): transform> on 2025-07-07 12:00:00+00:00
[2025-07-09T11:29:02.223+0000] {warnings.py:112} WARNING - /home/***/.local/lib/python3.12/site-packages/***/task/task_runner/standard_task_runner.py:61: DeprecationWarning: This process (pid=22066) is multi-threaded, use of fork() may lead to deadlocks in the child.
  pid = os.fork()

[2025-07-09T11:29:02.227+0000] {standard_task_runner.py:63} INFO - Started process 22103 to run task
[2025-07-09T11:29:02.229+0000] {standard_task_runner.py:90} INFO - Running: ['***', 'tasks', 'run', 'ETL_airflare_data', 'transform', 'scheduled__2025-07-07T12:00:00+00:00', '--job-id', '3449', '--raw', '--subdir', 'DAGS_FOLDER/Untitled-1.py', '--cfg-path', '/tmp/tmpz0kkg98g', '--map-index', '8']
[2025-07-09T11:29:02.232+0000] {standard_task_runner.py:91} INFO - Job 3449: Subtask transform
[2025-07-09T11:29:02.330+0000] {task_command.py:426} INFO - Running <TaskInstance: ETL_airflare_data.transform scheduled__2025-07-07T12:00:00+00:00 map_index=8 [running]> on host e6a32b72ede0
[2025-07-09T11:29:02.566+0000] {taskinstance.py:2648} INFO - Exporting env vars: AIRFLOW_CTX_DAG_OWNER='***' AIRFLOW_CTX_DAG_ID='ETL_airflare_data' AIRFLOW_CTX_TASK_ID='transform' AIRFLOW_CTX_EXECUTION_DATE='2025-07-07T12:00:00+00:00' AIRFLOW_CTX_TRY_NUMBER='1' AIRFLOW_CTX_DAG_RUN_ID='scheduled__2025-07-07T12:00:00+00:00'
[2025-07-09T11:29:02.568+0000] {taskinstance.py:430} INFO - ::endgroup::
[2025-07-09T11:29:02.569+0000] {Untitled-1.py:144} INFO - Извлечение данных из S3, подготовка к обработке
[2025-07-09T11:29:02.570+0000] {Untitled-1.py:70} INFO - Создание подключения к S3
[2025-07-09T11:29:02.589+0000] {base.py:84} INFO - Using connection ID 'minio' for task execution.
[2025-07-09T11:29:02.591+0000] {connection_wrapper.py:384} INFO - AWS Connection (conn_id='minio', conn_type='aws') credentials retrieved from login and password.
[2025-07-09T11:29:03.281+0000] {Untitled-1.py:77} INFO - Подключение установлено
[2025-07-09T11:29:03.282+0000] {Untitled-1.py:81} INFO - Подключение установлено, загрузка данных из S3
[2025-07-09T11:29:03.522+0000] {Untitled-1.py:87} INFO - Данные выгружены из S3
[2025-07-09T11:29:03.536+0000] {Untitled-1.py:158} INFO - object
[2025-07-09T11:29:03.537+0000] {Untitled-1.py:159} INFO - object
[2025-07-09T11:29:03.539+0000] {Untitled-1.py:161} INFO - Преобразование завершено, начинается передача DF в S3
[2025-07-09T11:29:03.541+0000] {Untitled-1.py:38} INFO - Создание подключения к S3
[2025-07-09T11:29:03.554+0000] {base.py:84} INFO - Using connection ID 'minio' for task execution.
[2025-07-09T11:29:03.554+0000] {connection_wrapper.py:384} INFO - AWS Connection (conn_id='minio', conn_type='aws') credentials retrieved from login and password.
[2025-07-09T11:29:03.778+0000] {Untitled-1.py:45} INFO - Подключение установлено
[2025-07-09T11:29:03.779+0000] {Untitled-1.py:49} INFO - Загрузка данных в S3
[2025-07-09T11:29:04.209+0000] {Untitled-1.py:60} INFO - Загрузка завершена успешно
[2025-07-09T11:29:04.210+0000] {Untitled-1.py:169} INFO - Данные успешно сохранены в S3
[2025-07-09T11:29:04.212+0000] {python.py:237} INFO - Done. Returned value was: {'path': {'bucket': 'airflare', 'key': 'temp/df_IKT_VVO.json'}, 'rout': {'origin': 'IKT', 'destination': 'VVO', 'bd': 'ikt_airflare_outbound'}}
[2025-07-09T11:29:04.212+0000] {taskinstance.py:441} INFO - ::group::Post task execution logs
[2025-07-09T11:29:04.240+0000] {taskinstance.py:1206} INFO - Marking task as SUCCESS. dag_id=ETL_airflare_data, task_id=transform, run_id=scheduled__2025-07-07T12:00:00+00:00, map_index=8, execution_date=20250707T120000, start_date=20250709T112902, end_date=20250709T112904
[2025-07-09T11:29:04.313+0000] {local_task_job_runner.py:240} INFO - Task exited with return code 0
[2025-07-09T11:29:04.327+0000] {local_task_job_runner.py:222} INFO - ::endgroup::
