[2025-07-09T08:23:58.974+0000] {local_task_job_runner.py:120} INFO - ::group::Pre task execution logs
[2025-07-09T08:23:59.010+0000] {taskinstance.py:2076} INFO - Dependencies all met for dep_context=non-requeueable deps ti=<TaskInstance: ETL_airflare_data.transform manual__2025-07-09T08:23:44.067884+00:00 map_index=24 [queued]>
[2025-07-09T08:23:59.027+0000] {taskinstance.py:2076} INFO - Dependencies all met for dep_context=requeueable deps ti=<TaskInstance: ETL_airflare_data.transform manual__2025-07-09T08:23:44.067884+00:00 map_index=24 [queued]>
[2025-07-09T08:23:59.028+0000] {taskinstance.py:2306} INFO - Starting attempt 1 of 3
[2025-07-09T08:23:59.048+0000] {taskinstance.py:2330} INFO - Executing <Mapped(_PythonDecoratedOperator): transform> on 2025-07-09 08:23:44.067884+00:00
[2025-07-09T08:23:59.068+0000] {warnings.py:112} WARNING - /home/***/.local/lib/python3.12/site-packages/***/task/task_runner/standard_task_runner.py:61: DeprecationWarning: This process (pid=8052) is multi-threaded, use of fork() may lead to deadlocks in the child.
  pid = os.fork()

[2025-07-09T08:23:59.071+0000] {standard_task_runner.py:63} INFO - Started process 8079 to run task
[2025-07-09T08:23:59.071+0000] {standard_task_runner.py:90} INFO - Running: ['***', 'tasks', 'run', 'ETL_airflare_data', 'transform', 'manual__2025-07-09T08:23:44.067884+00:00', '--job-id', '726', '--raw', '--subdir', 'DAGS_FOLDER/Untitled-1.py', '--cfg-path', '/tmp/tmppa06yg6v', '--map-index', '24']
[2025-07-09T08:23:59.072+0000] {standard_task_runner.py:91} INFO - Job 726: Subtask transform
[2025-07-09T08:23:59.165+0000] {task_command.py:426} INFO - Running <TaskInstance: ETL_airflare_data.transform manual__2025-07-09T08:23:44.067884+00:00 map_index=24 [running]> on host e6a32b72ede0
[2025-07-09T08:23:59.336+0000] {taskinstance.py:2648} INFO - Exporting env vars: AIRFLOW_CTX_DAG_OWNER='***' AIRFLOW_CTX_DAG_ID='ETL_airflare_data' AIRFLOW_CTX_TASK_ID='transform' AIRFLOW_CTX_EXECUTION_DATE='2025-07-09T08:23:44.067884+00:00' AIRFLOW_CTX_TRY_NUMBER='1' AIRFLOW_CTX_DAG_RUN_ID='manual__2025-07-09T08:23:44.067884+00:00'
[2025-07-09T08:23:59.341+0000] {taskinstance.py:430} INFO - ::endgroup::
[2025-07-09T08:23:59.348+0000] {Untitled-1.py:160} INFO - Данные приняты из Xcom, начат процесс очистки
[2025-07-09T08:23:59.350+0000] {Untitled-1.py:92} INFO - Создание подключения к S3
[2025-07-09T08:23:59.353+0000] {Untitled-1.py:96} INFO - Подключение установлено, загрузка данных из S3
[2025-07-09T08:23:59.369+0000] {base.py:84} INFO - Using connection ID 'minio' for task execution.
[2025-07-09T08:23:59.370+0000] {connection_wrapper.py:384} INFO - AWS Connection (conn_id='minio', conn_type='aws') credentials retrieved from login and password.
[2025-07-09T08:23:59.599+0000] {Untitled-1.py:102} INFO - Данные выгружены из S3
[2025-07-09T08:23:59.618+0000] {Untitled-1.py:169} INFO - Преобразование завершено, начинается передача DF в S3
[2025-07-09T08:23:59.619+0000] {Untitled-1.py:62} INFO - Создание подключения к S3
[2025-07-09T08:23:59.619+0000] {Untitled-1.py:65} INFO - Подключение установлено
[2025-07-09T08:23:59.633+0000] {base.py:84} INFO - Using connection ID 'minio' for task execution.
[2025-07-09T08:23:59.638+0000] {connection_wrapper.py:384} INFO - AWS Connection (conn_id='minio', conn_type='aws') credentials retrieved from login and password.
[2025-07-09T08:24:00.250+0000] {Untitled-1.py:71} INFO - Загрузка данных в S3
[2025-07-09T08:24:00.551+0000] {Untitled-1.py:82} INFO - Загрузка завершена успешно
[2025-07-09T08:24:00.551+0000] {Untitled-1.py:177} INFO - Данные успешно сохранены в S3, передаю их в Xcom
[2025-07-09T08:24:00.552+0000] {Untitled-1.py:179} INFO - данные успешно очищены и записаны в хранилище
[2025-07-09T08:24:00.552+0000] {python.py:237} INFO - Done. Returned value was: {'path': {'bucket': 'airflare', 'key': 'temp/df_IKT_TYO.json'}, 'rout': {'origin': 'IKT', 'destination': 'TYO', 'bd': 'Иркутск_Токио_outbound'}}
[2025-07-09T08:24:00.553+0000] {taskinstance.py:441} INFO - ::group::Post task execution logs
[2025-07-09T08:24:00.574+0000] {taskinstance.py:1206} INFO - Marking task as SUCCESS. dag_id=ETL_airflare_data, task_id=transform, run_id=manual__2025-07-09T08:23:44.067884+00:00, map_index=24, execution_date=20250709T082344, start_date=20250709T082359, end_date=20250709T082400
[2025-07-09T08:24:00.632+0000] {local_task_job_runner.py:240} INFO - Task exited with return code 0
[2025-07-09T08:24:00.641+0000] {local_task_job_runner.py:222} INFO - ::endgroup::
