[2025-07-09T07:27:05.597+0000] {local_task_job_runner.py:120} INFO - ::group::Pre task execution logs
[2025-07-09T07:27:05.619+0000] {taskinstance.py:2076} INFO - Dependencies all met for dep_context=non-requeueable deps ti=<TaskInstance: ETL_airflare_data.extract scheduled__2025-07-07T12:00:00+00:00 map_index=9 [queued]>
[2025-07-09T07:27:05.628+0000] {taskinstance.py:2076} INFO - Dependencies all met for dep_context=requeueable deps ti=<TaskInstance: ETL_airflare_data.extract scheduled__2025-07-07T12:00:00+00:00 map_index=9 [queued]>
[2025-07-09T07:27:05.628+0000] {taskinstance.py:2306} INFO - Starting attempt 1 of 3
[2025-07-09T07:27:05.643+0000] {taskinstance.py:2330} INFO - Executing <Mapped(_PythonDecoratedOperator): extract> on 2025-07-07 12:00:00+00:00
[2025-07-09T07:27:05.655+0000] {warnings.py:112} WARNING - /home/***/.local/lib/python3.12/site-packages/***/task/task_runner/standard_task_runner.py:61: DeprecationWarning: This process (pid=6597) is multi-threaded, use of fork() may lead to deadlocks in the child.
  pid = os.fork()

[2025-07-09T07:27:05.658+0000] {standard_task_runner.py:63} INFO - Started process 6615 to run task
[2025-07-09T07:27:05.658+0000] {standard_task_runner.py:90} INFO - Running: ['***', 'tasks', 'run', 'ETL_airflare_data', 'extract', 'scheduled__2025-07-07T12:00:00+00:00', '--job-id', '577', '--raw', '--subdir', 'DAGS_FOLDER/Untitled-1.py', '--cfg-path', '/tmp/tmps0834oe0', '--map-index', '9']
[2025-07-09T07:27:05.659+0000] {standard_task_runner.py:91} INFO - Job 577: Subtask extract
[2025-07-09T07:27:05.722+0000] {task_command.py:426} INFO - Running <TaskInstance: ETL_airflare_data.extract scheduled__2025-07-07T12:00:00+00:00 map_index=9 [running]> on host e6a32b72ede0
[2025-07-09T07:27:05.801+0000] {taskinstance.py:2648} INFO - Exporting env vars: AIRFLOW_CTX_DAG_OWNER='***' AIRFLOW_CTX_DAG_ID='ETL_airflare_data' AIRFLOW_CTX_TASK_ID='extract' AIRFLOW_CTX_EXECUTION_DATE='2025-07-07T12:00:00+00:00' AIRFLOW_CTX_TRY_NUMBER='1' AIRFLOW_CTX_DAG_RUN_ID='scheduled__2025-07-07T12:00:00+00:00'
[2025-07-09T07:27:05.805+0000] {taskinstance.py:430} INFO - ::endgroup::
[2025-07-09T07:27:05.806+0000] {Untitled-1.py:116} INFO - Начало извлечения данных для направления VVO-IKT
[2025-07-09T07:27:06.600+0000] {Untitled-1.py:39} INFO - Создание подключения к S3
[2025-07-09T07:27:06.601+0000] {Untitled-1.py:44} INFO - Подключение установлено
[2025-07-09T07:27:06.612+0000] {base.py:84} INFO - Using connection ID 'minio' for task execution.
[2025-07-09T07:27:06.613+0000] {connection_wrapper.py:384} INFO - AWS Connection (conn_id='minio', conn_type='aws') credentials retrieved from login and password.
[2025-07-09T07:27:07.059+0000] {Untitled-1.py:50} INFO - Загрузка данных в S3
[2025-07-09T07:27:07.339+0000] {Untitled-1.py:61} INFO - Загрузка завершена успешно
[2025-07-09T07:27:07.341+0000] {Untitled-1.py:129} INFO - Данные успешно сохранены во временное хранилище
[2025-07-09T07:27:07.341+0000] {Untitled-1.py:130} INFO - Данные успешно извлечены и переданы в Xcom
[2025-07-09T07:27:07.343+0000] {python.py:237} INFO - Done. Returned value was: {'path': {'bucket': 'airflare', 'key': 'temp/response_VVO_IKT.json'}, 'rout': {'origin': 'VVO', 'destination': 'IKT', 'bd': 'vvo_ikt_return'}}
[2025-07-09T07:27:07.344+0000] {taskinstance.py:441} INFO - ::group::Post task execution logs
[2025-07-09T07:27:07.366+0000] {taskinstance.py:1206} INFO - Marking task as SUCCESS. dag_id=ETL_airflare_data, task_id=extract, run_id=scheduled__2025-07-07T12:00:00+00:00, map_index=9, execution_date=20250707T120000, start_date=20250709T072705, end_date=20250709T072707
[2025-07-09T07:27:07.396+0000] {local_task_job_runner.py:240} INFO - Task exited with return code 0
[2025-07-09T07:27:07.479+0000] {taskinstance.py:3503} INFO - 10 downstream tasks scheduled from follow-on schedule check
[2025-07-09T07:27:07.481+0000] {local_task_job_runner.py:222} INFO - ::endgroup::
