[2025-07-09T07:00:09.858+0000] {local_task_job_runner.py:120} INFO - ::group::Pre task execution logs
[2025-07-09T07:00:09.875+0000] {taskinstance.py:2076} INFO - Dependencies all met for dep_context=non-requeueable deps ti=<TaskInstance: ETL_airflare_data.extract manual__2025-07-09T07:00:08.549957+00:00 map_index=1 [queued]>
[2025-07-09T07:00:09.881+0000] {taskinstance.py:2076} INFO - Dependencies all met for dep_context=requeueable deps ti=<TaskInstance: ETL_airflare_data.extract manual__2025-07-09T07:00:08.549957+00:00 map_index=1 [queued]>
[2025-07-09T07:00:09.882+0000] {taskinstance.py:2306} INFO - Starting attempt 1 of 3
[2025-07-09T07:00:09.892+0000] {taskinstance.py:2330} INFO - Executing <Mapped(_PythonDecoratedOperator): extract> on 2025-07-09 07:00:08.549957+00:00
[2025-07-09T07:00:09.900+0000] {warnings.py:112} WARNING - /home/***/.local/lib/python3.12/site-packages/***/task/task_runner/standard_task_runner.py:61: DeprecationWarning: This process (pid=6212) is multi-threaded, use of fork() may lead to deadlocks in the child.
  pid = os.fork()

[2025-07-09T07:00:09.902+0000] {standard_task_runner.py:63} INFO - Started process 6216 to run task
[2025-07-09T07:00:09.902+0000] {standard_task_runner.py:90} INFO - Running: ['***', 'tasks', 'run', 'ETL_airflare_data', 'extract', 'manual__2025-07-09T07:00:08.549957+00:00', '--job-id', '564', '--raw', '--subdir', 'DAGS_FOLDER/Untitled-1.py', '--cfg-path', '/tmp/tmp0sfthl20', '--map-index', '1']
[2025-07-09T07:00:09.903+0000] {standard_task_runner.py:91} INFO - Job 564: Subtask extract
[2025-07-09T07:00:09.953+0000] {task_command.py:426} INFO - Running <TaskInstance: ETL_airflare_data.extract manual__2025-07-09T07:00:08.549957+00:00 map_index=1 [running]> on host e6a32b72ede0
[2025-07-09T07:00:10.038+0000] {taskinstance.py:2648} INFO - Exporting env vars: AIRFLOW_CTX_DAG_OWNER='***' AIRFLOW_CTX_DAG_ID='ETL_airflare_data' AIRFLOW_CTX_TASK_ID='extract' AIRFLOW_CTX_EXECUTION_DATE='2025-07-09T07:00:08.549957+00:00' AIRFLOW_CTX_TRY_NUMBER='1' AIRFLOW_CTX_DAG_RUN_ID='manual__2025-07-09T07:00:08.549957+00:00'
[2025-07-09T07:00:10.040+0000] {taskinstance.py:430} INFO - ::endgroup::
[2025-07-09T07:00:10.041+0000] {Untitled-1.py:111} INFO - Начало извлечения данных для направления HKT-IKT
[2025-07-09T07:00:10.933+0000] {Untitled-1.py:26} INFO - Создание подключения к S3
[2025-07-09T07:00:10.933+0000] {Untitled-1.py:31} INFO - Подключение установлено
[2025-07-09T07:00:10.942+0000] {base.py:84} INFO - Using connection ID 'minio' for task execution.
[2025-07-09T07:00:10.943+0000] {connection_wrapper.py:384} INFO - AWS Connection (conn_id='minio', conn_type='aws') credentials retrieved from login and password.
[2025-07-09T07:00:11.264+0000] {Untitled-1.py:37} INFO - Загрузка данных в S3
[2025-07-09T07:00:11.469+0000] {Untitled-1.py:48} INFO - Загрузка завершена успешно
[2025-07-09T07:00:11.470+0000] {Untitled-1.py:124} INFO - Данные успешно сохранены во временное хранилище
[2025-07-09T07:00:11.470+0000] {Untitled-1.py:128} INFO - Данные успешно извлечены и переданы в Xcom
[2025-07-09T07:00:11.472+0000] {python.py:237} INFO - Done. Returned value was: {'path': {'bucket': 'airflare', 'key': 'temp/response_HKT_IKT.json'}, 'rout': {'origin': 'HKT', 'destination': 'IKT', 'bd': 'irk_hkt_return'}}
[2025-07-09T07:00:11.473+0000] {taskinstance.py:441} INFO - ::group::Post task execution logs
[2025-07-09T07:00:11.492+0000] {taskinstance.py:1206} INFO - Marking task as SUCCESS. dag_id=ETL_airflare_data, task_id=extract, run_id=manual__2025-07-09T07:00:08.549957+00:00, map_index=1, execution_date=20250709T070008, start_date=20250709T070009, end_date=20250709T070011
[2025-07-09T07:00:11.521+0000] {local_task_job_runner.py:240} INFO - Task exited with return code 0
[2025-07-09T07:00:11.530+0000] {local_task_job_runner.py:222} INFO - ::endgroup::
