[2025-07-09T07:27:05.457+0000] {local_task_job_runner.py:120} INFO - ::group::Pre task execution logs
[2025-07-09T07:27:05.479+0000] {taskinstance.py:2076} INFO - Dependencies all met for dep_context=non-requeueable deps ti=<TaskInstance: ETL_airflare_data.extract scheduled__2025-07-07T12:00:00+00:00 map_index=1 [queued]>
[2025-07-09T07:27:05.487+0000] {taskinstance.py:2076} INFO - Dependencies all met for dep_context=requeueable deps ti=<TaskInstance: ETL_airflare_data.extract scheduled__2025-07-07T12:00:00+00:00 map_index=1 [queued]>
[2025-07-09T07:27:05.487+0000] {taskinstance.py:2306} INFO - Starting attempt 1 of 3
[2025-07-09T07:27:05.500+0000] {taskinstance.py:2330} INFO - Executing <Mapped(_PythonDecoratedOperator): extract> on 2025-07-07 12:00:00+00:00
[2025-07-09T07:27:05.514+0000] {warnings.py:112} WARNING - /home/***/.local/lib/python3.12/site-packages/***/task/task_runner/standard_task_runner.py:61: DeprecationWarning: This process (pid=6594) is multi-threaded, use of fork() may lead to deadlocks in the child.
  pid = os.fork()

[2025-07-09T07:27:05.517+0000] {standard_task_runner.py:63} INFO - Started process 6614 to run task
[2025-07-09T07:27:05.516+0000] {standard_task_runner.py:90} INFO - Running: ['***', 'tasks', 'run', 'ETL_airflare_data', 'extract', 'scheduled__2025-07-07T12:00:00+00:00', '--job-id', '576', '--raw', '--subdir', 'DAGS_FOLDER/Untitled-1.py', '--cfg-path', '/tmp/tmpyodg6q8j', '--map-index', '1']
[2025-07-09T07:27:05.518+0000] {standard_task_runner.py:91} INFO - Job 576: Subtask extract
[2025-07-09T07:27:05.598+0000] {task_command.py:426} INFO - Running <TaskInstance: ETL_airflare_data.extract scheduled__2025-07-07T12:00:00+00:00 map_index=1 [running]> on host e6a32b72ede0
[2025-07-09T07:27:05.697+0000] {taskinstance.py:2648} INFO - Exporting env vars: AIRFLOW_CTX_DAG_OWNER='***' AIRFLOW_CTX_DAG_ID='ETL_airflare_data' AIRFLOW_CTX_TASK_ID='extract' AIRFLOW_CTX_EXECUTION_DATE='2025-07-07T12:00:00+00:00' AIRFLOW_CTX_TRY_NUMBER='1' AIRFLOW_CTX_DAG_RUN_ID='scheduled__2025-07-07T12:00:00+00:00'
[2025-07-09T07:27:05.699+0000] {taskinstance.py:430} INFO - ::endgroup::
[2025-07-09T07:27:05.700+0000] {Untitled-1.py:116} INFO - Начало извлечения данных для направления HKT-IKT
[2025-07-09T07:27:06.496+0000] {Untitled-1.py:39} INFO - Создание подключения к S3
[2025-07-09T07:27:06.497+0000] {Untitled-1.py:44} INFO - Подключение установлено
[2025-07-09T07:27:06.511+0000] {base.py:84} INFO - Using connection ID 'minio' for task execution.
[2025-07-09T07:27:06.514+0000] {connection_wrapper.py:384} INFO - AWS Connection (conn_id='minio', conn_type='aws') credentials retrieved from login and password.
[2025-07-09T07:27:06.972+0000] {Untitled-1.py:50} INFO - Загрузка данных в S3
[2025-07-09T07:27:07.348+0000] {Untitled-1.py:61} INFO - Загрузка завершена успешно
[2025-07-09T07:27:07.349+0000] {Untitled-1.py:129} INFO - Данные успешно сохранены во временное хранилище
[2025-07-09T07:27:07.350+0000] {Untitled-1.py:130} INFO - Данные успешно извлечены и переданы в Xcom
[2025-07-09T07:27:07.351+0000] {python.py:237} INFO - Done. Returned value was: {'path': {'bucket': 'airflare', 'key': 'temp/response_HKT_IKT.json'}, 'rout': {'origin': 'HKT', 'destination': 'IKT', 'bd': 'hkt_ikt_return'}}
[2025-07-09T07:27:07.352+0000] {taskinstance.py:441} INFO - ::group::Post task execution logs
[2025-07-09T07:27:07.370+0000] {taskinstance.py:1206} INFO - Marking task as SUCCESS. dag_id=ETL_airflare_data, task_id=extract, run_id=scheduled__2025-07-07T12:00:00+00:00, map_index=1, execution_date=20250707T120000, start_date=20250709T072705, end_date=20250709T072707
[2025-07-09T07:27:07.416+0000] {local_task_job_runner.py:240} INFO - Task exited with return code 0
[2025-07-09T07:27:07.425+0000] {local_task_job_runner.py:222} INFO - ::endgroup::
[2025-07-09T11:24:44.821+0000] {local_task_job_runner.py:120} INFO - ::group::Pre task execution logs
[2025-07-09T11:24:44.855+0000] {taskinstance.py:2076} INFO - Dependencies all met for dep_context=non-requeueable deps ti=<TaskInstance: ETL_airflare_data.extract scheduled__2025-07-07T12:00:00+00:00 map_index=1 [queued]>
[2025-07-09T11:24:44.867+0000] {taskinstance.py:2076} INFO - Dependencies all met for dep_context=requeueable deps ti=<TaskInstance: ETL_airflare_data.extract scheduled__2025-07-07T12:00:00+00:00 map_index=1 [queued]>
[2025-07-09T11:24:44.869+0000] {taskinstance.py:2306} INFO - Starting attempt 1 of 3
[2025-07-09T11:24:44.888+0000] {taskinstance.py:2330} INFO - Executing <Mapped(_PythonDecoratedOperator): extract> on 2025-07-07 12:00:00+00:00
[2025-07-09T11:24:44.903+0000] {warnings.py:112} WARNING - /home/***/.local/lib/python3.12/site-packages/***/task/task_runner/standard_task_runner.py:61: DeprecationWarning: This process (pid=21124) is multi-threaded, use of fork() may lead to deadlocks in the child.
  pid = os.fork()

[2025-07-09T11:24:44.910+0000] {standard_task_runner.py:63} INFO - Started process 21149 to run task
[2025-07-09T11:24:44.909+0000] {standard_task_runner.py:90} INFO - Running: ['***', 'tasks', 'run', 'ETL_airflare_data', 'extract', 'scheduled__2025-07-07T12:00:00+00:00', '--job-id', '3239', '--raw', '--subdir', 'DAGS_FOLDER/Untitled-1.py', '--cfg-path', '/tmp/tmp3vu8s5tu', '--map-index', '1']
[2025-07-09T11:24:44.912+0000] {standard_task_runner.py:91} INFO - Job 3239: Subtask extract
[2025-07-09T11:24:45.016+0000] {task_command.py:426} INFO - Running <TaskInstance: ETL_airflare_data.extract scheduled__2025-07-07T12:00:00+00:00 map_index=1 [running]> on host e6a32b72ede0
[2025-07-09T11:24:45.200+0000] {taskinstance.py:2648} INFO - Exporting env vars: AIRFLOW_CTX_DAG_OWNER='***' AIRFLOW_CTX_DAG_ID='ETL_airflare_data' AIRFLOW_CTX_TASK_ID='extract' AIRFLOW_CTX_EXECUTION_DATE='2025-07-07T12:00:00+00:00' AIRFLOW_CTX_TRY_NUMBER='1' AIRFLOW_CTX_DAG_RUN_ID='scheduled__2025-07-07T12:00:00+00:00'
[2025-07-09T11:24:45.203+0000] {taskinstance.py:430} INFO - ::endgroup::
[2025-07-09T11:24:45.205+0000] {Untitled-1.py:122} INFO - Начало извлечения данных для направления HKT-IKT
[2025-07-09T11:24:46.065+0000] {Untitled-1.py:38} INFO - Создание подключения к S3
[2025-07-09T11:24:46.078+0000] {base.py:84} INFO - Using connection ID 'minio' for task execution.
[2025-07-09T11:24:46.079+0000] {connection_wrapper.py:384} INFO - AWS Connection (conn_id='minio', conn_type='aws') credentials retrieved from login and password.
[2025-07-09T11:24:46.717+0000] {Untitled-1.py:45} INFO - Подключение установлено
[2025-07-09T11:24:46.717+0000] {Untitled-1.py:49} INFO - Загрузка данных в S3
[2025-07-09T11:24:47.426+0000] {Untitled-1.py:60} INFO - Загрузка завершена успешно
[2025-07-09T11:24:47.427+0000] {Untitled-1.py:135} INFO - Данные успешно сохранены в S3
[2025-07-09T11:24:47.428+0000] {python.py:237} INFO - Done. Returned value was: {'path': {'bucket': 'airflare', 'key': 'temp/response_HKT_IKT.json'}, 'rout': {'origin': 'HKT', 'destination': 'IKT', 'bd': 'ikt_airflare_return'}}
[2025-07-09T11:24:47.429+0000] {taskinstance.py:441} INFO - ::group::Post task execution logs
[2025-07-09T11:24:47.450+0000] {taskinstance.py:1206} INFO - Marking task as SUCCESS. dag_id=ETL_airflare_data, task_id=extract, run_id=scheduled__2025-07-07T12:00:00+00:00, map_index=1, execution_date=20250707T120000, start_date=20250709T112444, end_date=20250709T112447
[2025-07-09T11:24:47.503+0000] {local_task_job_runner.py:240} INFO - Task exited with return code 0
[2025-07-09T11:24:47.539+0000] {taskinstance.py:3503} INFO - 0 downstream tasks scheduled from follow-on schedule check
[2025-07-09T11:24:47.541+0000] {local_task_job_runner.py:222} INFO - ::endgroup::
[2025-07-09T11:28:47.530+0000] {local_task_job_runner.py:120} INFO - ::group::Pre task execution logs
[2025-07-09T11:28:47.572+0000] {taskinstance.py:2076} INFO - Dependencies all met for dep_context=non-requeueable deps ti=<TaskInstance: ETL_airflare_data.extract scheduled__2025-07-07T12:00:00+00:00 map_index=1 [queued]>
[2025-07-09T11:28:47.588+0000] {taskinstance.py:2076} INFO - Dependencies all met for dep_context=requeueable deps ti=<TaskInstance: ETL_airflare_data.extract scheduled__2025-07-07T12:00:00+00:00 map_index=1 [queued]>
[2025-07-09T11:28:47.590+0000] {taskinstance.py:2306} INFO - Starting attempt 1 of 3
[2025-07-09T11:28:47.630+0000] {taskinstance.py:2330} INFO - Executing <Mapped(_PythonDecoratedOperator): extract> on 2025-07-07 12:00:00+00:00
[2025-07-09T11:28:47.652+0000] {warnings.py:112} WARNING - /home/***/.local/lib/python3.12/site-packages/***/task/task_runner/standard_task_runner.py:61: DeprecationWarning: This process (pid=21907) is multi-threaded, use of fork() may lead to deadlocks in the child.
  pid = os.fork()

[2025-07-09T11:28:47.660+0000] {standard_task_runner.py:63} INFO - Started process 21941 to run task
[2025-07-09T11:28:47.662+0000] {standard_task_runner.py:90} INFO - Running: ['***', 'tasks', 'run', 'ETL_airflare_data', 'extract', 'scheduled__2025-07-07T12:00:00+00:00', '--job-id', '3421', '--raw', '--subdir', 'DAGS_FOLDER/Untitled-1.py', '--cfg-path', '/tmp/tmpk6qv13kr', '--map-index', '1']
[2025-07-09T11:28:47.664+0000] {standard_task_runner.py:91} INFO - Job 3421: Subtask extract
[2025-07-09T11:28:47.802+0000] {task_command.py:426} INFO - Running <TaskInstance: ETL_airflare_data.extract scheduled__2025-07-07T12:00:00+00:00 map_index=1 [running]> on host e6a32b72ede0
[2025-07-09T11:28:47.942+0000] {taskinstance.py:2648} INFO - Exporting env vars: AIRFLOW_CTX_DAG_OWNER='***' AIRFLOW_CTX_DAG_ID='ETL_airflare_data' AIRFLOW_CTX_TASK_ID='extract' AIRFLOW_CTX_EXECUTION_DATE='2025-07-07T12:00:00+00:00' AIRFLOW_CTX_TRY_NUMBER='1' AIRFLOW_CTX_DAG_RUN_ID='scheduled__2025-07-07T12:00:00+00:00'
[2025-07-09T11:28:47.947+0000] {taskinstance.py:430} INFO - ::endgroup::
[2025-07-09T11:28:47.948+0000] {Untitled-1.py:122} INFO - Начало извлечения данных для направления HKT-IKT
[2025-07-09T11:28:48.938+0000] {Untitled-1.py:38} INFO - Создание подключения к S3
[2025-07-09T11:28:48.959+0000] {base.py:84} INFO - Using connection ID 'minio' for task execution.
[2025-07-09T11:28:48.960+0000] {connection_wrapper.py:384} INFO - AWS Connection (conn_id='minio', conn_type='aws') credentials retrieved from login and password.
[2025-07-09T11:28:49.641+0000] {Untitled-1.py:45} INFO - Подключение установлено
[2025-07-09T11:28:49.642+0000] {Untitled-1.py:49} INFO - Загрузка данных в S3
[2025-07-09T11:28:50.405+0000] {Untitled-1.py:60} INFO - Загрузка завершена успешно
[2025-07-09T11:28:50.407+0000] {Untitled-1.py:135} INFO - Данные успешно сохранены в S3
[2025-07-09T11:28:50.414+0000] {python.py:237} INFO - Done. Returned value was: {'path': {'bucket': 'airflare', 'key': 'temp/response_HKT_IKT.json'}, 'rout': {'origin': 'HKT', 'destination': 'IKT', 'bd': 'ikt_airflare_return'}}
[2025-07-09T11:28:50.418+0000] {taskinstance.py:441} INFO - ::group::Post task execution logs
[2025-07-09T11:28:50.451+0000] {taskinstance.py:1206} INFO - Marking task as SUCCESS. dag_id=ETL_airflare_data, task_id=extract, run_id=scheduled__2025-07-07T12:00:00+00:00, map_index=1, execution_date=20250707T120000, start_date=20250709T112847, end_date=20250709T112850
[2025-07-09T11:28:50.529+0000] {local_task_job_runner.py:240} INFO - Task exited with return code 0
[2025-07-09T11:28:50.545+0000] {local_task_job_runner.py:222} INFO - ::endgroup::
