[2025-07-09T07:27:05.608+0000] {local_task_job_runner.py:120} INFO - ::group::Pre task execution logs
[2025-07-09T07:27:05.628+0000] {taskinstance.py:2076} INFO - Dependencies all met for dep_context=non-requeueable deps ti=<TaskInstance: ETL_airflare_data.extract scheduled__2025-07-07T12:00:00+00:00 map_index=8 [queued]>
[2025-07-09T07:27:05.638+0000] {taskinstance.py:2076} INFO - Dependencies all met for dep_context=requeueable deps ti=<TaskInstance: ETL_airflare_data.extract scheduled__2025-07-07T12:00:00+00:00 map_index=8 [queued]>
[2025-07-09T07:27:05.640+0000] {taskinstance.py:2306} INFO - Starting attempt 1 of 3
[2025-07-09T07:27:05.652+0000] {taskinstance.py:2330} INFO - Executing <Mapped(_PythonDecoratedOperator): extract> on 2025-07-07 12:00:00+00:00
[2025-07-09T07:27:05.668+0000] {warnings.py:112} WARNING - /home/***/.local/lib/python3.12/site-packages/***/task/task_runner/standard_task_runner.py:61: DeprecationWarning: This process (pid=6598) is multi-threaded, use of fork() may lead to deadlocks in the child.
  pid = os.fork()

[2025-07-09T07:27:05.671+0000] {standard_task_runner.py:63} INFO - Started process 6616 to run task
[2025-07-09T07:27:05.670+0000] {standard_task_runner.py:90} INFO - Running: ['***', 'tasks', 'run', 'ETL_airflare_data', 'extract', 'scheduled__2025-07-07T12:00:00+00:00', '--job-id', '578', '--raw', '--subdir', 'DAGS_FOLDER/Untitled-1.py', '--cfg-path', '/tmp/tmpg3qu37c5', '--map-index', '8']
[2025-07-09T07:27:05.671+0000] {standard_task_runner.py:91} INFO - Job 578: Subtask extract
[2025-07-09T07:27:05.736+0000] {task_command.py:426} INFO - Running <TaskInstance: ETL_airflare_data.extract scheduled__2025-07-07T12:00:00+00:00 map_index=8 [running]> on host e6a32b72ede0
[2025-07-09T07:27:05.827+0000] {taskinstance.py:2648} INFO - Exporting env vars: AIRFLOW_CTX_DAG_OWNER='***' AIRFLOW_CTX_DAG_ID='ETL_airflare_data' AIRFLOW_CTX_TASK_ID='extract' AIRFLOW_CTX_EXECUTION_DATE='2025-07-07T12:00:00+00:00' AIRFLOW_CTX_TRY_NUMBER='1' AIRFLOW_CTX_DAG_RUN_ID='scheduled__2025-07-07T12:00:00+00:00'
[2025-07-09T07:27:05.830+0000] {taskinstance.py:430} INFO - ::endgroup::
[2025-07-09T07:27:05.830+0000] {Untitled-1.py:116} INFO - Начало извлечения данных для направления IKT-VVO
[2025-07-09T07:27:06.608+0000] {Untitled-1.py:39} INFO - Создание подключения к S3
[2025-07-09T07:27:06.609+0000] {Untitled-1.py:44} INFO - Подключение установлено
[2025-07-09T07:27:06.619+0000] {base.py:84} INFO - Using connection ID 'minio' for task execution.
[2025-07-09T07:27:06.620+0000] {connection_wrapper.py:384} INFO - AWS Connection (conn_id='minio', conn_type='aws') credentials retrieved from login and password.
[2025-07-09T07:27:07.080+0000] {Untitled-1.py:50} INFO - Загрузка данных в S3
[2025-07-09T07:27:07.347+0000] {Untitled-1.py:61} INFO - Загрузка завершена успешно
[2025-07-09T07:27:07.349+0000] {Untitled-1.py:129} INFO - Данные успешно сохранены во временное хранилище
[2025-07-09T07:27:07.349+0000] {Untitled-1.py:130} INFO - Данные успешно извлечены и переданы в Xcom
[2025-07-09T07:27:07.351+0000] {python.py:237} INFO - Done. Returned value was: {'path': {'bucket': 'airflare', 'key': 'temp/response_IKT_VVO.json'}, 'rout': {'origin': 'IKT', 'destination': 'VVO', 'bd': 'ikt_vvo_outbound'}}
[2025-07-09T07:27:07.351+0000] {taskinstance.py:441} INFO - ::group::Post task execution logs
[2025-07-09T07:27:07.370+0000] {taskinstance.py:1206} INFO - Marking task as SUCCESS. dag_id=ETL_airflare_data, task_id=extract, run_id=scheduled__2025-07-07T12:00:00+00:00, map_index=8, execution_date=20250707T120000, start_date=20250709T072705, end_date=20250709T072707
[2025-07-09T07:27:07.410+0000] {local_task_job_runner.py:240} INFO - Task exited with return code 0
[2025-07-09T07:27:07.418+0000] {local_task_job_runner.py:222} INFO - ::endgroup::
[2025-07-09T11:24:44.727+0000] {local_task_job_runner.py:120} INFO - ::group::Pre task execution logs
[2025-07-09T11:24:44.776+0000] {taskinstance.py:2076} INFO - Dependencies all met for dep_context=non-requeueable deps ti=<TaskInstance: ETL_airflare_data.extract scheduled__2025-07-07T12:00:00+00:00 map_index=8 [queued]>
[2025-07-09T11:24:44.794+0000] {taskinstance.py:2076} INFO - Dependencies all met for dep_context=requeueable deps ti=<TaskInstance: ETL_airflare_data.extract scheduled__2025-07-07T12:00:00+00:00 map_index=8 [queued]>
[2025-07-09T11:24:44.797+0000] {taskinstance.py:2306} INFO - Starting attempt 1 of 3
[2025-07-09T11:24:44.822+0000] {taskinstance.py:2330} INFO - Executing <Mapped(_PythonDecoratedOperator): extract> on 2025-07-07 12:00:00+00:00
[2025-07-09T11:24:44.838+0000] {warnings.py:112} WARNING - /home/***/.local/lib/python3.12/site-packages/***/task/task_runner/standard_task_runner.py:61: DeprecationWarning: This process (pid=21121) is multi-threaded, use of fork() may lead to deadlocks in the child.
  pid = os.fork()

[2025-07-09T11:24:44.842+0000] {standard_task_runner.py:63} INFO - Started process 21147 to run task
[2025-07-09T11:24:44.843+0000] {standard_task_runner.py:90} INFO - Running: ['***', 'tasks', 'run', 'ETL_airflare_data', 'extract', 'scheduled__2025-07-07T12:00:00+00:00', '--job-id', '3237', '--raw', '--subdir', 'DAGS_FOLDER/Untitled-1.py', '--cfg-path', '/tmp/tmpckga8n4l', '--map-index', '8']
[2025-07-09T11:24:44.844+0000] {standard_task_runner.py:91} INFO - Job 3237: Subtask extract
[2025-07-09T11:24:44.945+0000] {task_command.py:426} INFO - Running <TaskInstance: ETL_airflare_data.extract scheduled__2025-07-07T12:00:00+00:00 map_index=8 [running]> on host e6a32b72ede0
[2025-07-09T11:24:45.095+0000] {taskinstance.py:2648} INFO - Exporting env vars: AIRFLOW_CTX_DAG_OWNER='***' AIRFLOW_CTX_DAG_ID='ETL_airflare_data' AIRFLOW_CTX_TASK_ID='extract' AIRFLOW_CTX_EXECUTION_DATE='2025-07-07T12:00:00+00:00' AIRFLOW_CTX_TRY_NUMBER='1' AIRFLOW_CTX_DAG_RUN_ID='scheduled__2025-07-07T12:00:00+00:00'
[2025-07-09T11:24:45.098+0000] {taskinstance.py:430} INFO - ::endgroup::
[2025-07-09T11:24:45.101+0000] {Untitled-1.py:122} INFO - Начало извлечения данных для направления IKT-VVO
[2025-07-09T11:24:46.066+0000] {Untitled-1.py:38} INFO - Создание подключения к S3
[2025-07-09T11:24:46.078+0000] {base.py:84} INFO - Using connection ID 'minio' for task execution.
[2025-07-09T11:24:46.079+0000] {connection_wrapper.py:384} INFO - AWS Connection (conn_id='minio', conn_type='aws') credentials retrieved from login and password.
[2025-07-09T11:24:46.685+0000] {Untitled-1.py:45} INFO - Подключение установлено
[2025-07-09T11:24:46.685+0000] {Untitled-1.py:49} INFO - Загрузка данных в S3
[2025-07-09T11:24:47.263+0000] {Untitled-1.py:60} INFO - Загрузка завершена успешно
[2025-07-09T11:24:47.264+0000] {Untitled-1.py:135} INFO - Данные успешно сохранены в S3
[2025-07-09T11:24:47.264+0000] {python.py:237} INFO - Done. Returned value was: {'path': {'bucket': 'airflare', 'key': 'temp/response_IKT_VVO.json'}, 'rout': {'origin': 'IKT', 'destination': 'VVO', 'bd': 'ikt_airflare_outbound'}}
[2025-07-09T11:24:47.265+0000] {taskinstance.py:441} INFO - ::group::Post task execution logs
[2025-07-09T11:24:47.290+0000] {taskinstance.py:1206} INFO - Marking task as SUCCESS. dag_id=ETL_airflare_data, task_id=extract, run_id=scheduled__2025-07-07T12:00:00+00:00, map_index=8, execution_date=20250707T120000, start_date=20250709T112444, end_date=20250709T112447
[2025-07-09T11:24:47.352+0000] {local_task_job_runner.py:240} INFO - Task exited with return code 0
[2025-07-09T11:24:47.379+0000] {taskinstance.py:3503} INFO - 0 downstream tasks scheduled from follow-on schedule check
[2025-07-09T11:24:47.381+0000] {local_task_job_runner.py:222} INFO - ::endgroup::
[2025-07-09T11:28:47.469+0000] {local_task_job_runner.py:120} INFO - ::group::Pre task execution logs
[2025-07-09T11:28:47.502+0000] {taskinstance.py:2076} INFO - Dependencies all met for dep_context=non-requeueable deps ti=<TaskInstance: ETL_airflare_data.extract scheduled__2025-07-07T12:00:00+00:00 map_index=8 [queued]>
[2025-07-09T11:28:47.519+0000] {taskinstance.py:2076} INFO - Dependencies all met for dep_context=requeueable deps ti=<TaskInstance: ETL_airflare_data.extract scheduled__2025-07-07T12:00:00+00:00 map_index=8 [queued]>
[2025-07-09T11:28:47.520+0000] {taskinstance.py:2306} INFO - Starting attempt 1 of 3
[2025-07-09T11:28:47.547+0000] {taskinstance.py:2330} INFO - Executing <Mapped(_PythonDecoratedOperator): extract> on 2025-07-07 12:00:00+00:00
[2025-07-09T11:28:47.565+0000] {warnings.py:112} WARNING - /home/***/.local/lib/python3.12/site-packages/***/task/task_runner/standard_task_runner.py:61: DeprecationWarning: This process (pid=21903) is multi-threaded, use of fork() may lead to deadlocks in the child.
  pid = os.fork()

[2025-07-09T11:28:47.569+0000] {standard_task_runner.py:63} INFO - Started process 21936 to run task
[2025-07-09T11:28:47.569+0000] {standard_task_runner.py:90} INFO - Running: ['***', 'tasks', 'run', 'ETL_airflare_data', 'extract', 'scheduled__2025-07-07T12:00:00+00:00', '--job-id', '3417', '--raw', '--subdir', 'DAGS_FOLDER/Untitled-1.py', '--cfg-path', '/tmp/tmp8_ivz9vu', '--map-index', '8']
[2025-07-09T11:28:47.576+0000] {standard_task_runner.py:91} INFO - Job 3417: Subtask extract
[2025-07-09T11:28:47.698+0000] {task_command.py:426} INFO - Running <TaskInstance: ETL_airflare_data.extract scheduled__2025-07-07T12:00:00+00:00 map_index=8 [running]> on host e6a32b72ede0
[2025-07-09T11:28:47.877+0000] {taskinstance.py:2648} INFO - Exporting env vars: AIRFLOW_CTX_DAG_OWNER='***' AIRFLOW_CTX_DAG_ID='ETL_airflare_data' AIRFLOW_CTX_TASK_ID='extract' AIRFLOW_CTX_EXECUTION_DATE='2025-07-07T12:00:00+00:00' AIRFLOW_CTX_TRY_NUMBER='1' AIRFLOW_CTX_DAG_RUN_ID='scheduled__2025-07-07T12:00:00+00:00'
[2025-07-09T11:28:47.881+0000] {taskinstance.py:430} INFO - ::endgroup::
[2025-07-09T11:28:47.882+0000] {Untitled-1.py:122} INFO - Начало извлечения данных для направления IKT-VVO
[2025-07-09T11:28:48.882+0000] {Untitled-1.py:38} INFO - Создание подключения к S3
[2025-07-09T11:28:48.896+0000] {base.py:84} INFO - Using connection ID 'minio' for task execution.
[2025-07-09T11:28:48.897+0000] {connection_wrapper.py:384} INFO - AWS Connection (conn_id='minio', conn_type='aws') credentials retrieved from login and password.
[2025-07-09T11:28:49.561+0000] {Untitled-1.py:45} INFO - Подключение установлено
[2025-07-09T11:28:49.562+0000] {Untitled-1.py:49} INFO - Загрузка данных в S3
[2025-07-09T11:28:50.396+0000] {Untitled-1.py:60} INFO - Загрузка завершена успешно
[2025-07-09T11:28:50.399+0000] {Untitled-1.py:135} INFO - Данные успешно сохранены в S3
[2025-07-09T11:28:50.402+0000] {python.py:237} INFO - Done. Returned value was: {'path': {'bucket': 'airflare', 'key': 'temp/response_IKT_VVO.json'}, 'rout': {'origin': 'IKT', 'destination': 'VVO', 'bd': 'ikt_airflare_outbound'}}
[2025-07-09T11:28:50.404+0000] {taskinstance.py:441} INFO - ::group::Post task execution logs
[2025-07-09T11:28:50.441+0000] {taskinstance.py:1206} INFO - Marking task as SUCCESS. dag_id=ETL_airflare_data, task_id=extract, run_id=scheduled__2025-07-07T12:00:00+00:00, map_index=8, execution_date=20250707T120000, start_date=20250709T112847, end_date=20250709T112850
[2025-07-09T11:28:50.536+0000] {local_task_job_runner.py:240} INFO - Task exited with return code 0
[2025-07-09T11:28:50.552+0000] {local_task_job_runner.py:222} INFO - ::endgroup::
