[2025-07-09T07:27:08.708+0000] {local_task_job_runner.py:120} INFO - ::group::Pre task execution logs
[2025-07-09T07:27:08.732+0000] {taskinstance.py:2076} INFO - Dependencies all met for dep_context=non-requeueable deps ti=<TaskInstance: ETL_airflare_data.transform scheduled__2025-07-07T12:00:00+00:00 map_index=3 [queued]>
[2025-07-09T07:27:08.740+0000] {taskinstance.py:2076} INFO - Dependencies all met for dep_context=requeueable deps ti=<TaskInstance: ETL_airflare_data.transform scheduled__2025-07-07T12:00:00+00:00 map_index=3 [queued]>
[2025-07-09T07:27:08.741+0000] {taskinstance.py:2306} INFO - Starting attempt 1 of 3
[2025-07-09T07:27:08.752+0000] {taskinstance.py:2330} INFO - Executing <Mapped(_PythonDecoratedOperator): transform> on 2025-07-07 12:00:00+00:00
[2025-07-09T07:27:08.762+0000] {warnings.py:112} WARNING - /home/***/.local/lib/python3.12/site-packages/***/task/task_runner/standard_task_runner.py:61: DeprecationWarning: This process (pid=6638) is multi-threaded, use of fork() may lead to deadlocks in the child.
  pid = os.fork()

[2025-07-09T07:27:08.764+0000] {standard_task_runner.py:63} INFO - Started process 6661 to run task
[2025-07-09T07:27:08.765+0000] {standard_task_runner.py:90} INFO - Running: ['***', 'tasks', 'run', 'ETL_airflare_data', 'transform', 'scheduled__2025-07-07T12:00:00+00:00', '--job-id', '586', '--raw', '--subdir', 'DAGS_FOLDER/Untitled-1.py', '--cfg-path', '/tmp/tmpidx81gls', '--map-index', '3']
[2025-07-09T07:27:08.767+0000] {standard_task_runner.py:91} INFO - Job 586: Subtask transform
[2025-07-09T07:27:08.840+0000] {task_command.py:426} INFO - Running <TaskInstance: ETL_airflare_data.transform scheduled__2025-07-07T12:00:00+00:00 map_index=3 [running]> on host e6a32b72ede0
[2025-07-09T07:27:08.969+0000] {taskinstance.py:2648} INFO - Exporting env vars: AIRFLOW_CTX_DAG_OWNER='***' AIRFLOW_CTX_DAG_ID='ETL_airflare_data' AIRFLOW_CTX_TASK_ID='transform' AIRFLOW_CTX_EXECUTION_DATE='2025-07-07T12:00:00+00:00' AIRFLOW_CTX_TRY_NUMBER='1' AIRFLOW_CTX_DAG_RUN_ID='scheduled__2025-07-07T12:00:00+00:00'
[2025-07-09T07:27:08.971+0000] {taskinstance.py:430} INFO - ::endgroup::
[2025-07-09T07:27:08.971+0000] {Untitled-1.py:139} INFO - Данные приняты из Xcom, начат процесс очистки
[2025-07-09T07:27:08.972+0000] {Untitled-1.py:71} INFO - Создание подключения к S3
[2025-07-09T07:27:08.973+0000] {Untitled-1.py:75} INFO - Подключение установлено, загрузка данных из S3
[2025-07-09T07:27:08.984+0000] {base.py:84} INFO - Using connection ID 'minio' for task execution.
[2025-07-09T07:27:08.985+0000] {connection_wrapper.py:384} INFO - AWS Connection (conn_id='minio', conn_type='aws') credentials retrieved from login and password.
[2025-07-09T07:27:09.150+0000] {Untitled-1.py:81} INFO - Данные выгружены из S3
[2025-07-09T07:27:09.157+0000] {Untitled-1.py:148} INFO - Преобразование завершено, начинается передача DF в S3
[2025-07-09T07:27:09.158+0000] {Untitled-1.py:39} INFO - Создание подключения к S3
[2025-07-09T07:27:09.159+0000] {Untitled-1.py:44} INFO - Подключение установлено
[2025-07-09T07:27:09.166+0000] {base.py:84} INFO - Using connection ID 'minio' for task execution.
[2025-07-09T07:27:09.166+0000] {connection_wrapper.py:384} INFO - AWS Connection (conn_id='minio', conn_type='aws') credentials retrieved from login and password.
[2025-07-09T07:27:09.630+0000] {Untitled-1.py:50} INFO - Загрузка данных в S3
[2025-07-09T07:27:09.975+0000] {Untitled-1.py:61} INFO - Загрузка завершена успешно
[2025-07-09T07:27:09.976+0000] {Untitled-1.py:156} INFO - Данные успешно сохранены в S3, передаю их в Xcom
[2025-07-09T07:27:09.976+0000] {Untitled-1.py:158} INFO - данные успешно очищены и записаны в хранилище
[2025-07-09T07:27:09.977+0000] {python.py:237} INFO - Done. Returned value was: {'path': {'bucket': 'airflare', 'key': 'temp/df_MOW_IKT.json'}, 'rout': {'origin': 'MOW', 'destination': 'IKT', 'bd': 'mow_ikt_return'}}
[2025-07-09T07:27:09.977+0000] {taskinstance.py:441} INFO - ::group::Post task execution logs
[2025-07-09T07:27:09.997+0000] {taskinstance.py:1206} INFO - Marking task as SUCCESS. dag_id=ETL_airflare_data, task_id=transform, run_id=scheduled__2025-07-07T12:00:00+00:00, map_index=3, execution_date=20250707T120000, start_date=20250709T072708, end_date=20250709T072709
[2025-07-09T07:27:10.062+0000] {local_task_job_runner.py:240} INFO - Task exited with return code 0
[2025-07-09T07:27:10.070+0000] {local_task_job_runner.py:222} INFO - ::endgroup::
[2025-07-09T11:24:58.615+0000] {local_task_job_runner.py:120} INFO - ::group::Pre task execution logs
[2025-07-09T11:24:58.653+0000] {taskinstance.py:2076} INFO - Dependencies all met for dep_context=non-requeueable deps ti=<TaskInstance: ETL_airflare_data.transform scheduled__2025-07-07T12:00:00+00:00 map_index=3 [queued]>
[2025-07-09T11:24:58.677+0000] {taskinstance.py:2076} INFO - Dependencies all met for dep_context=requeueable deps ti=<TaskInstance: ETL_airflare_data.transform scheduled__2025-07-07T12:00:00+00:00 map_index=3 [queued]>
[2025-07-09T11:24:58.678+0000] {taskinstance.py:2306} INFO - Starting attempt 1 of 3
[2025-07-09T11:24:58.705+0000] {taskinstance.py:2330} INFO - Executing <Mapped(_PythonDecoratedOperator): transform> on 2025-07-07 12:00:00+00:00
[2025-07-09T11:24:58.720+0000] {warnings.py:112} WARNING - /home/***/.local/lib/python3.12/site-packages/***/task/task_runner/standard_task_runner.py:61: DeprecationWarning: This process (pid=21317) is multi-threaded, use of fork() may lead to deadlocks in the child.
  pid = os.fork()

[2025-07-09T11:24:58.723+0000] {standard_task_runner.py:63} INFO - Started process 21348 to run task
[2025-07-09T11:24:58.727+0000] {standard_task_runner.py:90} INFO - Running: ['***', 'tasks', 'run', 'ETL_airflare_data', 'transform', 'scheduled__2025-07-07T12:00:00+00:00', '--job-id', '3288', '--raw', '--subdir', 'DAGS_FOLDER/Untitled-1.py', '--cfg-path', '/tmp/tmpefuxfwa6', '--map-index', '3']
[2025-07-09T11:24:58.735+0000] {standard_task_runner.py:91} INFO - Job 3288: Subtask transform
[2025-07-09T11:24:58.849+0000] {task_command.py:426} INFO - Running <TaskInstance: ETL_airflare_data.transform scheduled__2025-07-07T12:00:00+00:00 map_index=3 [running]> on host e6a32b72ede0
[2025-07-09T11:24:59.073+0000] {taskinstance.py:2648} INFO - Exporting env vars: AIRFLOW_CTX_DAG_OWNER='***' AIRFLOW_CTX_DAG_ID='ETL_airflare_data' AIRFLOW_CTX_TASK_ID='transform' AIRFLOW_CTX_EXECUTION_DATE='2025-07-07T12:00:00+00:00' AIRFLOW_CTX_TRY_NUMBER='1' AIRFLOW_CTX_DAG_RUN_ID='scheduled__2025-07-07T12:00:00+00:00'
[2025-07-09T11:24:59.078+0000] {taskinstance.py:430} INFO - ::endgroup::
[2025-07-09T11:24:59.078+0000] {Untitled-1.py:144} INFO - Извлечение данных из S3, подготовка к обработке
[2025-07-09T11:24:59.082+0000] {Untitled-1.py:70} INFO - Создание подключения к S3
[2025-07-09T11:24:59.109+0000] {base.py:84} INFO - Using connection ID 'minio' for task execution.
[2025-07-09T11:24:59.110+0000] {connection_wrapper.py:384} INFO - AWS Connection (conn_id='minio', conn_type='aws') credentials retrieved from login and password.
[2025-07-09T11:24:59.860+0000] {Untitled-1.py:77} INFO - Подключение установлено
[2025-07-09T11:24:59.861+0000] {Untitled-1.py:81} INFO - Подключение установлено, загрузка данных из S3
[2025-07-09T11:25:00.105+0000] {Untitled-1.py:87} INFO - Данные выгружены из S3
[2025-07-09T11:25:00.119+0000] {Untitled-1.py:158} INFO - object
[2025-07-09T11:25:00.124+0000] {Untitled-1.py:159} INFO - object
[2025-07-09T11:25:00.130+0000] {Untitled-1.py:161} INFO - Преобразование завершено, начинается передача DF в S3
[2025-07-09T11:25:00.133+0000] {Untitled-1.py:38} INFO - Создание подключения к S3
[2025-07-09T11:25:00.145+0000] {base.py:84} INFO - Using connection ID 'minio' for task execution.
[2025-07-09T11:25:00.146+0000] {connection_wrapper.py:384} INFO - AWS Connection (conn_id='minio', conn_type='aws') credentials retrieved from login and password.
[2025-07-09T11:25:00.342+0000] {Untitled-1.py:45} INFO - Подключение установлено
[2025-07-09T11:25:00.343+0000] {Untitled-1.py:49} INFO - Загрузка данных в S3
[2025-07-09T11:25:01.035+0000] {Untitled-1.py:60} INFO - Загрузка завершена успешно
[2025-07-09T11:25:01.037+0000] {Untitled-1.py:169} INFO - Данные успешно сохранены в S3
[2025-07-09T11:25:01.038+0000] {python.py:237} INFO - Done. Returned value was: {'path': {'bucket': 'airflare', 'key': 'temp/df_MOW_IKT.json'}, 'rout': {'origin': 'MOW', 'destination': 'IKT', 'bd': 'ikt_airflare_return'}}
[2025-07-09T11:25:01.039+0000] {taskinstance.py:441} INFO - ::group::Post task execution logs
[2025-07-09T11:25:01.074+0000] {taskinstance.py:1206} INFO - Marking task as SUCCESS. dag_id=ETL_airflare_data, task_id=transform, run_id=scheduled__2025-07-07T12:00:00+00:00, map_index=3, execution_date=20250707T120000, start_date=20250709T112458, end_date=20250709T112501
[2025-07-09T11:25:01.160+0000] {local_task_job_runner.py:240} INFO - Task exited with return code 0
[2025-07-09T11:25:01.201+0000] {taskinstance.py:3503} INFO - 0 downstream tasks scheduled from follow-on schedule check
[2025-07-09T11:25:01.203+0000] {local_task_job_runner.py:222} INFO - ::endgroup::
[2025-07-09T11:29:02.275+0000] {local_task_job_runner.py:120} INFO - ::group::Pre task execution logs
[2025-07-09T11:29:02.314+0000] {taskinstance.py:2076} INFO - Dependencies all met for dep_context=non-requeueable deps ti=<TaskInstance: ETL_airflare_data.transform scheduled__2025-07-07T12:00:00+00:00 map_index=3 [queued]>
[2025-07-09T11:29:02.332+0000] {taskinstance.py:2076} INFO - Dependencies all met for dep_context=requeueable deps ti=<TaskInstance: ETL_airflare_data.transform scheduled__2025-07-07T12:00:00+00:00 map_index=3 [queued]>
[2025-07-09T11:29:02.333+0000] {taskinstance.py:2306} INFO - Starting attempt 1 of 3
[2025-07-09T11:29:02.367+0000] {taskinstance.py:2330} INFO - Executing <Mapped(_PythonDecoratedOperator): transform> on 2025-07-07 12:00:00+00:00
[2025-07-09T11:29:02.391+0000] {warnings.py:112} WARNING - /home/***/.local/lib/python3.12/site-packages/***/task/task_runner/standard_task_runner.py:61: DeprecationWarning: This process (pid=22081) is multi-threaded, use of fork() may lead to deadlocks in the child.
  pid = os.fork()

[2025-07-09T11:29:02.400+0000] {standard_task_runner.py:63} INFO - Started process 22110 to run task
[2025-07-09T11:29:02.396+0000] {standard_task_runner.py:90} INFO - Running: ['***', 'tasks', 'run', 'ETL_airflare_data', 'transform', 'scheduled__2025-07-07T12:00:00+00:00', '--job-id', '3455', '--raw', '--subdir', 'DAGS_FOLDER/Untitled-1.py', '--cfg-path', '/tmp/tmp9pmmg7o1', '--map-index', '3']
[2025-07-09T11:29:02.406+0000] {standard_task_runner.py:91} INFO - Job 3455: Subtask transform
[2025-07-09T11:29:02.569+0000] {task_command.py:426} INFO - Running <TaskInstance: ETL_airflare_data.transform scheduled__2025-07-07T12:00:00+00:00 map_index=3 [running]> on host e6a32b72ede0
[2025-07-09T11:29:02.766+0000] {taskinstance.py:2648} INFO - Exporting env vars: AIRFLOW_CTX_DAG_OWNER='***' AIRFLOW_CTX_DAG_ID='ETL_airflare_data' AIRFLOW_CTX_TASK_ID='transform' AIRFLOW_CTX_EXECUTION_DATE='2025-07-07T12:00:00+00:00' AIRFLOW_CTX_TRY_NUMBER='1' AIRFLOW_CTX_DAG_RUN_ID='scheduled__2025-07-07T12:00:00+00:00'
[2025-07-09T11:29:02.774+0000] {taskinstance.py:430} INFO - ::endgroup::
[2025-07-09T11:29:02.775+0000] {Untitled-1.py:144} INFO - Извлечение данных из S3, подготовка к обработке
[2025-07-09T11:29:02.775+0000] {Untitled-1.py:70} INFO - Создание подключения к S3
[2025-07-09T11:29:02.804+0000] {base.py:84} INFO - Using connection ID 'minio' for task execution.
[2025-07-09T11:29:02.809+0000] {connection_wrapper.py:384} INFO - AWS Connection (conn_id='minio', conn_type='aws') credentials retrieved from login and password.
[2025-07-09T11:29:03.458+0000] {Untitled-1.py:77} INFO - Подключение установлено
[2025-07-09T11:29:03.459+0000] {Untitled-1.py:81} INFO - Подключение установлено, загрузка данных из S3
[2025-07-09T11:29:03.691+0000] {Untitled-1.py:87} INFO - Данные выгружены из S3
[2025-07-09T11:29:03.703+0000] {Untitled-1.py:158} INFO - object
[2025-07-09T11:29:03.704+0000] {Untitled-1.py:159} INFO - object
[2025-07-09T11:29:03.704+0000] {Untitled-1.py:161} INFO - Преобразование завершено, начинается передача DF в S3
[2025-07-09T11:29:03.706+0000] {Untitled-1.py:38} INFO - Создание подключения к S3
[2025-07-09T11:29:03.719+0000] {base.py:84} INFO - Using connection ID 'minio' for task execution.
[2025-07-09T11:29:03.724+0000] {connection_wrapper.py:384} INFO - AWS Connection (conn_id='minio', conn_type='aws') credentials retrieved from login and password.
[2025-07-09T11:29:03.889+0000] {Untitled-1.py:45} INFO - Подключение установлено
[2025-07-09T11:29:03.889+0000] {Untitled-1.py:49} INFO - Загрузка данных в S3
[2025-07-09T11:29:04.375+0000] {Untitled-1.py:60} INFO - Загрузка завершена успешно
[2025-07-09T11:29:04.377+0000] {Untitled-1.py:169} INFO - Данные успешно сохранены в S3
[2025-07-09T11:29:04.379+0000] {python.py:237} INFO - Done. Returned value was: {'path': {'bucket': 'airflare', 'key': 'temp/df_MOW_IKT.json'}, 'rout': {'origin': 'MOW', 'destination': 'IKT', 'bd': 'ikt_airflare_return'}}
[2025-07-09T11:29:04.384+0000] {taskinstance.py:441} INFO - ::group::Post task execution logs
[2025-07-09T11:29:04.430+0000] {taskinstance.py:1206} INFO - Marking task as SUCCESS. dag_id=ETL_airflare_data, task_id=transform, run_id=scheduled__2025-07-07T12:00:00+00:00, map_index=3, execution_date=20250707T120000, start_date=20250709T112902, end_date=20250709T112904
[2025-07-09T11:29:04.548+0000] {local_task_job_runner.py:240} INFO - Task exited with return code 0
[2025-07-09T11:29:04.564+0000] {local_task_job_runner.py:222} INFO - ::endgroup::
