[2025-07-09T06:31:11.718+0000] {local_task_job_runner.py:120} INFO - ::group::Pre task execution logs
[2025-07-09T06:31:11.736+0000] {taskinstance.py:2076} INFO - Dependencies all met for dep_context=non-requeueable deps ti=<TaskInstance: ETL_airflare_data.transform manual__2025-07-09T06:31:07.244517+00:00 map_index=1 [queued]>
[2025-07-09T06:31:11.742+0000] {taskinstance.py:2076} INFO - Dependencies all met for dep_context=requeueable deps ti=<TaskInstance: ETL_airflare_data.transform manual__2025-07-09T06:31:07.244517+00:00 map_index=1 [queued]>
[2025-07-09T06:31:11.743+0000] {taskinstance.py:2306} INFO - Starting attempt 1 of 3
[2025-07-09T06:31:11.755+0000] {taskinstance.py:2330} INFO - Executing <Mapped(_PythonDecoratedOperator): transform> on 2025-07-09 06:31:07.244517+00:00
[2025-07-09T06:31:11.763+0000] {warnings.py:112} WARNING - /home/***/.local/lib/python3.12/site-packages/***/task/task_runner/standard_task_runner.py:61: DeprecationWarning: This process (pid=5551) is multi-threaded, use of fork() may lead to deadlocks in the child.
  pid = os.fork()

[2025-07-09T06:31:11.765+0000] {standard_task_runner.py:63} INFO - Started process 5557 to run task
[2025-07-09T06:31:11.765+0000] {standard_task_runner.py:90} INFO - Running: ['***', 'tasks', 'run', 'ETL_airflare_data', 'transform', 'manual__2025-07-09T06:31:07.244517+00:00', '--job-id', '488', '--raw', '--subdir', 'DAGS_FOLDER/Untitled-1.py', '--cfg-path', '/tmp/tmppsw07kph', '--map-index', '1']
[2025-07-09T06:31:11.766+0000] {standard_task_runner.py:91} INFO - Job 488: Subtask transform
[2025-07-09T06:31:11.823+0000] {task_command.py:426} INFO - Running <TaskInstance: ETL_airflare_data.transform manual__2025-07-09T06:31:07.244517+00:00 map_index=1 [running]> on host e6a32b72ede0
[2025-07-09T06:31:11.916+0000] {taskinstance.py:2648} INFO - Exporting env vars: AIRFLOW_CTX_DAG_OWNER='***' AIRFLOW_CTX_DAG_ID='ETL_airflare_data' AIRFLOW_CTX_TASK_ID='transform' AIRFLOW_CTX_EXECUTION_DATE='2025-07-09T06:31:07.244517+00:00' AIRFLOW_CTX_TRY_NUMBER='1' AIRFLOW_CTX_DAG_RUN_ID='manual__2025-07-09T06:31:07.244517+00:00'
[2025-07-09T06:31:11.918+0000] {taskinstance.py:430} INFO - ::endgroup::
[2025-07-09T06:31:11.918+0000] {Untitled-1.py:136} INFO - Данные приняты из Xcom, начат процесс очистки
[2025-07-09T06:31:11.918+0000] {Untitled-1.py:58} INFO - Создание подключения к S3
[2025-07-09T06:31:11.919+0000] {Untitled-1.py:62} INFO - Подключение установлено, загрузка данных из S3
[2025-07-09T06:31:11.928+0000] {base.py:84} INFO - Using connection ID 'minio' for task execution.
[2025-07-09T06:31:11.928+0000] {connection_wrapper.py:384} INFO - AWS Connection (conn_id='minio', conn_type='aws') credentials retrieved from login and password.
[2025-07-09T06:31:12.053+0000] {Untitled-1.py:68} INFO - Данные выгружены из S3
[2025-07-09T06:31:12.060+0000] {Untitled-1.py:145} INFO - Преобразование завершено, начинается передача DF в S3
[2025-07-09T06:31:12.061+0000] {Untitled-1.py:26} INFO - Создание подключения к S3
[2025-07-09T06:31:12.061+0000] {Untitled-1.py:31} INFO - Подключение установлено
[2025-07-09T06:31:12.068+0000] {base.py:84} INFO - Using connection ID 'minio' for task execution.
[2025-07-09T06:31:12.069+0000] {connection_wrapper.py:384} INFO - AWS Connection (conn_id='minio', conn_type='aws') credentials retrieved from login and password.
[2025-07-09T06:31:12.452+0000] {Untitled-1.py:37} INFO - Загрузка данных в S3
[2025-07-09T06:31:12.783+0000] {Untitled-1.py:48} INFO - Загрузка завершена успешно
[2025-07-09T06:31:12.784+0000] {Untitled-1.py:153} INFO - Данные успешно сохранены в S3, передаю их в Xcom
[2025-07-09T06:31:12.784+0000] {Untitled-1.py:157} INFO - данные успешно очищены и записаны в хранилище
[2025-07-09T06:31:12.784+0000] {python.py:237} INFO - Done. Returned value was: {'bucket': 'airflare', 'key': 'temp/df_HKT_IKT.json'}
[2025-07-09T06:31:12.785+0000] {taskinstance.py:441} INFO - ::group::Post task execution logs
[2025-07-09T06:31:12.802+0000] {taskinstance.py:1206} INFO - Marking task as SUCCESS. dag_id=ETL_airflare_data, task_id=transform, run_id=manual__2025-07-09T06:31:07.244517+00:00, map_index=1, execution_date=20250709T063107, start_date=20250709T063111, end_date=20250709T063112
[2025-07-09T06:31:12.861+0000] {local_task_job_runner.py:240} INFO - Task exited with return code 0
[2025-07-09T06:31:12.924+0000] {taskinstance.py:3503} INFO - 8 downstream tasks scheduled from follow-on schedule check
[2025-07-09T06:31:12.926+0000] {local_task_job_runner.py:222} INFO - ::endgroup::
