[2025-07-09T07:58:38.180+0000] {local_task_job_runner.py:120} INFO - ::group::Pre task execution logs
[2025-07-09T07:58:38.209+0000] {taskinstance.py:2076} INFO - Dependencies all met for dep_context=non-requeueable deps ti=<TaskInstance: ETL_airflare_data.load manual__2025-07-09T07:58:17.397989+00:00 map_index=16 [queued]>
[2025-07-09T07:58:38.221+0000] {taskinstance.py:2076} INFO - Dependencies all met for dep_context=requeueable deps ti=<TaskInstance: ETL_airflare_data.load manual__2025-07-09T07:58:17.397989+00:00 map_index=16 [queued]>
[2025-07-09T07:58:38.222+0000] {taskinstance.py:2306} INFO - Starting attempt 1 of 3
[2025-07-09T07:58:38.239+0000] {taskinstance.py:2330} INFO - Executing <Mapped(_PythonDecoratedOperator): load> on 2025-07-09 07:58:17.397989+00:00
[2025-07-09T07:58:38.255+0000] {warnings.py:112} WARNING - /home/***/.local/lib/python3.12/site-packages/***/task/task_runner/standard_task_runner.py:61: DeprecationWarning: This process (pid=7443) is multi-threaded, use of fork() may lead to deadlocks in the child.
  pid = os.fork()

[2025-07-09T07:58:38.259+0000] {standard_task_runner.py:63} INFO - Started process 7466 to run task
[2025-07-09T07:58:38.258+0000] {standard_task_runner.py:90} INFO - Running: ['***', 'tasks', 'run', 'ETL_airflare_data', 'load', 'manual__2025-07-09T07:58:17.397989+00:00', '--job-id', '673', '--raw', '--subdir', 'DAGS_FOLDER/Untitled-1.py', '--cfg-path', '/tmp/tmpyqw7epkx', '--map-index', '16']
[2025-07-09T07:58:38.260+0000] {standard_task_runner.py:91} INFO - Job 673: Subtask load
[2025-07-09T07:58:38.336+0000] {task_command.py:426} INFO - Running <TaskInstance: ETL_airflare_data.load manual__2025-07-09T07:58:17.397989+00:00 map_index=16 [running]> on host e6a32b72ede0
[2025-07-09T07:58:38.456+0000] {taskinstance.py:2648} INFO - Exporting env vars: AIRFLOW_CTX_DAG_OWNER='***' AIRFLOW_CTX_DAG_ID='ETL_airflare_data' AIRFLOW_CTX_TASK_ID='load' AIRFLOW_CTX_EXECUTION_DATE='2025-07-09T07:58:17.397989+00:00' AIRFLOW_CTX_TRY_NUMBER='1' AIRFLOW_CTX_DAG_RUN_ID='manual__2025-07-09T07:58:17.397989+00:00'
[2025-07-09T07:58:38.458+0000] {taskinstance.py:430} INFO - ::endgroup::
[2025-07-09T07:58:38.459+0000] {Untitled-1.py:183} INFO - Данные из Xcom успешно выгружены, начинаю выгружать данные из S3
[2025-07-09T07:58:38.459+0000] {Untitled-1.py:89} INFO - Создание подключения к S3
[2025-07-09T07:58:38.460+0000] {Untitled-1.py:93} INFO - Подключение установлено, загрузка данных из S3
[2025-07-09T07:58:38.474+0000] {base.py:84} INFO - Using connection ID 'minio' for task execution.
[2025-07-09T07:58:38.475+0000] {connection_wrapper.py:384} INFO - AWS Connection (conn_id='minio', conn_type='aws') credentials retrieved from login and password.
[2025-07-09T07:58:38.626+0000] {Untitled-1.py:99} INFO - Данные выгружены из S3
[2025-07-09T07:58:38.630+0000] {Untitled-1.py:193} INFO - Данные получены из хранилища, начат процесс отправки в БД
[2025-07-09T07:58:38.637+0000] {base.py:84} INFO - Using connection ID 'postgres_airfare' for task execution.
[2025-07-09T07:58:38.639+0000] {Untitled-1.py:201} INFO - Размер DataFrame: (82, 9)
[2025-07-09T07:58:38.642+0000] {Untitled-1.py:203} INFO - Типы данных:
depart_date          object
origin               object
destination          object
trip_class            int64
value                 int64
gate                 object
duration              int64
distance              int64
number_of_changes     int64
dtype: object
[2025-07-09T07:58:38.643+0000] {Untitled-1.py:205} INFO - Связь с БД установлена
[2025-07-09T07:58:38.709+0000] {Untitled-1.py:212} INFO - процесс ETL успешно завершен, данные загружены в БД
[2025-07-09T07:58:38.710+0000] {python.py:237} INFO - Done. Returned value was: None
[2025-07-09T07:58:38.712+0000] {taskinstance.py:441} INFO - ::group::Post task execution logs
[2025-07-09T07:58:38.721+0000] {taskinstance.py:1206} INFO - Marking task as SUCCESS. dag_id=ETL_airflare_data, task_id=load, run_id=manual__2025-07-09T07:58:17.397989+00:00, map_index=16, execution_date=20250709T075817, start_date=20250709T075838, end_date=20250709T075838
[2025-07-09T07:58:38.796+0000] {local_task_job_runner.py:240} INFO - Task exited with return code 0
[2025-07-09T07:58:38.807+0000] {local_task_job_runner.py:222} INFO - ::endgroup::
