[2025-07-08T06:19:36.966+0000] {local_task_job_runner.py:120} INFO - ::group::Pre task execution logs
[2025-07-08T06:19:36.979+0000] {taskinstance.py:2076} INFO - Dependencies all met for dep_context=non-requeueable deps ti=<TaskInstance: ETL_airflare_data.load manual__2025-07-08T06:19:30.697732+00:00 [queued]>
[2025-07-08T06:19:36.984+0000] {taskinstance.py:2076} INFO - Dependencies all met for dep_context=requeueable deps ti=<TaskInstance: ETL_airflare_data.load manual__2025-07-08T06:19:30.697732+00:00 [queued]>
[2025-07-08T06:19:36.984+0000] {taskinstance.py:2306} INFO - Starting attempt 1 of 3
[2025-07-08T06:19:36.994+0000] {taskinstance.py:2330} INFO - Executing <Task(PythonOperator): load> on 2025-07-08 06:19:30.697732+00:00
[2025-07-08T06:19:37.003+0000] {warnings.py:112} WARNING - /home/***/.local/lib/python3.12/site-packages/***/task/task_runner/standard_task_runner.py:61: DeprecationWarning: This process (pid=255) is multi-threaded, use of fork() may lead to deadlocks in the child.
  pid = os.fork()

[2025-07-08T06:19:37.005+0000] {standard_task_runner.py:63} INFO - Started process 257 to run task
[2025-07-08T06:19:37.005+0000] {standard_task_runner.py:90} INFO - Running: ['***', 'tasks', 'run', 'ETL_airflare_data', 'load', 'manual__2025-07-08T06:19:30.697732+00:00', '--job-id', '236', '--raw', '--subdir', 'DAGS_FOLDER/Untitled-1.py', '--cfg-path', '/tmp/tmpsiwnsk9l']
[2025-07-08T06:19:37.007+0000] {standard_task_runner.py:91} INFO - Job 236: Subtask load
[2025-07-08T06:19:37.054+0000] {task_command.py:426} INFO - Running <TaskInstance: ETL_airflare_data.load manual__2025-07-08T06:19:30.697732+00:00 [running]> on host e6a32b72ede0
[2025-07-08T06:19:37.120+0000] {taskinstance.py:2648} INFO - Exporting env vars: AIRFLOW_CTX_DAG_OWNER='***' AIRFLOW_CTX_DAG_ID='ETL_airflare_data' AIRFLOW_CTX_TASK_ID='load' AIRFLOW_CTX_EXECUTION_DATE='2025-07-08T06:19:30.697732+00:00' AIRFLOW_CTX_TRY_NUMBER='1' AIRFLOW_CTX_DAG_RUN_ID='manual__2025-07-08T06:19:30.697732+00:00'
[2025-07-08T06:19:37.122+0000] {taskinstance.py:430} INFO - ::endgroup::
[2025-07-08T06:19:37.140+0000] {Untitled-1.py:139} INFO - Данные из Xcom успешно выгружены, начинаю выгружать данные из S3
[2025-07-08T06:19:37.140+0000] {Untitled-1.py:51} INFO - Создание подключения к S3
[2025-07-08T06:19:37.141+0000] {Untitled-1.py:55} INFO - Подключение установлено, загрузка данных из S3
[2025-07-08T06:19:37.149+0000] {base.py:84} INFO - Using connection ID 'minio' for task execution.
[2025-07-08T06:19:37.151+0000] {connection_wrapper.py:384} INFO - AWS Connection (conn_id='minio', conn_type='aws') credentials retrieved from login and password.
[2025-07-08T06:19:37.324+0000] {Untitled-1.py:61} INFO - Данные выгружены из S3
[2025-07-08T06:19:37.328+0000] {Untitled-1.py:145} INFO - Данные получены из хранилища, начат процесс отправки в БД
[2025-07-08T06:19:37.334+0000] {base.py:84} INFO - Using connection ID 'postgres_airfare' for task execution.
[2025-07-08T06:19:37.335+0000] {Untitled-1.py:152} INFO - Размер DataFrame: (237, 9)
[2025-07-08T06:19:37.337+0000] {Untitled-1.py:154} INFO - Типы данных:
depart_date          object
origin               object
destination          object
trip_class            int64
value                 int64
gate                 object
duration              int64
distance              int64
number_of_changes     int64
dtype: object
[2025-07-08T06:19:37.337+0000] {Untitled-1.py:156} INFO - Связь с БД установлена
[2025-07-08T06:19:37.360+0000] {Untitled-1.py:163} INFO - процесс ETL успешно завершен, данные загружены в БД
[2025-07-08T06:19:37.360+0000] {python.py:237} INFO - Done. Returned value was: None
[2025-07-08T06:19:37.361+0000] {taskinstance.py:441} INFO - ::group::Post task execution logs
[2025-07-08T06:19:37.368+0000] {taskinstance.py:1206} INFO - Marking task as SUCCESS. dag_id=ETL_airflare_data, task_id=load, run_id=manual__2025-07-08T06:19:30.697732+00:00, execution_date=20250708T061930, start_date=20250708T061936, end_date=20250708T061937
[2025-07-08T06:19:37.419+0000] {local_task_job_runner.py:240} INFO - Task exited with return code 0
[2025-07-08T06:19:37.432+0000] {taskinstance.py:3503} INFO - 0 downstream tasks scheduled from follow-on schedule check
[2025-07-08T06:19:37.434+0000] {local_task_job_runner.py:222} INFO - ::endgroup::
