[2025-07-09T04:32:45.169+0000] {local_task_job_runner.py:120} INFO - ::group::Pre task execution logs
[2025-07-09T04:32:45.184+0000] {taskinstance.py:2076} INFO - Dependencies all met for dep_context=non-requeueable deps ti=<TaskInstance: ETL_airflare_data.extract manual__2025-07-09T04:32:43.907127+00:00 map_index=0 [queued]>
[2025-07-09T04:32:45.189+0000] {taskinstance.py:2076} INFO - Dependencies all met for dep_context=requeueable deps ti=<TaskInstance: ETL_airflare_data.extract manual__2025-07-09T04:32:43.907127+00:00 map_index=0 [queued]>
[2025-07-09T04:32:45.190+0000] {taskinstance.py:2306} INFO - Starting attempt 1 of 3
[2025-07-09T04:32:45.200+0000] {taskinstance.py:2330} INFO - Executing <Mapped(_PythonDecoratedOperator): extract> on 2025-07-09 04:32:43.907127+00:00
[2025-07-09T04:32:45.210+0000] {warnings.py:112} WARNING - /home/***/.local/lib/python3.12/site-packages/***/task/task_runner/standard_task_runner.py:61: DeprecationWarning: This process (pid=3199) is multi-threaded, use of fork() may lead to deadlocks in the child.
  pid = os.fork()

[2025-07-09T04:32:45.212+0000] {standard_task_runner.py:63} INFO - Started process 3203 to run task
[2025-07-09T04:32:45.212+0000] {standard_task_runner.py:90} INFO - Running: ['***', 'tasks', 'run', 'ETL_airflare_data', 'extract', 'manual__2025-07-09T04:32:43.907127+00:00', '--job-id', '262', '--raw', '--subdir', 'DAGS_FOLDER/Untitled-1.py', '--cfg-path', '/tmp/tmp6a6s7gou', '--map-index', '0']
[2025-07-09T04:32:45.213+0000] {standard_task_runner.py:91} INFO - Job 262: Subtask extract
[2025-07-09T04:32:45.270+0000] {task_command.py:426} INFO - Running <TaskInstance: ETL_airflare_data.extract manual__2025-07-09T04:32:43.907127+00:00 map_index=0 [running]> on host e6a32b72ede0
[2025-07-09T04:32:45.351+0000] {taskinstance.py:2648} INFO - Exporting env vars: AIRFLOW_CTX_DAG_OWNER='***' AIRFLOW_CTX_DAG_ID='ETL_airflare_data' AIRFLOW_CTX_TASK_ID='extract' AIRFLOW_CTX_EXECUTION_DATE='2025-07-09T04:32:43.907127+00:00' AIRFLOW_CTX_TRY_NUMBER='1' AIRFLOW_CTX_DAG_RUN_ID='manual__2025-07-09T04:32:43.907127+00:00'
[2025-07-09T04:32:45.353+0000] {taskinstance.py:430} INFO - ::endgroup::
[2025-07-09T04:32:45.354+0000] {Untitled-1.py:111} INFO - Начало извлечения данных для направления IKT-HKT
[2025-07-09T04:32:46.346+0000] {Untitled-1.py:26} INFO - Создание подключения к S3
[2025-07-09T04:32:46.347+0000] {Untitled-1.py:31} INFO - Подключение установлено
[2025-07-09T04:32:46.358+0000] {base.py:84} INFO - Using connection ID 'minio' for task execution.
[2025-07-09T04:32:46.358+0000] {connection_wrapper.py:384} INFO - AWS Connection (conn_id='minio', conn_type='aws') credentials retrieved from login and password.
[2025-07-09T04:32:46.696+0000] {Untitled-1.py:37} INFO - Загрузка данных в S3
[2025-07-09T04:32:46.819+0000] {Untitled-1.py:48} INFO - Загрузка завершена успешно
[2025-07-09T04:32:46.820+0000] {Untitled-1.py:124} INFO - Данные успешно сохранены во временное хранилище
[2025-07-09T04:32:46.833+0000] {Untitled-1.py:129} INFO - Данные успешно извлечены и переданы в Xcom
[2025-07-09T04:32:46.835+0000] {python.py:237} INFO - Done. Returned value was: None
[2025-07-09T04:32:46.836+0000] {taskinstance.py:441} INFO - ::group::Post task execution logs
[2025-07-09T04:32:46.843+0000] {taskinstance.py:1206} INFO - Marking task as SUCCESS. dag_id=ETL_airflare_data, task_id=extract, run_id=manual__2025-07-09T04:32:43.907127+00:00, map_index=0, execution_date=20250709T043243, start_date=20250709T043245, end_date=20250709T043246
[2025-07-09T04:32:46.871+0000] {local_task_job_runner.py:240} INFO - Task exited with return code 0
[2025-07-09T04:32:46.880+0000] {local_task_job_runner.py:222} INFO - ::endgroup::
