[2025-07-07T09:48:12.119+0000] {local_task_job_runner.py:120} INFO - ::group::Pre task execution logs
[2025-07-07T09:48:12.131+0000] {taskinstance.py:2076} INFO - Dependencies all met for dep_context=non-requeueable deps ti=<TaskInstance: ETL_airflare_data.load manual__2025-07-07T09:48:05.750613+00:00 [queued]>
[2025-07-07T09:48:12.136+0000] {taskinstance.py:2076} INFO - Dependencies all met for dep_context=requeueable deps ti=<TaskInstance: ETL_airflare_data.load manual__2025-07-07T09:48:05.750613+00:00 [queued]>
[2025-07-07T09:48:12.136+0000] {taskinstance.py:2306} INFO - Starting attempt 1 of 3
[2025-07-07T09:48:12.145+0000] {taskinstance.py:2330} INFO - Executing <Task(PythonOperator): load> on 2025-07-07 09:48:05.750613+00:00
[2025-07-07T09:48:12.153+0000] {warnings.py:112} WARNING - /home/***/.local/lib/python3.12/site-packages/***/task/task_runner/standard_task_runner.py:61: DeprecationWarning: This process (pid=1419) is multi-threaded, use of fork() may lead to deadlocks in the child.
  pid = os.fork()

[2025-07-07T09:48:12.154+0000] {standard_task_runner.py:63} INFO - Started process 1421 to run task
[2025-07-07T09:48:12.155+0000] {standard_task_runner.py:90} INFO - Running: ['***', 'tasks', 'run', 'ETL_airflare_data', 'load', 'manual__2025-07-07T09:48:05.750613+00:00', '--job-id', '194', '--raw', '--subdir', 'DAGS_FOLDER/Untitled-1.py', '--cfg-path', '/tmp/tmpqpl1tk46']
[2025-07-07T09:48:12.157+0000] {standard_task_runner.py:91} INFO - Job 194: Subtask load
[2025-07-07T09:48:12.199+0000] {task_command.py:426} INFO - Running <TaskInstance: ETL_airflare_data.load manual__2025-07-07T09:48:05.750613+00:00 [running]> on host e6a32b72ede0
[2025-07-07T09:48:12.283+0000] {taskinstance.py:2648} INFO - Exporting env vars: AIRFLOW_CTX_DAG_OWNER='***' AIRFLOW_CTX_DAG_ID='ETL_airflare_data' AIRFLOW_CTX_TASK_ID='load' AIRFLOW_CTX_EXECUTION_DATE='2025-07-07T09:48:05.750613+00:00' AIRFLOW_CTX_TRY_NUMBER='1' AIRFLOW_CTX_DAG_RUN_ID='manual__2025-07-07T09:48:05.750613+00:00'
[2025-07-07T09:48:12.286+0000] {taskinstance.py:430} INFO - ::endgroup::
[2025-07-07T09:48:12.306+0000] {Untitled-1.py:123} INFO - Данные из Xcom успешно выгружены, начинаю выгружать данные из S3
[2025-07-07T09:48:12.307+0000] {Untitled-1.py:45} INFO - Создание подключения к S3
[2025-07-07T09:48:12.308+0000] {Untitled-1.py:48} INFO - Подключение установлено, загрузка данных из S3
[2025-07-07T09:48:12.315+0000] {base.py:84} INFO - Using connection ID 'minio' for task execution.
[2025-07-07T09:48:12.316+0000] {connection_wrapper.py:384} INFO - AWS Connection (conn_id='minio', conn_type='aws') credentials retrieved from login and password.
[2025-07-07T09:48:12.479+0000] {Untitled-1.py:53} INFO - Данные выгружены из S3
[2025-07-07T09:48:12.482+0000] {warnings.py:112} WARNING - /opt/***/dags/Untitled-1.py:127: FutureWarning: Passing literal json to 'read_json' is deprecated and will be removed in a future version. To read from a literal string, wrap it in a 'StringIO' object.
  df = pd.read_json(content)

[2025-07-07T09:48:12.490+0000] {Untitled-1.py:128} INFO - Данные получены из хранилища, начат процесс отправки в БД
[2025-07-07T09:48:12.497+0000] {base.py:84} INFO - Using connection ID 'postgres_airfare' for task execution.
[2025-07-07T09:48:12.497+0000] {Untitled-1.py:133} INFO - Размер DataFrame: (241, 9)
[2025-07-07T09:48:12.498+0000] {Untitled-1.py:134} INFO - Типы данных:
depart_date          object
origin               object
destination          object
trip_class            int64
value                 int64
gate                 object
duration              int64
distance              int64
number_of_changes     int64
dtype: object
[2025-07-07T09:48:12.499+0000] {Untitled-1.py:136} INFO - Связь с БД установлена
[2025-07-07T09:48:12.503+0000] {Untitled-1.py:141} ERROR - Ошибка при загрузки в БД (psycopg2.OperationalError) connection to server at "localhost" (::1), port 5432 failed: Connection refused
	Is the server running on that host and accepting TCP/IP connections?
connection to server at "localhost" (127.0.0.1), port 5432 failed: Connection refused
	Is the server running on that host and accepting TCP/IP connections?

(Background on this error at: https://sqlalche.me/e/14/e3q8)
[2025-07-07T09:48:12.503+0000] {Untitled-1.py:142} INFO - процесс ETL успешно завершен, данные загружены в БД
[2025-07-07T09:48:12.504+0000] {python.py:237} INFO - Done. Returned value was: None
[2025-07-07T09:48:12.504+0000] {taskinstance.py:441} INFO - ::group::Post task execution logs
[2025-07-07T09:48:12.511+0000] {taskinstance.py:1206} INFO - Marking task as SUCCESS. dag_id=ETL_airflare_data, task_id=load, run_id=manual__2025-07-07T09:48:05.750613+00:00, execution_date=20250707T094805, start_date=20250707T094812, end_date=20250707T094812
[2025-07-07T09:48:12.569+0000] {local_task_job_runner.py:240} INFO - Task exited with return code 0
[2025-07-07T09:48:12.582+0000] {taskinstance.py:3503} INFO - 0 downstream tasks scheduled from follow-on schedule check
[2025-07-07T09:48:12.584+0000] {local_task_job_runner.py:222} INFO - ::endgroup::
