[2025-07-07T09:12:24.724+0000] {local_task_job_runner.py:120} INFO - ::group::Pre task execution logs
[2025-07-07T09:12:24.736+0000] {taskinstance.py:2076} INFO - Dependencies all met for dep_context=non-requeueable deps ti=<TaskInstance: ETL_airflare_data.transform manual__2025-07-07T09:12:20.150259+00:00 [queued]>
[2025-07-07T09:12:24.741+0000] {taskinstance.py:2076} INFO - Dependencies all met for dep_context=requeueable deps ti=<TaskInstance: ETL_airflare_data.transform manual__2025-07-07T09:12:20.150259+00:00 [queued]>
[2025-07-07T09:12:24.742+0000] {taskinstance.py:2306} INFO - Starting attempt 1 of 3
[2025-07-07T09:12:24.751+0000] {taskinstance.py:2330} INFO - Executing <Task(PythonOperator): transform> on 2025-07-07 09:12:20.150259+00:00
[2025-07-07T09:12:24.759+0000] {warnings.py:112} WARNING - /home/***/.local/lib/python3.12/site-packages/***/task/task_runner/standard_task_runner.py:61: DeprecationWarning: This process (pid=751) is multi-threaded, use of fork() may lead to deadlocks in the child.
  pid = os.fork()

[2025-07-07T09:12:24.761+0000] {standard_task_runner.py:63} INFO - Started process 753 to run task
[2025-07-07T09:12:24.760+0000] {standard_task_runner.py:90} INFO - Running: ['***', 'tasks', 'run', 'ETL_airflare_data', 'transform', 'manual__2025-07-07T09:12:20.150259+00:00', '--job-id', '144', '--raw', '--subdir', 'DAGS_FOLDER/Untitled-1.py', '--cfg-path', '/tmp/tmpm5lnqcoa']
[2025-07-07T09:12:24.763+0000] {standard_task_runner.py:91} INFO - Job 144: Subtask transform
[2025-07-07T09:12:24.814+0000] {task_command.py:426} INFO - Running <TaskInstance: ETL_airflare_data.transform manual__2025-07-07T09:12:20.150259+00:00 [running]> on host e6a32b72ede0
[2025-07-07T09:12:24.885+0000] {taskinstance.py:2648} INFO - Exporting env vars: AIRFLOW_CTX_DAG_OWNER='***' AIRFLOW_CTX_DAG_ID='ETL_airflare_data' AIRFLOW_CTX_TASK_ID='transform' AIRFLOW_CTX_EXECUTION_DATE='2025-07-07T09:12:20.150259+00:00' AIRFLOW_CTX_TRY_NUMBER='1' AIRFLOW_CTX_DAG_RUN_ID='manual__2025-07-07T09:12:20.150259+00:00'
[2025-07-07T09:12:24.887+0000] {taskinstance.py:430} INFO - ::endgroup::
[2025-07-07T09:12:24.907+0000] {Untitled-1.py:96} INFO - Данные приняты из Xcom, начат процесс очистки
[2025-07-07T09:12:24.908+0000] {Untitled-1.py:43} INFO - Создание подключения к S3
[2025-07-07T09:12:24.909+0000] {Untitled-1.py:46} INFO - Подключение установлено, загрузка данных из S3
[2025-07-07T09:12:24.918+0000] {base.py:84} INFO - Using connection ID 'minio' for task execution.
[2025-07-07T09:12:24.919+0000] {connection_wrapper.py:384} INFO - AWS Connection (conn_id='minio', conn_type='aws') credentials retrieved from login and password.
[2025-07-07T09:12:25.117+0000] {Untitled-1.py:51} INFO - Данные выгружены из S3
[2025-07-07T09:12:25.122+0000] {Untitled-1.py:104} INFO - Преобразование завершено, начинается передача DF в S3
[2025-07-07T09:12:25.123+0000] {Untitled-1.py:17} INFO - Создание подключения к S3
[2025-07-07T09:12:25.123+0000] {Untitled-1.py:21} INFO - Подключение установлено
[2025-07-07T09:12:25.130+0000] {base.py:84} INFO - Using connection ID 'minio' for task execution.
[2025-07-07T09:12:25.131+0000] {connection_wrapper.py:384} INFO - AWS Connection (conn_id='minio', conn_type='aws') credentials retrieved from login and password.
[2025-07-07T09:12:25.448+0000] {Untitled-1.py:26} INFO - Загрузка данных в S3
[2025-07-07T09:12:25.577+0000] {Untitled-1.py:35} INFO - Загрузка завершена успешно
[2025-07-07T09:12:25.577+0000] {Untitled-1.py:110} INFO - Данные успешно сохранены в S3, передаю их в Xcom
[2025-07-07T09:12:25.590+0000] {Untitled-1.py:114} INFO - данные успешно очищены и записаны в хранилище
[2025-07-07T09:12:25.590+0000] {python.py:237} INFO - Done. Returned value was: None
[2025-07-07T09:12:25.591+0000] {taskinstance.py:441} INFO - ::group::Post task execution logs
[2025-07-07T09:12:25.599+0000] {taskinstance.py:1206} INFO - Marking task as SUCCESS. dag_id=ETL_airflare_data, task_id=transform, run_id=manual__2025-07-07T09:12:20.150259+00:00, execution_date=20250707T091220, start_date=20250707T091224, end_date=20250707T091225
[2025-07-07T09:12:25.657+0000] {local_task_job_runner.py:240} INFO - Task exited with return code 0
[2025-07-07T09:12:25.674+0000] {taskinstance.py:3503} INFO - 1 downstream tasks scheduled from follow-on schedule check
[2025-07-07T09:12:25.676+0000] {local_task_job_runner.py:222} INFO - ::endgroup::
