[2025-07-07T10:23:26.477+0000] {local_task_job_runner.py:120} INFO - ::group::Pre task execution logs
[2025-07-07T10:23:26.489+0000] {taskinstance.py:2076} INFO - Dependencies all met for dep_context=non-requeueable deps ti=<TaskInstance: ETL_airflare_data.load manual__2025-07-07T10:23:19.746662+00:00 [queued]>
[2025-07-07T10:23:26.494+0000] {taskinstance.py:2076} INFO - Dependencies all met for dep_context=requeueable deps ti=<TaskInstance: ETL_airflare_data.load manual__2025-07-07T10:23:19.746662+00:00 [queued]>
[2025-07-07T10:23:26.495+0000] {taskinstance.py:2306} INFO - Starting attempt 1 of 3
[2025-07-07T10:23:26.505+0000] {taskinstance.py:2330} INFO - Executing <Task(PythonOperator): load> on 2025-07-07 10:23:19.746662+00:00
[2025-07-07T10:23:26.514+0000] {warnings.py:112} WARNING - /home/***/.local/lib/python3.12/site-packages/***/task/task_runner/standard_task_runner.py:61: DeprecationWarning: This process (pid=1990) is multi-threaded, use of fork() may lead to deadlocks in the child.
  pid = os.fork()

[2025-07-07T10:23:26.516+0000] {standard_task_runner.py:63} INFO - Started process 1992 to run task
[2025-07-07T10:23:26.516+0000] {standard_task_runner.py:90} INFO - Running: ['***', 'tasks', 'run', 'ETL_airflare_data', 'load', 'manual__2025-07-07T10:23:19.746662+00:00', '--job-id', '220', '--raw', '--subdir', 'DAGS_FOLDER/Untitled-1.py', '--cfg-path', '/tmp/tmp894w6zek']
[2025-07-07T10:23:26.519+0000] {standard_task_runner.py:91} INFO - Job 220: Subtask load
[2025-07-07T10:23:26.569+0000] {task_command.py:426} INFO - Running <TaskInstance: ETL_airflare_data.load manual__2025-07-07T10:23:19.746662+00:00 [running]> on host e6a32b72ede0
[2025-07-07T10:23:26.642+0000] {taskinstance.py:2648} INFO - Exporting env vars: AIRFLOW_CTX_DAG_OWNER='***' AIRFLOW_CTX_DAG_ID='ETL_airflare_data' AIRFLOW_CTX_TASK_ID='load' AIRFLOW_CTX_EXECUTION_DATE='2025-07-07T10:23:19.746662+00:00' AIRFLOW_CTX_TRY_NUMBER='1' AIRFLOW_CTX_DAG_RUN_ID='manual__2025-07-07T10:23:19.746662+00:00'
[2025-07-07T10:23:26.643+0000] {taskinstance.py:430} INFO - ::endgroup::
[2025-07-07T10:23:26.663+0000] {Untitled-1.py:129} INFO - Данные из Xcom успешно выгружены, начинаю выгружать данные из S3
[2025-07-07T10:23:26.664+0000] {Untitled-1.py:49} INFO - Создание подключения к S3
[2025-07-07T10:23:26.664+0000] {Untitled-1.py:53} INFO - Подключение установлено, загрузка данных из S3
[2025-07-07T10:23:26.673+0000] {base.py:84} INFO - Using connection ID 'minio' for task execution.
[2025-07-07T10:23:26.674+0000] {connection_wrapper.py:384} INFO - AWS Connection (conn_id='minio', conn_type='aws') credentials retrieved from login and password.
[2025-07-07T10:23:26.847+0000] {Untitled-1.py:59} INFO - Данные выгружены из S3
[2025-07-07T10:23:26.852+0000] {Untitled-1.py:134} INFO - Данные получены из хранилища, начат процесс отправки в БД
[2025-07-07T10:23:26.859+0000] {base.py:84} INFO - Using connection ID 'postgres_airfare' for task execution.
[2025-07-07T10:23:26.859+0000] {Untitled-1.py:141} INFO - Размер DataFrame: (241, 9)
[2025-07-07T10:23:26.861+0000] {Untitled-1.py:143} INFO - Типы данных:
depart_date          object
origin               object
destination          object
trip_class            int64
value                 int64
gate                 object
duration              int64
distance              int64
number_of_changes     int64
dtype: object
[2025-07-07T10:23:26.861+0000] {Untitled-1.py:145} INFO - Связь с БД установлена
[2025-07-07T10:23:26.890+0000] {Untitled-1.py:151} INFO - процесс ETL успешно завершен, данные загружены в БД
[2025-07-07T10:23:26.890+0000] {python.py:237} INFO - Done. Returned value was: None
[2025-07-07T10:23:26.891+0000] {taskinstance.py:441} INFO - ::group::Post task execution logs
[2025-07-07T10:23:26.899+0000] {taskinstance.py:1206} INFO - Marking task as SUCCESS. dag_id=ETL_airflare_data, task_id=load, run_id=manual__2025-07-07T10:23:19.746662+00:00, execution_date=20250707T102319, start_date=20250707T102326, end_date=20250707T102326
[2025-07-07T10:23:26.931+0000] {local_task_job_runner.py:240} INFO - Task exited with return code 0
[2025-07-07T10:23:26.945+0000] {taskinstance.py:3503} INFO - 0 downstream tasks scheduled from follow-on schedule check
[2025-07-07T10:23:26.946+0000] {local_task_job_runner.py:222} INFO - ::endgroup::
