[2025-07-09T06:15:12.645+0000] {local_task_job_runner.py:120} INFO - ::group::Pre task execution logs
[2025-07-09T06:15:12.663+0000] {taskinstance.py:2076} INFO - Dependencies all met for dep_context=non-requeueable deps ti=<TaskInstance: ETL_airflare_data.transform manual__2025-07-09T06:15:07.476264+00:00 map_index=3 [queued]>
[2025-07-09T06:15:12.669+0000] {taskinstance.py:2076} INFO - Dependencies all met for dep_context=requeueable deps ti=<TaskInstance: ETL_airflare_data.transform manual__2025-07-09T06:15:07.476264+00:00 map_index=3 [queued]>
[2025-07-09T06:15:12.670+0000] {taskinstance.py:2306} INFO - Starting attempt 1 of 3
[2025-07-09T06:15:12.680+0000] {taskinstance.py:2330} INFO - Executing <Mapped(_PythonDecoratedOperator): transform> on 2025-07-09 06:15:07.476264+00:00
[2025-07-09T06:15:12.689+0000] {warnings.py:112} WARNING - /home/***/.local/lib/python3.12/site-packages/***/task/task_runner/standard_task_runner.py:61: DeprecationWarning: This process (pid=4961) is multi-threaded, use of fork() may lead to deadlocks in the child.
  pid = os.fork()

[2025-07-09T06:15:12.692+0000] {standard_task_runner.py:63} INFO - Started process 4971 to run task
[2025-07-09T06:15:12.691+0000] {standard_task_runner.py:90} INFO - Running: ['***', 'tasks', 'run', 'ETL_airflare_data', 'transform', 'manual__2025-07-09T06:15:07.476264+00:00', '--job-id', '384', '--raw', '--subdir', 'DAGS_FOLDER/Untitled-1.py', '--cfg-path', '/tmp/tmpxhj49qj_', '--map-index', '3']
[2025-07-09T06:15:12.692+0000] {standard_task_runner.py:91} INFO - Job 384: Subtask transform
[2025-07-09T06:15:12.752+0000] {task_command.py:426} INFO - Running <TaskInstance: ETL_airflare_data.transform manual__2025-07-09T06:15:07.476264+00:00 map_index=3 [running]> on host e6a32b72ede0
[2025-07-09T06:15:12.842+0000] {taskinstance.py:2648} INFO - Exporting env vars: AIRFLOW_CTX_DAG_OWNER='***' AIRFLOW_CTX_DAG_ID='ETL_airflare_data' AIRFLOW_CTX_TASK_ID='transform' AIRFLOW_CTX_EXECUTION_DATE='2025-07-09T06:15:07.476264+00:00' AIRFLOW_CTX_TRY_NUMBER='1' AIRFLOW_CTX_DAG_RUN_ID='manual__2025-07-09T06:15:07.476264+00:00'
[2025-07-09T06:15:12.843+0000] {taskinstance.py:430} INFO - ::endgroup::
[2025-07-09T06:15:12.843+0000] {Untitled-1.py:136} INFO - Данные приняты из Xcom, начат процесс очистки
[2025-07-09T06:15:12.844+0000] {Untitled-1.py:58} INFO - Создание подключения к S3
[2025-07-09T06:15:12.844+0000] {Untitled-1.py:62} INFO - Подключение установлено, загрузка данных из S3
[2025-07-09T06:15:12.852+0000] {base.py:84} INFO - Using connection ID 'minio' for task execution.
[2025-07-09T06:15:12.853+0000] {connection_wrapper.py:384} INFO - AWS Connection (conn_id='minio', conn_type='aws') credentials retrieved from login and password.
[2025-07-09T06:15:13.087+0000] {Untitled-1.py:68} INFO - Данные выгружены из S3
[2025-07-09T06:15:13.103+0000] {Untitled-1.py:145} INFO - Преобразование завершено, начинается передача DF в S3
[2025-07-09T06:15:13.105+0000] {Untitled-1.py:26} INFO - Создание подключения к S3
[2025-07-09T06:15:13.105+0000] {Untitled-1.py:31} INFO - Подключение установлено
[2025-07-09T06:15:13.113+0000] {base.py:84} INFO - Using connection ID 'minio' for task execution.
[2025-07-09T06:15:13.115+0000] {connection_wrapper.py:384} INFO - AWS Connection (conn_id='minio', conn_type='aws') credentials retrieved from login and password.
[2025-07-09T06:15:13.455+0000] {Untitled-1.py:37} INFO - Загрузка данных в S3
[2025-07-09T06:15:13.517+0000] {Untitled-1.py:48} INFO - Загрузка завершена успешно
[2025-07-09T06:15:13.518+0000] {Untitled-1.py:153} INFO - Данные успешно сохранены в S3, передаю их в Xcom
[2025-07-09T06:15:13.518+0000] {Untitled-1.py:157} INFO - данные успешно очищены и записаны в хранилище
[2025-07-09T06:15:13.518+0000] {python.py:237} INFO - Done. Returned value was: {'bucket': 'airflare', 'key': 'temp/df_HKT_IKT.json'}
[2025-07-09T06:15:13.519+0000] {taskinstance.py:441} INFO - ::group::Post task execution logs
[2025-07-09T06:15:13.537+0000] {taskinstance.py:1206} INFO - Marking task as SUCCESS. dag_id=ETL_airflare_data, task_id=transform, run_id=manual__2025-07-09T06:15:07.476264+00:00, map_index=3, execution_date=20250709T061507, start_date=20250709T061512, end_date=20250709T061513
[2025-07-09T06:15:13.587+0000] {local_task_job_runner.py:240} INFO - Task exited with return code 0
[2025-07-09T06:15:13.610+0000] {taskinstance.py:3503} INFO - 0 downstream tasks scheduled from follow-on schedule check
[2025-07-09T06:15:13.611+0000] {local_task_job_runner.py:222} INFO - ::endgroup::
